
## CONFIGURATION INFO DISPLAY ##

############################################
#############   REACTION INFO  #############
############################################
      REACTION NAME:  EtaPi
      PARTICLE LIST:  4
		1.  gamma
		2.  Proton
		3.  Pi0
		4.  Eta
        DATA READER:  ROOTDataReader
				data_pi0eta_tLT1_62.root
      ACC MC READER:  ROOTDataReader
				reco_pi0eta_tLT1_62.root
      GEN MC READER:  ROOTDataReader
				thrown_pi0eta_tLT1_62.root
  NORMALIZATION INTEGRAL FILE: 
		    bin_62.ni
********************************************
***********  COHERENT SUM INFO  ************
********************************************
      REACTION NAME:  EtaPi
  COHERENT SUM NAME:  Positive
++++++++++++++++++++++++++++++++++++++++++++
+++++++++++++  AMPLITUDE INFO  +++++++++++++
++++++++++++++++++++++++++++++++++++++++++++
      REACTION NAME:  EtaPi
  COHERENT SUM NAME:  Positive
     AMPLITUDE NAME:  P1+
            FACTORS:  1
		1.   TwoPSAngles 1 1 1
       PERMUTATIONS:  0
        CONSTRAINTS:  0
         PARAMETERS:  0
      INITIAL VALUE:  (21.7996,-24.277)
               REAL?  0
              FIXED?  0
              SCALE:  1.0
++++++++++++++++++++++++++++++++++++++++++++
+++++++++++++  AMPLITUDE INFO  +++++++++++++
++++++++++++++++++++++++++++++++++++++++++++
      REACTION NAME:  EtaPi
  COHERENT SUM NAME:  Positive
     AMPLITUDE NAME:  D1+
            FACTORS:  1
		1.   TwoPSAngles 2 1 1
       PERMUTATIONS:  0
        CONSTRAINTS:  0
         PARAMETERS:  0
      INITIAL VALUE:  (50.8821,0)
               REAL?  1
              FIXED?  0
              SCALE:  1.0
********************************************
***********  COHERENT SUM INFO  ************
********************************************
      REACTION NAME:  EtaPi
  COHERENT SUM NAME:  Negative
++++++++++++++++++++++++++++++++++++++++++++
+++++++++++++  AMPLITUDE INFO  +++++++++++++
++++++++++++++++++++++++++++++++++++++++++++
      REACTION NAME:  EtaPi
  COHERENT SUM NAME:  Negative
     AMPLITUDE NAME:  S0-
            FACTORS:  1
		1.   TwoPSAngles 0 0 -1
       PERMUTATIONS:  0
        CONSTRAINTS:  0
         PARAMETERS:  0
      INITIAL VALUE:  (143.186,0)
               REAL?  1
              FIXED?  0
              SCALE:  1.0
++++++++++++++++++++++++++++++++++++++++++++
+++++++++++++  AMPLITUDE INFO  +++++++++++++
++++++++++++++++++++++++++++++++++++++++++++
      REACTION NAME:  EtaPi
  COHERENT SUM NAME:  Negative
     AMPLITUDE NAME:  P0-
            FACTORS:  1
		1.   TwoPSAngles 1 0 -1
       PERMUTATIONS:  0
        CONSTRAINTS:  0
         PARAMETERS:  0
      INITIAL VALUE:  (48.817,9.40192)
               REAL?  0
              FIXED?  0
              SCALE:  1.0
++++++++++++++++++++++++++++++++++++++++++++
+++++++++++++  AMPLITUDE INFO  +++++++++++++
++++++++++++++++++++++++++++++++++++++++++++
      REACTION NAME:  EtaPi
  COHERENT SUM NAME:  Negative
     AMPLITUDE NAME:  P1-
            FACTORS:  1
		1.   TwoPSAngles 1 1 -1
       PERMUTATIONS:  0
        CONSTRAINTS:  0
         PARAMETERS:  0
      INITIAL VALUE:  (25.2113,31.2859)
               REAL?  0
              FIXED?  0
              SCALE:  1.0
++++++++++++++++++++++++++++++++++++++++++++
+++++++++++++  AMPLITUDE INFO  +++++++++++++
++++++++++++++++++++++++++++++++++++++++++++
      REACTION NAME:  EtaPi
  COHERENT SUM NAME:  Negative
     AMPLITUDE NAME:  D0-
            FACTORS:  1
		1.   TwoPSAngles 2 0 -1
       PERMUTATIONS:  0
        CONSTRAINTS:  0
         PARAMETERS:  0
      INITIAL VALUE:  (192.138,6.23121)
               REAL?  0
              FIXED?  0
              SCALE:  1.0
++++++++++++++++++++++++++++++++++++++++++++
+++++++++++++  AMPLITUDE INFO  +++++++++++++
++++++++++++++++++++++++++++++++++++++++++++
      REACTION NAME:  EtaPi
  COHERENT SUM NAME:  Negative
     AMPLITUDE NAME:  D1-
            FACTORS:  1
		1.   TwoPSAngles 2 1 -1
       PERMUTATIONS:  0
        CONSTRAINTS:  0
         PARAMETERS:  0
      INITIAL VALUE:  (9.09947,3.7841)
               REAL?  0
              FIXED?  0
              SCALE:  1.0
 **********
 **    1 **SET STRATEGY  1
 **********
 NOW USING STRATEGY  1: TRY TO BALANCE SPEED AGAINST RELIABILITY
 **********
 **    2 **SET EPS  1e-13
 **********
 FLOATING-POINT NUMBERS ASSUMED ACCURATE TO 1e-13

## AMPLITUDE MANAGER INITIALIZATION ##
 Creating amplitude manager for reaction:  EtaPi
	 particle index assignment:  gamma -->> 0
	 particle index assignment:  Proton -->> 1
	 particle index assignment:  Pi0 -->> 2
	 particle index assignment:  Eta -->> 3
 PARAMETER DEFINITIONS:
    NO.   NAME                 VALUE      STEP SIZE      LIMITS
     1 EtaPi::Negative::S0-_re       143.19       1.4319     no limits
     2 EtaPi::Negative::P0-_re       48.817      0.48817     no limits
     3 EtaPi::Negative::P0-_im       9.4019     0.094019     no limits
     4 EtaPi::Negative::P1-_re       25.211      0.25211     no limits
     5 EtaPi::Negative::P1-_im       31.286      0.31286     no limits
     6 EtaPi::Negative::D0-_re       192.14       1.9214     no limits
     7 EtaPi::Negative::D0-_im       6.2312     0.062312     no limits
     8 EtaPi::Negative::D1-_re       9.0995     0.090995     no limits
     9 EtaPi::Negative::D1-_im       3.7841     0.037841     no limits
    10 EtaPi::Positive::P1+_re         21.8        0.218     no limits
    11 EtaPi::Positive::P1+_im      -24.277      0.24277     no limits
    12 EtaPi::Positive::D1+_re       50.882      0.50882     no limits
Allocating Data and Amplitude Array in LikelihoodCalculator for EtaPi...
Resetting source kin in data_pi0eta_tLT1_62.root
	Done.
Loading acccepted Monte Carlo...
Resetting source kin in reco_pi0eta_tLT1_62.root
	Done.
Calculating integrals...
	Done.
LIKELIHOOD BEFORE MINIMIZATION:  8356.9
 **********
 **    3 **MIGRAD 5000
 **********
 FIRST CALL TO USER FUNCTION AT NEW START POINT, WITH IFLAG=4.
 START MIGRAD MINIMIZATION.  STRATEGY 1.  CONVERGENCE WHEN EDM .LT. 1.00e-04
 FCN=8356.95 FROM MIGRAD     STATUS=INITIATE       46          47 TOTAL

                     EDM= unknown      STRATEGY= 1      NO ERROR MATRIX       
  EXT PARAMETER                          CURRENT GUESS       STEP         FIRST   
  NO.   NAME                   VALUE          ERROR          SIZE      DERIVATIVE 
    1 EtaPi::Negative::S0-_re        143.19        1.4319        1.4319        44.951
    2 EtaPi::Negative::P0-_re        48.817       0.48817       0.48817         16.29
    3 EtaPi::Negative::P0-_im        9.4019      0.094019      0.094019        3.0071
    4 EtaPi::Negative::P1-_re        25.211       0.25211       0.25211        6.9837
    5 EtaPi::Negative::P1-_im        31.286       0.31286       0.31286        8.6838
    6 EtaPi::Negative::D0-_re        192.14        1.9214        1.9214         58.55
    7 EtaPi::Negative::D0-_im        6.2312      0.062312      0.062312        2.2646
    8 EtaPi::Negative::D1-_re        9.0995      0.090995      0.090995        2.7451
    9 EtaPi::Negative::D1-_im        3.7841      0.037841      0.037841        1.3255
   10 EtaPi::Positive::P1+_re          21.8         0.218         0.218        6.7679
   11 EtaPi::Positive::P1+_im       -24.277       0.24277       0.24277       -6.5578
   12 EtaPi::Positive::D1+_re        50.882       0.50882       0.50882        15.285

 MIGRAD MINIMIZATION HAS CONVERGED.
 MIGRAD WILL VERIFY CONVERGENCE AND ERROR MATRIX.
 COVARIANCE MATRIX CALCULATED SUCCESSFULLY
 FCN=-968.332 FROM HESSE      STATUS=OK            123         632 TOTAL

                     EDM=0.00135714    STRATEGY= 1      ERROR MATRIX ACCURATE 
  EXT PARAMETER                                              STEP         FIRST   
  NO.   NAME                   VALUE          ERROR          SIZE      DERIVATIVE 
    1 EtaPi::Negative::S0-_re      -0.79434        2.2202      0.070373    0.00057755
    2 EtaPi::Negative::P0-_re        1.4931        7.1151      0.070614    -0.0004069
    3 EtaPi::Negative::P0-_im       -3.2552        5.0527       0.13408    0.00010818
    4 EtaPi::Negative::P1-_re      -0.87566         14.57      0.072881   -0.00010716
    5 EtaPi::Negative::P1-_im        6.8923        5.2483       0.11482   -0.00028681
    6 EtaPi::Negative::D0-_re        35.625        17.141      0.064745     0.0004246
    7 EtaPi::Negative::D0-_im       -8.2354         74.74       0.21866    0.00091991
    8 EtaPi::Negative::D1-_re        4.7973        9.4689      0.081404   -0.00012738
    9 EtaPi::Negative::D1-_im        4.3612        11.173      0.095816   -0.00033092
   10 EtaPi::Positive::P1+_re      0.016125        16.724       0.21379    0.00025672
   11 EtaPi::Positive::P1+_im    -0.0014101        6.1083        0.2138   -7.5581e-05
   12 EtaPi::Positive::D1+_re     -0.010088        13.856        0.1772    0.00018345

 MIGRAD MINIMIZATION HAS CONVERGED.
 MIGRAD WILL VERIFY CONVERGENCE AND ERROR MATRIX.
 EIGENVALUES OF SECOND-DERIVATIVE MATRIX:
       -0.001716740.02872850.2722470.4008170.6580450.973380.9998891.366281.429781.692251.970562.20974 MINUIT WARNING IN HESSE   
 ============== MATRIX FORCED POS-DEF BY ADDING %f TO DIAGONAL. 0.00392649
 FCN=-968.362 FROM MIGRAD     STATUS=CONVERGED    1984        1985 TOTAL

                     EDM=1.4421e-05    STRATEGY= 1      ERR MATRIX NOT POS-DEF
  EXT PARAMETER                           APPROXIMATE        STEP         FIRST   
  NO.   NAME                   VALUE          ERROR          SIZE      DERIVATIVE 
    1 EtaPi::Negative::S0-_re       -1.7311        5.9026       0.12396    -0.0007608
    2 EtaPi::Negative::P0-_re      -0.82352        4.6926       0.13307    3.4845e-05
    3 EtaPi::Negative::P0-_im       -2.6412        4.0408      0.070765   -0.00020775
    4 EtaPi::Negative::P1-_re         5.605        12.758       0.11397   -0.00020629
    5 EtaPi::Negative::P1-_im        5.1049        8.6605      0.073101     0.0006412
    6 EtaPi::Negative::D0-_re        13.456        63.532       0.14748    0.00054374
    7 EtaPi::Negative::D0-_im       -33.989        24.851      0.068441     -0.001695
    8 EtaPi::Negative::D1-_re        5.8044        6.4659       0.11245     0.0002055
    9 EtaPi::Negative::D1-_im        -1.637        11.865      0.074382    0.00017783
   10 EtaPi::Positive::P1+_re     0.0081158        24.443       0.21692    0.00019903
   11 EtaPi::Positive::P1+_im    -0.0017153         6.183       0.21692   -8.9375e-05
   12 EtaPi::Positive::D1+_re    -0.0036381        20.106       0.17845    0.00021919

 EXTERNAL ERROR MATRIX.    NDIM= 100    NPAR= 12    ERR DEF=1
        34.8
          -4         22
       -17.2       4.72       16.3
       -47.9      -3.89         39        163
        31.8       7.07        -25      -93.6         75
         266       34.1       -201       -762        523   4.04e+03
         104       13.4      -78.6       -295        205   1.57e+03        618
        24.4       1.68      -17.4      -67.7       38.4        334        131       41.8
        49.2        5.2      -37.3       -144       94.1        738        287       62.7        141
        1.29      -1.95      0.708       4.72      -3.86      -25.7      -9.21      -1.15      -4.56        597
      0.0874     -0.126     0.0601      0.258     -0.219      -1.43     -0.464    -0.0601     -0.253    -0.0381       38.2
       -1.01       1.54     -0.546      -3.77       3.08       20.5       7.39      0.921       3.64       -475     0.0278
         404
ERR MATRIX NOT POS-DEF
 PARAMETER  CORRELATION COEFFICIENTS  
       NO.  GLOBAL      1      2      3      4      5      6      7      8      9     10     11     12
      1:     0.800  1.000 -0.144 -0.722 -0.636  0.623  0.709  0.707  0.639  0.703  0.009  0.002 -0.009
      2:     0.586 -0.144  1.000  0.249 -0.065  0.174  0.114  0.115  0.055  0.093 -0.017 -0.004  0.016
      3:     0.867 -0.722  0.249  1.000  0.757 -0.715 -0.785 -0.782 -0.667 -0.778  0.007  0.002 -0.007
      4:     0.967 -0.636 -0.065  0.757  1.000 -0.847 -0.941 -0.930 -0.821 -0.953  0.015  0.003 -0.015
      5:     0.971  0.623  0.174 -0.715 -0.847  1.000  0.950  0.951  0.685  0.916 -0.018 -0.004  0.018
      6:     0.998  0.709  0.114 -0.785 -0.941  0.950  1.000  0.997  0.813  0.979 -0.017 -0.004  0.016
      7:     0.997  0.707  0.115 -0.782 -0.930  0.951  0.997  1.000  0.813  0.974 -0.015 -0.003  0.015
      8:     0.868  0.639  0.055 -0.667 -0.821  0.685  0.813  0.813  1.000  0.818 -0.007 -0.002  0.007
      9:     0.984  0.703  0.093 -0.778 -0.953  0.916  0.979  0.974  0.818  1.000 -0.016 -0.003  0.015
     10:     0.967  0.009 -0.017  0.007  0.015 -0.018 -0.017 -0.015 -0.007 -0.016  1.000 -0.000 -0.967
     11:     0.012  0.002 -0.004  0.002  0.003 -0.004 -0.004 -0.003 -0.002 -0.003 -0.000  1.000  0.000
     12:     0.967 -0.009  0.016 -0.007 -0.015  0.018  0.016  0.015  0.007  0.015 -0.967  0.000  1.000
 ERR MATRIX NOT POS-DEF

 MIGRAD evaluation total wall time:  0.053724 s.
    average time per function call:  0.027051 ms.

LIKELIHOOD AFTER MINIMIZATION:  -968.36
Loading generated Monte Carlo...
Resetting source kin in thrown_pi0eta_tLT1_62.root
	Done.
Calculating integrals...
	Done.
Loading acccepted Monte Carlo...
Resetting source kin in reco_pi0eta_tLT1_62.root
	Done.
Calculating integrals...
	Done.
