
## CONFIGURATION INFO DISPLAY ##

############################################
#############   REACTION INFO  #############
############################################
      REACTION NAME:  EtaPi
      PARTICLE LIST:  4
		1.  gamma
		2.  Proton
		3.  Pi0
		4.  Eta
        DATA READER:  ROOTDataReader
				data_pi0eta_tLT1_49.root
      ACC MC READER:  ROOTDataReader
				reco_pi0eta_tLT1_49.root
      GEN MC READER:  ROOTDataReader
				thrown_pi0eta_tLT1_49.root
  NORMALIZATION INTEGRAL FILE: 
		    bin_49.ni
********************************************
***********  COHERENT SUM INFO  ************
********************************************
      REACTION NAME:  EtaPi
  COHERENT SUM NAME:  Positive
++++++++++++++++++++++++++++++++++++++++++++
+++++++++++++  AMPLITUDE INFO  +++++++++++++
++++++++++++++++++++++++++++++++++++++++++++
      REACTION NAME:  EtaPi
  COHERENT SUM NAME:  Positive
     AMPLITUDE NAME:  P1+
            FACTORS:  1
		1.   TwoPSAngles 1 1 1
       PERMUTATIONS:  0
        CONSTRAINTS:  0
         PARAMETERS:  0
      INITIAL VALUE:  (55.0436,-12.1451)
               REAL?  0
              FIXED?  0
              SCALE:  1.0
++++++++++++++++++++++++++++++++++++++++++++
+++++++++++++  AMPLITUDE INFO  +++++++++++++
++++++++++++++++++++++++++++++++++++++++++++
      REACTION NAME:  EtaPi
  COHERENT SUM NAME:  Positive
     AMPLITUDE NAME:  D1+
            FACTORS:  1
		1.   TwoPSAngles 2 1 1
       PERMUTATIONS:  0
        CONSTRAINTS:  0
         PARAMETERS:  0
      INITIAL VALUE:  (86.2156,0)
               REAL?  1
              FIXED?  0
              SCALE:  1.0
********************************************
***********  COHERENT SUM INFO  ************
********************************************
      REACTION NAME:  EtaPi
  COHERENT SUM NAME:  Negative
++++++++++++++++++++++++++++++++++++++++++++
+++++++++++++  AMPLITUDE INFO  +++++++++++++
++++++++++++++++++++++++++++++++++++++++++++
      REACTION NAME:  EtaPi
  COHERENT SUM NAME:  Negative
     AMPLITUDE NAME:  S0-
            FACTORS:  1
		1.   TwoPSAngles 0 0 -1
       PERMUTATIONS:  0
        CONSTRAINTS:  0
         PARAMETERS:  0
      INITIAL VALUE:  (219.301,0)
               REAL?  1
              FIXED?  0
              SCALE:  1.0
++++++++++++++++++++++++++++++++++++++++++++
+++++++++++++  AMPLITUDE INFO  +++++++++++++
++++++++++++++++++++++++++++++++++++++++++++
      REACTION NAME:  EtaPi
  COHERENT SUM NAME:  Negative
     AMPLITUDE NAME:  P0-
            FACTORS:  1
		1.   TwoPSAngles 1 0 -1
       PERMUTATIONS:  0
        CONSTRAINTS:  0
         PARAMETERS:  0
      INITIAL VALUE:  (38.1143,34.2806)
               REAL?  0
              FIXED?  0
              SCALE:  1.0
++++++++++++++++++++++++++++++++++++++++++++
+++++++++++++  AMPLITUDE INFO  +++++++++++++
++++++++++++++++++++++++++++++++++++++++++++
      REACTION NAME:  EtaPi
  COHERENT SUM NAME:  Negative
     AMPLITUDE NAME:  P1-
            FACTORS:  1
		1.   TwoPSAngles 1 1 -1
       PERMUTATIONS:  0
        CONSTRAINTS:  0
         PARAMETERS:  0
      INITIAL VALUE:  (31.7718,31.4256)
               REAL?  0
              FIXED?  0
              SCALE:  1.0
++++++++++++++++++++++++++++++++++++++++++++
+++++++++++++  AMPLITUDE INFO  +++++++++++++
++++++++++++++++++++++++++++++++++++++++++++
      REACTION NAME:  EtaPi
  COHERENT SUM NAME:  Negative
     AMPLITUDE NAME:  D0-
            FACTORS:  1
		1.   TwoPSAngles 2 0 -1
       PERMUTATIONS:  0
        CONSTRAINTS:  0
         PARAMETERS:  0
      INITIAL VALUE:  (139.607,-10.1005)
               REAL?  0
              FIXED?  0
              SCALE:  1.0
++++++++++++++++++++++++++++++++++++++++++++
+++++++++++++  AMPLITUDE INFO  +++++++++++++
++++++++++++++++++++++++++++++++++++++++++++
      REACTION NAME:  EtaPi
  COHERENT SUM NAME:  Negative
     AMPLITUDE NAME:  D1-
            FACTORS:  1
		1.   TwoPSAngles 2 1 -1
       PERMUTATIONS:  0
        CONSTRAINTS:  0
         PARAMETERS:  0
      INITIAL VALUE:  (24.9805,-5.33293)
               REAL?  0
              FIXED?  0
              SCALE:  1.0
 **********
 **    1 **SET STRATEGY  1
 **********
 NOW USING STRATEGY  1: TRY TO BALANCE SPEED AGAINST RELIABILITY
 **********
 **    2 **SET EPS  1e-13
 **********
 FLOATING-POINT NUMBERS ASSUMED ACCURATE TO 1e-13

## AMPLITUDE MANAGER INITIALIZATION ##
 Creating amplitude manager for reaction:  EtaPi
	 particle index assignment:  gamma -->> 0
	 particle index assignment:  Proton -->> 1
	 particle index assignment:  Pi0 -->> 2
	 particle index assignment:  Eta -->> 3
 PARAMETER DEFINITIONS:
    NO.   NAME                 VALUE      STEP SIZE      LIMITS
     1 EtaPi::Negative::S0-_re        219.3        2.193     no limits
     2 EtaPi::Negative::P0-_re       38.114      0.38114     no limits
     3 EtaPi::Negative::P0-_im       34.281      0.34281     no limits
     4 EtaPi::Negative::P1-_re       31.772      0.31772     no limits
     5 EtaPi::Negative::P1-_im       31.426      0.31426     no limits
     6 EtaPi::Negative::D0-_re       139.61       1.3961     no limits
     7 EtaPi::Negative::D0-_im        -10.1        0.101     no limits
     8 EtaPi::Negative::D1-_re        24.98       0.2498     no limits
     9 EtaPi::Negative::D1-_im      -5.3329     0.053329     no limits
    10 EtaPi::Positive::P1+_re       55.044      0.55044     no limits
    11 EtaPi::Positive::P1+_im      -12.145      0.12145     no limits
    12 EtaPi::Positive::D1+_re       86.216      0.86216     no limits
Allocating Data and Amplitude Array in LikelihoodCalculator for EtaPi...
Resetting source kin in data_pi0eta_tLT1_49.root
	Done.
Loading acccepted Monte Carlo...
Resetting source kin in reco_pi0eta_tLT1_49.root
	Done.
Calculating integrals...
	Done.
LIKELIHOOD BEFORE MINIMIZATION:  6926.1
 **********
 **    3 **MIGRAD 5000
 **********
 FIRST CALL TO USER FUNCTION AT NEW START POINT, WITH IFLAG=4.
 START MIGRAD MINIMIZATION.  STRATEGY 1.  CONVERGENCE WHEN EDM .LT. 1.00e-04
 FCN=6926.15 FROM MIGRAD     STATUS=INITIATE       44          45 TOTAL

                     EDM= unknown      STRATEGY= 1      NO ERROR MATRIX       
  EXT PARAMETER                          CURRENT GUESS       STEP         FIRST   
  NO.   NAME                   VALUE          ERROR          SIZE      DERIVATIVE 
    1 EtaPi::Negative::S0-_re         219.3         2.193         2.193        64.728
    2 EtaPi::Negative::P0-_re        38.114       0.38114       0.38114        14.636
    3 EtaPi::Negative::P0-_im        34.281       0.34281       0.34281        10.152
    4 EtaPi::Negative::P1-_re        31.772       0.31772       0.31772        9.6219
    5 EtaPi::Negative::P1-_im        31.426       0.31426       0.31426         7.256
    6 EtaPi::Negative::D0-_re        139.61        1.3961        1.3961        44.652
    7 EtaPi::Negative::D0-_im         -10.1         0.101         0.101       -3.4162
    8 EtaPi::Negative::D1-_re         24.98        0.2498        0.2498        7.7628
    9 EtaPi::Negative::D1-_im       -5.3329      0.053329      0.053329       -1.1692
   10 EtaPi::Positive::P1+_re        55.044       0.55044       0.55044        14.743
   11 EtaPi::Positive::P1+_im       -12.145       0.12145       0.12145       -3.0014
   12 EtaPi::Positive::D1+_re        86.216       0.86216       0.86216        26.967

 MIGRAD MINIMIZATION HAS CONVERGED.
 MIGRAD WILL VERIFY CONVERGENCE AND ERROR MATRIX.
 COVARIANCE MATRIX CALCULATED SUCCESSFULLY
 FCN=-3951.44 FROM MIGRAD     STATUS=CONVERGED     929         930 TOTAL

                     EDM=6.46205e-05    STRATEGY= 1      ERROR MATRIX ACCURATE 
  EXT PARAMETER                                              STEP         FIRST   
  NO.   NAME                   VALUE          ERROR          SIZE      DERIVATIVE 
    1 EtaPi::Negative::S0-_re       0.40453        2.4701       0.14994   -0.00018967
    2 EtaPi::Negative::P0-_re       0.73125         10.25       0.14906   -1.9476e-05
    3 EtaPi::Negative::P0-_im        9.3078        5.5471       0.26649    3.9778e-05
    4 EtaPi::Negative::P1-_re        1.0579        8.9203       0.15135    0.00022104
    5 EtaPi::Negative::P1-_im         7.968        6.5603       0.24369    0.00016487
    6 EtaPi::Negative::D0-_re        62.306        21.735       0.13598    0.00024979
    7 EtaPi::Negative::D0-_im       -20.145        67.692       0.36408    0.00012307
    8 EtaPi::Negative::D1-_re        1.7168        12.114       0.16422    0.00013318
    9 EtaPi::Negative::D1-_im        10.673        4.8171       0.21026    0.00024268
   10 EtaPi::Positive::P1+_re        10.342        7.5289       0.34622    1.8928e-05
   11 EtaPi::Positive::P1+_im     0.0093394        16.928        1.1956    6.5037e-05
   12 EtaPi::Positive::D1+_re       -6.4402        5.6639        0.2846   -9.8137e-05

 EXTERNAL ERROR MATRIX.    NDIM= 100    NPAR= 12    ERR DEF=1
         6.1
           2        105
       -3.05       -8.5       30.8
        2.38       85.1      -9.94       79.6
      0.0909        -16         19      -8.17         43
       -5.93       -216         31       -185       42.4        472
       -17.1       -672        108       -575        143   1.46e+03   4.58e+03
        2.24        116      -21.9       99.7      -31.6       -255       -800        147
       -1.02      -15.4      -5.21      -17.2      -18.7       28.8       87.4      -10.4       23.2
        8.08       2.04      -4.56       1.73     -0.851      -8.24      -9.78      0.734      -1.52       56.7
        1.28     -0.129     -0.732      -0.36      -1.18     -0.743      0.478     -0.389      -0.61      -8.23        287
        4.66     -0.741       1.99     -0.821     -0.117      0.195       6.52       -1.6     -0.599       28.4      0.796
        32.1
 PARAMETER  CORRELATION COEFFICIENTS  
       NO.  GLOBAL      1      2      3      4      5      6      7      8      9     10     11     12
      1:     0.513  1.000  0.079 -0.222  0.108  0.006 -0.111 -0.103  0.075 -0.086  0.434  0.031  0.333
      2:     0.979  0.079  1.000 -0.150  0.931 -0.238 -0.970 -0.968  0.934 -0.311  0.026 -0.001 -0.013
      3:     0.734 -0.222 -0.150  1.000 -0.201  0.521  0.257  0.288 -0.325 -0.195 -0.109 -0.008  0.063
      4:     0.971  0.108  0.931 -0.201  1.000 -0.140 -0.953 -0.953  0.923 -0.401  0.026 -0.002 -0.016
      5:     0.851  0.006 -0.238  0.521 -0.140  1.000  0.297  0.321 -0.398 -0.593 -0.017 -0.011 -0.003
      6:     0.996 -0.111 -0.970  0.257 -0.953  0.297  1.000  0.995 -0.969  0.275 -0.050 -0.002  0.002
      7:     0.997 -0.103 -0.968  0.288 -0.953  0.321  0.995  1.000 -0.976  0.268 -0.019  0.000  0.017
      8:     0.981  0.075  0.934 -0.325  0.923 -0.398 -0.969 -0.976  1.000 -0.177  0.008 -0.002 -0.023
      9:     0.787 -0.086 -0.311 -0.195 -0.401 -0.593  0.275  0.268 -0.177  1.000 -0.042 -0.007 -0.022
     10:     0.760  0.434  0.026 -0.109  0.026 -0.017 -0.050 -0.019  0.008 -0.042  1.000 -0.065  0.665
     11:     0.137  0.031 -0.001 -0.008 -0.002 -0.011 -0.002  0.000 -0.002 -0.007 -0.065  1.000  0.008
     12:     0.704  0.333 -0.013  0.063 -0.016 -0.003  0.002  0.017 -0.023 -0.022  0.665  0.008  1.000

 MIGRAD evaluation total wall time:  0.053564 s.
    average time per function call:  0.057534 ms.

LIKELIHOOD AFTER MINIMIZATION:  -3951.4
Loading generated Monte Carlo...
Resetting source kin in thrown_pi0eta_tLT1_49.root
	Done.
Calculating integrals...
	Done.
Loading acccepted Monte Carlo...
Resetting source kin in reco_pi0eta_tLT1_49.root
	Done.
Calculating integrals...
	Done.
