
## CONFIGURATION INFO DISPLAY ##

############################################
#############   REACTION INFO  #############
############################################
      REACTION NAME:  EtaPi
      PARTICLE LIST:  4
		1.  gamma
		2.  Proton
		3.  Pi0
		4.  Eta
        DATA READER:  ROOTDataReader
				data_pi0eta_tLT1_52.root
      ACC MC READER:  ROOTDataReader
				reco_pi0eta_tLT1_52.root
      GEN MC READER:  ROOTDataReader
				thrown_pi0eta_tLT1_52.root
  NORMALIZATION INTEGRAL FILE: 
		    bin_52.ni
********************************************
***********  COHERENT SUM INFO  ************
********************************************
      REACTION NAME:  EtaPi
  COHERENT SUM NAME:  Positive
++++++++++++++++++++++++++++++++++++++++++++
+++++++++++++  AMPLITUDE INFO  +++++++++++++
++++++++++++++++++++++++++++++++++++++++++++
      REACTION NAME:  EtaPi
  COHERENT SUM NAME:  Positive
     AMPLITUDE NAME:  P1+
            FACTORS:  1
		1.   TwoPSAngles 1 1 1
       PERMUTATIONS:  0
        CONSTRAINTS:  0
         PARAMETERS:  0
      INITIAL VALUE:  (55.0436,-12.1451)
               REAL?  0
              FIXED?  0
              SCALE:  1.0
++++++++++++++++++++++++++++++++++++++++++++
+++++++++++++  AMPLITUDE INFO  +++++++++++++
++++++++++++++++++++++++++++++++++++++++++++
      REACTION NAME:  EtaPi
  COHERENT SUM NAME:  Positive
     AMPLITUDE NAME:  D1+
            FACTORS:  1
		1.   TwoPSAngles 2 1 1
       PERMUTATIONS:  0
        CONSTRAINTS:  0
         PARAMETERS:  0
      INITIAL VALUE:  (86.2156,0)
               REAL?  1
              FIXED?  0
              SCALE:  1.0
********************************************
***********  COHERENT SUM INFO  ************
********************************************
      REACTION NAME:  EtaPi
  COHERENT SUM NAME:  Negative
++++++++++++++++++++++++++++++++++++++++++++
+++++++++++++  AMPLITUDE INFO  +++++++++++++
++++++++++++++++++++++++++++++++++++++++++++
      REACTION NAME:  EtaPi
  COHERENT SUM NAME:  Negative
     AMPLITUDE NAME:  S0-
            FACTORS:  1
		1.   TwoPSAngles 0 0 -1
       PERMUTATIONS:  0
        CONSTRAINTS:  0
         PARAMETERS:  0
      INITIAL VALUE:  (219.301,0)
               REAL?  1
              FIXED?  0
              SCALE:  1.0
++++++++++++++++++++++++++++++++++++++++++++
+++++++++++++  AMPLITUDE INFO  +++++++++++++
++++++++++++++++++++++++++++++++++++++++++++
      REACTION NAME:  EtaPi
  COHERENT SUM NAME:  Negative
     AMPLITUDE NAME:  P0-
            FACTORS:  1
		1.   TwoPSAngles 1 0 -1
       PERMUTATIONS:  0
        CONSTRAINTS:  0
         PARAMETERS:  0
      INITIAL VALUE:  (38.1143,34.2806)
               REAL?  0
              FIXED?  0
              SCALE:  1.0
++++++++++++++++++++++++++++++++++++++++++++
+++++++++++++  AMPLITUDE INFO  +++++++++++++
++++++++++++++++++++++++++++++++++++++++++++
      REACTION NAME:  EtaPi
  COHERENT SUM NAME:  Negative
     AMPLITUDE NAME:  P1-
            FACTORS:  1
		1.   TwoPSAngles 1 1 -1
       PERMUTATIONS:  0
        CONSTRAINTS:  0
         PARAMETERS:  0
      INITIAL VALUE:  (31.7718,31.4256)
               REAL?  0
              FIXED?  0
              SCALE:  1.0
++++++++++++++++++++++++++++++++++++++++++++
+++++++++++++  AMPLITUDE INFO  +++++++++++++
++++++++++++++++++++++++++++++++++++++++++++
      REACTION NAME:  EtaPi
  COHERENT SUM NAME:  Negative
     AMPLITUDE NAME:  D0-
            FACTORS:  1
		1.   TwoPSAngles 2 0 -1
       PERMUTATIONS:  0
        CONSTRAINTS:  0
         PARAMETERS:  0
      INITIAL VALUE:  (139.607,-10.1005)
               REAL?  0
              FIXED?  0
              SCALE:  1.0
++++++++++++++++++++++++++++++++++++++++++++
+++++++++++++  AMPLITUDE INFO  +++++++++++++
++++++++++++++++++++++++++++++++++++++++++++
      REACTION NAME:  EtaPi
  COHERENT SUM NAME:  Negative
     AMPLITUDE NAME:  D1-
            FACTORS:  1
		1.   TwoPSAngles 2 1 -1
       PERMUTATIONS:  0
        CONSTRAINTS:  0
         PARAMETERS:  0
      INITIAL VALUE:  (24.9805,-5.33293)
               REAL?  0
              FIXED?  0
              SCALE:  1.0
 **********
 **    1 **SET STRATEGY  1
 **********
 NOW USING STRATEGY  1: TRY TO BALANCE SPEED AGAINST RELIABILITY
 **********
 **    2 **SET EPS  1e-13
 **********
 FLOATING-POINT NUMBERS ASSUMED ACCURATE TO 1e-13

## AMPLITUDE MANAGER INITIALIZATION ##
 Creating amplitude manager for reaction:  EtaPi
	 particle index assignment:  gamma -->> 0
	 particle index assignment:  Proton -->> 1
	 particle index assignment:  Pi0 -->> 2
	 particle index assignment:  Eta -->> 3
 PARAMETER DEFINITIONS:
    NO.   NAME                 VALUE      STEP SIZE      LIMITS
     1 EtaPi::Negative::S0-_re        219.3        2.193     no limits
     2 EtaPi::Negative::P0-_re       38.114      0.38114     no limits
     3 EtaPi::Negative::P0-_im       34.281      0.34281     no limits
     4 EtaPi::Negative::P1-_re       31.772      0.31772     no limits
     5 EtaPi::Negative::P1-_im       31.426      0.31426     no limits
     6 EtaPi::Negative::D0-_re       139.61       1.3961     no limits
     7 EtaPi::Negative::D0-_im        -10.1        0.101     no limits
     8 EtaPi::Negative::D1-_re        24.98       0.2498     no limits
     9 EtaPi::Negative::D1-_im      -5.3329     0.053329     no limits
    10 EtaPi::Positive::P1+_re       55.044      0.55044     no limits
    11 EtaPi::Positive::P1+_im      -12.145      0.12145     no limits
    12 EtaPi::Positive::D1+_re       86.216      0.86216     no limits
Allocating Data and Amplitude Array in LikelihoodCalculator for EtaPi...
Resetting source kin in data_pi0eta_tLT1_52.root
	Done.
Loading acccepted Monte Carlo...
Resetting source kin in reco_pi0eta_tLT1_52.root
	Done.
Calculating integrals...
	Done.
LIKELIHOOD BEFORE MINIMIZATION:  8927.2
 **********
 **    3 **MIGRAD 5000
 **********
 FIRST CALL TO USER FUNCTION AT NEW START POINT, WITH IFLAG=4.
 START MIGRAD MINIMIZATION.  STRATEGY 1.  CONVERGENCE WHEN EDM .LT. 1.00e-04
 FCN=8927.18 FROM MIGRAD     STATUS=INITIATE       46          47 TOTAL

                     EDM= unknown      STRATEGY= 1      NO ERROR MATRIX       
  EXT PARAMETER                          CURRENT GUESS       STEP         FIRST   
  NO.   NAME                   VALUE          ERROR          SIZE      DERIVATIVE 
    1 EtaPi::Negative::S0-_re         219.3         2.193         2.193         65.35
    2 EtaPi::Negative::P0-_re        38.114       0.38114       0.38114        12.622
    3 EtaPi::Negative::P0-_im        34.281       0.34281       0.34281         10.53
    4 EtaPi::Negative::P1-_re        31.772       0.31772       0.31772         10.28
    5 EtaPi::Negative::P1-_im        31.426       0.31426       0.31426        8.5553
    6 EtaPi::Negative::D0-_re        139.61        1.3961        1.3961        42.407
    7 EtaPi::Negative::D0-_im         -10.1         0.101         0.101       -3.4469
    8 EtaPi::Negative::D1-_re         24.98        0.2498        0.2498        9.6843
    9 EtaPi::Negative::D1-_im       -5.3329      0.053329      0.053329       -1.4036
   10 EtaPi::Positive::P1+_re        55.044       0.55044       0.55044        15.804
   11 EtaPi::Positive::P1+_im       -12.145       0.12145       0.12145       -3.2692
   12 EtaPi::Positive::D1+_re        86.216       0.86216       0.86216        26.856

 MIGRAD MINIMIZATION HAS CONVERGED.
 MIGRAD WILL VERIFY CONVERGENCE AND ERROR MATRIX.
 COVARIANCE MATRIX CALCULATED SUCCESSFULLY
 FCN=-2364.55 FROM MIGRAD     STATUS=CONVERGED    1022        1023 TOTAL

                     EDM=2.37146e-05    STRATEGY= 1      ERROR MATRIX ACCURATE 
  EXT PARAMETER                                              STEP         FIRST   
  NO.   NAME                   VALUE          ERROR          SIZE      DERIVATIVE 
    1 EtaPi::Negative::S0-_re        10.766        5.4771       0.17288    -0.0006334
    2 EtaPi::Negative::P0-_re        -8.755        7.4755       0.15712    0.00060143
    3 EtaPi::Negative::P0-_im        7.1048         3.474       0.12959    0.00020417
    4 EtaPi::Negative::P1-_re        10.502        3.6228       0.17131    -0.0006742
    5 EtaPi::Negative::P1-_im       -3.7153        5.8307       0.11947    0.00014844
    6 EtaPi::Negative::D0-_re        20.626        18.854       0.20925   -0.00078774
    7 EtaPi::Negative::D0-_im        46.785        8.3094       0.11251    -0.0008218
    8 EtaPi::Negative::D1-_re        2.2011        3.4749       0.14678    -0.0001573
    9 EtaPi::Negative::D1-_im       0.20395        2.7996       0.13455    -0.0001852
   10 EtaPi::Positive::P1+_re        8.5934        8.9494       0.29705    -0.0004937
   11 EtaPi::Positive::P1+_im      0.012138        17.231       0.93225    8.1485e-05
   12 EtaPi::Positive::D1+_re       -3.6327        5.9764       0.24683    1.5786e-05

 EXTERNAL ERROR MATRIX.    NDIM= 100    NPAR= 12    ERR DEF=1
          30
       -25.9       55.9
       -2.82      -3.06       12.1
       -1.32       1.69      -2.91       13.1
        23.8      -35.3      -3.25      -2.85         34
       -77.2        115       19.3     -0.486      -99.4        355
        31.8      -46.4      -9.94     -0.647       41.9       -150         69
        7.44      -13.2      -1.39      0.314       10.4      -34.5       14.1       12.1
       -3.61     -0.721       1.94       0.58      -1.34       2.79     -0.912      -2.25       7.84
       -29.9       40.9       5.05      -4.77      -32.6        118      -54.4      -13.1      0.255       80.1
      -0.602      -3.55       1.44      -2.02      0.983       -1.7       0.49      -1.31      0.896      -14.7        297
        12.7      -26.3       3.41      -3.52       15.2      -47.4       19.8       2.01       1.65      -15.5       1.56
        35.7
 PARAMETER  CORRELATION COEFFICIENTS  
       NO.  GLOBAL      1      2      3      4      5      6      7      8      9     10     11     12
      1:     0.817  1.000 -0.632 -0.148 -0.066  0.744 -0.747  0.698  0.391 -0.236 -0.611 -0.006  0.388
      2:     0.923 -0.632  1.000 -0.118  0.062 -0.811  0.815 -0.746 -0.509 -0.034  0.611 -0.028 -0.589
      3:     0.731 -0.148 -0.118  1.000 -0.231 -0.160  0.295 -0.344 -0.115  0.200  0.163  0.024  0.164
      4:     0.503 -0.066  0.062 -0.231  1.000 -0.135 -0.007 -0.022  0.025  0.057 -0.147 -0.032 -0.163
      5:     0.927  0.744 -0.811 -0.160 -0.135  1.000 -0.905  0.865  0.512 -0.082 -0.625  0.010  0.436
      6:     0.979 -0.747  0.815  0.295 -0.007 -0.905  1.000 -0.958 -0.527  0.053  0.699 -0.005 -0.421
      7:     0.969  0.698 -0.746 -0.344 -0.022  0.865 -0.958  1.000  0.488 -0.039 -0.731  0.003  0.399
      8:     0.635  0.391 -0.509 -0.115  0.025  0.512 -0.527  0.488  1.000 -0.231 -0.421 -0.022  0.097
      9:     0.477 -0.236 -0.034  0.200  0.057 -0.082  0.053 -0.039 -0.231  1.000  0.010  0.019  0.099
     10:     0.796 -0.611  0.611  0.163 -0.147 -0.625  0.699 -0.731 -0.421  0.010  1.000 -0.095 -0.290
     11:     0.173 -0.006 -0.028  0.024 -0.032  0.010 -0.005  0.003 -0.022  0.019 -0.095  1.000  0.015
     12:     0.657  0.388 -0.589  0.164 -0.163  0.436 -0.421  0.399  0.097  0.099 -0.290  0.015  1.000

 MIGRAD evaluation total wall time:  0.042842 s.
    average time per function call:  0.041838 ms.

LIKELIHOOD AFTER MINIMIZATION:  -2364.5
Loading generated Monte Carlo...
Resetting source kin in thrown_pi0eta_tLT1_52.root
	Done.
Calculating integrals...
	Done.
Loading acccepted Monte Carlo...
Resetting source kin in reco_pi0eta_tLT1_52.root
	Done.
Calculating integrals...
	Done.
