
## CONFIGURATION INFO DISPLAY ##

############################################
#############   REACTION INFO  #############
############################################
      REACTION NAME:  EtaPi
      PARTICLE LIST:  4
		1.  gamma
		2.  Proton
		3.  Pi0
		4.  Eta
        DATA READER:  ROOTDataReader
				data_pi0eta_tLT1_14.root
      ACC MC READER:  ROOTDataReader
				reco_pi0eta_tLT1_14.root
      GEN MC READER:  ROOTDataReader
				thrown_pi0eta_tLT1_14.root
  NORMALIZATION INTEGRAL FILE: 
		    bin_14.ni
********************************************
***********  COHERENT SUM INFO  ************
********************************************
      REACTION NAME:  EtaPi
  COHERENT SUM NAME:  Positive
++++++++++++++++++++++++++++++++++++++++++++
+++++++++++++  AMPLITUDE INFO  +++++++++++++
++++++++++++++++++++++++++++++++++++++++++++
      REACTION NAME:  EtaPi
  COHERENT SUM NAME:  Positive
     AMPLITUDE NAME:  P1+
            FACTORS:  1
		1.   TwoPSAngles 1 1 1
       PERMUTATIONS:  0
        CONSTRAINTS:  0
         PARAMETERS:  0
      INITIAL VALUE:  (27.3357,-20.4155)
               REAL?  0
              FIXED?  0
              SCALE:  1.0
++++++++++++++++++++++++++++++++++++++++++++
+++++++++++++  AMPLITUDE INFO  +++++++++++++
++++++++++++++++++++++++++++++++++++++++++++
      REACTION NAME:  EtaPi
  COHERENT SUM NAME:  Positive
     AMPLITUDE NAME:  D1+
            FACTORS:  1
		1.   TwoPSAngles 2 1 1
       PERMUTATIONS:  0
        CONSTRAINTS:  0
         PARAMETERS:  0
      INITIAL VALUE:  (30.3545,0)
               REAL?  1
              FIXED?  0
              SCALE:  1.0
********************************************
***********  COHERENT SUM INFO  ************
********************************************
      REACTION NAME:  EtaPi
  COHERENT SUM NAME:  Negative
++++++++++++++++++++++++++++++++++++++++++++
+++++++++++++  AMPLITUDE INFO  +++++++++++++
++++++++++++++++++++++++++++++++++++++++++++
      REACTION NAME:  EtaPi
  COHERENT SUM NAME:  Negative
     AMPLITUDE NAME:  S0-
            FACTORS:  1
		1.   TwoPSAngles 0 0 -1
       PERMUTATIONS:  0
        CONSTRAINTS:  0
         PARAMETERS:  0
      INITIAL VALUE:  (481.847,0)
               REAL?  1
              FIXED?  0
              SCALE:  1.0
++++++++++++++++++++++++++++++++++++++++++++
+++++++++++++  AMPLITUDE INFO  +++++++++++++
++++++++++++++++++++++++++++++++++++++++++++
      REACTION NAME:  EtaPi
  COHERENT SUM NAME:  Negative
     AMPLITUDE NAME:  P0-
            FACTORS:  1
		1.   TwoPSAngles 1 0 -1
       PERMUTATIONS:  0
        CONSTRAINTS:  0
         PARAMETERS:  0
      INITIAL VALUE:  (68.1988,59.2443)
               REAL?  0
              FIXED?  0
              SCALE:  1.0
++++++++++++++++++++++++++++++++++++++++++++
+++++++++++++  AMPLITUDE INFO  +++++++++++++
++++++++++++++++++++++++++++++++++++++++++++
      REACTION NAME:  EtaPi
  COHERENT SUM NAME:  Negative
     AMPLITUDE NAME:  P1-
            FACTORS:  1
		1.   TwoPSAngles 1 1 -1
       PERMUTATIONS:  0
        CONSTRAINTS:  0
         PARAMETERS:  0
      INITIAL VALUE:  (34.7996,55.6208)
               REAL?  0
              FIXED?  0
              SCALE:  1.0
++++++++++++++++++++++++++++++++++++++++++++
+++++++++++++  AMPLITUDE INFO  +++++++++++++
++++++++++++++++++++++++++++++++++++++++++++
      REACTION NAME:  EtaPi
  COHERENT SUM NAME:  Negative
     AMPLITUDE NAME:  D0-
            FACTORS:  1
		1.   TwoPSAngles 2 0 -1
       PERMUTATIONS:  0
        CONSTRAINTS:  0
         PARAMETERS:  0
      INITIAL VALUE:  (296.363,84.1646)
               REAL?  0
              FIXED?  0
              SCALE:  1.0
++++++++++++++++++++++++++++++++++++++++++++
+++++++++++++  AMPLITUDE INFO  +++++++++++++
++++++++++++++++++++++++++++++++++++++++++++
      REACTION NAME:  EtaPi
  COHERENT SUM NAME:  Negative
     AMPLITUDE NAME:  D1-
            FACTORS:  1
		1.   TwoPSAngles 2 1 -1
       PERMUTATIONS:  0
        CONSTRAINTS:  0
         PARAMETERS:  0
      INITIAL VALUE:  (4.10229,20.4704)
               REAL?  0
              FIXED?  0
              SCALE:  1.0
 **********
 **    1 **SET STRATEGY  1
 **********
 NOW USING STRATEGY  1: TRY TO BALANCE SPEED AGAINST RELIABILITY
 **********
 **    2 **SET EPS  1e-13
 **********
 FLOATING-POINT NUMBERS ASSUMED ACCURATE TO 1e-13

## AMPLITUDE MANAGER INITIALIZATION ##
 Creating amplitude manager for reaction:  EtaPi
	 particle index assignment:  gamma -->> 0
	 particle index assignment:  Proton -->> 1
	 particle index assignment:  Pi0 -->> 2
	 particle index assignment:  Eta -->> 3
 PARAMETER DEFINITIONS:
    NO.   NAME                 VALUE      STEP SIZE      LIMITS
     1 EtaPi::Negative::S0-_re       481.85       4.8185     no limits
     2 EtaPi::Negative::P0-_re       68.199      0.68199     no limits
     3 EtaPi::Negative::P0-_im       59.244      0.59244     no limits
     4 EtaPi::Negative::P1-_re         34.8        0.348     no limits
     5 EtaPi::Negative::P1-_im       55.621      0.55621     no limits
     6 EtaPi::Negative::D0-_re       296.36       2.9636     no limits
     7 EtaPi::Negative::D0-_im       84.165      0.84165     no limits
     8 EtaPi::Negative::D1-_re       4.1023     0.041023     no limits
     9 EtaPi::Negative::D1-_im        20.47       0.2047     no limits
    10 EtaPi::Positive::P1+_re       27.336      0.27336     no limits
    11 EtaPi::Positive::P1+_im      -20.416      0.20416     no limits
    12 EtaPi::Positive::D1+_re       30.355      0.30355     no limits
Allocating Data and Amplitude Array in LikelihoodCalculator for EtaPi...
Resetting source kin in data_pi0eta_tLT1_14.root
	Done.
Loading acccepted Monte Carlo...
Resetting source kin in reco_pi0eta_tLT1_14.root
	Done.
Calculating integrals...
	Done.
LIKELIHOOD BEFORE MINIMIZATION:  -2.2511e+05
 **********
 **    3 **MIGRAD 5000
 **********
 FIRST CALL TO USER FUNCTION AT NEW START POINT, WITH IFLAG=4.
 START MIGRAD MINIMIZATION.  STRATEGY 1.  CONVERGENCE WHEN EDM .LT. 1.00e-04
 FCN=-229145 FROM MIGRAD     STATUS=INITIATE      154         155 TOTAL

                     EDM= unknown      STRATEGY= 1      NO ERROR MATRIX       
  EXT PARAMETER                          CURRENT GUESS       STEP         FIRST   
  NO.   NAME                   VALUE          ERROR          SIZE      DERIVATIVE 
    1 EtaPi::Negative::S0-_re        481.85        4.8185             0        75.956
    2 EtaPi::Negative::P0-_re        68.199       0.68199             0        38.458
    3 EtaPi::Negative::P0-_im        59.244       0.59244             0        14.273
    4 EtaPi::Negative::P1-_re          34.8         0.348             0       -2.2685
    5 EtaPi::Negative::P1-_im        209.26       0.55621             0        8.7272
    6 EtaPi::Negative::D0-_re        296.36        2.9636             0        103.93
    7 EtaPi::Negative::D0-_im        84.165       0.84165             0        18.264
    8 EtaPi::Negative::D1-_re        4.1023      0.041023             0        4.2657
    9 EtaPi::Negative::D1-_im         20.47        0.2047             0        11.286
   10 EtaPi::Positive::P1+_re        171.62       0.27336             0        1.3525
   11 EtaPi::Positive::P1+_im       -46.614       0.20416       -26.199     0.0041162
   12 EtaPi::Positive::D1+_re        30.355       0.30355             0        11.869

 MIGRAD FAILS TO FIND IMPROVEMENT
 MACHINE ACCURACY LIMITS FURTHER IMPROVEMENT.
 MIGRAD MINIMIZATION HAS CONVERGED.
 FCN=-251976 FROM MIGRAD     STATUS=CONVERGED    1911        1912 TOTAL

                     EDM=0.0202016    STRATEGY= 1  ERROR MATRIX UNCERTAINTY     6 per cent
  EXT PARAMETER                                              STEP         FIRST   
  NO.   NAME                   VALUE          ERROR          SIZE      DERIVATIVE 
    1 EtaPi::Negative::S0-_re         278.4         21.33             0     -0.004401
    2 EtaPi::Negative::P0-_re       -13.327        3.2879             0     0.0018562
    3 EtaPi::Negative::P0-_im        47.004        29.174            -0    -0.0020136
    4 EtaPi::Negative::P1-_re      -0.46933        3.0554             0   -0.00063016
    5 EtaPi::Negative::P1-_im        222.91        11.936             0   -0.00082356
    6 EtaPi::Negative::D0-_re        68.963        11.957             0    -0.0017758
    7 EtaPi::Negative::D0-_im       -3.1739        4.6212            -0   -0.00063507
    8 EtaPi::Negative::D1-_re        -22.39         16.65             0   -0.00051703
    9 EtaPi::Negative::D1-_im         3.301        3.8269             0    0.00023381
   10 EtaPi::Positive::P1+_re        204.83        45.136             0    -0.0058684
   11 EtaPi::Positive::P1+_im       -87.196         103.7             0   -0.00075214
   12 EtaPi::Positive::D1+_re        11.233         4.746            -0     0.0014762

 EXTERNAL ERROR MATRIX.    NDIM= 100    NPAR= 12    ERR DEF=1
         455
        10.4       10.8
        -108       1.99        851
        3.13       1.09      -30.2       9.34
        -236      -5.87      -45.4       2.04        142
        -219      -6.52       -109       4.08        135        143
       -1.62      -2.83      -23.8       4.75       4.34       7.05       21.4
         118     0.0583       -474       16.4      -6.95         30       12.6        277
        11.3      -6.11      -13.9     -0.919      -4.77      -3.04      0.631       9.31       14.6
       -37.3         34  -1.12e+03       40.5        136        193      -1.54        592       1.14   2.04e+03
         539       94.7  -2.59e+03         94      -19.3        116      -9.43   1.46e+03       16.1   4.48e+03   1.08e+04
        3.93      -8.84         53      -2.46      -7.29      -10.3       1.68      -27.8       1.02       -112       -245
        22.5
 PARAMETER  CORRELATION COEFFICIENTS  
       NO.  GLOBAL      1      2      3      4      5      6      7      8      9     10     11     12
      1:     0.999  1.000  0.149 -0.173  0.048 -0.926 -0.857 -0.016  0.332  0.139 -0.039  0.244  0.039
      2:     0.970  0.149  1.000  0.021  0.108 -0.150 -0.166 -0.186  0.001 -0.486  0.229  0.278 -0.567
      3:     0.999 -0.173  0.021  1.000 -0.339 -0.130 -0.312 -0.177 -0.975 -0.125 -0.848 -0.858  0.383
      4:     0.487  0.048  0.108 -0.339  1.000  0.056  0.112  0.336  0.323 -0.079  0.293  0.297 -0.170
      5:     0.987 -0.926 -0.150 -0.130  0.056  1.000  0.943  0.079 -0.035 -0.104  0.252 -0.016 -0.129
      6:     0.998 -0.857 -0.166 -0.312  0.112  0.943  1.000  0.128  0.151 -0.066  0.358  0.094 -0.182
      7:     0.639 -0.016 -0.186 -0.177  0.336  0.079  0.128  1.000  0.163  0.036 -0.007 -0.020  0.077
      8:     0.991  0.332  0.001 -0.975  0.323 -0.035  0.151  0.163  1.000  0.146  0.788  0.844 -0.352
      9:     0.810  0.139 -0.486 -0.125 -0.079 -0.104 -0.066  0.036  0.146  1.000  0.007  0.040  0.056
     10:     0.998 -0.039  0.229 -0.848  0.293  0.252  0.358 -0.007  0.788  0.007  1.000  0.957 -0.523
     11:     0.998  0.244  0.278 -0.858  0.297 -0.016  0.094 -0.020  0.844  0.040  0.957  1.000 -0.497
     12:     0.882  0.039 -0.567  0.383 -0.170 -0.129 -0.182  0.077 -0.352  0.056 -0.523 -0.497  1.000

 MIGRAD evaluation total wall time:  3.2597 s.
    average time per function call:  1.704 ms.

LIKELIHOOD AFTER MINIMIZATION:  -2.5198e+05
Loading generated Monte Carlo...
Resetting source kin in thrown_pi0eta_tLT1_14.root
	Done.
Calculating integrals...
	Done.
Loading acccepted Monte Carlo...
Resetting source kin in reco_pi0eta_tLT1_14.root
	Done.
Calculating integrals...
	Done.
