
## CONFIGURATION INFO DISPLAY ##

############################################
#############   REACTION INFO  #############
############################################
      REACTION NAME:  EtaPi
      PARTICLE LIST:  4
		1.  gamma
		2.  Proton
		3.  Pi0
		4.  Eta
        DATA READER:  ROOTDataReader
				data_pi0eta_tLT1_17.root
      ACC MC READER:  ROOTDataReader
				reco_pi0eta_tLT1_17.root
      GEN MC READER:  ROOTDataReader
				thrown_pi0eta_tLT1_17.root
  NORMALIZATION INTEGRAL FILE: 
		    bin_17.ni
********************************************
***********  COHERENT SUM INFO  ************
********************************************
      REACTION NAME:  EtaPi
  COHERENT SUM NAME:  Positive
++++++++++++++++++++++++++++++++++++++++++++
+++++++++++++  AMPLITUDE INFO  +++++++++++++
++++++++++++++++++++++++++++++++++++++++++++
      REACTION NAME:  EtaPi
  COHERENT SUM NAME:  Positive
     AMPLITUDE NAME:  P1+
            FACTORS:  1
		1.   TwoPSAngles 1 1 1
       PERMUTATIONS:  0
        CONSTRAINTS:  0
         PARAMETERS:  0
      INITIAL VALUE:  (51.5864,-26.4931)
               REAL?  0
              FIXED?  0
              SCALE:  1.0
++++++++++++++++++++++++++++++++++++++++++++
+++++++++++++  AMPLITUDE INFO  +++++++++++++
++++++++++++++++++++++++++++++++++++++++++++
      REACTION NAME:  EtaPi
  COHERENT SUM NAME:  Positive
     AMPLITUDE NAME:  D1+
            FACTORS:  1
		1.   TwoPSAngles 2 1 1
       PERMUTATIONS:  0
        CONSTRAINTS:  0
         PARAMETERS:  0
      INITIAL VALUE:  (32.0652,0)
               REAL?  1
              FIXED?  0
              SCALE:  1.0
********************************************
***********  COHERENT SUM INFO  ************
********************************************
      REACTION NAME:  EtaPi
  COHERENT SUM NAME:  Negative
++++++++++++++++++++++++++++++++++++++++++++
+++++++++++++  AMPLITUDE INFO  +++++++++++++
++++++++++++++++++++++++++++++++++++++++++++
      REACTION NAME:  EtaPi
  COHERENT SUM NAME:  Negative
     AMPLITUDE NAME:  S0-
            FACTORS:  1
		1.   TwoPSAngles 0 0 -1
       PERMUTATIONS:  0
        CONSTRAINTS:  0
         PARAMETERS:  0
      INITIAL VALUE:  (332.018,0)
               REAL?  1
              FIXED?  0
              SCALE:  1.0
++++++++++++++++++++++++++++++++++++++++++++
+++++++++++++  AMPLITUDE INFO  +++++++++++++
++++++++++++++++++++++++++++++++++++++++++++
      REACTION NAME:  EtaPi
  COHERENT SUM NAME:  Negative
     AMPLITUDE NAME:  P0-
            FACTORS:  1
		1.   TwoPSAngles 1 0 -1
       PERMUTATIONS:  0
        CONSTRAINTS:  0
         PARAMETERS:  0
      INITIAL VALUE:  (23.5802,46.6739)
               REAL?  0
              FIXED?  0
              SCALE:  1.0
++++++++++++++++++++++++++++++++++++++++++++
+++++++++++++  AMPLITUDE INFO  +++++++++++++
++++++++++++++++++++++++++++++++++++++++++++
      REACTION NAME:  EtaPi
  COHERENT SUM NAME:  Negative
     AMPLITUDE NAME:  P1-
            FACTORS:  1
		1.   TwoPSAngles 1 1 -1
       PERMUTATIONS:  0
        CONSTRAINTS:  0
         PARAMETERS:  0
      INITIAL VALUE:  (-0.89576,15.9601)
               REAL?  0
              FIXED?  0
              SCALE:  1.0
++++++++++++++++++++++++++++++++++++++++++++
+++++++++++++  AMPLITUDE INFO  +++++++++++++
++++++++++++++++++++++++++++++++++++++++++++
      REACTION NAME:  EtaPi
  COHERENT SUM NAME:  Negative
     AMPLITUDE NAME:  D0-
            FACTORS:  1
		1.   TwoPSAngles 2 0 -1
       PERMUTATIONS:  0
        CONSTRAINTS:  0
         PARAMETERS:  0
      INITIAL VALUE:  (197.887,40.2212)
               REAL?  0
              FIXED?  0
              SCALE:  1.0
++++++++++++++++++++++++++++++++++++++++++++
+++++++++++++  AMPLITUDE INFO  +++++++++++++
++++++++++++++++++++++++++++++++++++++++++++
      REACTION NAME:  EtaPi
  COHERENT SUM NAME:  Negative
     AMPLITUDE NAME:  D1-
            FACTORS:  1
		1.   TwoPSAngles 2 1 -1
       PERMUTATIONS:  0
        CONSTRAINTS:  0
         PARAMETERS:  0
      INITIAL VALUE:  (14.6135,-7.62232)
               REAL?  0
              FIXED?  0
              SCALE:  1.0
 **********
 **    1 **SET STRATEGY  1
 **********
 NOW USING STRATEGY  1: TRY TO BALANCE SPEED AGAINST RELIABILITY
 **********
 **    2 **SET EPS  1e-13
 **********
 FLOATING-POINT NUMBERS ASSUMED ACCURATE TO 1e-13

## AMPLITUDE MANAGER INITIALIZATION ##
 Creating amplitude manager for reaction:  EtaPi
	 particle index assignment:  gamma -->> 0
	 particle index assignment:  Proton -->> 1
	 particle index assignment:  Pi0 -->> 2
	 particle index assignment:  Eta -->> 3
 PARAMETER DEFINITIONS:
    NO.   NAME                 VALUE      STEP SIZE      LIMITS
     1 EtaPi::Negative::S0-_re       332.02       3.3202     no limits
     2 EtaPi::Negative::P0-_re        23.58       0.2358     no limits
     3 EtaPi::Negative::P0-_im       46.674      0.46674     no limits
     4 EtaPi::Negative::P1-_re     -0.89576    0.0089576     no limits
     5 EtaPi::Negative::P1-_im        15.96       0.1596     no limits
     6 EtaPi::Negative::D0-_re       197.89       1.9789     no limits
     7 EtaPi::Negative::D0-_im       40.221      0.40221     no limits
     8 EtaPi::Negative::D1-_re       14.614      0.14614     no limits
     9 EtaPi::Negative::D1-_im      -7.6223     0.076223     no limits
    10 EtaPi::Positive::P1+_re       51.586      0.51586     no limits
    11 EtaPi::Positive::P1+_im      -26.493      0.26493     no limits
    12 EtaPi::Positive::D1+_re       32.065      0.32065     no limits
Allocating Data and Amplitude Array in LikelihoodCalculator for EtaPi...
Resetting source kin in data_pi0eta_tLT1_17.root
	Done.
Loading acccepted Monte Carlo...
Resetting source kin in reco_pi0eta_tLT1_17.root
	Done.
Calculating integrals...
	Done.
LIKELIHOOD BEFORE MINIMIZATION:  -72410
 **********
 **    3 **MIGRAD 5000
 **********
 FIRST CALL TO USER FUNCTION AT NEW START POINT, WITH IFLAG=4.
 START MIGRAD MINIMIZATION.  STRATEGY 1.  CONVERGENCE WHEN EDM .LT. 1.00e-04
 FCN=-73064.9 FROM MIGRAD     STATUS=INITIATE      122         123 TOTAL

                     EDM= unknown      STRATEGY= 1      NO ERROR MATRIX       
  EXT PARAMETER                          CURRENT GUESS       STEP         FIRST   
  NO.   NAME                   VALUE          ERROR          SIZE      DERIVATIVE 
    1 EtaPi::Negative::S0-_re        332.02        3.3202             0        53.435
    2 EtaPi::Negative::P0-_re         23.58        0.2358             0        9.9812
    3 EtaPi::Negative::P0-_im        46.674       0.46674             0        12.184
    4 EtaPi::Negative::P1-_re      -0.89576     0.0089576             0       -5.0162
    5 EtaPi::Negative::P1-_im        105.37        0.1596             0        2.7669
    6 EtaPi::Negative::D0-_re        197.89        1.9789             0        71.113
    7 EtaPi::Negative::D0-_im        40.221       0.40221             0        8.4734
    8 EtaPi::Negative::D1-_re        14.614       0.14614             0        11.353
    9 EtaPi::Negative::D1-_im       -7.6223      0.076223             0      -0.33628
   10 EtaPi::Positive::P1+_re        51.586       0.51586             0       0.71902
   11 EtaPi::Positive::P1+_im       -86.877       0.26493       -60.384      0.018704
   12 EtaPi::Positive::D1+_re        32.065       0.32065             0         6.131

 MIGRAD MINIMIZATION HAS CONVERGED.
 MIGRAD WILL VERIFY CONVERGENCE AND ERROR MATRIX.
 EIGENVALUES OF SECOND-DERIVATIVE MATRIX:
       -0.004296990.04478230.06951920.4173720.6681750.8356070.954621.032761.460751.900421.943052.67724 MINUIT WARNING IN HESSE   
 ============== MATRIX FORCED POS-DEF BY ADDING %f TO DIAGONAL. 0.00697424
 FCN=-83515.2 FROM MIGRAD     STATUS=CONVERGED     907         908 TOTAL

                     EDM=5.29254e-06    STRATEGY= 1      ERR MATRIX NOT POS-DEF
  EXT PARAMETER                           APPROXIMATE        STEP         FIRST   
  NO.   NAME                   VALUE          ERROR          SIZE      DERIVATIVE 
    1 EtaPi::Negative::S0-_re        128.24         10.42        1.0407   -8.5091e-06
    2 EtaPi::Negative::P0-_re       -5.0595        3.0526       0.76293   -0.00054005
    3 EtaPi::Negative::P0-_im        9.4701         10.11        1.2574   -6.9521e-05
    4 EtaPi::Negative::P1-_re       -3.7594        4.2676        1.3664   -0.00027005
    5 EtaPi::Negative::P1-_im           150        3.6392       0.72679    0.00012162
    6 EtaPi::Negative::D0-_re        78.482        6.5333       0.80164      0.000381
    7 EtaPi::Negative::D0-_im        5.2828        3.6562         1.181   -6.1027e-05
    8 EtaPi::Negative::D1-_re       -9.4502        7.3743       0.92388   -9.6176e-05
    9 EtaPi::Negative::D1-_im         4.651        3.0499       0.84943     6.131e-05
   10 EtaPi::Positive::P1+_re        85.235        55.127        1.3099    -0.0003076
   11 EtaPi::Positive::P1+_im        -127.8        36.815       0.87362     0.0004562
   12 EtaPi::Positive::D1+_re      -0.57563        5.6017        1.5403    0.00012409

 EXTERNAL ERROR MATRIX.    NDIM= 100    NPAR= 12    ERR DEF=1
         109
     -0.0466       9.32
        2.67      -3.83        102
        1.82       1.02      -6.53       18.2
       -28.4      0.331      -5.66      0.226       13.2
       -62.6      0.599      -9.26     -0.464       16.8       42.7
       -2.36     -0.753      -1.49      0.695      0.576       1.12       13.4
        3.31       2.85      -68.6       5.23       2.47       3.39      0.607       54.4
        2.42       -3.8     -0.462     -0.372     -0.907      -1.58      -0.32      0.457        9.3
       -13.7       17.2      -5.22      0.107      0.505       6.79      -1.12       3.64       3.34   3.04e+03
        24.3       11.3     -0.762      0.604      -6.37        -15      -1.45       2.05        2.9   2.02e+03   1.36e+03
        2.56       -7.4       1.87     -0.107     -0.707      -1.78      0.556      -1.41      -1.48      -53.3      -34.6
        31.4
ERR MATRIX NOT POS-DEF
 PARAMETER  CORRELATION COEFFICIENTS  
       NO.  GLOBAL      1      2      3      4      5      6      7      8      9     10     11     12
      1:     0.952  1.000 -0.001  0.025  0.041 -0.750 -0.919 -0.062  0.043  0.076 -0.024  0.063  0.044
      2:     0.643 -0.001  1.000 -0.124  0.078  0.030  0.030 -0.067  0.127 -0.409  0.102  0.101 -0.433
      3:     0.924  0.025 -0.124  1.000 -0.151 -0.154 -0.140 -0.040 -0.920 -0.015 -0.009 -0.002  0.033
      4:     0.191  0.041  0.078 -0.151  1.000  0.015 -0.017  0.045  0.166 -0.029  0.000  0.004 -0.004
      5:     0.791 -0.750  0.030 -0.154  0.015  1.000  0.708  0.043  0.092 -0.082  0.003 -0.048 -0.035
      6:     0.927 -0.919  0.030 -0.140 -0.017  0.708  1.000  0.047  0.070 -0.079  0.019 -0.062 -0.049
      7:     0.139 -0.062 -0.067 -0.040  0.045  0.043  0.047  1.000  0.023 -0.029 -0.006 -0.011  0.027
      8:     0.923  0.043  0.127 -0.920  0.166  0.092  0.070  0.023  1.000  0.020  0.009  0.008 -0.034
      9:     0.520  0.076 -0.409 -0.015 -0.029 -0.082 -0.079 -0.029  0.020  1.000  0.020  0.026 -0.087
     10:     0.997 -0.024  0.102 -0.009  0.000  0.003  0.019 -0.006  0.009  0.020  1.000  0.993 -0.172
     11:     0.997  0.063  0.101 -0.002  0.004 -0.048 -0.062 -0.011  0.008  0.026  0.993  1.000 -0.168
     12:     0.538  0.044 -0.433  0.033 -0.004 -0.035 -0.049  0.027 -0.034 -0.087 -0.172 -0.168  1.000
 ERR MATRIX NOT POS-DEF

 MIGRAD evaluation total wall time:  0.57988 s.
    average time per function call:  0.63793 ms.

LIKELIHOOD AFTER MINIMIZATION:  -83515
Loading generated Monte Carlo...
Resetting source kin in thrown_pi0eta_tLT1_17.root
	Done.
Calculating integrals...
	Done.
Loading acccepted Monte Carlo...
Resetting source kin in reco_pi0eta_tLT1_17.root
	Done.
Calculating integrals...
	Done.
