
## CONFIGURATION INFO DISPLAY ##

############################################
#############   REACTION INFO  #############
############################################
      REACTION NAME:  EtaPi
      PARTICLE LIST:  4
		1.  gamma
		2.  Proton
		3.  Pi0
		4.  Eta
        DATA READER:  ROOTDataReader
				data_pi0eta_tLT1_56.root
      ACC MC READER:  ROOTDataReader
				reco_pi0eta_tLT1_56.root
      GEN MC READER:  ROOTDataReader
				thrown_pi0eta_tLT1_56.root
  NORMALIZATION INTEGRAL FILE: 
		    bin_56.ni
********************************************
***********  COHERENT SUM INFO  ************
********************************************
      REACTION NAME:  EtaPi
  COHERENT SUM NAME:  Positive
++++++++++++++++++++++++++++++++++++++++++++
+++++++++++++  AMPLITUDE INFO  +++++++++++++
++++++++++++++++++++++++++++++++++++++++++++
      REACTION NAME:  EtaPi
  COHERENT SUM NAME:  Positive
     AMPLITUDE NAME:  P1+
            FACTORS:  1
		1.   TwoPSAngles 1 1 1
       PERMUTATIONS:  0
        CONSTRAINTS:  0
         PARAMETERS:  0
      INITIAL VALUE:  (29.3637,-24.6011)
               REAL?  0
              FIXED?  0
              SCALE:  1.0
++++++++++++++++++++++++++++++++++++++++++++
+++++++++++++  AMPLITUDE INFO  +++++++++++++
++++++++++++++++++++++++++++++++++++++++++++
      REACTION NAME:  EtaPi
  COHERENT SUM NAME:  Positive
     AMPLITUDE NAME:  D1+
            FACTORS:  1
		1.   TwoPSAngles 2 1 1
       PERMUTATIONS:  0
        CONSTRAINTS:  0
         PARAMETERS:  0
      INITIAL VALUE:  (76.1793,0)
               REAL?  1
              FIXED?  0
              SCALE:  1.0
********************************************
***********  COHERENT SUM INFO  ************
********************************************
      REACTION NAME:  EtaPi
  COHERENT SUM NAME:  Negative
++++++++++++++++++++++++++++++++++++++++++++
+++++++++++++  AMPLITUDE INFO  +++++++++++++
++++++++++++++++++++++++++++++++++++++++++++
      REACTION NAME:  EtaPi
  COHERENT SUM NAME:  Negative
     AMPLITUDE NAME:  S0-
            FACTORS:  1
		1.   TwoPSAngles 0 0 -1
       PERMUTATIONS:  0
        CONSTRAINTS:  0
         PARAMETERS:  0
      INITIAL VALUE:  (111.193,0)
               REAL?  1
              FIXED?  0
              SCALE:  1.0
++++++++++++++++++++++++++++++++++++++++++++
+++++++++++++  AMPLITUDE INFO  +++++++++++++
++++++++++++++++++++++++++++++++++++++++++++
      REACTION NAME:  EtaPi
  COHERENT SUM NAME:  Negative
     AMPLITUDE NAME:  P0-
            FACTORS:  1
		1.   TwoPSAngles 1 0 -1
       PERMUTATIONS:  0
        CONSTRAINTS:  0
         PARAMETERS:  0
      INITIAL VALUE:  (31.7279,25.2477)
               REAL?  0
              FIXED?  0
              SCALE:  1.0
++++++++++++++++++++++++++++++++++++++++++++
+++++++++++++  AMPLITUDE INFO  +++++++++++++
++++++++++++++++++++++++++++++++++++++++++++
      REACTION NAME:  EtaPi
  COHERENT SUM NAME:  Negative
     AMPLITUDE NAME:  P1-
            FACTORS:  1
		1.   TwoPSAngles 1 1 -1
       PERMUTATIONS:  0
        CONSTRAINTS:  0
         PARAMETERS:  0
      INITIAL VALUE:  (36.9193,14.6966)
               REAL?  0
              FIXED?  0
              SCALE:  1.0
++++++++++++++++++++++++++++++++++++++++++++
+++++++++++++  AMPLITUDE INFO  +++++++++++++
++++++++++++++++++++++++++++++++++++++++++++
      REACTION NAME:  EtaPi
  COHERENT SUM NAME:  Negative
     AMPLITUDE NAME:  D0-
            FACTORS:  1
		1.   TwoPSAngles 2 0 -1
       PERMUTATIONS:  0
        CONSTRAINTS:  0
         PARAMETERS:  0
      INITIAL VALUE:  (347.537,69.0203)
               REAL?  0
              FIXED?  0
              SCALE:  1.0
++++++++++++++++++++++++++++++++++++++++++++
+++++++++++++  AMPLITUDE INFO  +++++++++++++
++++++++++++++++++++++++++++++++++++++++++++
      REACTION NAME:  EtaPi
  COHERENT SUM NAME:  Negative
     AMPLITUDE NAME:  D1-
            FACTORS:  1
		1.   TwoPSAngles 2 1 -1
       PERMUTATIONS:  0
        CONSTRAINTS:  0
         PARAMETERS:  0
      INITIAL VALUE:  (-7.99155,8.33303)
               REAL?  0
              FIXED?  0
              SCALE:  1.0
 **********
 **    1 **SET STRATEGY  1
 **********
 NOW USING STRATEGY  1: TRY TO BALANCE SPEED AGAINST RELIABILITY
 **********
 **    2 **SET EPS  1e-13
 **********
 FLOATING-POINT NUMBERS ASSUMED ACCURATE TO 1e-13

## AMPLITUDE MANAGER INITIALIZATION ##
 Creating amplitude manager for reaction:  EtaPi
	 particle index assignment:  gamma -->> 0
	 particle index assignment:  Proton -->> 1
	 particle index assignment:  Pi0 -->> 2
	 particle index assignment:  Eta -->> 3
 PARAMETER DEFINITIONS:
    NO.   NAME                 VALUE      STEP SIZE      LIMITS
     1 EtaPi::Negative::S0-_re       111.19       1.1119     no limits
     2 EtaPi::Negative::P0-_re       31.728      0.31728     no limits
     3 EtaPi::Negative::P0-_im       25.248      0.25248     no limits
     4 EtaPi::Negative::P1-_re       36.919      0.36919     no limits
     5 EtaPi::Negative::P1-_im       14.697      0.14697     no limits
     6 EtaPi::Negative::D0-_re       347.54       3.4754     no limits
     7 EtaPi::Negative::D0-_im        69.02       0.6902     no limits
     8 EtaPi::Negative::D1-_re      -7.9915     0.079915     no limits
     9 EtaPi::Negative::D1-_im        8.333      0.08333     no limits
    10 EtaPi::Positive::P1+_re       29.364      0.29364     no limits
    11 EtaPi::Positive::P1+_im      -24.601      0.24601     no limits
    12 EtaPi::Positive::D1+_re       76.179      0.76179     no limits
Allocating Data and Amplitude Array in LikelihoodCalculator for EtaPi...
Resetting source kin in data_pi0eta_tLT1_56.root
	Done.
Loading acccepted Monte Carlo...
Resetting source kin in reco_pi0eta_tLT1_56.root
	Done.
Calculating integrals...
	Done.
LIKELIHOOD BEFORE MINIMIZATION:  19689
 **********
 **    3 **MIGRAD 5000
 **********
 FIRST CALL TO USER FUNCTION AT NEW START POINT, WITH IFLAG=4.
 START MIGRAD MINIMIZATION.  STRATEGY 1.  CONVERGENCE WHEN EDM .LT. 1.00e-04
 FCN=19689.1 FROM MIGRAD     STATUS=INITIATE       46          47 TOTAL

                     EDM= unknown      STRATEGY= 1      NO ERROR MATRIX       
  EXT PARAMETER                          CURRENT GUESS       STEP         FIRST   
  NO.   NAME                   VALUE          ERROR          SIZE      DERIVATIVE 
    1 EtaPi::Negative::S0-_re        111.19        1.1119        1.1119        36.019
    2 EtaPi::Negative::P0-_re        31.728       0.31728       0.31728        10.215
    3 EtaPi::Negative::P0-_im        25.248       0.25248       0.25248        7.7161
    4 EtaPi::Negative::P1-_re        36.919       0.36919       0.36919        11.127
    5 EtaPi::Negative::P1-_im        14.697       0.14697       0.14697        4.4281
    6 EtaPi::Negative::D0-_re        347.54        3.4754        3.4754        107.63
    7 EtaPi::Negative::D0-_im         69.02        0.6902        0.6902        21.254
    8 EtaPi::Negative::D1-_re       -7.9915      0.079915      0.079915       -2.6165
    9 EtaPi::Negative::D1-_im         8.333       0.08333       0.08333        2.6494
   10 EtaPi::Positive::P1+_re        29.364       0.29364       0.29364        9.6892
   11 EtaPi::Positive::P1+_im       -24.601       0.24601       0.24601       -7.4701
   12 EtaPi::Positive::D1+_re        76.179       0.76179       0.76179        24.076

 MIGRAD MINIMIZATION HAS CONVERGED.
 MIGRAD WILL VERIFY CONVERGENCE AND ERROR MATRIX.
 EIGENVALUES OF SECOND-DERIVATIVE MATRIX:
       -0.0002353760.1262640.2788930.4364180.7523830.822880.9597291.214931.525431.626061.855332.40192 MINUIT WARNING IN HESSE   
 ============== MATRIX FORCED POS-DEF BY ADDING %f TO DIAGONAL. 0.0026373
 FCN=-1887.16 FROM MIGRAD     STATUS=CONVERGED    1897        1898 TOTAL

                     EDM=2.91265e-05    STRATEGY= 1      ERR MATRIX NOT POS-DEF
  EXT PARAMETER                           APPROXIMATE        STEP         FIRST   
  NO.   NAME                   VALUE          ERROR          SIZE      DERIVATIVE 
    1 EtaPi::Negative::S0-_re       -1.9136        4.1286       0.12857   -0.00011658
    2 EtaPi::Negative::P0-_re        10.413        12.232       0.12541    -0.0011096
    3 EtaPi::Negative::P0-_im        10.204        12.148       0.13264    0.00070628
    4 EtaPi::Negative::P1-_re      -0.57099        3.2635       0.12637   -0.00061853
    5 EtaPi::Negative::P1-_im        1.1927        3.3248       0.12734     0.0004745
    6 EtaPi::Negative::D0-_re        31.019        35.839       0.13031    0.00098686
    7 EtaPi::Negative::D0-_im       -33.291        33.375       0.12093    -0.0012213
    8 EtaPi::Negative::D1-_re       -6.0964        8.9778       0.12256    -0.0012585
    9 EtaPi::Negative::D1-_im       -7.9937         7.431       0.13412    0.00037607
   10 EtaPi::Positive::P1+_re       -11.547        6.4457       0.18779   -0.00027963
   11 EtaPi::Positive::P1+_im     0.0014767        20.518       0.98735     6.961e-06
   12 EtaPi::Positive::D1+_re        5.1524        4.5859       0.16587    0.00010476

 EXTERNAL ERROR MATRIX.    NDIM= 100    NPAR= 12    ERR DEF=1
          17
       -26.9        150
        9.89       -114        148
        2.76       2.77      -8.71       10.7
        5.06       -4.8      -2.11       6.05       11.1
        51.2       -407        405      -18.6       2.67   1.28e+03
        47.7       -375        382      -18.2       1.98   1.19e+03   1.11e+03
        8.96      -88.5        102       -5.6      0.196        302        282       80.6
       -12.8       81.9      -72.5       4.07     -0.761       -240       -224      -52.8       55.2
       -13.1       6.58       12.5      -3.56       -5.1       18.6         12        6.8      0.392       41.5
      0.0254       1.46      -3.81      0.667      0.628      -9.62      -8.16      -2.41       1.59       14.9        421
       0.275      -13.3       10.1      -1.49      -1.15       39.2       33.1       7.95      -7.81       16.1       2.68
          21
ERR MATRIX NOT POS-DEF
 PARAMETER  CORRELATION COEFFICIENTS  
       NO.  GLOBAL      1      2      3      4      5      6      7      8      9     10     11     12
      1:     0.770  1.000 -0.532  0.197  0.205  0.369  0.346  0.346  0.242 -0.416 -0.493  0.000  0.015
      2:     0.978 -0.532  1.000 -0.767  0.069 -0.118 -0.928 -0.918 -0.806  0.901  0.083  0.006 -0.237
      3:     0.975  0.197 -0.767  1.000 -0.220 -0.052  0.930  0.941  0.938 -0.803  0.159 -0.015  0.182
      4:     0.608  0.205  0.069 -0.220  1.000  0.558 -0.159 -0.167 -0.191  0.168 -0.169  0.010 -0.100
      5:     0.625  0.369 -0.118 -0.052  0.558  1.000  0.022  0.018  0.007 -0.031 -0.238  0.009 -0.076
      6:     0.997  0.346 -0.928  0.930 -0.159  0.022  1.000  0.996  0.937 -0.901  0.081 -0.013  0.238
      7:     0.997  0.346 -0.918  0.941 -0.167  0.018  0.996  1.000  0.941 -0.903  0.056 -0.012  0.216
      8:     0.960  0.242 -0.806  0.938 -0.191  0.007  0.937  0.941  1.000 -0.791  0.117 -0.013  0.193
      9:     0.930 -0.416  0.901 -0.803  0.168 -0.031 -0.901 -0.903 -0.791  1.000  0.008  0.010 -0.229
     10:     0.804 -0.493  0.083  0.159 -0.169 -0.238  0.081  0.056  0.117  0.008  1.000  0.113  0.545
     11:     0.183  0.000  0.006 -0.015  0.010  0.009 -0.013 -0.012 -0.013  0.010  0.113  1.000  0.028
     12:     0.674  0.015 -0.237  0.182 -0.100 -0.076  0.238  0.216  0.193 -0.229  0.545  0.028  1.000
 ERR MATRIX NOT POS-DEF

 MIGRAD evaluation total wall time:  0.07051 s.
    average time per function call:  0.03713 ms.

LIKELIHOOD AFTER MINIMIZATION:  -1887.2
Loading generated Monte Carlo...
Resetting source kin in thrown_pi0eta_tLT1_56.root
	Done.
Calculating integrals...
	Done.
Loading acccepted Monte Carlo...
Resetting source kin in reco_pi0eta_tLT1_56.root
	Done.
Calculating integrals...
	Done.
