
## CONFIGURATION INFO DISPLAY ##

############################################
#############   REACTION INFO  #############
############################################
      REACTION NAME:  EtaPi
      PARTICLE LIST:  4
		1.  gamma
		2.  Proton
		3.  Pi0
		4.  Eta
        DATA READER:  ROOTDataReader
				data_pi0eta_tLT1_29.root
      ACC MC READER:  ROOTDataReader
				reco_pi0eta_tLT1_29.root
      GEN MC READER:  ROOTDataReader
				thrown_pi0eta_tLT1_29.root
  NORMALIZATION INTEGRAL FILE: 
		    bin_29.ni
********************************************
***********  COHERENT SUM INFO  ************
********************************************
      REACTION NAME:  EtaPi
  COHERENT SUM NAME:  Positive
++++++++++++++++++++++++++++++++++++++++++++
+++++++++++++  AMPLITUDE INFO  +++++++++++++
++++++++++++++++++++++++++++++++++++++++++++
      REACTION NAME:  EtaPi
  COHERENT SUM NAME:  Positive
     AMPLITUDE NAME:  P1+
            FACTORS:  1
		1.   TwoPSAngles 1 1 1
       PERMUTATIONS:  0
        CONSTRAINTS:  0
         PARAMETERS:  0
      INITIAL VALUE:  (30.5467,-12.1704)
               REAL?  0
              FIXED?  0
              SCALE:  1.0
++++++++++++++++++++++++++++++++++++++++++++
+++++++++++++  AMPLITUDE INFO  +++++++++++++
++++++++++++++++++++++++++++++++++++++++++++
      REACTION NAME:  EtaPi
  COHERENT SUM NAME:  Positive
     AMPLITUDE NAME:  D1+
            FACTORS:  1
		1.   TwoPSAngles 2 1 1
       PERMUTATIONS:  0
        CONSTRAINTS:  0
         PARAMETERS:  0
      INITIAL VALUE:  (86.4421,0)
               REAL?  1
              FIXED?  0
              SCALE:  1.0
********************************************
***********  COHERENT SUM INFO  ************
********************************************
      REACTION NAME:  EtaPi
  COHERENT SUM NAME:  Negative
++++++++++++++++++++++++++++++++++++++++++++
+++++++++++++  AMPLITUDE INFO  +++++++++++++
++++++++++++++++++++++++++++++++++++++++++++
      REACTION NAME:  EtaPi
  COHERENT SUM NAME:  Negative
     AMPLITUDE NAME:  S0-
            FACTORS:  1
		1.   TwoPSAngles 0 0 -1
       PERMUTATIONS:  0
        CONSTRAINTS:  0
         PARAMETERS:  0
      INITIAL VALUE:  (170.877,0)
               REAL?  1
              FIXED?  0
              SCALE:  1.0
++++++++++++++++++++++++++++++++++++++++++++
+++++++++++++  AMPLITUDE INFO  +++++++++++++
++++++++++++++++++++++++++++++++++++++++++++
      REACTION NAME:  EtaPi
  COHERENT SUM NAME:  Negative
     AMPLITUDE NAME:  P0-
            FACTORS:  1
		1.   TwoPSAngles 1 0 -1
       PERMUTATIONS:  0
        CONSTRAINTS:  0
         PARAMETERS:  0
      INITIAL VALUE:  (31.3542,42.9194)
               REAL?  0
              FIXED?  0
              SCALE:  1.0
++++++++++++++++++++++++++++++++++++++++++++
+++++++++++++  AMPLITUDE INFO  +++++++++++++
++++++++++++++++++++++++++++++++++++++++++++
      REACTION NAME:  EtaPi
  COHERENT SUM NAME:  Negative
     AMPLITUDE NAME:  P1-
            FACTORS:  1
		1.   TwoPSAngles 1 1 -1
       PERMUTATIONS:  0
        CONSTRAINTS:  0
         PARAMETERS:  0
      INITIAL VALUE:  (4.59272,9.32354)
               REAL?  0
              FIXED?  0
              SCALE:  1.0
++++++++++++++++++++++++++++++++++++++++++++
+++++++++++++  AMPLITUDE INFO  +++++++++++++
++++++++++++++++++++++++++++++++++++++++++++
      REACTION NAME:  EtaPi
  COHERENT SUM NAME:  Negative
     AMPLITUDE NAME:  D0-
            FACTORS:  1
		1.   TwoPSAngles 2 0 -1
       PERMUTATIONS:  0
        CONSTRAINTS:  0
         PARAMETERS:  0
      INITIAL VALUE:  (206.263,53.6664)
               REAL?  0
              FIXED?  0
              SCALE:  1.0
++++++++++++++++++++++++++++++++++++++++++++
+++++++++++++  AMPLITUDE INFO  +++++++++++++
++++++++++++++++++++++++++++++++++++++++++++
      REACTION NAME:  EtaPi
  COHERENT SUM NAME:  Negative
     AMPLITUDE NAME:  D1-
            FACTORS:  1
		1.   TwoPSAngles 2 1 -1
       PERMUTATIONS:  0
        CONSTRAINTS:  0
         PARAMETERS:  0
      INITIAL VALUE:  (24.4082,-19.1081)
               REAL?  0
              FIXED?  0
              SCALE:  1.0
 **********
 **    1 **SET STRATEGY  1
 **********
 NOW USING STRATEGY  1: TRY TO BALANCE SPEED AGAINST RELIABILITY
 **********
 **    2 **SET EPS  1e-13
 **********
 FLOATING-POINT NUMBERS ASSUMED ACCURATE TO 1e-13

## AMPLITUDE MANAGER INITIALIZATION ##
 Creating amplitude manager for reaction:  EtaPi
	 particle index assignment:  gamma -->> 0
	 particle index assignment:  Proton -->> 1
	 particle index assignment:  Pi0 -->> 2
	 particle index assignment:  Eta -->> 3
 PARAMETER DEFINITIONS:
    NO.   NAME                 VALUE      STEP SIZE      LIMITS
     1 EtaPi::Negative::S0-_re       170.88       1.7088     no limits
     2 EtaPi::Negative::P0-_re       31.354      0.31354     no limits
     3 EtaPi::Negative::P0-_im       42.919      0.42919     no limits
     4 EtaPi::Negative::P1-_re       4.5927     0.045927     no limits
     5 EtaPi::Negative::P1-_im       9.3235     0.093235     no limits
     6 EtaPi::Negative::D0-_re       206.26       2.0626     no limits
     7 EtaPi::Negative::D0-_im       53.666      0.53666     no limits
     8 EtaPi::Negative::D1-_re       24.408      0.24408     no limits
     9 EtaPi::Negative::D1-_im      -19.108      0.19108     no limits
    10 EtaPi::Positive::P1+_re       30.547      0.30547     no limits
    11 EtaPi::Positive::P1+_im       -12.17       0.1217     no limits
    12 EtaPi::Positive::D1+_re       86.442      0.86442     no limits
Allocating Data and Amplitude Array in LikelihoodCalculator for EtaPi...
Resetting source kin in data_pi0eta_tLT1_29.root
	Done.
Loading acccepted Monte Carlo...
Resetting source kin in reco_pi0eta_tLT1_29.root
	Done.
Calculating integrals...
	Done.
LIKELIHOOD BEFORE MINIMIZATION:  -1.8221e+05
 **********
 **    3 **MIGRAD 5000
 **********
 FIRST CALL TO USER FUNCTION AT NEW START POINT, WITH IFLAG=4.
 START MIGRAD MINIMIZATION.  STRATEGY 1.  CONVERGENCE WHEN EDM .LT. 1.00e-04
 FCN=-195084 FROM MIGRAD     STATUS=INITIATE      201         202 TOTAL

                     EDM= unknown      STRATEGY= 1      NO ERROR MATRIX       
  EXT PARAMETER                          CURRENT GUESS       STEP         FIRST   
  NO.   NAME                   VALUE          ERROR          SIZE      DERIVATIVE 
    1 EtaPi::Negative::S0-_re       -5.8971        1.7088             0        11.097
    2 EtaPi::Negative::P0-_re        31.354       0.31354             0        25.178
    3 EtaPi::Negative::P0-_im        237.11       0.42919             0        2.1768
    4 EtaPi::Negative::P1-_re        4.5927      0.045927             0        5.6771
    5 EtaPi::Negative::P1-_im        9.3235      0.093235             0       0.90092
    6 EtaPi::Negative::D0-_re        206.26        2.0626             0       -40.873
    7 EtaPi::Negative::D0-_im        53.666       0.53666             0        19.454
    8 EtaPi::Negative::D1-_re        24.408       0.24408             0         6.298
    9 EtaPi::Negative::D1-_im       -19.108       0.19108             0       -10.625
   10 EtaPi::Positive::P1+_re           100       0.30547             0        4.3409
   11 EtaPi::Positive::P1+_im       -92.408        0.1217       -80.238     -0.020185
   12 EtaPi::Positive::D1+_re        86.442       0.86442             0        14.013

 MIGRAD FAILS TO FIND IMPROVEMENT
 MACHINE ACCURACY LIMITS FURTHER IMPROVEMENT.
 MIGRAD MINIMIZATION HAS CONVERGED.
 FCN=-201610 FROM MIGRAD     STATUS=CONVERGED    2284        2285 TOTAL

                     EDM=0.000573125    STRATEGY= 1  ERROR MATRIX UNCERTAINTY     4 per cent
  EXT PARAMETER                                              STEP         FIRST   
  NO.   NAME                   VALUE          ERROR          SIZE      DERIVATIVE 
    1 EtaPi::Negative::S0-_re       -9.8988        3.2892            -0     0.0011726
    2 EtaPi::Negative::P0-_re        36.802        21.645             0     0.0052668
    3 EtaPi::Negative::P0-_im        51.984        15.813            -0    -0.0069737
    4 EtaPi::Negative::P1-_re        4.3412        4.0512             0     0.0018527
    5 EtaPi::Negative::P1-_im        8.3359        3.9537            -0    -0.0026417
    6 EtaPi::Negative::D0-_re        292.27        93.352            -0    -0.0019671
    7 EtaPi::Negative::D0-_im        -233.4        117.69            -0     0.0037024
    8 EtaPi::Negative::D1-_re        4.7192        2.6144             0     0.0017718
    9 EtaPi::Negative::D1-_im        2.9493        3.0105            -0    -0.0016355
   10 EtaPi::Positive::P1+_re       -9.2492        10.689             0    0.00015499
   11 EtaPi::Positive::P1+_im    -0.0043143        14.984             0   -3.2651e-05
   12 EtaPi::Positive::D1+_re        11.775        9.2954            -0   -0.00014872

 EXTERNAL ERROR MATRIX.    NDIM= 100    NPAR= 12    ERR DEF=1
        10.8
       -57.8        469
        40.8       -330        250
       -9.16       75.4      -55.1       16.4
        5.31      -40.5       25.9      -2.03       15.6
         249  -2.01e+03   1.45e+03       -328        171   8.71e+03
         313  -2.54e+03   1.82e+03       -413        216    1.1e+04   1.39e+04
       -4.53       38.2        -27       6.19      -2.78       -164       -207       6.84
        2.75      -23.2       17.5      -3.47       2.38        101        128      0.326       9.06
       -14.6       99.4        -69       15.8      -8.93       -428       -541       8.73      -4.79        114
       0.314      -3.29       0.61      0.266      0.722         11       13.8     -0.878     -0.666      0.637        225
        7.94        -72       42.1        -10        9.2        302        382      -4.97       4.29        6.5       3.62
        86.4
 PARAMETER  CORRELATION COEFFICIENTS  
       NO.  GLOBAL      1      2      3      4      5      6      7      8      9     10     11     12
      1:     0.817  1.000 -0.811  0.784 -0.688  0.408  0.810  0.809 -0.527  0.278 -0.415  0.006  0.260
      2:     0.998 -0.811  1.000 -0.964  0.860 -0.473 -0.996 -0.996  0.675 -0.356  0.430 -0.010 -0.358
      3:     0.990  0.784 -0.964  1.000 -0.860  0.415  0.979  0.980 -0.654  0.368 -0.408  0.003  0.287
      4:     0.921 -0.688  0.860 -0.860  1.000 -0.127 -0.867 -0.866  0.584 -0.285  0.365  0.004 -0.266
      5:     0.740  0.408 -0.473  0.415 -0.127  1.000  0.463  0.465 -0.269  0.200 -0.211  0.012  0.250
      6:     1.000  0.810 -0.996  0.979 -0.867  0.463  1.000  1.000 -0.673  0.359 -0.429  0.008  0.348
      7:     1.000  0.809 -0.996  0.980 -0.866  0.465  1.000  1.000 -0.672  0.360 -0.430  0.008  0.349
      8:     0.745 -0.527  0.675 -0.654  0.584 -0.269 -0.673 -0.672  1.000  0.041  0.312 -0.022 -0.205
      9:     0.538  0.278 -0.356  0.368 -0.285  0.200  0.359  0.360  0.041  1.000 -0.149 -0.015  0.153
     10:     0.531 -0.415  0.430 -0.408  0.365 -0.211 -0.429 -0.430  0.312 -0.149  1.000  0.004  0.065
     11:     0.048  0.006 -0.010  0.003  0.004  0.012  0.008  0.008 -0.022 -0.015  0.004  1.000  0.026
     12:     0.536  0.260 -0.358  0.287 -0.266  0.250  0.348  0.349 -0.205  0.153  0.065  0.026  1.000

 MIGRAD evaluation total wall time:  3.1021 s.
    average time per function call:  1.357 ms.

LIKELIHOOD AFTER MINIMIZATION:  -2.0161e+05
Loading generated Monte Carlo...
Resetting source kin in thrown_pi0eta_tLT1_29.root
	Done.
Calculating integrals...
	Done.
Loading acccepted Monte Carlo...
Resetting source kin in reco_pi0eta_tLT1_29.root
	Done.
Calculating integrals...
	Done.
