
## CONFIGURATION INFO DISPLAY ##

############################################
#############   REACTION INFO  #############
############################################
      REACTION NAME:  EtaPi
      PARTICLE LIST:  4
		1.  gamma
		2.  Proton
		3.  Pi0
		4.  Eta
        DATA READER:  ROOTDataReader
				data_pi0eta_tLT1_31.root
      ACC MC READER:  ROOTDataReader
				reco_pi0eta_tLT1_31.root
      GEN MC READER:  ROOTDataReader
				thrown_pi0eta_tLT1_31.root
  NORMALIZATION INTEGRAL FILE: 
		    bin_31.ni
********************************************
***********  COHERENT SUM INFO  ************
********************************************
      REACTION NAME:  EtaPi
  COHERENT SUM NAME:  Positive
++++++++++++++++++++++++++++++++++++++++++++
+++++++++++++  AMPLITUDE INFO  +++++++++++++
++++++++++++++++++++++++++++++++++++++++++++
      REACTION NAME:  EtaPi
  COHERENT SUM NAME:  Positive
     AMPLITUDE NAME:  P1+
            FACTORS:  1
		1.   TwoPSAngles 1 1 1
       PERMUTATIONS:  0
        CONSTRAINTS:  0
         PARAMETERS:  0
      INITIAL VALUE:  (26.2402,-24.9)
               REAL?  0
              FIXED?  0
              SCALE:  1.0
++++++++++++++++++++++++++++++++++++++++++++
+++++++++++++  AMPLITUDE INFO  +++++++++++++
++++++++++++++++++++++++++++++++++++++++++++
      REACTION NAME:  EtaPi
  COHERENT SUM NAME:  Positive
     AMPLITUDE NAME:  D1+
            FACTORS:  1
		1.   TwoPSAngles 2 1 1
       PERMUTATIONS:  0
        CONSTRAINTS:  0
         PARAMETERS:  0
      INITIAL VALUE:  (75.737,0)
               REAL?  1
              FIXED?  0
              SCALE:  1.0
********************************************
***********  COHERENT SUM INFO  ************
********************************************
      REACTION NAME:  EtaPi
  COHERENT SUM NAME:  Negative
++++++++++++++++++++++++++++++++++++++++++++
+++++++++++++  AMPLITUDE INFO  +++++++++++++
++++++++++++++++++++++++++++++++++++++++++++
      REACTION NAME:  EtaPi
  COHERENT SUM NAME:  Negative
     AMPLITUDE NAME:  S0-
            FACTORS:  1
		1.   TwoPSAngles 0 0 -1
       PERMUTATIONS:  0
        CONSTRAINTS:  0
         PARAMETERS:  0
      INITIAL VALUE:  (230.926,0)
               REAL?  1
              FIXED?  0
              SCALE:  1.0
++++++++++++++++++++++++++++++++++++++++++++
+++++++++++++  AMPLITUDE INFO  +++++++++++++
++++++++++++++++++++++++++++++++++++++++++++
      REACTION NAME:  EtaPi
  COHERENT SUM NAME:  Negative
     AMPLITUDE NAME:  P0-
            FACTORS:  1
		1.   TwoPSAngles 1 0 -1
       PERMUTATIONS:  0
        CONSTRAINTS:  0
         PARAMETERS:  0
      INITIAL VALUE:  (58.7861,66.1136)
               REAL?  0
              FIXED?  0
              SCALE:  1.0
++++++++++++++++++++++++++++++++++++++++++++
+++++++++++++  AMPLITUDE INFO  +++++++++++++
++++++++++++++++++++++++++++++++++++++++++++
      REACTION NAME:  EtaPi
  COHERENT SUM NAME:  Negative
     AMPLITUDE NAME:  P1-
            FACTORS:  1
		1.   TwoPSAngles 1 1 -1
       PERMUTATIONS:  0
        CONSTRAINTS:  0
         PARAMETERS:  0
      INITIAL VALUE:  (5.75034,79.2997)
               REAL?  0
              FIXED?  0
              SCALE:  1.0
++++++++++++++++++++++++++++++++++++++++++++
+++++++++++++  AMPLITUDE INFO  +++++++++++++
++++++++++++++++++++++++++++++++++++++++++++
      REACTION NAME:  EtaPi
  COHERENT SUM NAME:  Negative
     AMPLITUDE NAME:  D0-
            FACTORS:  1
		1.   TwoPSAngles 2 0 -1
       PERMUTATIONS:  0
        CONSTRAINTS:  0
         PARAMETERS:  0
      INITIAL VALUE:  (305.873,51.1515)
               REAL?  0
              FIXED?  0
              SCALE:  1.0
++++++++++++++++++++++++++++++++++++++++++++
+++++++++++++  AMPLITUDE INFO  +++++++++++++
++++++++++++++++++++++++++++++++++++++++++++
      REACTION NAME:  EtaPi
  COHERENT SUM NAME:  Negative
     AMPLITUDE NAME:  D1-
            FACTORS:  1
		1.   TwoPSAngles 2 1 -1
       PERMUTATIONS:  0
        CONSTRAINTS:  0
         PARAMETERS:  0
      INITIAL VALUE:  (2.06196,23.8558)
               REAL?  0
              FIXED?  0
              SCALE:  1.0
 **********
 **    1 **SET STRATEGY  1
 **********
 NOW USING STRATEGY  1: TRY TO BALANCE SPEED AGAINST RELIABILITY
 **********
 **    2 **SET EPS  1e-13
 **********
 FLOATING-POINT NUMBERS ASSUMED ACCURATE TO 1e-13

## AMPLITUDE MANAGER INITIALIZATION ##
 Creating amplitude manager for reaction:  EtaPi
	 particle index assignment:  gamma -->> 0
	 particle index assignment:  Proton -->> 1
	 particle index assignment:  Pi0 -->> 2
	 particle index assignment:  Eta -->> 3
 PARAMETER DEFINITIONS:
    NO.   NAME                 VALUE      STEP SIZE      LIMITS
     1 EtaPi::Negative::S0-_re       230.93       2.3093     no limits
     2 EtaPi::Negative::P0-_re       58.786      0.58786     no limits
     3 EtaPi::Negative::P0-_im       66.114      0.66114     no limits
     4 EtaPi::Negative::P1-_re       5.7503     0.057503     no limits
     5 EtaPi::Negative::P1-_im         79.3        0.793     no limits
     6 EtaPi::Negative::D0-_re       305.87       3.0587     no limits
     7 EtaPi::Negative::D0-_im       51.151      0.51151     no limits
     8 EtaPi::Negative::D1-_re        2.062      0.02062     no limits
     9 EtaPi::Negative::D1-_im       23.856      0.23856     no limits
    10 EtaPi::Positive::P1+_re        26.24       0.2624     no limits
    11 EtaPi::Positive::P1+_im        -24.9        0.249     no limits
    12 EtaPi::Positive::D1+_re       75.737      0.75737     no limits
Allocating Data and Amplitude Array in LikelihoodCalculator for EtaPi...
Resetting source kin in data_pi0eta_tLT1_31.root
	Done.
Loading acccepted Monte Carlo...
Resetting source kin in reco_pi0eta_tLT1_31.root
	Done.
Calculating integrals...
	Done.
LIKELIHOOD BEFORE MINIMIZATION:  -2.2804e+05
 **********
 **    3 **MIGRAD 5000
 **********
 FIRST CALL TO USER FUNCTION AT NEW START POINT, WITH IFLAG=4.
 START MIGRAD MINIMIZATION.  STRATEGY 1.  CONVERGENCE WHEN EDM .LT. 1.00e-04
 FCN=-236125 FROM MIGRAD     STATUS=INITIATE      157         158 TOTAL

                     EDM= unknown      STRATEGY= 1      NO ERROR MATRIX       
  EXT PARAMETER                          CURRENT GUESS       STEP         FIRST   
  NO.   NAME                   VALUE          ERROR          SIZE      DERIVATIVE 
    1 EtaPi::Negative::S0-_re        230.93        2.3093             0        39.743
    2 EtaPi::Negative::P0-_re        58.786       0.58786             0        31.345
    3 EtaPi::Negative::P0-_im        66.114       0.66114             0        14.859
    4 EtaPi::Negative::P1-_re        5.7503      0.057503             0        3.9387
    5 EtaPi::Negative::P1-_im        228.32         0.793             0        18.783
    6 EtaPi::Negative::D0-_re        305.87        3.0587             0        16.967
    7 EtaPi::Negative::D0-_im        51.151       0.51151             0        11.727
    8 EtaPi::Negative::D1-_re         2.062       0.02062             0        3.0248
    9 EtaPi::Negative::D1-_im        23.856       0.23856             0        12.196
   10 EtaPi::Positive::P1+_re        163.75        0.2624             0        4.9994
   11 EtaPi::Positive::P1+_im       -73.214         0.249       -48.314       -0.1459
   12 EtaPi::Positive::D1+_re        75.737       0.75737             0        21.752

 MIGRAD FAILS TO FIND IMPROVEMENT
 MACHINE ACCURACY LIMITS FURTHER IMPROVEMENT.
 MIGRAD MINIMIZATION HAS CONVERGED.
 MIGRAD WILL VERIFY CONVERGENCE AND ERROR MATRIX.
 COVARIANCE MATRIX CALCULATED SUCCESSFULLY
 FCN=-245223 FROM HESSE      STATUS=OK            129         772 TOTAL

                     EDM=0.0254973    STRATEGY= 1      ERROR MATRIX ACCURATE 
  EXT PARAMETER                                              STEP         FIRST   
  NO.   NAME                   VALUE          ERROR          SIZE      DERIVATIVE 
    1 EtaPi::Negative::S0-_re       0.52349        2.2457        1.0307       -0.0322
    2 EtaPi::Negative::P0-_re       -3.5147        5.5904        1.0284      0.027134
    3 EtaPi::Negative::P0-_im       -22.631        14.014        4.8778     0.0062558
    4 EtaPi::Negative::P1-_re       -2.1497        6.4953        1.0288     -0.050533
    5 EtaPi::Negative::P1-_im         26.71        12.523        4.2007     0.0045123
    6 EtaPi::Negative::D0-_re        409.99        1.9732       0.98961      0.014467
    7 EtaPi::Negative::D0-_im       -4.9204        95.083        11.649    -0.0043815
    8 EtaPi::Negative::D1-_re        1.7687        2.2779        1.0553     -0.037025
    9 EtaPi::Negative::D1-_im       -5.5093        7.6794        3.5867    -0.0034412
   10 EtaPi::Positive::P1+_re        31.057        10.874        4.3235     -0.024187
   11 EtaPi::Positive::P1+_im       0.80101        9.6369        92.283   -0.00062364
   12 EtaPi::Positive::D1+_re       -1.6109        7.1985        3.5418    -0.0059215

 MIGRAD FAILS TO FIND IMPROVEMENT
 MACHINE ACCURACY LIMITS FURTHER IMPROVEMENT.
 MIGRAD MINIMIZATION HAS CONVERGED.
 FCN=-245223 FROM MIGRAD     STATUS=CONVERGED     873         874 TOTAL

                     EDM=0.00247819    STRATEGY= 1  ERROR MATRIX UNCERTAINTY 1e+01 per cent
  EXT PARAMETER                                              STEP         FIRST   
  NO.   NAME                   VALUE          ERROR          SIZE      DERIVATIVE 
    1 EtaPi::Negative::S0-_re       0.60548        2.1965             0    -0.0049444
    2 EtaPi::Negative::P0-_re       -3.4371        5.2448             0    0.00044508
    3 EtaPi::Negative::P0-_im         -22.8        14.561            -0   -0.00055764
    4 EtaPi::Negative::P1-_re       -2.2203        5.9905            -0    -0.0028199
    5 EtaPi::Negative::P1-_im        26.298        12.471            -0     0.0046623
    6 EtaPi::Negative::D0-_re        409.93        1.8939            -0     -0.003377
    7 EtaPi::Negative::D0-_im       -2.5922        93.968             0   -0.00089658
    8 EtaPi::Negative::D1-_re        1.8598        2.4521             0    -0.0015163
    9 EtaPi::Negative::D1-_im       -5.4398        7.6272            -0    -0.0015153
   10 EtaPi::Positive::P1+_re        32.059        8.5093            -0     0.0035368
   11 EtaPi::Positive::P1+_im       0.45326        1.2155             0    0.00048297
   12 EtaPi::Positive::D1+_re       -1.3997        7.2059             0    -0.0015393

 EXTERNAL ERROR MATRIX.    NDIM= 100    NPAR= 12    ERR DEF=1
        4.82
        3.12       27.5
        12.1       3.26        212
        -3.5      -28.1     -0.234       35.9
        6.69      -6.77        133       10.3        156
      -0.473      -2.28     -0.288        2.6     -0.759       3.59
        57.8        460      -11.4       -535       -191      -41.1   8.83e+03
       0.719       7.42      -2.01      -8.81      -4.56     -0.584        144       6.01
        2.54      0.646       29.8     0.0336       30.6     -0.842       7.45      0.922       58.2
        5.57      -8.28       47.8       10.4       29.4      -4.17       -181      -3.64        6.9       72.4
       0.912       4.04     -0.371       -4.7      -4.16     -0.762       82.4       1.57      0.118      -2.34       1.48
        2.34       10.1       10.8      -11.6      -2.35     -0.778        194       2.89      -17.6       7.32       3.23
        51.9
 PARAMETER  CORRELATION COEFFICIENTS  
       NO.  GLOBAL      1      2      3      4      5      6      7      8      9     10     11     12
      1:     0.627  1.000  0.271  0.380 -0.266  0.244 -0.114  0.280  0.134  0.152  0.298  0.342  0.148
      2:     0.938  0.271  1.000  0.043 -0.893 -0.103 -0.230  0.934  0.577  0.016 -0.186  0.634  0.267
      3:     0.814  0.380  0.043  1.000 -0.003  0.735 -0.010 -0.008 -0.056  0.268  0.386 -0.021  0.103
      4:     0.952 -0.266 -0.893 -0.003  1.000  0.138  0.229 -0.950 -0.600  0.001  0.205 -0.645 -0.270
      5:     0.823  0.244 -0.103  0.735  0.138  1.000 -0.032 -0.163 -0.149  0.321  0.277 -0.275 -0.026
      6:     0.606 -0.114 -0.230 -0.010  0.229 -0.032  1.000 -0.231 -0.126 -0.058 -0.259 -0.331 -0.057
      7:     0.976  0.280  0.934 -0.008 -0.950 -0.163 -0.231  1.000  0.626  0.010 -0.227  0.721  0.287
      8:     0.649  0.134  0.577 -0.056 -0.600 -0.149 -0.126  0.626  1.000  0.049 -0.174  0.527  0.164
      9:     0.530  0.152  0.016  0.268  0.001  0.321 -0.058  0.010  0.049  1.000  0.106  0.013 -0.321
     10:     0.707  0.298 -0.186  0.386  0.205  0.277 -0.259 -0.227 -0.174  0.106  1.000 -0.226  0.119
     11:     0.867  0.342  0.634 -0.021 -0.645 -0.275 -0.331  0.721  0.527  0.013 -0.226  1.000  0.369
     12:     0.608  0.148  0.267  0.103 -0.270 -0.026 -0.057  0.287  0.164 -0.321  0.119  0.369  1.000

 MIGRAD evaluation total wall time:  1.4187 s.
    average time per function call:  1.6214 ms.

LIKELIHOOD AFTER MINIMIZATION:  -2.4522e+05
Loading generated Monte Carlo...
Resetting source kin in thrown_pi0eta_tLT1_31.root
	Done.
Calculating integrals...
	Done.
Loading acccepted Monte Carlo...
Resetting source kin in reco_pi0eta_tLT1_31.root
	Done.
Calculating integrals...
	Done.
