
## CONFIGURATION INFO DISPLAY ##

############################################
#############   REACTION INFO  #############
############################################
      REACTION NAME:  EtaPi
      PARTICLE LIST:  4
		1.  gamma
		2.  Proton
		3.  Pi0
		4.  Eta
        DATA READER:  ROOTDataReader
				data_pi0eta_tLT1_64.root
      ACC MC READER:  ROOTDataReader
				reco_pi0eta_tLT1_64.root
      GEN MC READER:  ROOTDataReader
				thrown_pi0eta_tLT1_64.root
  NORMALIZATION INTEGRAL FILE: 
		    bin_64.ni
********************************************
***********  COHERENT SUM INFO  ************
********************************************
      REACTION NAME:  EtaPi
  COHERENT SUM NAME:  Positive
++++++++++++++++++++++++++++++++++++++++++++
+++++++++++++  AMPLITUDE INFO  +++++++++++++
++++++++++++++++++++++++++++++++++++++++++++
      REACTION NAME:  EtaPi
  COHERENT SUM NAME:  Positive
     AMPLITUDE NAME:  P1+
            FACTORS:  1
		1.   TwoPSAngles 1 1 1
       PERMUTATIONS:  0
        CONSTRAINTS:  0
         PARAMETERS:  0
      INITIAL VALUE:  (44.0615,-18.3037)
               REAL?  0
              FIXED?  0
              SCALE:  1.0
++++++++++++++++++++++++++++++++++++++++++++
+++++++++++++  AMPLITUDE INFO  +++++++++++++
++++++++++++++++++++++++++++++++++++++++++++
      REACTION NAME:  EtaPi
  COHERENT SUM NAME:  Positive
     AMPLITUDE NAME:  D1+
            FACTORS:  1
		1.   TwoPSAngles 2 1 1
       PERMUTATIONS:  0
        CONSTRAINTS:  0
         PARAMETERS:  0
      INITIAL VALUE:  (96.9201,0)
               REAL?  1
              FIXED?  0
              SCALE:  1.0
********************************************
***********  COHERENT SUM INFO  ************
********************************************
      REACTION NAME:  EtaPi
  COHERENT SUM NAME:  Negative
++++++++++++++++++++++++++++++++++++++++++++
+++++++++++++  AMPLITUDE INFO  +++++++++++++
++++++++++++++++++++++++++++++++++++++++++++
      REACTION NAME:  EtaPi
  COHERENT SUM NAME:  Negative
     AMPLITUDE NAME:  S0-
            FACTORS:  1
		1.   TwoPSAngles 0 0 -1
       PERMUTATIONS:  0
        CONSTRAINTS:  0
         PARAMETERS:  0
      INITIAL VALUE:  (122.508,0)
               REAL?  1
              FIXED?  0
              SCALE:  1.0
++++++++++++++++++++++++++++++++++++++++++++
+++++++++++++  AMPLITUDE INFO  +++++++++++++
++++++++++++++++++++++++++++++++++++++++++++
      REACTION NAME:  EtaPi
  COHERENT SUM NAME:  Negative
     AMPLITUDE NAME:  P0-
            FACTORS:  1
		1.   TwoPSAngles 1 0 -1
       PERMUTATIONS:  0
        CONSTRAINTS:  0
         PARAMETERS:  0
      INITIAL VALUE:  (66.916,25.4533)
               REAL?  0
              FIXED?  0
              SCALE:  1.0
++++++++++++++++++++++++++++++++++++++++++++
+++++++++++++  AMPLITUDE INFO  +++++++++++++
++++++++++++++++++++++++++++++++++++++++++++
      REACTION NAME:  EtaPi
  COHERENT SUM NAME:  Negative
     AMPLITUDE NAME:  P1-
            FACTORS:  1
		1.   TwoPSAngles 1 1 -1
       PERMUTATIONS:  0
        CONSTRAINTS:  0
         PARAMETERS:  0
      INITIAL VALUE:  (29.4924,5.82012)
               REAL?  0
              FIXED?  0
              SCALE:  1.0
++++++++++++++++++++++++++++++++++++++++++++
+++++++++++++  AMPLITUDE INFO  +++++++++++++
++++++++++++++++++++++++++++++++++++++++++++
      REACTION NAME:  EtaPi
  COHERENT SUM NAME:  Negative
     AMPLITUDE NAME:  D0-
            FACTORS:  1
		1.   TwoPSAngles 2 0 -1
       PERMUTATIONS:  0
        CONSTRAINTS:  0
         PARAMETERS:  0
      INITIAL VALUE:  (161.854,58.4536)
               REAL?  0
              FIXED?  0
              SCALE:  1.0
++++++++++++++++++++++++++++++++++++++++++++
+++++++++++++  AMPLITUDE INFO  +++++++++++++
++++++++++++++++++++++++++++++++++++++++++++
      REACTION NAME:  EtaPi
  COHERENT SUM NAME:  Negative
     AMPLITUDE NAME:  D1-
            FACTORS:  1
		1.   TwoPSAngles 2 1 -1
       PERMUTATIONS:  0
        CONSTRAINTS:  0
         PARAMETERS:  0
      INITIAL VALUE:  (-5.82914,23.1216)
               REAL?  0
              FIXED?  0
              SCALE:  1.0
 **********
 **    1 **SET STRATEGY  1
 **********
 NOW USING STRATEGY  1: TRY TO BALANCE SPEED AGAINST RELIABILITY
 **********
 **    2 **SET EPS  1e-13
 **********
 FLOATING-POINT NUMBERS ASSUMED ACCURATE TO 1e-13

## AMPLITUDE MANAGER INITIALIZATION ##
 Creating amplitude manager for reaction:  EtaPi
	 particle index assignment:  gamma -->> 0
	 particle index assignment:  Proton -->> 1
	 particle index assignment:  Pi0 -->> 2
	 particle index assignment:  Eta -->> 3
 PARAMETER DEFINITIONS:
    NO.   NAME                 VALUE      STEP SIZE      LIMITS
     1 EtaPi::Negative::S0-_re       122.51       1.2251     no limits
     2 EtaPi::Negative::P0-_re       66.916      0.66916     no limits
     3 EtaPi::Negative::P0-_im       25.453      0.25453     no limits
     4 EtaPi::Negative::P1-_re       29.492      0.29492     no limits
     5 EtaPi::Negative::P1-_im       5.8201     0.058201     no limits
     6 EtaPi::Negative::D0-_re       161.85       1.6185     no limits
     7 EtaPi::Negative::D0-_im       58.454      0.58454     no limits
     8 EtaPi::Negative::D1-_re      -5.8291     0.058291     no limits
     9 EtaPi::Negative::D1-_im       23.122      0.23122     no limits
    10 EtaPi::Positive::P1+_re       44.062      0.44062     no limits
    11 EtaPi::Positive::P1+_im      -18.304      0.18304     no limits
    12 EtaPi::Positive::D1+_re        96.92       0.9692     no limits
Allocating Data and Amplitude Array in LikelihoodCalculator for EtaPi...
Resetting source kin in data_pi0eta_tLT1_64.root
	Done.
Loading acccepted Monte Carlo...
Resetting source kin in reco_pi0eta_tLT1_64.root
	Done.
Calculating integrals...
	Done.
LIKELIHOOD BEFORE MINIMIZATION:  8149.4
 **********
 **    3 **MIGRAD 5000
 **********
 FIRST CALL TO USER FUNCTION AT NEW START POINT, WITH IFLAG=4.
 START MIGRAD MINIMIZATION.  STRATEGY 1.  CONVERGENCE WHEN EDM .LT. 1.00e-04
 FCN=8149.4 FROM MIGRAD     STATUS=INITIATE       46          47 TOTAL

                     EDM= unknown      STRATEGY= 1      NO ERROR MATRIX       
  EXT PARAMETER                          CURRENT GUESS       STEP         FIRST   
  NO.   NAME                   VALUE          ERROR          SIZE      DERIVATIVE 
    1 EtaPi::Negative::S0-_re        122.51        1.2251        1.2251        37.762
    2 EtaPi::Negative::P0-_re        66.916       0.66916       0.66916        19.552
    3 EtaPi::Negative::P0-_im        25.453       0.25453       0.25453        7.5651
    4 EtaPi::Negative::P1-_re        29.492       0.29492       0.29492        8.5074
    5 EtaPi::Negative::P1-_im        5.8201      0.058201      0.058201        2.0911
    6 EtaPi::Negative::D0-_re        161.85        1.6185        1.6185        49.429
    7 EtaPi::Negative::D0-_im        58.454       0.58454       0.58454        17.354
    8 EtaPi::Negative::D1-_re       -5.8291      0.058291      0.058291       -1.7833
    9 EtaPi::Negative::D1-_im        23.122       0.23122       0.23122         7.129
   10 EtaPi::Positive::P1+_re        44.062       0.44062       0.44062        13.754
   11 EtaPi::Positive::P1+_im       -18.304       0.18304       0.18304       -5.5847
   12 EtaPi::Positive::D1+_re         96.92        0.9692        0.9692        30.036

 MIGRAD MINIMIZATION HAS CONVERGED.
 FCN=-797.459 FROM MIGRAD     STATUS=CONVERGED     831         832 TOTAL

                     EDM=4.01134e-06    STRATEGY= 1  ERROR MATRIX UNCERTAINTY     5 per cent
  EXT PARAMETER                                              STEP         FIRST   
  NO.   NAME                   VALUE          ERROR          SIZE      DERIVATIVE 
    1 EtaPi::Negative::S0-_re        3.3465         4.109   -0.00055122   -0.00065203
    2 EtaPi::Negative::P0-_re        1.5252        4.9224     -0.011564   -0.00044738
    3 EtaPi::Negative::P0-_im        1.0011        3.8221     0.0040592   -0.00048909
    4 EtaPi::Negative::P1-_re         8.234        4.2219     -0.010698    0.00051666
    5 EtaPi::Negative::P1-_im       -1.0608        8.4308     0.0069211   -2.4634e-05
    6 EtaPi::Negative::D0-_re        12.144        25.462     -0.026044   -3.7862e-05
    7 EtaPi::Negative::D0-_im        30.986        11.353      0.012307   -0.00021861
    8 EtaPi::Negative::D1-_re       -3.6235        4.1372   -0.00072364   -0.00018811
    9 EtaPi::Negative::D1-_im       -3.1845        4.3304    -0.0071948   -0.00056215
   10 EtaPi::Positive::P1+_re       -4.1335        4.2005     0.0031811   -0.00022832
   11 EtaPi::Positive::P1+_im   -0.00093591        5.8436     0.0029016   -5.6015e-05
   12 EtaPi::Positive::D1+_re         3.608        3.9006    -0.0050015     0.0002073

 EXTERNAL ERROR MATRIX.    NDIM= 100    NPAR= 12    ERR DEF=1
        16.9
       -2.08       24.2
        2.44      -13.9       14.6
        4.66       6.36      -3.54       17.8
        13.3      -14.9       14.6      -10.4       71.1
       -40.3       45.1      -47.3       18.2       -204        648
          16      -22.5       22.1      -12.1       91.6       -283        129
        4.92      -0.76        2.6      0.926       22.3      -70.3       29.8       17.1
       -7.64       4.74      -5.92       1.56      -28.6       88.2        -38      -13.5       18.8
      -0.597      -5.29       4.56      -2.18       8.34      -28.5       15.5       1.81      -3.09       17.6
      -0.553       1.18      -1.33     -0.686      0.157        1.1     -0.203     -0.618      0.375    -0.0828       34.1
       -1.38       3.88      -3.55        1.1      -5.43       17.8      -9.89     -0.313        1.8      -2.39      0.536
        15.2
 PARAMETER  CORRELATION COEFFICIENTS  
       NO.  GLOBAL      1      2      3      4      5      6      7      8      9     10     11     12
      1:     0.614  1.000 -0.103  0.156  0.269  0.385 -0.385  0.342  0.289 -0.429 -0.035 -0.023 -0.086
      2:     0.764 -0.103  1.000 -0.737  0.306 -0.359  0.359 -0.403 -0.037  0.223 -0.256  0.041  0.202
      3:     0.783  0.156 -0.737  1.000 -0.219  0.454 -0.486  0.508  0.164 -0.358  0.284 -0.059 -0.238
      4:     0.677  0.269  0.306 -0.219  1.000 -0.294  0.169 -0.251  0.053  0.086 -0.123 -0.028  0.067
      5:     0.969  0.385 -0.359  0.454 -0.294  1.000 -0.951  0.957  0.640 -0.782  0.235  0.003 -0.165
      6:     0.986 -0.385  0.359 -0.486  0.169 -0.951  1.000 -0.979 -0.667  0.800 -0.267  0.007  0.179
      7:     0.987  0.342 -0.403  0.508 -0.251  0.957 -0.979  1.000  0.635 -0.774  0.325 -0.003 -0.223
      8:     0.798  0.289 -0.037  0.164  0.053  0.640 -0.667  0.635  1.000 -0.752  0.104 -0.026 -0.019
      9:     0.865 -0.429  0.223 -0.358  0.086 -0.782  0.800 -0.774 -0.752  1.000 -0.170  0.015  0.107
     10:     0.475 -0.035 -0.256  0.284 -0.123  0.235 -0.267  0.325  0.104 -0.170  1.000 -0.003 -0.146
     11:     0.092 -0.023  0.041 -0.059 -0.028  0.003  0.007 -0.003 -0.026  0.015 -0.003  1.000  0.024
     12:     0.361 -0.086  0.202 -0.238  0.067 -0.165  0.179 -0.223 -0.019  0.107 -0.146  0.024  1.000

 MIGRAD evaluation total wall time:  0.021277 s.
    average time per function call:  0.025543 ms.

LIKELIHOOD AFTER MINIMIZATION:  -797.46
Loading generated Monte Carlo...
Resetting source kin in thrown_pi0eta_tLT1_64.root
	Done.
Calculating integrals...
	Done.
Loading acccepted Monte Carlo...
Resetting source kin in reco_pi0eta_tLT1_64.root
	Done.
Calculating integrals...
	Done.
