
## CONFIGURATION INFO DISPLAY ##

############################################
#############   REACTION INFO  #############
############################################
      REACTION NAME:  EtaPi
      PARTICLE LIST:  4
		1.  gamma
		2.  Proton
		3.  Pi0
		4.  Eta
        DATA READER:  ROOTDataReader
				data_pi0eta_tLT1_53.root
      ACC MC READER:  ROOTDataReader
				reco_pi0eta_tLT1_53.root
      GEN MC READER:  ROOTDataReader
				thrown_pi0eta_tLT1_53.root
  NORMALIZATION INTEGRAL FILE: 
		    bin_53.ni
********************************************
***********  COHERENT SUM INFO  ************
********************************************
      REACTION NAME:  EtaPi
  COHERENT SUM NAME:  Positive
++++++++++++++++++++++++++++++++++++++++++++
+++++++++++++  AMPLITUDE INFO  +++++++++++++
++++++++++++++++++++++++++++++++++++++++++++
      REACTION NAME:  EtaPi
  COHERENT SUM NAME:  Positive
     AMPLITUDE NAME:  P1+
            FACTORS:  1
		1.   TwoPSAngles 1 1 1
       PERMUTATIONS:  0
        CONSTRAINTS:  0
         PARAMETERS:  0
      INITIAL VALUE:  (21.7996,-24.277)
               REAL?  0
              FIXED?  0
              SCALE:  1.0
++++++++++++++++++++++++++++++++++++++++++++
+++++++++++++  AMPLITUDE INFO  +++++++++++++
++++++++++++++++++++++++++++++++++++++++++++
      REACTION NAME:  EtaPi
  COHERENT SUM NAME:  Positive
     AMPLITUDE NAME:  D1+
            FACTORS:  1
		1.   TwoPSAngles 2 1 1
       PERMUTATIONS:  0
        CONSTRAINTS:  0
         PARAMETERS:  0
      INITIAL VALUE:  (50.8821,0)
               REAL?  1
              FIXED?  0
              SCALE:  1.0
********************************************
***********  COHERENT SUM INFO  ************
********************************************
      REACTION NAME:  EtaPi
  COHERENT SUM NAME:  Negative
++++++++++++++++++++++++++++++++++++++++++++
+++++++++++++  AMPLITUDE INFO  +++++++++++++
++++++++++++++++++++++++++++++++++++++++++++
      REACTION NAME:  EtaPi
  COHERENT SUM NAME:  Negative
     AMPLITUDE NAME:  S0-
            FACTORS:  1
		1.   TwoPSAngles 0 0 -1
       PERMUTATIONS:  0
        CONSTRAINTS:  0
         PARAMETERS:  0
      INITIAL VALUE:  (143.186,0)
               REAL?  1
              FIXED?  0
              SCALE:  1.0
++++++++++++++++++++++++++++++++++++++++++++
+++++++++++++  AMPLITUDE INFO  +++++++++++++
++++++++++++++++++++++++++++++++++++++++++++
      REACTION NAME:  EtaPi
  COHERENT SUM NAME:  Negative
     AMPLITUDE NAME:  P0-
            FACTORS:  1
		1.   TwoPSAngles 1 0 -1
       PERMUTATIONS:  0
        CONSTRAINTS:  0
         PARAMETERS:  0
      INITIAL VALUE:  (48.817,9.40192)
               REAL?  0
              FIXED?  0
              SCALE:  1.0
++++++++++++++++++++++++++++++++++++++++++++
+++++++++++++  AMPLITUDE INFO  +++++++++++++
++++++++++++++++++++++++++++++++++++++++++++
      REACTION NAME:  EtaPi
  COHERENT SUM NAME:  Negative
     AMPLITUDE NAME:  P1-
            FACTORS:  1
		1.   TwoPSAngles 1 1 -1
       PERMUTATIONS:  0
        CONSTRAINTS:  0
         PARAMETERS:  0
      INITIAL VALUE:  (25.2113,31.2859)
               REAL?  0
              FIXED?  0
              SCALE:  1.0
++++++++++++++++++++++++++++++++++++++++++++
+++++++++++++  AMPLITUDE INFO  +++++++++++++
++++++++++++++++++++++++++++++++++++++++++++
      REACTION NAME:  EtaPi
  COHERENT SUM NAME:  Negative
     AMPLITUDE NAME:  D0-
            FACTORS:  1
		1.   TwoPSAngles 2 0 -1
       PERMUTATIONS:  0
        CONSTRAINTS:  0
         PARAMETERS:  0
      INITIAL VALUE:  (192.138,6.23121)
               REAL?  0
              FIXED?  0
              SCALE:  1.0
++++++++++++++++++++++++++++++++++++++++++++
+++++++++++++  AMPLITUDE INFO  +++++++++++++
++++++++++++++++++++++++++++++++++++++++++++
      REACTION NAME:  EtaPi
  COHERENT SUM NAME:  Negative
     AMPLITUDE NAME:  D1-
            FACTORS:  1
		1.   TwoPSAngles 2 1 -1
       PERMUTATIONS:  0
        CONSTRAINTS:  0
         PARAMETERS:  0
      INITIAL VALUE:  (9.09947,3.7841)
               REAL?  0
              FIXED?  0
              SCALE:  1.0
 **********
 **    1 **SET STRATEGY  1
 **********
 NOW USING STRATEGY  1: TRY TO BALANCE SPEED AGAINST RELIABILITY
 **********
 **    2 **SET EPS  1e-13
 **********
 FLOATING-POINT NUMBERS ASSUMED ACCURATE TO 1e-13

## AMPLITUDE MANAGER INITIALIZATION ##
 Creating amplitude manager for reaction:  EtaPi
	 particle index assignment:  gamma -->> 0
	 particle index assignment:  Proton -->> 1
	 particle index assignment:  Pi0 -->> 2
	 particle index assignment:  Eta -->> 3
 PARAMETER DEFINITIONS:
    NO.   NAME                 VALUE      STEP SIZE      LIMITS
     1 EtaPi::Negative::S0-_re       143.19       1.4319     no limits
     2 EtaPi::Negative::P0-_re       48.817      0.48817     no limits
     3 EtaPi::Negative::P0-_im       9.4019     0.094019     no limits
     4 EtaPi::Negative::P1-_re       25.211      0.25211     no limits
     5 EtaPi::Negative::P1-_im       31.286      0.31286     no limits
     6 EtaPi::Negative::D0-_re       192.14       1.9214     no limits
     7 EtaPi::Negative::D0-_im       6.2312     0.062312     no limits
     8 EtaPi::Negative::D1-_re       9.0995     0.090995     no limits
     9 EtaPi::Negative::D1-_im       3.7841     0.037841     no limits
    10 EtaPi::Positive::P1+_re         21.8        0.218     no limits
    11 EtaPi::Positive::P1+_im      -24.277      0.24277     no limits
    12 EtaPi::Positive::D1+_re       50.882      0.50882     no limits
Allocating Data and Amplitude Array in LikelihoodCalculator for EtaPi...
Resetting source kin in data_pi0eta_tLT1_53.root
	Done.
Loading acccepted Monte Carlo...
Resetting source kin in reco_pi0eta_tLT1_53.root
	Done.
Calculating integrals...
	Done.
LIKELIHOOD BEFORE MINIMIZATION:  6813.2
 **********
 **    3 **MIGRAD 5000
 **********
 FIRST CALL TO USER FUNCTION AT NEW START POINT, WITH IFLAG=4.
 START MIGRAD MINIMIZATION.  STRATEGY 1.  CONVERGENCE WHEN EDM .LT. 1.00e-04
 FCN=6813.21 FROM MIGRAD     STATUS=INITIATE       46          47 TOTAL

                     EDM= unknown      STRATEGY= 1      NO ERROR MATRIX       
  EXT PARAMETER                          CURRENT GUESS       STEP         FIRST   
  NO.   NAME                   VALUE          ERROR          SIZE      DERIVATIVE 
    1 EtaPi::Negative::S0-_re        143.19        1.4319        1.4319        46.394
    2 EtaPi::Negative::P0-_re        48.817       0.48817       0.48817        14.552
    3 EtaPi::Negative::P0-_im        9.4019      0.094019      0.094019        2.8725
    4 EtaPi::Negative::P1-_re        25.211       0.25211       0.25211        6.8451
    5 EtaPi::Negative::P1-_im        31.286       0.31286       0.31286        7.1388
    6 EtaPi::Negative::D0-_re        192.14        1.9214        1.9214        58.372
    7 EtaPi::Negative::D0-_im        6.2312      0.062312      0.062312           2.3
    8 EtaPi::Negative::D1-_re        9.0995      0.090995      0.090995        2.8226
    9 EtaPi::Negative::D1-_im        3.7841      0.037841      0.037841        1.2544
   10 EtaPi::Positive::P1+_re          21.8         0.218         0.218        5.7981
   11 EtaPi::Positive::P1+_im       -24.277       0.24277       0.24277       -5.7148
   12 EtaPi::Positive::D1+_re        50.882       0.50882       0.50882        14.825

 MIGRAD MINIMIZATION HAS CONVERGED.
 MIGRAD WILL VERIFY CONVERGENCE AND ERROR MATRIX.
 COVARIANCE MATRIX CALCULATED SUCCESSFULLY
 FCN=-2098.34 FROM HESSE      STATUS=OK            133         774 TOTAL

                     EDM=0.00392665    STRATEGY= 1      ERROR MATRIX ACCURATE 
  EXT PARAMETER                                              STEP         FIRST   
  NO.   NAME                   VALUE          ERROR          SIZE      DERIVATIVE 
    1 EtaPi::Negative::S0-_re       -2.4599        4.2757       0.10767   -0.00026808
    2 EtaPi::Negative::P0-_re       0.61202        24.039       0.10627   -0.00028644
    3 EtaPi::Negative::P0-_im        -10.84         12.16       0.23786    0.00010252
    4 EtaPi::Negative::P1-_re      0.031124        14.203       0.10749    6.3302e-05
    5 EtaPi::Negative::P1-_im        6.9557        7.1856       0.22557    3.5303e-05
    6 EtaPi::Negative::D0-_re         49.12        9.9499      0.095413   -0.00021925
    7 EtaPi::Negative::D0-_im        -4.606        103.15       0.40126    -0.0011113
    8 EtaPi::Negative::D1-_re      -0.82155        3.7846       0.11811   -0.00022092
    9 EtaPi::Negative::D1-_im       -1.4256        3.9748       0.17988   -0.00011162
   10 EtaPi::Positive::P1+_re       0.67983        6.9262       0.28801   -1.7407e-06
   11 EtaPi::Positive::P1+_im       -8.4804         18.47       0.29652    0.00031375
   12 EtaPi::Positive::D1+_re        8.5499        13.334       0.23984   -0.00011262

 MIGRAD MINIMIZATION HAS CONVERGED.
 MIGRAD WILL VERIFY CONVERGENCE AND ERROR MATRIX.
 COVARIANCE MATRIX CALCULATED SUCCESSFULLY
 FCN=-2098.36 FROM MIGRAD     STATUS=CONVERGED    2213        2214 TOTAL

                     EDM=7.24096e-06    STRATEGY= 1      ERROR MATRIX ACCURATE 
  EXT PARAMETER                                              STEP         FIRST   
  NO.   NAME                   VALUE          ERROR          SIZE      DERIVATIVE 
    1 EtaPi::Negative::S0-_re       -2.6507         4.464       0.11976   -4.2406e-05
    2 EtaPi::Negative::P0-_re        6.7267        9.3062       0.11836   -8.5874e-05
    3 EtaPi::Negative::P0-_im       -7.5367         10.49         0.172   -0.00013741
    4 EtaPi::Negative::P1-_re       -4.2161         6.629       0.11831    0.00023808
    5 EtaPi::Negative::P1-_im        5.9916        7.7599       0.17263    0.00029941
    6 EtaPi::Negative::D0-_re         42.02        24.928       0.11147   -5.5034e-06
    7 EtaPi::Negative::D0-_im        25.901        40.249       0.16823    3.8092e-05
    8 EtaPi::Negative::D1-_re      -0.14543        2.8107       0.12096    0.00028117
    9 EtaPi::Negative::D1-_im       -1.1503         4.335       0.17531   -5.1481e-05
   10 EtaPi::Positive::P1+_re        1.5792         6.789       0.27761   -9.8457e-05
   11 EtaPi::Positive::P1+_im        -8.708        17.333       0.28946    0.00027665
   12 EtaPi::Positive::D1+_re        8.6894        12.528       0.23227   -0.00023779

 EXTERNAL ERROR MATRIX.    NDIM= 100    NPAR= 12    ERR DEF=1
        19.9
       -18.6       86.6
        6.42       7.05        110
      -0.827      -24.5      -54.5       43.9
        16.7      -54.6        4.6      0.515       60.2
        25.5       -188       -156        129        105        621
       -46.9        300        260       -208       -173       -997   1.62e+03
        1.21       5.34       4.86      -2.56      -5.13      -16.2       26.4        7.9
       -5.02        3.1       1.85      -5.07       5.52       -8.9       13.6      -5.22       18.8
       -2.58       26.4      -9.37      -4.17      -14.2      -43.9       66.9        5.1      -3.94       46.1
       -53.8       2.38      -17.4         15      -13.2       44.4      -38.1       -7.8       15.2      -18.9        300
       -24.2        -26       22.7       2.57       10.3       40.8        -46      -6.87       11.8      -35.1        182
         157
 PARAMETER  CORRELATION COEFFICIENTS  
       NO.  GLOBAL      1      2      3      4      5      6      7      8      9     10     11     12
      1:     0.854  1.000 -0.447  0.137 -0.028  0.483  0.229 -0.261  0.096 -0.259 -0.085 -0.696 -0.433
      2:     0.969 -0.447  1.000  0.072 -0.397 -0.756 -0.810  0.802  0.204  0.077  0.418  0.015 -0.223
      3:     0.948  0.137  0.072  1.000 -0.784  0.057 -0.595  0.615  0.165  0.041 -0.132 -0.096  0.173
      4:     0.938 -0.028 -0.397 -0.784  1.000  0.010  0.781 -0.780 -0.137 -0.176 -0.093  0.131  0.031
      5:     0.902  0.483 -0.756  0.057  0.010  1.000  0.543 -0.554 -0.235  0.164 -0.269 -0.098  0.106
      6:     0.996  0.229 -0.810 -0.595  0.781  0.543  1.000 -0.994 -0.231 -0.082 -0.260  0.103  0.131
      7:     0.997 -0.261  0.802  0.615 -0.780 -0.554 -0.994  1.000  0.233  0.078  0.245 -0.055 -0.091
      8:     0.551  0.096  0.204  0.165 -0.137 -0.235 -0.231  0.233  1.000 -0.428  0.267 -0.160 -0.195
      9:     0.619 -0.259  0.077  0.041 -0.176  0.164 -0.082  0.078 -0.428  1.000 -0.134  0.202  0.217
     10:     0.609 -0.085  0.418 -0.132 -0.093 -0.269 -0.260  0.245  0.267 -0.134  1.000 -0.160 -0.412
     11:     0.946 -0.696  0.015 -0.096  0.131 -0.098  0.103 -0.055 -0.160  0.202 -0.160  1.000  0.837
     12:     0.933 -0.433 -0.223  0.173  0.031  0.106  0.131 -0.091 -0.195  0.217 -0.412  0.837  1.000

 MIGRAD evaluation total wall time:  0.1078 s.
    average time per function call:  0.048667 ms.

LIKELIHOOD AFTER MINIMIZATION:  -2098.4
Loading generated Monte Carlo...
Resetting source kin in thrown_pi0eta_tLT1_53.root
	Done.
Calculating integrals...
	Done.
Loading acccepted Monte Carlo...
Resetting source kin in reco_pi0eta_tLT1_53.root
	Done.
Calculating integrals...
	Done.
