
## CONFIGURATION INFO DISPLAY ##

############################################
#############   REACTION INFO  #############
############################################
      REACTION NAME:  EtaPi
      PARTICLE LIST:  4
		1.  gamma
		2.  Proton
		3.  Pi0
		4.  Eta
        DATA READER:  ROOTDataReader
				data_pi0eta_tLT1_60.root
      ACC MC READER:  ROOTDataReader
				reco_pi0eta_tLT1_60.root
      GEN MC READER:  ROOTDataReader
				thrown_pi0eta_tLT1_60.root
  NORMALIZATION INTEGRAL FILE: 
		    bin_60.ni
********************************************
***********  COHERENT SUM INFO  ************
********************************************
      REACTION NAME:  EtaPi
  COHERENT SUM NAME:  Positive
++++++++++++++++++++++++++++++++++++++++++++
+++++++++++++  AMPLITUDE INFO  +++++++++++++
++++++++++++++++++++++++++++++++++++++++++++
      REACTION NAME:  EtaPi
  COHERENT SUM NAME:  Positive
     AMPLITUDE NAME:  P1+
            FACTORS:  1
		1.   TwoPSAngles 1 1 1
       PERMUTATIONS:  0
        CONSTRAINTS:  0
         PARAMETERS:  0
      INITIAL VALUE:  (59.8067,-22.0324)
               REAL?  0
              FIXED?  0
              SCALE:  1.0
++++++++++++++++++++++++++++++++++++++++++++
+++++++++++++  AMPLITUDE INFO  +++++++++++++
++++++++++++++++++++++++++++++++++++++++++++
      REACTION NAME:  EtaPi
  COHERENT SUM NAME:  Positive
     AMPLITUDE NAME:  D1+
            FACTORS:  1
		1.   TwoPSAngles 2 1 1
       PERMUTATIONS:  0
        CONSTRAINTS:  0
         PARAMETERS:  0
      INITIAL VALUE:  (98.7608,0)
               REAL?  1
              FIXED?  0
              SCALE:  1.0
********************************************
***********  COHERENT SUM INFO  ************
********************************************
      REACTION NAME:  EtaPi
  COHERENT SUM NAME:  Negative
++++++++++++++++++++++++++++++++++++++++++++
+++++++++++++  AMPLITUDE INFO  +++++++++++++
++++++++++++++++++++++++++++++++++++++++++++
      REACTION NAME:  EtaPi
  COHERENT SUM NAME:  Negative
     AMPLITUDE NAME:  S0-
            FACTORS:  1
		1.   TwoPSAngles 0 0 -1
       PERMUTATIONS:  0
        CONSTRAINTS:  0
         PARAMETERS:  0
      INITIAL VALUE:  (149.398,0)
               REAL?  1
              FIXED?  0
              SCALE:  1.0
++++++++++++++++++++++++++++++++++++++++++++
+++++++++++++  AMPLITUDE INFO  +++++++++++++
++++++++++++++++++++++++++++++++++++++++++++
      REACTION NAME:  EtaPi
  COHERENT SUM NAME:  Negative
     AMPLITUDE NAME:  P0-
            FACTORS:  1
		1.   TwoPSAngles 1 0 -1
       PERMUTATIONS:  0
        CONSTRAINTS:  0
         PARAMETERS:  0
      INITIAL VALUE:  (61.4407,63.1964)
               REAL?  0
              FIXED?  0
              SCALE:  1.0
++++++++++++++++++++++++++++++++++++++++++++
+++++++++++++  AMPLITUDE INFO  +++++++++++++
++++++++++++++++++++++++++++++++++++++++++++
      REACTION NAME:  EtaPi
  COHERENT SUM NAME:  Negative
     AMPLITUDE NAME:  P1-
            FACTORS:  1
		1.   TwoPSAngles 1 1 -1
       PERMUTATIONS:  0
        CONSTRAINTS:  0
         PARAMETERS:  0
      INITIAL VALUE:  (44.7283,76.8025)
               REAL?  0
              FIXED?  0
              SCALE:  1.0
++++++++++++++++++++++++++++++++++++++++++++
+++++++++++++  AMPLITUDE INFO  +++++++++++++
++++++++++++++++++++++++++++++++++++++++++++
      REACTION NAME:  EtaPi
  COHERENT SUM NAME:  Negative
     AMPLITUDE NAME:  D0-
            FACTORS:  1
		1.   TwoPSAngles 2 0 -1
       PERMUTATIONS:  0
        CONSTRAINTS:  0
         PARAMETERS:  0
      INITIAL VALUE:  (162.187,75.8317)
               REAL?  0
              FIXED?  0
              SCALE:  1.0
++++++++++++++++++++++++++++++++++++++++++++
+++++++++++++  AMPLITUDE INFO  +++++++++++++
++++++++++++++++++++++++++++++++++++++++++++
      REACTION NAME:  EtaPi
  COHERENT SUM NAME:  Negative
     AMPLITUDE NAME:  D1-
            FACTORS:  1
		1.   TwoPSAngles 2 1 -1
       PERMUTATIONS:  0
        CONSTRAINTS:  0
         PARAMETERS:  0
      INITIAL VALUE:  (17.8431,15.0685)
               REAL?  0
              FIXED?  0
              SCALE:  1.0
 **********
 **    1 **SET STRATEGY  1
 **********
 NOW USING STRATEGY  1: TRY TO BALANCE SPEED AGAINST RELIABILITY
 **********
 **    2 **SET EPS  1e-13
 **********
 FLOATING-POINT NUMBERS ASSUMED ACCURATE TO 1e-13

## AMPLITUDE MANAGER INITIALIZATION ##
 Creating amplitude manager for reaction:  EtaPi
	 particle index assignment:  gamma -->> 0
	 particle index assignment:  Proton -->> 1
	 particle index assignment:  Pi0 -->> 2
	 particle index assignment:  Eta -->> 3
 PARAMETER DEFINITIONS:
    NO.   NAME                 VALUE      STEP SIZE      LIMITS
     1 EtaPi::Negative::S0-_re        149.4        1.494     no limits
     2 EtaPi::Negative::P0-_re       61.441      0.61441     no limits
     3 EtaPi::Negative::P0-_im       63.196      0.63196     no limits
     4 EtaPi::Negative::P1-_re       44.728      0.44728     no limits
     5 EtaPi::Negative::P1-_im       76.802      0.76802     no limits
     6 EtaPi::Negative::D0-_re       162.19       1.6219     no limits
     7 EtaPi::Negative::D0-_im       75.832      0.75832     no limits
     8 EtaPi::Negative::D1-_re       17.843      0.17843     no limits
     9 EtaPi::Negative::D1-_im       15.068      0.15068     no limits
    10 EtaPi::Positive::P1+_re       59.807      0.59807     no limits
    11 EtaPi::Positive::P1+_im      -22.032      0.22032     no limits
    12 EtaPi::Positive::D1+_re       98.761      0.98761     no limits
Allocating Data and Amplitude Array in LikelihoodCalculator for EtaPi...
Resetting source kin in data_pi0eta_tLT1_60.root
	Done.
Loading acccepted Monte Carlo...
Resetting source kin in reco_pi0eta_tLT1_60.root
	Done.
Calculating integrals...
	Done.
LIKELIHOOD BEFORE MINIMIZATION:  11551
 **********
 **    3 **MIGRAD 5000
 **********
 FIRST CALL TO USER FUNCTION AT NEW START POINT, WITH IFLAG=4.
 START MIGRAD MINIMIZATION.  STRATEGY 1.  CONVERGENCE WHEN EDM .LT. 1.00e-04
 FCN=11550.9 FROM MIGRAD     STATUS=INITIATE       48          49 TOTAL

                     EDM= unknown      STRATEGY= 1      NO ERROR MATRIX       
  EXT PARAMETER                          CURRENT GUESS       STEP         FIRST   
  NO.   NAME                   VALUE          ERROR          SIZE      DERIVATIVE 
    1 EtaPi::Negative::S0-_re         149.4         1.494         1.494        47.202
    2 EtaPi::Negative::P0-_re        61.441       0.61441       0.61441        21.744
    3 EtaPi::Negative::P0-_im        63.196       0.63196       0.63196         20.37
    4 EtaPi::Negative::P1-_re        44.728       0.44728       0.44728        13.421
    5 EtaPi::Negative::P1-_im        76.802       0.76802       0.76802          24.1
    6 EtaPi::Negative::D0-_re        162.19        1.6219        1.6219         52.35
    7 EtaPi::Negative::D0-_im        75.832       0.75832       0.75832        24.337
    8 EtaPi::Negative::D1-_re        17.843       0.17843       0.17843        7.8685
    9 EtaPi::Negative::D1-_im        15.068       0.15068       0.15068        5.7831
   10 EtaPi::Positive::P1+_re        59.807       0.59807       0.59807        19.234
   11 EtaPi::Positive::P1+_im       -22.032       0.22032       0.22032        -6.504
   12 EtaPi::Positive::D1+_re        98.761       0.98761       0.98761        31.491

 MIGRAD MINIMIZATION HAS CONVERGED.
 MIGRAD WILL VERIFY CONVERGENCE AND ERROR MATRIX.
 COVARIANCE MATRIX CALCULATED SUCCESSFULLY
 FCN=-1080.71 FROM HESSE      STATUS=OK            123         776 TOTAL

                     EDM=6.94809e-05    STRATEGY= 1      ERROR MATRIX ACCURATE 
  EXT PARAMETER                                              STEP         FIRST   
  NO.   NAME                   VALUE          ERROR          SIZE      DERIVATIVE 
    1 EtaPi::Negative::S0-_re        12.882        4.0176       0.11056    0.00020767
    2 EtaPi::Negative::P0-_re       -4.7036        4.1781       0.10992    0.00034872
    3 EtaPi::Negative::P0-_im      -0.35453        3.0841       0.08327    0.00018443
    4 EtaPi::Negative::P1-_re        10.957        3.8438       0.10261    -0.0001726
    5 EtaPi::Negative::P1-_im      -0.11233        3.1844      0.087209    0.00063622
    6 EtaPi::Negative::D0-_re        7.5963         6.926       0.14771    -0.0011629
    7 EtaPi::Negative::D0-_im        33.916        3.2744      0.072885    0.00054721
    8 EtaPi::Negative::D1-_re        7.7478        2.8772      0.089764    0.00074331
    9 EtaPi::Negative::D1-_im        -1.736        2.9958       0.09977    -8.481e-07
   10 EtaPi::Positive::P1+_re        2.1238        8.9279       0.23515      0.001397
   11 EtaPi::Positive::P1+_im     -0.048703        12.097       0.44751    -0.0006637
   12 EtaPi::Positive::D1+_re        3.9163        8.8159       0.23014    7.7827e-05

 MIGRAD MINIMIZATION HAS CONVERGED.
 FCN=-1080.71 FROM MIGRAD     STATUS=CONVERGED     800         801 TOTAL

                     EDM=3.53378e-07    STRATEGY= 1  ERROR MATRIX UNCERTAINTY   0.9 per cent
  EXT PARAMETER                                              STEP         FIRST   
  NO.   NAME                   VALUE          ERROR          SIZE      DERIVATIVE 
    1 EtaPi::Negative::S0-_re        12.874        4.0068     -0.008101   -2.7211e-05
    2 EtaPi::Negative::P0-_re       -4.7074        4.1881    -0.0037449    1.8492e-05
    3 EtaPi::Negative::P0-_im      -0.34995        3.0926     0.0045775    9.1235e-06
    4 EtaPi::Negative::P1-_re        10.966        3.8703     0.0090289   -6.4675e-05
    5 EtaPi::Negative::P1-_im      -0.12227        3.1807    -0.0099397   -1.3482e-05
    6 EtaPi::Negative::D0-_re        7.6259        6.9674      0.029593    2.3561e-05
    7 EtaPi::Negative::D0-_im        33.908        3.2839    -0.0078468   -7.2294e-05
    8 EtaPi::Negative::D1-_re        7.7489         2.878      0.001036   -5.0774e-05
    9 EtaPi::Negative::D1-_im       -1.7404        2.9954    -0.0043656   -1.6097e-05
   10 EtaPi::Positive::P1+_re        2.0817          8.74     -0.042089   -5.8615e-05
   11 EtaPi::Positive::P1+_im     0.0018076        12.064      0.050511    2.4629e-05
   12 EtaPi::Positive::D1+_re        3.9333        8.6929      0.016985    7.9458e-05

 EXTERNAL ERROR MATRIX.    NDIM= 100    NPAR= 12    ERR DEF=1
        16.1
       -1.14       17.5
        1.29      -7.54       9.56
     -0.0601      -8.55       4.98         15
        4.55      0.163      -0.72     -0.472       10.1
        1.52      -9.12       10.6       11.6      -10.8       48.5
       -4.37       6.52      -5.08      -6.61       1.37      -14.8       10.8
       -4.74      -1.56     0.0461      0.645      -1.14      -2.05       1.23       8.28
      -0.574       1.54      -1.08      -2.77       1.84      -7.57        3.1       1.02       8.97
        12.3      -7.97       5.78       2.48     -0.569       13.7      -8.26      -6.39      -3.48       76.4
    -0.00439     -0.356      0.447      0.639     -0.441       2.25     -0.859      0.184     -0.393       1.79        146
        -5.4       12.6      -7.26      -11.2     -0.209      -15.5       5.63      -1.88      0.151      -41.9      -5.84
        75.6
 PARAMETER  CORRELATION COEFFICIENTS  
       NO.  GLOBAL      1      2      3      4      5      6      7      8      9     10     11     12
      1:     0.666  1.000 -0.068  0.104 -0.004  0.357  0.054 -0.332 -0.411 -0.048  0.351 -0.000 -0.155
      2:     0.704 -0.068  1.000 -0.582 -0.527  0.012 -0.312  0.474 -0.130  0.123 -0.218 -0.007  0.346
      3:     0.686  0.104 -0.582  1.000  0.416 -0.073  0.494 -0.501  0.005 -0.117  0.214  0.012 -0.270
      4:     0.697 -0.004 -0.527  0.416  1.000 -0.038  0.429 -0.520  0.058 -0.239  0.073  0.014 -0.333
      5:     0.671  0.357  0.012 -0.073 -0.038  1.000 -0.487  0.131 -0.125  0.193 -0.020 -0.011 -0.008
      6:     0.819  0.054 -0.312  0.494  0.429 -0.487  1.000 -0.648 -0.102 -0.363  0.225  0.027 -0.255
      7:     0.800 -0.332  0.474 -0.501 -0.520  0.131 -0.648  1.000  0.130  0.316 -0.288 -0.022  0.197
      8:     0.538 -0.411 -0.130  0.005  0.058 -0.125 -0.102  0.130  1.000  0.119 -0.254  0.005 -0.075
      9:     0.435 -0.048  0.123 -0.117 -0.239  0.193 -0.363  0.316  0.119  1.000 -0.133 -0.011  0.006
     10:     0.692  0.351 -0.218  0.214  0.073 -0.020  0.225 -0.288 -0.254 -0.133  1.000  0.017 -0.551
     11:     0.067 -0.000 -0.007  0.012  0.014 -0.011  0.027 -0.022  0.005 -0.011  0.017  1.000 -0.056
     12:     0.701 -0.155  0.346 -0.270 -0.333 -0.008 -0.255  0.197 -0.075  0.006 -0.551 -0.056  1.000

 MIGRAD evaluation total wall time:  0.023515 s.
    average time per function call:  0.02932 ms.

LIKELIHOOD AFTER MINIMIZATION:  -1080.7
Loading generated Monte Carlo...
Resetting source kin in thrown_pi0eta_tLT1_60.root
	Done.
Calculating integrals...
	Done.
Loading acccepted Monte Carlo...
Resetting source kin in reco_pi0eta_tLT1_60.root
	Done.
Calculating integrals...
	Done.
