
## CONFIGURATION INFO DISPLAY ##

############################################
#############   REACTION INFO  #############
############################################
      REACTION NAME:  EtaPi
      PARTICLE LIST:  4
		1.  gamma
		2.  Proton
		3.  Pi0
		4.  Eta
        DATA READER:  ROOTDataReader
				data_pi0eta_tLT1_58.root
      ACC MC READER:  ROOTDataReader
				reco_pi0eta_tLT1_58.root
      GEN MC READER:  ROOTDataReader
				thrown_pi0eta_tLT1_58.root
  NORMALIZATION INTEGRAL FILE: 
		    bin_58.ni
********************************************
***********  COHERENT SUM INFO  ************
********************************************
      REACTION NAME:  EtaPi
  COHERENT SUM NAME:  Positive
++++++++++++++++++++++++++++++++++++++++++++
+++++++++++++  AMPLITUDE INFO  +++++++++++++
++++++++++++++++++++++++++++++++++++++++++++
      REACTION NAME:  EtaPi
  COHERENT SUM NAME:  Positive
     AMPLITUDE NAME:  P1+
            FACTORS:  1
		1.   TwoPSAngles 1 1 1
       PERMUTATIONS:  0
        CONSTRAINTS:  0
         PARAMETERS:  0
      INITIAL VALUE:  (26.2402,-24.9)
               REAL?  0
              FIXED?  0
              SCALE:  1.0
++++++++++++++++++++++++++++++++++++++++++++
+++++++++++++  AMPLITUDE INFO  +++++++++++++
++++++++++++++++++++++++++++++++++++++++++++
      REACTION NAME:  EtaPi
  COHERENT SUM NAME:  Positive
     AMPLITUDE NAME:  D1+
            FACTORS:  1
		1.   TwoPSAngles 2 1 1
       PERMUTATIONS:  0
        CONSTRAINTS:  0
         PARAMETERS:  0
      INITIAL VALUE:  (75.737,0)
               REAL?  1
              FIXED?  0
              SCALE:  1.0
********************************************
***********  COHERENT SUM INFO  ************
********************************************
      REACTION NAME:  EtaPi
  COHERENT SUM NAME:  Negative
++++++++++++++++++++++++++++++++++++++++++++
+++++++++++++  AMPLITUDE INFO  +++++++++++++
++++++++++++++++++++++++++++++++++++++++++++
      REACTION NAME:  EtaPi
  COHERENT SUM NAME:  Negative
     AMPLITUDE NAME:  S0-
            FACTORS:  1
		1.   TwoPSAngles 0 0 -1
       PERMUTATIONS:  0
        CONSTRAINTS:  0
         PARAMETERS:  0
      INITIAL VALUE:  (230.926,0)
               REAL?  1
              FIXED?  0
              SCALE:  1.0
++++++++++++++++++++++++++++++++++++++++++++
+++++++++++++  AMPLITUDE INFO  +++++++++++++
++++++++++++++++++++++++++++++++++++++++++++
      REACTION NAME:  EtaPi
  COHERENT SUM NAME:  Negative
     AMPLITUDE NAME:  P0-
            FACTORS:  1
		1.   TwoPSAngles 1 0 -1
       PERMUTATIONS:  0
        CONSTRAINTS:  0
         PARAMETERS:  0
      INITIAL VALUE:  (58.7861,66.1136)
               REAL?  0
              FIXED?  0
              SCALE:  1.0
++++++++++++++++++++++++++++++++++++++++++++
+++++++++++++  AMPLITUDE INFO  +++++++++++++
++++++++++++++++++++++++++++++++++++++++++++
      REACTION NAME:  EtaPi
  COHERENT SUM NAME:  Negative
     AMPLITUDE NAME:  P1-
            FACTORS:  1
		1.   TwoPSAngles 1 1 -1
       PERMUTATIONS:  0
        CONSTRAINTS:  0
         PARAMETERS:  0
      INITIAL VALUE:  (5.75034,79.2997)
               REAL?  0
              FIXED?  0
              SCALE:  1.0
++++++++++++++++++++++++++++++++++++++++++++
+++++++++++++  AMPLITUDE INFO  +++++++++++++
++++++++++++++++++++++++++++++++++++++++++++
      REACTION NAME:  EtaPi
  COHERENT SUM NAME:  Negative
     AMPLITUDE NAME:  D0-
            FACTORS:  1
		1.   TwoPSAngles 2 0 -1
       PERMUTATIONS:  0
        CONSTRAINTS:  0
         PARAMETERS:  0
      INITIAL VALUE:  (305.873,51.1515)
               REAL?  0
              FIXED?  0
              SCALE:  1.0
++++++++++++++++++++++++++++++++++++++++++++
+++++++++++++  AMPLITUDE INFO  +++++++++++++
++++++++++++++++++++++++++++++++++++++++++++
      REACTION NAME:  EtaPi
  COHERENT SUM NAME:  Negative
     AMPLITUDE NAME:  D1-
            FACTORS:  1
		1.   TwoPSAngles 2 1 -1
       PERMUTATIONS:  0
        CONSTRAINTS:  0
         PARAMETERS:  0
      INITIAL VALUE:  (2.06196,23.8558)
               REAL?  0
              FIXED?  0
              SCALE:  1.0
 **********
 **    1 **SET STRATEGY  1
 **********
 NOW USING STRATEGY  1: TRY TO BALANCE SPEED AGAINST RELIABILITY
 **********
 **    2 **SET EPS  1e-13
 **********
 FLOATING-POINT NUMBERS ASSUMED ACCURATE TO 1e-13

## AMPLITUDE MANAGER INITIALIZATION ##
 Creating amplitude manager for reaction:  EtaPi
	 particle index assignment:  gamma -->> 0
	 particle index assignment:  Proton -->> 1
	 particle index assignment:  Pi0 -->> 2
	 particle index assignment:  Eta -->> 3
 PARAMETER DEFINITIONS:
    NO.   NAME                 VALUE      STEP SIZE      LIMITS
     1 EtaPi::Negative::S0-_re       230.93       2.3093     no limits
     2 EtaPi::Negative::P0-_re       58.786      0.58786     no limits
     3 EtaPi::Negative::P0-_im       66.114      0.66114     no limits
     4 EtaPi::Negative::P1-_re       5.7503     0.057503     no limits
     5 EtaPi::Negative::P1-_im         79.3        0.793     no limits
     6 EtaPi::Negative::D0-_re       305.87       3.0587     no limits
     7 EtaPi::Negative::D0-_im       51.151      0.51151     no limits
     8 EtaPi::Negative::D1-_re        2.062      0.02062     no limits
     9 EtaPi::Negative::D1-_im       23.856      0.23856     no limits
    10 EtaPi::Positive::P1+_re        26.24       0.2624     no limits
    11 EtaPi::Positive::P1+_im        -24.9        0.249     no limits
    12 EtaPi::Positive::D1+_re       75.737      0.75737     no limits
Allocating Data and Amplitude Array in LikelihoodCalculator for EtaPi...
Resetting source kin in data_pi0eta_tLT1_58.root
	Done.
Loading acccepted Monte Carlo...
Resetting source kin in reco_pi0eta_tLT1_58.root
	Done.
Calculating integrals...
	Done.
LIKELIHOOD BEFORE MINIMIZATION:  23318
 **********
 **    3 **MIGRAD 5000
 **********
 FIRST CALL TO USER FUNCTION AT NEW START POINT, WITH IFLAG=4.
 START MIGRAD MINIMIZATION.  STRATEGY 1.  CONVERGENCE WHEN EDM .LT. 1.00e-04
 FCN=23317.6 FROM MIGRAD     STATUS=INITIATE       40          41 TOTAL

                     EDM= unknown      STRATEGY= 1      NO ERROR MATRIX       
  EXT PARAMETER                          CURRENT GUESS       STEP         FIRST   
  NO.   NAME                   VALUE          ERROR          SIZE      DERIVATIVE 
    1 EtaPi::Negative::S0-_re        230.93        2.3093        2.3093         72.54
    2 EtaPi::Negative::P0-_re        58.786       0.58786       0.58786        18.542
    3 EtaPi::Negative::P0-_im        66.114       0.66114       0.66114        20.872
    4 EtaPi::Negative::P1-_re        5.7503      0.057503      0.057503        4.0364
    5 EtaPi::Negative::P1-_im          79.3         0.793         0.793        24.688
    6 EtaPi::Negative::D0-_re        305.87        3.0587        3.0587        92.758
    7 EtaPi::Negative::D0-_im        51.151       0.51151       0.51151        15.928
    8 EtaPi::Negative::D1-_re         2.062       0.02062       0.02062        2.7061
    9 EtaPi::Negative::D1-_im        23.856       0.23856       0.23856         8.481
   10 EtaPi::Positive::P1+_re         26.24        0.2624        0.2624        7.8687
   11 EtaPi::Positive::P1+_im         -24.9         0.249         0.249       -7.3038
   12 EtaPi::Positive::D1+_re        75.737       0.75737       0.75737        23.344

 MIGRAD MINIMIZATION HAS CONVERGED.
 MIGRAD WILL VERIFY CONVERGENCE AND ERROR MATRIX.
 COVARIANCE MATRIX CALCULATED SUCCESSFULLY
 FCN=-1683.07 FROM HESSE      STATUS=OK            125         611 TOTAL

                     EDM=0.00268272    STRATEGY= 1      ERROR MATRIX ACCURATE 
  EXT PARAMETER                                              STEP         FIRST   
  NO.   NAME                   VALUE          ERROR          SIZE      DERIVATIVE 
    1 EtaPi::Negative::S0-_re       0.51484        4.5708       0.10745    0.00037038
    2 EtaPi::Negative::P0-_re       -3.2531        19.257       0.10481    0.00047535
    3 EtaPi::Negative::P0-_im        9.9032        11.289       0.17403    0.00048002
    4 EtaPi::Negative::P1-_re       0.14732        13.448       0.10429    0.00017503
    5 EtaPi::Negative::P1-_im        6.2205        4.4995       0.15632   -0.00044822
    6 EtaPi::Negative::D0-_re        40.663        34.368        0.0951   -0.00020663
    7 EtaPi::Negative::D0-_im        16.729        83.273       0.20162    -0.0011365
    8 EtaPi::Negative::D1-_re        1.4402        4.3814       0.11069    0.00055039
    9 EtaPi::Negative::D1-_im       -1.8149        4.8531       0.14213   -0.00058192
   10 EtaPi::Positive::P1+_re        2.1046        7.2109       0.27236   -0.00047537
   11 EtaPi::Positive::P1+_im       -13.473        10.352       0.16122   -0.00010898
   12 EtaPi::Positive::D1+_re        7.9893         13.43       0.23207   -0.00021738

 MIGRAD MINIMIZATION HAS CONVERGED.
 MIGRAD WILL VERIFY CONVERGENCE AND ERROR MATRIX.
 COVARIANCE MATRIX CALCULATED SUCCESSFULLY
 FCN=-1683.19 FROM MIGRAD     STATUS=CONVERGED    1897        1898 TOTAL

                     EDM=1.7621e-05    STRATEGY= 1      ERROR MATRIX ACCURATE 
  EXT PARAMETER                                              STEP         FIRST   
  NO.   NAME                   VALUE          ERROR          SIZE      DERIVATIVE 
    1 EtaPi::Negative::S0-_re        2.9596        8.5219       0.20881    -0.0001653
    2 EtaPi::Negative::P0-_re       -8.7738        10.076       0.20304    0.00050425
    3 EtaPi::Negative::P0-_im        2.6745        14.307       0.10075    5.2449e-05
    4 EtaPi::Negative::P1-_re       -5.9823        6.5019       0.17614     0.0002022
    5 EtaPi::Negative::P1-_im        3.3675        10.755       0.10083    0.00033938
    6 EtaPi::Negative::D0-_re        8.3828        71.068       0.29734   -0.00014926
    7 EtaPi::Negative::D0-_im        43.222        15.301      0.089945    0.00021773
    8 EtaPi::Negative::D1-_re        1.5174        4.4266        0.1491    0.00020935
    9 EtaPi::Negative::D1-_im       0.31144         3.099       0.10987    -2.724e-05
   10 EtaPi::Positive::P1+_re        3.3452        7.8551       0.24511    1.7325e-05
   11 EtaPi::Positive::P1+_im       -12.942        11.995        0.1676    7.0649e-06
   12 EtaPi::Positive::D1+_re         8.763        13.565       0.21337   -7.3508e-05

 EXTERNAL ERROR MATRIX.    NDIM= 100    NPAR= 12    ERR DEF=1
        72.6
        37.2        102
       -5.27       73.5        205
       -30.4      -6.45       50.6       42.3
       -6.64       61.2        148         35        116
       -14.1        427        999        238        746   5.05e+03
       0.171      -86.7       -214      -49.6       -159  -1.07e+03        234
       -23.3      -16.3       6.28         14       4.03       21.8      -4.63       19.6
        4.48      -8.33        -26       -8.8        -19       -130       27.5      -3.59        9.6
        30.4       12.8       39.5       1.12       24.4        181      -43.7      -4.14      -4.68       61.7
       -7.35      -56.4       -142      -32.2       -104       -706        155     -0.663       17.1      -38.1        144
       -9.26      -34.5       -143      -33.9       -102       -686        151      -2.32       16.1      -56.2        146
         184
 PARAMETER  CORRELATION COEFFICIENTS  
       NO.  GLOBAL      1      2      3      4      5      6      7      8      9     10     11     12
      1:     0.847  1.000  0.433 -0.043 -0.548 -0.072 -0.023  0.001 -0.619  0.170  0.455 -0.072 -0.080
      2:     0.900  0.433  1.000  0.510 -0.099  0.565  0.596 -0.562 -0.365 -0.267  0.162 -0.467 -0.252
      3:     0.988 -0.043  0.510  1.000  0.543  0.962  0.983 -0.979  0.099 -0.586  0.352 -0.828 -0.735
      4:     0.810 -0.548 -0.099  0.543  1.000  0.501  0.516 -0.498  0.488 -0.437  0.022 -0.413 -0.385
      5:     0.979 -0.072  0.565  0.962  0.501  1.000  0.976 -0.966  0.085 -0.570  0.289 -0.807 -0.697
      6:     0.996 -0.023  0.596  0.983  0.516  0.976  1.000 -0.988  0.069 -0.590  0.325 -0.828 -0.711
      7:     0.992  0.001 -0.562 -0.979 -0.498 -0.966 -0.988  1.000 -0.068  0.580 -0.364  0.846  0.730
      8:     0.684 -0.619 -0.365  0.099  0.488  0.085  0.069 -0.068  1.000 -0.262 -0.119 -0.012 -0.039
      9:     0.640  0.170 -0.267 -0.586 -0.437 -0.570 -0.590  0.580 -0.262  1.000 -0.192  0.459  0.383
     10:     0.737  0.455  0.162  0.352  0.022  0.289  0.325 -0.364 -0.119 -0.192  1.000 -0.405 -0.527
     11:     0.953 -0.072 -0.467 -0.828 -0.413 -0.807 -0.828  0.846 -0.012  0.459 -0.405  1.000  0.896
     12:     0.940 -0.080 -0.252 -0.735 -0.385 -0.697 -0.711  0.730 -0.039  0.383 -0.527  0.896  1.000

 MIGRAD evaluation total wall time:  0.066705 s.
    average time per function call:  0.035126 ms.

LIKELIHOOD AFTER MINIMIZATION:  -1683.2
Loading generated Monte Carlo...
Resetting source kin in thrown_pi0eta_tLT1_58.root
	Done.
Calculating integrals...
	Done.
Loading acccepted Monte Carlo...
Resetting source kin in reco_pi0eta_tLT1_58.root
	Done.
Calculating integrals...
	Done.
