
## CONFIGURATION INFO DISPLAY ##

############################################
#############   REACTION INFO  #############
############################################
      REACTION NAME:  EtaPi
      PARTICLE LIST:  4
		1.  gamma
		2.  Proton
		3.  Pi0
		4.  Eta
        DATA READER:  ROOTDataReader
				data_pi0eta_tLT1_61.root
      ACC MC READER:  ROOTDataReader
				reco_pi0eta_tLT1_61.root
      GEN MC READER:  ROOTDataReader
				thrown_pi0eta_tLT1_61.root
  NORMALIZATION INTEGRAL FILE: 
		    bin_61.ni
********************************************
***********  COHERENT SUM INFO  ************
********************************************
      REACTION NAME:  EtaPi
  COHERENT SUM NAME:  Positive
++++++++++++++++++++++++++++++++++++++++++++
+++++++++++++  AMPLITUDE INFO  +++++++++++++
++++++++++++++++++++++++++++++++++++++++++++
      REACTION NAME:  EtaPi
  COHERENT SUM NAME:  Positive
     AMPLITUDE NAME:  P1+
            FACTORS:  1
		1.   TwoPSAngles 1 1 1
       PERMUTATIONS:  0
        CONSTRAINTS:  0
         PARAMETERS:  0
      INITIAL VALUE:  (36.1704,-20.6225)
               REAL?  0
              FIXED?  0
              SCALE:  1.0
++++++++++++++++++++++++++++++++++++++++++++
+++++++++++++  AMPLITUDE INFO  +++++++++++++
++++++++++++++++++++++++++++++++++++++++++++
      REACTION NAME:  EtaPi
  COHERENT SUM NAME:  Positive
     AMPLITUDE NAME:  D1+
            FACTORS:  1
		1.   TwoPSAngles 2 1 1
       PERMUTATIONS:  0
        CONSTRAINTS:  0
         PARAMETERS:  0
      INITIAL VALUE:  (97.8533,0)
               REAL?  1
              FIXED?  0
              SCALE:  1.0
********************************************
***********  COHERENT SUM INFO  ************
********************************************
      REACTION NAME:  EtaPi
  COHERENT SUM NAME:  Negative
++++++++++++++++++++++++++++++++++++++++++++
+++++++++++++  AMPLITUDE INFO  +++++++++++++
++++++++++++++++++++++++++++++++++++++++++++
      REACTION NAME:  EtaPi
  COHERENT SUM NAME:  Negative
     AMPLITUDE NAME:  S0-
            FACTORS:  1
		1.   TwoPSAngles 0 0 -1
       PERMUTATIONS:  0
        CONSTRAINTS:  0
         PARAMETERS:  0
      INITIAL VALUE:  (358.115,0)
               REAL?  1
              FIXED?  0
              SCALE:  1.0
++++++++++++++++++++++++++++++++++++++++++++
+++++++++++++  AMPLITUDE INFO  +++++++++++++
++++++++++++++++++++++++++++++++++++++++++++
      REACTION NAME:  EtaPi
  COHERENT SUM NAME:  Negative
     AMPLITUDE NAME:  P0-
            FACTORS:  1
		1.   TwoPSAngles 1 0 -1
       PERMUTATIONS:  0
        CONSTRAINTS:  0
         PARAMETERS:  0
      INITIAL VALUE:  (37.7322,33.718)
               REAL?  0
              FIXED?  0
              SCALE:  1.0
++++++++++++++++++++++++++++++++++++++++++++
+++++++++++++  AMPLITUDE INFO  +++++++++++++
++++++++++++++++++++++++++++++++++++++++++++
      REACTION NAME:  EtaPi
  COHERENT SUM NAME:  Negative
     AMPLITUDE NAME:  P1-
            FACTORS:  1
		1.   TwoPSAngles 1 1 -1
       PERMUTATIONS:  0
        CONSTRAINTS:  0
         PARAMETERS:  0
      INITIAL VALUE:  (15.8569,50.0535)
               REAL?  0
              FIXED?  0
              SCALE:  1.0
++++++++++++++++++++++++++++++++++++++++++++
+++++++++++++  AMPLITUDE INFO  +++++++++++++
++++++++++++++++++++++++++++++++++++++++++++
      REACTION NAME:  EtaPi
  COHERENT SUM NAME:  Negative
     AMPLITUDE NAME:  D0-
            FACTORS:  1
		1.   TwoPSAngles 2 0 -1
       PERMUTATIONS:  0
        CONSTRAINTS:  0
         PARAMETERS:  0
      INITIAL VALUE:  (214.297,85.0244)
               REAL?  0
              FIXED?  0
              SCALE:  1.0
++++++++++++++++++++++++++++++++++++++++++++
+++++++++++++  AMPLITUDE INFO  +++++++++++++
++++++++++++++++++++++++++++++++++++++++++++
      REACTION NAME:  EtaPi
  COHERENT SUM NAME:  Negative
     AMPLITUDE NAME:  D1-
            FACTORS:  1
		1.   TwoPSAngles 2 1 -1
       PERMUTATIONS:  0
        CONSTRAINTS:  0
         PARAMETERS:  0
      INITIAL VALUE:  (24.8506,6.32373)
               REAL?  0
              FIXED?  0
              SCALE:  1.0
 **********
 **    1 **SET STRATEGY  1
 **********
 NOW USING STRATEGY  1: TRY TO BALANCE SPEED AGAINST RELIABILITY
 **********
 **    2 **SET EPS  1e-13
 **********
 FLOATING-POINT NUMBERS ASSUMED ACCURATE TO 1e-13

## AMPLITUDE MANAGER INITIALIZATION ##
 Creating amplitude manager for reaction:  EtaPi
	 particle index assignment:  gamma -->> 0
	 particle index assignment:  Proton -->> 1
	 particle index assignment:  Pi0 -->> 2
	 particle index assignment:  Eta -->> 3
 PARAMETER DEFINITIONS:
    NO.   NAME                 VALUE      STEP SIZE      LIMITS
     1 EtaPi::Negative::S0-_re       358.12       3.5812     no limits
     2 EtaPi::Negative::P0-_re       37.732      0.37732     no limits
     3 EtaPi::Negative::P0-_im       33.718      0.33718     no limits
     4 EtaPi::Negative::P1-_re       15.857      0.15857     no limits
     5 EtaPi::Negative::P1-_im       50.054      0.50054     no limits
     6 EtaPi::Negative::D0-_re        214.3        2.143     no limits
     7 EtaPi::Negative::D0-_im       85.024      0.85024     no limits
     8 EtaPi::Negative::D1-_re       24.851      0.24851     no limits
     9 EtaPi::Negative::D1-_im       6.3237     0.063237     no limits
    10 EtaPi::Positive::P1+_re        36.17       0.3617     no limits
    11 EtaPi::Positive::P1+_im      -20.622      0.20622     no limits
    12 EtaPi::Positive::D1+_re       97.853      0.97853     no limits
Allocating Data and Amplitude Array in LikelihoodCalculator for EtaPi...
Resetting source kin in data_pi0eta_tLT1_61.root
	Done.
Loading acccepted Monte Carlo...
Resetting source kin in reco_pi0eta_tLT1_61.root
	Done.
Calculating integrals...
	Done.
LIKELIHOOD BEFORE MINIMIZATION:  29208
 **********
 **    3 **MIGRAD 5000
 **********
 FIRST CALL TO USER FUNCTION AT NEW START POINT, WITH IFLAG=4.
 START MIGRAD MINIMIZATION.  STRATEGY 1.  CONVERGENCE WHEN EDM .LT. 1.00e-04
 FCN=29208.3 FROM MIGRAD     STATUS=INITIATE       46          47 TOTAL

                     EDM= unknown      STRATEGY= 1      NO ERROR MATRIX       
  EXT PARAMETER                          CURRENT GUESS       STEP         FIRST   
  NO.   NAME                   VALUE          ERROR          SIZE      DERIVATIVE 
    1 EtaPi::Negative::S0-_re        358.12        3.5812        3.5812        112.69
    2 EtaPi::Negative::P0-_re        37.732       0.37732       0.37732        11.671
    3 EtaPi::Negative::P0-_im        33.718       0.33718       0.33718         10.82
    4 EtaPi::Negative::P1-_re        15.857       0.15857       0.15857        5.0468
    5 EtaPi::Negative::P1-_im        50.054       0.50054       0.50054        15.644
    6 EtaPi::Negative::D0-_re         214.3         2.143         2.143          69.6
    7 EtaPi::Negative::D0-_im        85.024       0.85024       0.85024        26.843
    8 EtaPi::Negative::D1-_re        24.851       0.24851       0.24851        7.0146
    9 EtaPi::Negative::D1-_im        6.3237      0.063237      0.063237        1.8161
   10 EtaPi::Positive::P1+_re         36.17        0.3617        0.3617        10.676
   11 EtaPi::Positive::P1+_im       -20.622       0.20622       0.20622       -6.3793
   12 EtaPi::Positive::D1+_re        97.853       0.97853       0.97853        30.844

 MIGRAD MINIMIZATION HAS CONVERGED.
 MIGRAD WILL VERIFY CONVERGENCE AND ERROR MATRIX.
 COVARIANCE MATRIX CALCULATED SUCCESSFULLY
 FCN=-1141.57 FROM HESSE      STATUS=OK            131         963 TOTAL

                     EDM=0.000120906    STRATEGY= 1      ERROR MATRIX ACCURATE 
  EXT PARAMETER                                              STEP         FIRST   
  NO.   NAME                   VALUE          ERROR          SIZE      DERIVATIVE 
    1 EtaPi::Negative::S0-_re        5.2234        5.1941       0.15534   -0.00015606
    2 EtaPi::Negative::P0-_re       -1.9069        5.2744       0.17164    0.00020795
    3 EtaPi::Negative::P0-_im        1.0381        2.7112      0.078618    -0.0012772
    4 EtaPi::Negative::P1-_re        7.4737        4.0355       0.12381    0.00019893
    5 EtaPi::Negative::P1-_im      -0.94286        4.2272      0.084925    0.00019135
    6 EtaPi::Negative::D0-_re       -6.9285        18.365       0.26779   -0.00015634
    7 EtaPi::Negative::D0-_im       -36.894        3.5706       0.07204   -0.00079515
    8 EtaPi::Negative::D1-_re        1.4886        3.2091       0.11185    1.0425e-05
    9 EtaPi::Negative::D1-_im      -0.92997        2.8889      0.090389   -0.00020229
   10 EtaPi::Positive::P1+_re        11.964        4.9626       0.13144    0.00030442
   11 EtaPi::Positive::P1+_im       0.18739        17.563       0.65016     0.0012344
   12 EtaPi::Positive::D1+_re        5.6003        3.9456       0.12043    0.00019304

 MIGRAD MINIMIZATION HAS CONVERGED.
 FCN=-1141.57 FROM MIGRAD     STATUS=CONVERGED     987         988 TOTAL

                     EDM=3.50755e-06    STRATEGY= 1  ERROR MATRIX UNCERTAINTY   0.6 per cent
  EXT PARAMETER                                              STEP         FIRST   
  NO.   NAME                   VALUE          ERROR          SIZE      DERIVATIVE 
    1 EtaPi::Negative::S0-_re        5.2245        5.1922     0.0011109    0.00039398
    2 EtaPi::Negative::P0-_re       -1.9138        5.2626    -0.0068256   -0.00019468
    3 EtaPi::Negative::P0-_im        1.0432        2.7089       0.00511    0.00018808
    4 EtaPi::Negative::P1-_re        7.4743        4.0351    0.00059869    0.00018377
    5 EtaPi::Negative::P1-_im      -0.94737        4.2284    -0.0045139   -2.5958e-06
    6 EtaPi::Negative::D0-_re       -6.9448        18.376     -0.016323   -0.00022759
    7 EtaPi::Negative::D0-_im        -36.89        3.5746     0.0041976   -0.00088132
    8 EtaPi::Negative::D1-_re        1.4893        3.2094    0.00073279     -1.99e-05
    9 EtaPi::Negative::D1-_im      -0.93103        2.8894    -0.0010546    7.6389e-05
   10 EtaPi::Positive::P1+_re        11.969        4.8867     0.0042404     0.0009755
   11 EtaPi::Positive::P1+_im    -0.0019266        17.365      -0.18931   -1.3295e-05
   12 EtaPi::Positive::D1+_re        5.6004        3.9435    0.00010465    0.00021532

 EXTERNAL ERROR MATRIX.    NDIM= 100    NPAR= 12    ERR DEF=1
          27
        5.06       27.7
       -4.65      -4.36       7.34
       -5.55      -6.14       1.11       16.3
        6.17       6.08      -5.81      -2.69       17.9
        30.5       13.4      -28.3       9.02       61.9        338
       -5.32      -4.57       4.93       1.15      -10.9      -51.6       12.8
       -3.97      -3.53        1.7       1.87      -1.64      -3.48       1.14       10.3
        5.19       5.53      -2.62      -2.23          5       18.8      -3.74      -2.96       8.35
       -5.33       2.46      -2.65       1.77       5.36       31.3      -1.31      0.819      0.606       23.9
      -0.792      0.384    -0.0643      -0.11     -0.371      -2.58       0.39     0.0644     -0.193      -2.84        302
        3.71      -3.03       2.14     -0.958      -2.71      -14.2       1.54      -1.34     -0.182      -10.7      0.597
        15.6
 PARAMETER  CORRELATION COEFFICIENTS  
       NO.  GLOBAL      1      2      3      4      5      6      7      8      9     10     11     12
      1:     0.624  1.000  0.185 -0.330 -0.265  0.281  0.319 -0.287 -0.238  0.346 -0.210 -0.009  0.181
      2:     0.518  0.185  1.000 -0.306 -0.289  0.273  0.138 -0.243 -0.209  0.364  0.096  0.004 -0.146
      3:     0.648 -0.330 -0.306  1.000  0.101 -0.507 -0.569  0.509  0.195 -0.335 -0.200 -0.001  0.200
      4:     0.591 -0.265 -0.289  0.101  1.000 -0.157  0.122  0.080  0.144 -0.191  0.090 -0.002 -0.060
      5:     0.849  0.281  0.273 -0.507 -0.157  1.000  0.796 -0.722 -0.121  0.409  0.259 -0.005 -0.163
      6:     0.924  0.319  0.138 -0.569  0.122  0.796  1.000 -0.785 -0.059  0.355  0.348 -0.008 -0.196
      7:     0.848 -0.287 -0.243  0.509  0.080 -0.722 -0.785  1.000  0.099 -0.362 -0.075  0.006  0.109
      8:     0.399 -0.238 -0.209  0.195  0.144 -0.121 -0.059  0.099  1.000 -0.319  0.052  0.001 -0.106
      9:     0.568  0.346  0.364 -0.335 -0.191  0.409  0.355 -0.362 -0.319  1.000  0.043 -0.004 -0.016
     10:     0.717 -0.210  0.096 -0.200  0.090  0.259  0.348 -0.075  0.052  0.043  1.000 -0.033 -0.557
     11:     0.047 -0.009  0.004 -0.001 -0.002 -0.005 -0.008  0.006  0.001 -0.004 -0.033  1.000  0.009
     12:     0.595  0.181 -0.146  0.200 -0.060 -0.163 -0.196  0.109 -0.106 -0.016 -0.557  0.009  1.000

 MIGRAD evaluation total wall time:  0.029093 s.
    average time per function call:  0.029417 ms.

LIKELIHOOD AFTER MINIMIZATION:  -1141.6
Loading generated Monte Carlo...
Resetting source kin in thrown_pi0eta_tLT1_61.root
	Done.
Calculating integrals...
	Done.
Loading acccepted Monte Carlo...
Resetting source kin in reco_pi0eta_tLT1_61.root
	Done.
Calculating integrals...
	Done.
