
## CONFIGURATION INFO DISPLAY ##

############################################
#############   REACTION INFO  #############
############################################
      REACTION NAME:  EtaPi
      PARTICLE LIST:  4
		1.  gamma
		2.  Proton
		3.  Pi0
		4.  Eta
        DATA READER:  ROOTDataReader
				data_pi0eta_tLT1_28.root
      ACC MC READER:  ROOTDataReader
				reco_pi0eta_tLT1_28.root
      GEN MC READER:  ROOTDataReader
				thrown_pi0eta_tLT1_28.root
  NORMALIZATION INTEGRAL FILE: 
		    bin_28.ni
********************************************
***********  COHERENT SUM INFO  ************
********************************************
      REACTION NAME:  EtaPi
  COHERENT SUM NAME:  Positive
++++++++++++++++++++++++++++++++++++++++++++
+++++++++++++  AMPLITUDE INFO  +++++++++++++
++++++++++++++++++++++++++++++++++++++++++++
      REACTION NAME:  EtaPi
  COHERENT SUM NAME:  Positive
     AMPLITUDE NAME:  P1+
            FACTORS:  1
		1.   TwoPSAngles 1 1 1
       PERMUTATIONS:  0
        CONSTRAINTS:  0
         PARAMETERS:  0
      INITIAL VALUE:  (49.8967,-20.0457)
               REAL?  0
              FIXED?  0
              SCALE:  1.0
++++++++++++++++++++++++++++++++++++++++++++
+++++++++++++  AMPLITUDE INFO  +++++++++++++
++++++++++++++++++++++++++++++++++++++++++++
      REACTION NAME:  EtaPi
  COHERENT SUM NAME:  Positive
     AMPLITUDE NAME:  D1+
            FACTORS:  1
		1.   TwoPSAngles 2 1 1
       PERMUTATIONS:  0
        CONSTRAINTS:  0
         PARAMETERS:  0
      INITIAL VALUE:  (71.9421,0)
               REAL?  1
              FIXED?  0
              SCALE:  1.0
********************************************
***********  COHERENT SUM INFO  ************
********************************************
      REACTION NAME:  EtaPi
  COHERENT SUM NAME:  Negative
++++++++++++++++++++++++++++++++++++++++++++
+++++++++++++  AMPLITUDE INFO  +++++++++++++
++++++++++++++++++++++++++++++++++++++++++++
      REACTION NAME:  EtaPi
  COHERENT SUM NAME:  Negative
     AMPLITUDE NAME:  S0-
            FACTORS:  1
		1.   TwoPSAngles 0 0 -1
       PERMUTATIONS:  0
        CONSTRAINTS:  0
         PARAMETERS:  0
      INITIAL VALUE:  (277.279,0)
               REAL?  1
              FIXED?  0
              SCALE:  1.0
++++++++++++++++++++++++++++++++++++++++++++
+++++++++++++  AMPLITUDE INFO  +++++++++++++
++++++++++++++++++++++++++++++++++++++++++++
      REACTION NAME:  EtaPi
  COHERENT SUM NAME:  Negative
     AMPLITUDE NAME:  P0-
            FACTORS:  1
		1.   TwoPSAngles 1 0 -1
       PERMUTATIONS:  0
        CONSTRAINTS:  0
         PARAMETERS:  0
      INITIAL VALUE:  (16.5098,34.7814)
               REAL?  0
              FIXED?  0
              SCALE:  1.0
++++++++++++++++++++++++++++++++++++++++++++
+++++++++++++  AMPLITUDE INFO  +++++++++++++
++++++++++++++++++++++++++++++++++++++++++++
      REACTION NAME:  EtaPi
  COHERENT SUM NAME:  Negative
     AMPLITUDE NAME:  P1-
            FACTORS:  1
		1.   TwoPSAngles 1 1 -1
       PERMUTATIONS:  0
        CONSTRAINTS:  0
         PARAMETERS:  0
      INITIAL VALUE:  (24.0743,62.3837)
               REAL?  0
              FIXED?  0
              SCALE:  1.0
++++++++++++++++++++++++++++++++++++++++++++
+++++++++++++  AMPLITUDE INFO  +++++++++++++
++++++++++++++++++++++++++++++++++++++++++++
      REACTION NAME:  EtaPi
  COHERENT SUM NAME:  Negative
     AMPLITUDE NAME:  D0-
            FACTORS:  1
		1.   TwoPSAngles 2 0 -1
       PERMUTATIONS:  0
        CONSTRAINTS:  0
         PARAMETERS:  0
      INITIAL VALUE:  (266.512,85.0405)
               REAL?  0
              FIXED?  0
              SCALE:  1.0
++++++++++++++++++++++++++++++++++++++++++++
+++++++++++++  AMPLITUDE INFO  +++++++++++++
++++++++++++++++++++++++++++++++++++++++++++
      REACTION NAME:  EtaPi
  COHERENT SUM NAME:  Negative
     AMPLITUDE NAME:  D1-
            FACTORS:  1
		1.   TwoPSAngles 2 1 -1
       PERMUTATIONS:  0
        CONSTRAINTS:  0
         PARAMETERS:  0
      INITIAL VALUE:  (-1.43421,9.73365)
               REAL?  0
              FIXED?  0
              SCALE:  1.0
 **********
 **    1 **SET STRATEGY  1
 **********
 NOW USING STRATEGY  1: TRY TO BALANCE SPEED AGAINST RELIABILITY
 **********
 **    2 **SET EPS  1e-13
 **********
 FLOATING-POINT NUMBERS ASSUMED ACCURATE TO 1e-13

## AMPLITUDE MANAGER INITIALIZATION ##
 Creating amplitude manager for reaction:  EtaPi
	 particle index assignment:  gamma -->> 0
	 particle index assignment:  Proton -->> 1
	 particle index assignment:  Pi0 -->> 2
	 particle index assignment:  Eta -->> 3
 PARAMETER DEFINITIONS:
    NO.   NAME                 VALUE      STEP SIZE      LIMITS
     1 EtaPi::Negative::S0-_re       277.28       2.7728     no limits
     2 EtaPi::Negative::P0-_re        16.51       0.1651     no limits
     3 EtaPi::Negative::P0-_im       34.781      0.34781     no limits
     4 EtaPi::Negative::P1-_re       24.074      0.24074     no limits
     5 EtaPi::Negative::P1-_im       62.384      0.62384     no limits
     6 EtaPi::Negative::D0-_re       266.51       2.6651     no limits
     7 EtaPi::Negative::D0-_im        85.04       0.8504     no limits
     8 EtaPi::Negative::D1-_re      -1.4342     0.014342     no limits
     9 EtaPi::Negative::D1-_im       9.7337     0.097337     no limits
    10 EtaPi::Positive::P1+_re       49.897      0.49897     no limits
    11 EtaPi::Positive::P1+_im      -20.046      0.20046     no limits
    12 EtaPi::Positive::D1+_re       71.942      0.71942     no limits
Allocating Data and Amplitude Array in LikelihoodCalculator for EtaPi...
Resetting source kin in data_pi0eta_tLT1_28.root
	Done.
Loading acccepted Monte Carlo...
Resetting source kin in reco_pi0eta_tLT1_28.root
	Done.
Calculating integrals...
	Done.
LIKELIHOOD BEFORE MINIMIZATION:  -1.29e+05
 **********
 **    3 **MIGRAD 5000
 **********
 FIRST CALL TO USER FUNCTION AT NEW START POINT, WITH IFLAG=4.
 START MIGRAD MINIMIZATION.  STRATEGY 1.  CONVERGENCE WHEN EDM .LT. 1.00e-04
 FCN=-140521 FROM MIGRAD     STATUS=INITIATE      138         139 TOTAL

                     EDM= unknown      STRATEGY= 1      NO ERROR MATRIX       
  EXT PARAMETER                          CURRENT GUESS       STEP         FIRST   
  NO.   NAME                   VALUE          ERROR          SIZE      DERIVATIVE 
    1 EtaPi::Negative::S0-_re        39.298        2.7728       -237.98        4.7017
    2 EtaPi::Negative::P0-_re         16.51        0.1651             0        7.7035
    3 EtaPi::Negative::P0-_im        34.781       0.34781             0        5.9785
    4 EtaPi::Negative::P1-_re        24.074       0.24074             0        19.491
    5 EtaPi::Negative::P1-_im        173.72       0.62384             0         19.02
    6 EtaPi::Negative::D0-_re        266.51        2.6651             0       -6.1441
    7 EtaPi::Negative::D0-_im         85.04        0.8504             0        10.778
    8 EtaPi::Negative::D1-_re       -1.4342      0.014342             0       -1.6722
    9 EtaPi::Negative::D1-_im        9.7337      0.097337             0        4.7116
   10 EtaPi::Positive::P1+_re        49.897       0.49897             0        4.1039
   11 EtaPi::Positive::P1+_im       -20.046       0.20046             0       0.14896
   12 EtaPi::Positive::D1+_re        71.942       0.71942             0        8.5556

 MIGRAD FAILS TO FIND IMPROVEMENT
 MACHINE ACCURACY LIMITS FURTHER IMPROVEMENT.
 MIGRAD MINIMIZATION HAS CONVERGED.
 MIGRAD WILL VERIFY CONVERGENCE AND ERROR MATRIX.
 MINUIT WARNING IN HESSE   
 ============== Negative diagonal element 12 in Error Matrix
 MINUIT WARNING IN HESSE   
 ============== 1.00014 added to diagonal of error matrix
 COVARIANCE MATRIX CALCULATED SUCCESSFULLY
 FCN=-142814 FROM MIGRAD     STATUS=CONVERGED     840         841 TOTAL

                     EDM=1.94789e-05    STRATEGY= 1      ERROR MATRIX ACCURATE 
  EXT PARAMETER                                              STEP         FIRST   
  NO.   NAME                   VALUE          ERROR          SIZE      DERIVATIVE 
    1 EtaPi::Negative::S0-_re        3.0457         1.151       0.83569   -0.00052747
    2 EtaPi::Negative::P0-_re        4.6692        1.1436       0.82506    -0.0011871
    3 EtaPi::Negative::P0-_im       -2.1749        1.3753        2.4908     0.0013844
    4 EtaPi::Negative::P1-_re       -3.9575        1.1539        0.8412    0.00013237
    5 EtaPi::Negative::P1-_im        53.325        1.3504        1.8405   -0.00059287
    6 EtaPi::Negative::D0-_re        317.57        1.1195       0.77027    0.00032039
    7 EtaPi::Negative::D0-_im        23.875        1.4059        4.4455    0.00063497
    8 EtaPi::Negative::D1-_re          1.65        1.1682       0.88002    0.00067219
    9 EtaPi::Negative::D1-_im       -2.0489         1.329        1.6466    -0.0023601
   10 EtaPi::Positive::P1+_re        0.8704        1.4129        12.805    -0.0012495
   11 EtaPi::Positive::P1+_im        -40.06        1.3626        2.0957     0.0023535
   12 EtaPi::Positive::D1+_re      -0.98145        1.4142        4.4053     0.0018884

 EXTERNAL ERROR MATRIX.    NDIM= 100    NPAR= 12    ERR DEF=1
        1.32
       0.011       1.31
     0.00959    -0.0465       1.89
    -0.00783    0.00437    0.00536       1.33
      0.0881    0.00524    0.00335    -0.0432       1.82
     -0.0192    0.00285    0.00401     0.0157     -0.097       1.25
    -0.00223    0.00649     0.0027     -0.112    -0.0204    -0.0592       1.98
     0.00774    0.00535   -0.00761    0.00227    0.00847   0.000195    0.00488       1.36
     0.00643    -0.0067   -0.00847     0.0077     0.0197    0.00248    0.00301    -0.0406       1.77
      0.0113    0.00158   -0.00018   0.000742   -0.00723    -0.0133   -0.00108     0.0013    0.00122          2
     -0.0625   -0.00794    0.00133   -0.00553     0.0418     0.0712    0.00553   -0.00868    0.00308     0.0247       1.86
   -0.000478   0.000322   6.98e-06     0.0004   -0.00195   -0.00173   -9.2e-05   0.000583   -0.00163   -0.00692    0.00669
           2
 PARAMETER  CORRELATION COEFFICIENTS  
       NO.  GLOBAL      1      2      3      4      5      6      7      8      9     10     11     12
      1:     0.072  1.000  0.008  0.006 -0.006  0.057 -0.015 -0.001  0.006  0.004  0.007 -0.040 -0.000
      2:     0.032  0.008  1.000 -0.030  0.003  0.003  0.002  0.004  0.004 -0.004  0.001 -0.005  0.000
      3:     0.031  0.006 -0.030  1.000  0.003  0.002  0.003  0.001 -0.005 -0.005 -0.000  0.001  0.000
      4:     0.076 -0.006  0.003  0.003  1.000 -0.028  0.012 -0.069  0.002  0.005  0.000 -0.004  0.000
      5:     0.096  0.057  0.003  0.002 -0.028  1.000 -0.064 -0.011  0.005  0.011 -0.004  0.023 -0.001
      6:     0.090 -0.015  0.002  0.003  0.012 -0.064  1.000 -0.038  0.000  0.002 -0.008  0.047 -0.001
      7:     0.080 -0.001  0.004  0.001 -0.069 -0.011 -0.038  1.000  0.003  0.002 -0.001  0.003 -0.000
      8:     0.029  0.006  0.004 -0.005  0.002  0.005  0.000  0.003  1.000 -0.026  0.001 -0.005  0.000
      9:     0.030  0.004 -0.004 -0.005  0.005  0.011  0.002  0.002 -0.026  1.000  0.001  0.002 -0.001
     10:     0.018  0.007  0.001 -0.000  0.000 -0.004 -0.008 -0.001  0.001  0.001  1.000  0.013 -0.003
     11:     0.069 -0.040 -0.005  0.001 -0.004  0.023  0.047  0.003 -0.005  0.002  0.013  1.000  0.003
     12:     0.005 -0.000  0.000  0.000  0.000 -0.001 -0.001 -0.000  0.000 -0.001 -0.003  0.003  1.000

 MIGRAD evaluation total wall time:  0.84809 s.
    average time per function call:  1.0072 ms.

LIKELIHOOD AFTER MINIMIZATION:  -1.4281e+05
Loading generated Monte Carlo...
Resetting source kin in thrown_pi0eta_tLT1_28.root
	Done.
Calculating integrals...
	Done.
Loading acccepted Monte Carlo...
Resetting source kin in reco_pi0eta_tLT1_28.root
	Done.
Calculating integrals...
	Done.
