
## CONFIGURATION INFO DISPLAY ##

############################################
#############   REACTION INFO  #############
############################################
      REACTION NAME:  EtaPi
      PARTICLE LIST:  4
		1.  gamma
		2.  Proton
		3.  Pi0
		4.  Eta
        DATA READER:  ROOTDataReader
				data_pi0eta_tLT1_26.root
      ACC MC READER:  ROOTDataReader
				reco_pi0eta_tLT1_26.root
      GEN MC READER:  ROOTDataReader
				thrown_pi0eta_tLT1_26.root
  NORMALIZATION INTEGRAL FILE: 
		    bin_26.ni
********************************************
***********  COHERENT SUM INFO  ************
********************************************
      REACTION NAME:  EtaPi
  COHERENT SUM NAME:  Positive
++++++++++++++++++++++++++++++++++++++++++++
+++++++++++++  AMPLITUDE INFO  +++++++++++++
++++++++++++++++++++++++++++++++++++++++++++
      REACTION NAME:  EtaPi
  COHERENT SUM NAME:  Positive
     AMPLITUDE NAME:  P1+
            FACTORS:  1
		1.   TwoPSAngles 1 1 1
       PERMUTATIONS:  0
        CONSTRAINTS:  0
         PARAMETERS:  0
      INITIAL VALUE:  (49.8967,-20.0457)
               REAL?  0
              FIXED?  0
              SCALE:  1.0
++++++++++++++++++++++++++++++++++++++++++++
+++++++++++++  AMPLITUDE INFO  +++++++++++++
++++++++++++++++++++++++++++++++++++++++++++
      REACTION NAME:  EtaPi
  COHERENT SUM NAME:  Positive
     AMPLITUDE NAME:  D1+
            FACTORS:  1
		1.   TwoPSAngles 2 1 1
       PERMUTATIONS:  0
        CONSTRAINTS:  0
         PARAMETERS:  0
      INITIAL VALUE:  (71.9421,0)
               REAL?  1
              FIXED?  0
              SCALE:  1.0
********************************************
***********  COHERENT SUM INFO  ************
********************************************
      REACTION NAME:  EtaPi
  COHERENT SUM NAME:  Negative
++++++++++++++++++++++++++++++++++++++++++++
+++++++++++++  AMPLITUDE INFO  +++++++++++++
++++++++++++++++++++++++++++++++++++++++++++
      REACTION NAME:  EtaPi
  COHERENT SUM NAME:  Negative
     AMPLITUDE NAME:  S0-
            FACTORS:  1
		1.   TwoPSAngles 0 0 -1
       PERMUTATIONS:  0
        CONSTRAINTS:  0
         PARAMETERS:  0
      INITIAL VALUE:  (277.279,0)
               REAL?  1
              FIXED?  0
              SCALE:  1.0
++++++++++++++++++++++++++++++++++++++++++++
+++++++++++++  AMPLITUDE INFO  +++++++++++++
++++++++++++++++++++++++++++++++++++++++++++
      REACTION NAME:  EtaPi
  COHERENT SUM NAME:  Negative
     AMPLITUDE NAME:  P0-
            FACTORS:  1
		1.   TwoPSAngles 1 0 -1
       PERMUTATIONS:  0
        CONSTRAINTS:  0
         PARAMETERS:  0
      INITIAL VALUE:  (16.5098,34.7814)
               REAL?  0
              FIXED?  0
              SCALE:  1.0
++++++++++++++++++++++++++++++++++++++++++++
+++++++++++++  AMPLITUDE INFO  +++++++++++++
++++++++++++++++++++++++++++++++++++++++++++
      REACTION NAME:  EtaPi
  COHERENT SUM NAME:  Negative
     AMPLITUDE NAME:  P1-
            FACTORS:  1
		1.   TwoPSAngles 1 1 -1
       PERMUTATIONS:  0
        CONSTRAINTS:  0
         PARAMETERS:  0
      INITIAL VALUE:  (24.0743,62.3837)
               REAL?  0
              FIXED?  0
              SCALE:  1.0
++++++++++++++++++++++++++++++++++++++++++++
+++++++++++++  AMPLITUDE INFO  +++++++++++++
++++++++++++++++++++++++++++++++++++++++++++
      REACTION NAME:  EtaPi
  COHERENT SUM NAME:  Negative
     AMPLITUDE NAME:  D0-
            FACTORS:  1
		1.   TwoPSAngles 2 0 -1
       PERMUTATIONS:  0
        CONSTRAINTS:  0
         PARAMETERS:  0
      INITIAL VALUE:  (266.512,85.0405)
               REAL?  0
              FIXED?  0
              SCALE:  1.0
++++++++++++++++++++++++++++++++++++++++++++
+++++++++++++  AMPLITUDE INFO  +++++++++++++
++++++++++++++++++++++++++++++++++++++++++++
      REACTION NAME:  EtaPi
  COHERENT SUM NAME:  Negative
     AMPLITUDE NAME:  D1-
            FACTORS:  1
		1.   TwoPSAngles 2 1 -1
       PERMUTATIONS:  0
        CONSTRAINTS:  0
         PARAMETERS:  0
      INITIAL VALUE:  (-1.43421,9.73365)
               REAL?  0
              FIXED?  0
              SCALE:  1.0
 **********
 **    1 **SET STRATEGY  1
 **********
 NOW USING STRATEGY  1: TRY TO BALANCE SPEED AGAINST RELIABILITY
 **********
 **    2 **SET EPS  1e-13
 **********
 FLOATING-POINT NUMBERS ASSUMED ACCURATE TO 1e-13

## AMPLITUDE MANAGER INITIALIZATION ##
 Creating amplitude manager for reaction:  EtaPi
	 particle index assignment:  gamma -->> 0
	 particle index assignment:  Proton -->> 1
	 particle index assignment:  Pi0 -->> 2
	 particle index assignment:  Eta -->> 3
 PARAMETER DEFINITIONS:
    NO.   NAME                 VALUE      STEP SIZE      LIMITS
     1 EtaPi::Negative::S0-_re       277.28       2.7728     no limits
     2 EtaPi::Negative::P0-_re        16.51       0.1651     no limits
     3 EtaPi::Negative::P0-_im       34.781      0.34781     no limits
     4 EtaPi::Negative::P1-_re       24.074      0.24074     no limits
     5 EtaPi::Negative::P1-_im       62.384      0.62384     no limits
     6 EtaPi::Negative::D0-_re       266.51       2.6651     no limits
     7 EtaPi::Negative::D0-_im        85.04       0.8504     no limits
     8 EtaPi::Negative::D1-_re      -1.4342     0.014342     no limits
     9 EtaPi::Negative::D1-_im       9.7337     0.097337     no limits
    10 EtaPi::Positive::P1+_re       49.897      0.49897     no limits
    11 EtaPi::Positive::P1+_im      -20.046      0.20046     no limits
    12 EtaPi::Positive::D1+_re       71.942      0.71942     no limits
Allocating Data and Amplitude Array in LikelihoodCalculator for EtaPi...
Resetting source kin in data_pi0eta_tLT1_26.root
	Done.
Loading acccepted Monte Carlo...
Resetting source kin in reco_pi0eta_tLT1_26.root
	Done.
Calculating integrals...
	Done.
LIKELIHOOD BEFORE MINIMIZATION:  -53354
 **********
 **    3 **MIGRAD 5000
 **********
 FIRST CALL TO USER FUNCTION AT NEW START POINT, WITH IFLAG=4.
 START MIGRAD MINIMIZATION.  STRATEGY 1.  CONVERGENCE WHEN EDM .LT. 1.00e-04
 FCN=-54037.8 FROM MIGRAD     STATUS=INITIATE      145         146 TOTAL

                     EDM= unknown      STRATEGY= 1      NO ERROR MATRIX       
  EXT PARAMETER                          CURRENT GUESS       STEP         FIRST   
  NO.   NAME                   VALUE          ERROR          SIZE      DERIVATIVE 
    1 EtaPi::Negative::S0-_re        277.28        2.7728             0        64.094
    2 EtaPi::Negative::P0-_re         16.51        0.1651             0        8.0133
    3 EtaPi::Negative::P0-_im        34.781       0.34781             0        8.7776
    4 EtaPi::Negative::P1-_re         63.03       0.24074             0        4.5124
    5 EtaPi::Negative::P1-_im        111.73       0.62384             0         11.71
    6 EtaPi::Negative::D0-_re        266.51        2.6651             0        71.011
    7 EtaPi::Negative::D0-_im         85.04        0.8504             0        16.961
    8 EtaPi::Negative::D1-_re       -1.4342      0.014342             0       -1.5806
    9 EtaPi::Negative::D1-_im        9.7337      0.097337             0        3.1706
   10 EtaPi::Positive::P1+_re        49.897       0.49897             0        2.1205
   11 EtaPi::Positive::P1+_im       -73.293       0.20046       -53.247      0.029771
   12 EtaPi::Positive::D1+_re        71.942       0.71942             0        17.783

 MIGRAD FAILS TO FIND IMPROVEMENT
 MACHINE ACCURACY LIMITS FURTHER IMPROVEMENT.
 MIGRAD MINIMIZATION HAS CONVERGED.
 FCN=-67849.5 FROM MIGRAD     STATUS=CONVERGED    1885        1886 TOTAL

                     EDM=0.000227357    STRATEGY= 1  ERROR MATRIX UNCERTAINTY     6 per cent
  EXT PARAMETER                                              STEP         FIRST   
  NO.   NAME                   VALUE          ERROR          SIZE      DERIVATIVE 
    1 EtaPi::Negative::S0-_re        4.5916         2.482            -0     0.0018333
    2 EtaPi::Negative::P0-_re       -3.7042        2.2505             0    -0.0022853
    3 EtaPi::Negative::P0-_im        7.1574        5.2366             0   -0.00097586
    4 EtaPi::Negative::P1-_re       -11.757        7.6736             0     0.0019023
    5 EtaPi::Negative::P1-_im        53.156        4.3623             0   -0.00058339
    6 EtaPi::Negative::D0-_re        214.51        8.5346             0    -0.0032523
    7 EtaPi::Negative::D0-_im        59.149        30.213            -0    -0.0036004
    8 EtaPi::Negative::D1-_re        3.4574        2.3106             0   -0.00090713
    9 EtaPi::Negative::D1-_im        2.6597        3.7387            -0    0.00030396
   10 EtaPi::Positive::P1+_re       -54.447        4.3895             0      0.001858
   11 EtaPi::Positive::P1+_im        1.6285        24.827            -0     0.0045911
   12 EtaPi::Positive::D1+_re       -4.0418        3.8567            -0   -0.00027716

 EXTERNAL ERROR MATRIX.    NDIM= 100    NPAR= 12    ERR DEF=1
        6.16
      -0.238       5.06
       -2.33      -2.95       27.4
       -3.81       6.61     -0.779       58.9
        2.72      0.739      -6.19       4.29         19
       -5.21       7.81     -0.124       61.4       3.58       72.8
        13.9      -27.6      0.672       -223      -24.3       -249        913
       0.251      0.753      -1.93       3.69      0.818       3.87      -13.7       5.34
       0.277      -1.25      0.363      -4.33      -1.74      -4.33       16.9      -1.25         14
       -3.26      0.663       1.29     -0.613       2.31       3.21    -0.0316    -0.0512     -0.239       19.3
        9.29      -23.6       3.97       -181      -21.7       -201        738      -11.9       14.1      -8.04        616
       0.404      0.534          1      -2.95      -1.78      -2.53        9.1      -1.28       5.06     -0.887       8.44
        14.9
 PARAMETER  CORRELATION COEFFICIENTS  
       NO.  GLOBAL      1      2      3      4      5      6      7      8      9     10     11     12
      1:     0.584  1.000 -0.043 -0.179 -0.200  0.251 -0.246  0.186  0.044  0.030 -0.300  0.151  0.042
      2:     0.527 -0.043  1.000 -0.250  0.383  0.075  0.407 -0.406  0.145 -0.149  0.067 -0.422  0.061
      3:     0.478 -0.179 -0.250  1.000 -0.019 -0.271 -0.003  0.004 -0.160  0.019  0.056  0.031  0.050
      4:     0.965 -0.200  0.383 -0.019  1.000  0.128  0.938 -0.962  0.208 -0.151 -0.018 -0.948 -0.100
      5:     0.620  0.251  0.075 -0.271  0.128  1.000  0.096 -0.185  0.081 -0.107  0.121 -0.200 -0.106
      6:     0.978 -0.246  0.407 -0.003  0.938  0.096  1.000 -0.968  0.196 -0.136  0.086 -0.949 -0.077
      7:     0.995  0.186 -0.406  0.004 -0.962 -0.185 -0.968  1.000 -0.196  0.150 -0.000  0.984  0.078
      8:     0.309  0.044  0.145 -0.160  0.208  0.081  0.196 -0.196  1.000 -0.145 -0.005 -0.208 -0.143
      9:     0.409  0.030 -0.149  0.019 -0.151 -0.107 -0.136  0.150 -0.145  1.000 -0.015  0.152  0.351
     10:     0.709 -0.300  0.067  0.056 -0.018  0.121  0.086 -0.000 -0.005 -0.015  1.000 -0.074 -0.052
     11:     0.990  0.151 -0.422  0.031 -0.948 -0.200 -0.949  0.984 -0.208  0.152 -0.074  1.000  0.088
     12:     0.415  0.042  0.061  0.050 -0.100 -0.106 -0.077  0.078 -0.143  0.351 -0.052  0.088  1.000

 MIGRAD evaluation total wall time:  0.99541 s.
    average time per function call:  0.52751 ms.

LIKELIHOOD AFTER MINIMIZATION:  -67850
Loading generated Monte Carlo...
Resetting source kin in thrown_pi0eta_tLT1_26.root
	Done.
Calculating integrals...
	Done.
Loading acccepted Monte Carlo...
Resetting source kin in reco_pi0eta_tLT1_26.root
	Done.
Calculating integrals...
	Done.
