fitName: divideRoot
nBins: 60
seedFile: param_init.cfg
maxIter: 50
ampNames: ['S0-', 'P0-', 'P1-', 'D0-', 'D1-', 'P1+', 'D1+']
nSeeds: 2
percentDeviation: 0.3
baseDeviation1: 30
baseDeviation2: 200
rampIter: 25
mySeed: 123121
seedShift: 0
allSeeds: 
[195368212, 812053609]
[0, 1]
singleBin,nBins = -1,60
singleBin status: Looking at multiple bins!


current working directory: /d/grid15/ln16/pi0eta/092419/amptools/analysis
fit directory: /d/grid15/ln16/pi0eta/092419/amptools/analysis/divideRoot
Running on seed,seedNum,binNum=195368212,0,0
================   bin_0    =================
current working directory: /d/grid15/ln16/pi0eta/092419/amptools/analysis/divideRoot/bin_0
Copying bin_0-seed0.cfg from bin_0.cfg
--------------------------------------------------
sed -i s/bin_0/bin_0-seed0/g bin_0-seed0.cfg
We will use the converged values instead of randomly sampling around them!
Opening: /d/grid15/ln16/pi0eta/092419/amptools/analysis/divideRoot/bin_0/param_init.cfg
Below is paramLists, check if below values match:
['initialize', 'EtaPi::Negative::S0-', 'cartesian', '62.048985273884', '0', 'real\n']
Amps from param_init.cfg: S0-
realAmp: 62.0489852739
imAmp: 0.0
Sampling from the below ranges
real_low, real_up: 62.0489852739, 62.0489852739
im_low, im_up: 0.0, 0.0
realSampled, imSampled: 62.0489852739,0.0
----------------------------
Below is paramLists, check if below values match:
['initialize', 'EtaPi::Negative::P0-', 'cartesian', '81.906978877017', '78.0710961559748\n']
Amps from param_init.cfg: P0-
realAmp: 81.906978877
imAmp: 78.071096156
Sampling from the below ranges
real_low, real_up: 81.906978877, 81.906978877
im_low, im_up: 78.071096156, 78.071096156
realSampled, imSampled: 81.906978877,78.071096156
----------------------------
Below is paramLists, check if below values match:
['initialize', 'EtaPi::Negative::P1-', 'cartesian', '-111.221322199519', '83.2977025497453\n']
Amps from param_init.cfg: P1-
realAmp: -111.2213222
imAmp: 83.2977025497
Sampling from the below ranges
real_low, real_up: -111.2213222, -111.2213222
im_low, im_up: 83.2977025497, 83.2977025497
realSampled, imSampled: -111.2213222,83.2977025497
----------------------------
Below is paramLists, check if below values match:
['initialize', 'EtaPi::Negative::D0-', 'cartesian', '32.3737851154505', '-55.5992937314549\n']
Amps from param_init.cfg: D0-
realAmp: 32.3737851155
imAmp: -55.5992937315
Sampling from the below ranges
real_low, real_up: 32.3737851155, 32.3737851155
im_low, im_up: -55.5992937315, -55.5992937315
realSampled, imSampled: 32.3737851155,-55.5992937315
----------------------------
Below is paramLists, check if below values match:
['initialize', 'EtaPi::Negative::D1-', 'cartesian', '57.0870830163498', '48.1094086718957\n']
Amps from param_init.cfg: D1-
realAmp: 57.0870830163
imAmp: 48.1094086719
Sampling from the below ranges
real_low, real_up: 57.0870830163, 57.0870830163
im_low, im_up: 48.1094086719, 48.1094086719
realSampled, imSampled: 57.0870830163,48.1094086719
----------------------------
Below is paramLists, check if below values match:
['initialize', 'EtaPi::Positive::P1+', 'cartesian', '32.9177202550132', '-132.511704546222\n']
Amps from param_init.cfg: P1+
realAmp: 32.917720255
imAmp: -132.511704546
Sampling from the below ranges
real_low, real_up: 32.917720255, 32.917720255
im_low, im_up: -132.511704546, -132.511704546
realSampled, imSampled: 32.917720255,-132.511704546
----------------------------
Below is paramLists, check if below values match:
['initialize', 'EtaPi::Positive::D1+', 'cartesian', '-49.1636659863215', '0', 'real\n']
Amps from param_init.cfg: D1+
realAmp: -49.1636659863
imAmp: 0.0
Sampling from the below ranges
real_low, real_up: -49.1636659863, -49.1636659863
im_low, im_up: 0.0, 0.0
realSampled, imSampled: -49.1636659863,0.0
----------------------------
length of realAmps, imAmps, isreal is good!
fit -c bin_0-seed0.cfg -s seed0-param_init.cfg
THIS IS ITERATION 0
num_lines: 7 should equal the total number of waves!
Bin_0 converged with this set of initialization!


**********************************************************************
***************************** NEXT SEED *********************************

Running on seed,seedNum,binNum=195368212,0,6
================   bin_6    =================
current working directory: /d/grid15/ln16/pi0eta/092419/amptools/analysis/divideRoot/bin_6
Copying bin_6-seed0.cfg from bin_6.cfg
--------------------------------------------------
sed -i s/bin_6/bin_6-seed0/g bin_6-seed0.cfg
We will use the converged values instead of randomly sampling around them!
Opening: /d/grid15/ln16/pi0eta/092419/amptools/analysis/divideRoot/bin_6/param_init.cfg
Below is paramLists, check if below values match:
['initialize', 'EtaPi::Negative::S0-', 'cartesian', '228.139162163914', '0', 'real\n']
Amps from param_init.cfg: S0-
realAmp: 228.139162164
imAmp: 0.0
Sampling from the below ranges
real_low, real_up: 228.139162164, 228.139162164
im_low, im_up: 0.0, 0.0
realSampled, imSampled: 228.139162164,0.0
----------------------------
Below is paramLists, check if below values match:
['initialize', 'EtaPi::Negative::P0-', 'cartesian', '-54.1918884611404', '-183.712815663821\n']
Amps from param_init.cfg: P0-
realAmp: -54.1918884611
imAmp: -183.712815664
Sampling from the below ranges
real_low, real_up: -54.1918884611, -54.1918884611
im_low, im_up: -183.712815664, -183.712815664
realSampled, imSampled: -54.1918884611,-183.712815664
----------------------------
Below is paramLists, check if below values match:
['initialize', 'EtaPi::Negative::P1-', 'cartesian', '14.8870757315048', '275.808817171015\n']
Amps from param_init.cfg: P1-
realAmp: 14.8870757315
imAmp: 275.808817171
Sampling from the below ranges
real_low, real_up: 14.8870757315, 14.8870757315
im_low, im_up: 275.808817171, 275.808817171
realSampled, imSampled: 14.8870757315,275.808817171
----------------------------
Below is paramLists, check if below values match:
['initialize', 'EtaPi::Negative::D0-', 'cartesian', '52.1118653524863', '-12.0699361863979\n']
Amps from param_init.cfg: D0-
realAmp: 52.1118653525
imAmp: -12.0699361864
Sampling from the below ranges
real_low, real_up: 52.1118653525, 52.1118653525
im_low, im_up: -12.0699361864, -12.0699361864
realSampled, imSampled: 52.1118653525,-12.0699361864
----------------------------
Below is paramLists, check if below values match:
['initialize', 'EtaPi::Negative::D1-', 'cartesian', '108.586838794234', '-66.369693707595\n']
Amps from param_init.cfg: D1-
realAmp: 108.586838794
imAmp: -66.3696937076
Sampling from the below ranges
real_low, real_up: 108.586838794, 108.586838794
im_low, im_up: -66.3696937076, -66.3696937076
realSampled, imSampled: 108.586838794,-66.3696937076
----------------------------
Below is paramLists, check if below values match:
['initialize', 'EtaPi::Positive::P1+', 'cartesian', '222.807857792165', '0.213751308709241\n']
Amps from param_init.cfg: P1+
realAmp: 222.807857792
imAmp: 0.213751308709
Sampling from the below ranges
real_low, real_up: 222.807857792, 222.807857792
im_low, im_up: 0.213751308709, 0.213751308709
realSampled, imSampled: 222.807857792,0.213751308709
----------------------------
Below is paramLists, check if below values match:
['initialize', 'EtaPi::Positive::D1+', 'cartesian', '36.7200166631504', '0', 'real\n']
Amps from param_init.cfg: D1+
realAmp: 36.7200166632
imAmp: 0.0
Sampling from the below ranges
real_low, real_up: 36.7200166632, 36.7200166632
im_low, im_up: 0.0, 0.0
realSampled, imSampled: 36.7200166632,0.0
----------------------------
length of realAmps, imAmps, isreal is good!
fit -c bin_6-seed0.cfg -s seed0-param_init.cfg
THIS IS ITERATION 0
num_lines: 7 should equal the total number of waves!
Bin_6 converged with this set of initialization!


**********************************************************************
***************************** NEXT SEED *********************************

Running on seed,seedNum,binNum=195368212,0,12
================   bin_12    =================
current working directory: /d/grid15/ln16/pi0eta/092419/amptools/analysis/divideRoot/bin_12
Copying bin_12-seed0.cfg from bin_12.cfg
--------------------------------------------------
sed -i s/bin_12/bin_12-seed0/g bin_12-seed0.cfg
We will use the converged values instead of randomly sampling around them!
Opening: /d/grid15/ln16/pi0eta/092419/amptools/analysis/divideRoot/bin_12/param_init.cfg
Below is paramLists, check if below values match:
['initialize', 'EtaPi::Negative::S0-', 'cartesian', '422.038403940678', '0', 'real\n']
Amps from param_init.cfg: S0-
realAmp: 422.038403941
imAmp: 0.0
Sampling from the below ranges
real_low, real_up: 422.038403941, 422.038403941
im_low, im_up: 0.0, 0.0
realSampled, imSampled: 422.038403941,0.0
----------------------------
Below is paramLists, check if below values match:
['initialize', 'EtaPi::Negative::P0-', 'cartesian', '-184.513863459279', '646.538016848524\n']
Amps from param_init.cfg: P0-
realAmp: -184.513863459
imAmp: 646.538016849
Sampling from the below ranges
real_low, real_up: -184.513863459, -184.513863459
im_low, im_up: 646.538016849, 646.538016849
realSampled, imSampled: -184.513863459,646.538016849
----------------------------
Below is paramLists, check if below values match:
['initialize', 'EtaPi::Negative::P1-', 'cartesian', '156.33395531702', '-676.431334368618\n']
Amps from param_init.cfg: P1-
realAmp: 156.333955317
imAmp: -676.431334369
Sampling from the below ranges
real_low, real_up: 156.333955317, 156.333955317
im_low, im_up: -676.431334369, -676.431334369
realSampled, imSampled: 156.333955317,-676.431334369
----------------------------
Below is paramLists, check if below values match:
['initialize', 'EtaPi::Negative::D0-', 'cartesian', '135.255220653301', '63.7287327967059\n']
Amps from param_init.cfg: D0-
realAmp: 135.255220653
imAmp: 63.7287327967
Sampling from the below ranges
real_low, real_up: 135.255220653, 135.255220653
im_low, im_up: 63.7287327967, 63.7287327967
realSampled, imSampled: 135.255220653,63.7287327967
----------------------------
Below is paramLists, check if below values match:
['initialize', 'EtaPi::Negative::D1-', 'cartesian', '349.833721377959', '338.592776478551\n']
Amps from param_init.cfg: D1-
realAmp: 349.833721378
imAmp: 338.592776479
Sampling from the below ranges
real_low, real_up: 349.833721378, 349.833721378
im_low, im_up: 338.592776479, 338.592776479
realSampled, imSampled: 349.833721378,338.592776479
----------------------------
Below is paramLists, check if below values match:
['initialize', 'EtaPi::Positive::P1+', 'cartesian', '640.265216222514', '0.164394664149702\n']
Amps from param_init.cfg: P1+
realAmp: 640.265216223
imAmp: 0.16439466415
Sampling from the below ranges
real_low, real_up: 640.265216223, 640.265216223
im_low, im_up: 0.16439466415, 0.16439466415
realSampled, imSampled: 640.265216223,0.16439466415
----------------------------
Below is paramLists, check if below values match:
['initialize', 'EtaPi::Positive::D1+', 'cartesian', '-14.7631125153785', '0', 'real\n']
Amps from param_init.cfg: D1+
realAmp: -14.7631125154
imAmp: 0.0
Sampling from the below ranges
real_low, real_up: -14.7631125154, -14.7631125154
im_low, im_up: 0.0, 0.0
realSampled, imSampled: -14.7631125154,0.0
----------------------------
length of realAmps, imAmps, isreal is good!
fit -c bin_12-seed0.cfg -s seed0-param_init.cfg
THIS IS ITERATION 0
num_lines: 7 should equal the total number of waves!
Bin_12 converged with this set of initialization!


**********************************************************************
***************************** NEXT SEED *********************************

Running on seed,seedNum,binNum=195368212,0,18
================   bin_18    =================
current working directory: /d/grid15/ln16/pi0eta/092419/amptools/analysis/divideRoot/bin_18
Copying bin_18-seed0.cfg from bin_18.cfg
--------------------------------------------------
sed -i s/bin_18/bin_18-seed0/g bin_18-seed0.cfg
We will use the converged values instead of randomly sampling around them!
Opening: /d/grid15/ln16/pi0eta/092419/amptools/analysis/divideRoot/bin_18/param_init.cfg
Below is paramLists, check if below values match:
['initialize', 'EtaPi::Negative::S0-', 'cartesian', '-229.097634891554', '0', 'real\n']
Amps from param_init.cfg: S0-
realAmp: -229.097634892
imAmp: 0.0
Sampling from the below ranges
real_low, real_up: -229.097634892, -229.097634892
im_low, im_up: 0.0, 0.0
realSampled, imSampled: -229.097634892,0.0
----------------------------
Below is paramLists, check if below values match:
['initialize', 'EtaPi::Negative::P0-', 'cartesian', '151.09021723749', '382.586268158496\n']
Amps from param_init.cfg: P0-
realAmp: 151.090217237
imAmp: 382.586268158
Sampling from the below ranges
real_low, real_up: 151.090217237, 151.090217237
im_low, im_up: 382.586268158, 382.586268158
realSampled, imSampled: 151.090217237,382.586268158
----------------------------
Below is paramLists, check if below values match:
['initialize', 'EtaPi::Negative::P1-', 'cartesian', '-48.4227146069172', '-135.49633915777\n']
Amps from param_init.cfg: P1-
realAmp: -48.4227146069
imAmp: -135.496339158
Sampling from the below ranges
real_low, real_up: -48.4227146069, -48.4227146069
im_low, im_up: -135.496339158, -135.496339158
realSampled, imSampled: -48.4227146069,-135.496339158
----------------------------
Below is paramLists, check if below values match:
['initialize', 'EtaPi::Negative::D0-', 'cartesian', '266.973971162918', '-81.5982759763447\n']
Amps from param_init.cfg: D0-
realAmp: 266.973971163
imAmp: -81.5982759763
Sampling from the below ranges
real_low, real_up: 266.973971163, 266.973971163
im_low, im_up: -81.5982759763, -81.5982759763
realSampled, imSampled: 266.973971163,-81.5982759763
----------------------------
Below is paramLists, check if below values match:
['initialize', 'EtaPi::Negative::D1-', 'cartesian', '-49.4206853723919', '85.9473948258826\n']
Amps from param_init.cfg: D1-
realAmp: -49.4206853724
imAmp: 85.9473948259
Sampling from the below ranges
real_low, real_up: -49.4206853724, -49.4206853724
im_low, im_up: 85.9473948259, 85.9473948259
realSampled, imSampled: -49.4206853724,85.9473948259
----------------------------
Below is paramLists, check if below values match:
['initialize', 'EtaPi::Positive::P1+', 'cartesian', '0.0802060198032269', '-0.00117987239695796\n']
Amps from param_init.cfg: P1+
realAmp: 0.0802060198032
imAmp: -0.00117987239696
Sampling from the below ranges
real_low, real_up: 0.0802060198032, 0.0802060198032
im_low, im_up: -0.00117987239696, -0.00117987239696
realSampled, imSampled: 0.0802060198032,-0.00117987239696
----------------------------
Below is paramLists, check if below values match:
['initialize', 'EtaPi::Positive::D1+', 'cartesian', '0.0665394035577252', '0', 'real\n']
Amps from param_init.cfg: D1+
realAmp: 0.0665394035577
imAmp: 0.0
Sampling from the below ranges
real_low, real_up: 0.0665394035577, 0.0665394035577
im_low, im_up: 0.0, 0.0
realSampled, imSampled: 0.0665394035577,0.0
----------------------------
length of realAmps, imAmps, isreal is good!
fit -c bin_18-seed0.cfg -s seed0-param_init.cfg
THIS IS ITERATION 0
num_lines: 7 should equal the total number of waves!
Bin_18 converged with this set of initialization!


**********************************************************************
***************************** NEXT SEED *********************************

Running on seed,seedNum,binNum=195368212,0,24
================   bin_24    =================
current working directory: /d/grid15/ln16/pi0eta/092419/amptools/analysis/divideRoot/bin_24
Copying bin_24-seed0.cfg from bin_24.cfg
--------------------------------------------------
sed -i s/bin_24/bin_24-seed0/g bin_24-seed0.cfg
We will use the converged values instead of randomly sampling around them!
Opening: /d/grid15/ln16/pi0eta/092419/amptools/analysis/divideRoot/bin_24/param_init.cfg
Below is paramLists, check if below values match:
['initialize', 'EtaPi::Negative::S0-', 'cartesian', '6.60839104623721', '0', 'real\n']
Amps from param_init.cfg: S0-
realAmp: 6.60839104624
imAmp: 0.0
Sampling from the below ranges
real_low, real_up: 6.60839104624, 6.60839104624
im_low, im_up: 0.0, 0.0
realSampled, imSampled: 6.60839104624,0.0
----------------------------
Below is paramLists, check if below values match:
['initialize', 'EtaPi::Negative::P0-', 'cartesian', '68.7786314505525', '166.203947592651\n']
Amps from param_init.cfg: P0-
realAmp: 68.7786314506
imAmp: 166.203947593
Sampling from the below ranges
real_low, real_up: 68.7786314506, 68.7786314506
im_low, im_up: 166.203947593, 166.203947593
realSampled, imSampled: 68.7786314506,166.203947593
----------------------------
Below is paramLists, check if below values match:
['initialize', 'EtaPi::Negative::P1-', 'cartesian', '-136.496520129299', '-138.298591288768\n']
Amps from param_init.cfg: P1-
realAmp: -136.496520129
imAmp: -138.298591289
Sampling from the below ranges
real_low, real_up: -136.496520129, -136.496520129
im_low, im_up: -138.298591289, -138.298591289
realSampled, imSampled: -136.496520129,-138.298591289
----------------------------
Below is paramLists, check if below values match:
['initialize', 'EtaPi::Negative::D0-', 'cartesian', '436.434528536769', '-467.748109585769\n']
Amps from param_init.cfg: D0-
realAmp: 436.434528537
imAmp: -467.748109586
Sampling from the below ranges
real_low, real_up: 436.434528537, 436.434528537
im_low, im_up: -467.748109586, -467.748109586
realSampled, imSampled: 436.434528537,-467.748109586
----------------------------
Below is paramLists, check if below values match:
['initialize', 'EtaPi::Negative::D1-', 'cartesian', '114.871297062846', '127.576785599144\n']
Amps from param_init.cfg: D1-
realAmp: 114.871297063
imAmp: 127.576785599
Sampling from the below ranges
real_low, real_up: 114.871297063, 114.871297063
im_low, im_up: 127.576785599, 127.576785599
realSampled, imSampled: 114.871297063,127.576785599
----------------------------
Below is paramLists, check if below values match:
['initialize', 'EtaPi::Positive::P1+', 'cartesian', '125.908239004112', '-1.86668847355443\n']
Amps from param_init.cfg: P1+
realAmp: 125.908239004
imAmp: -1.86668847355
Sampling from the below ranges
real_low, real_up: 125.908239004, 125.908239004
im_low, im_up: -1.86668847355, -1.86668847355
realSampled, imSampled: 125.908239004,-1.86668847355
----------------------------
Below is paramLists, check if below values match:
['initialize', 'EtaPi::Positive::D1+', 'cartesian', '-19.2304012683375', '0', 'real\n']
Amps from param_init.cfg: D1+
realAmp: -19.2304012683
imAmp: 0.0
Sampling from the below ranges
real_low, real_up: -19.2304012683, -19.2304012683
im_low, im_up: 0.0, 0.0
realSampled, imSampled: -19.2304012683,0.0
----------------------------
length of realAmps, imAmps, isreal is good!
fit -c bin_24-seed0.cfg -s seed0-param_init.cfg
seed0-param_init.cfg is somehow not made reason below:!
The seed was not made because the fit did not converge!
THIS IS ITERATION 0
num_lines: 0 should equal the total number of waves!
Bin_24 did not converge with this set of initialization!
======================== NEXT ATTEMPT =========================
=======================================================
sed -i s/bin_24/bin_24-seed0/g bin_24-seed0.cfg
using percentDeviation as: 0.3
using baseDeviation as: 30
Opening: /d/grid15/ln16/pi0eta/092419/amptools/analysis/divideRoot/bin_24/param_init.cfg
Below is paramLists, check if below values match:
['initialize', 'EtaPi::Negative::S0-', 'cartesian', '6.60839104623721', '0', 'real\n']
Amps from param_init.cfg: S0-
realAmp: 6.60839104624
imAmp: 0.0
Sampling from the below ranges
real_low, real_up: -25.3741262676, 38.5909083601
im_low, im_up: -30.0, 30.0
realSampled, imSampled: -14.0399627555,0.0
----------------------------
Below is paramLists, check if below values match:
['initialize', 'EtaPi::Negative::P0-', 'cartesian', '68.7786314505525', '166.203947592651\n']
Amps from param_init.cfg: P0-
realAmp: 68.7786314506
imAmp: 166.203947593
Sampling from the below ranges
real_low, real_up: 18.1450420154, 119.412220886
im_low, im_up: 86.3427633149, 246.06513187
realSampled, imSampled: 54.1863376713,172.032547879
----------------------------
Below is paramLists, check if below values match:
['initialize', 'EtaPi::Negative::P1-', 'cartesian', '-136.496520129299', '-138.298591288768\n']
Amps from param_init.cfg: P1-
realAmp: -136.496520129
imAmp: -138.298591289
Sampling from the below ranges
real_low, real_up: -125.547564091, -147.445476168
im_low, im_up: -126.809013902, -149.788168675
realSampled, imSampled: -130.873397698,-129.487103171
----------------------------
Below is paramLists, check if below values match:
['initialize', 'EtaPi::Negative::D0-', 'cartesian', '436.434528536769', '-467.748109585769\n']
Amps from param_init.cfg: D0-
realAmp: 436.434528537
imAmp: -467.748109586
Sampling from the below ranges
real_low, real_up: 275.504169976, 597.364887098
im_low, im_up: -357.42367671, -578.072542461
realSampled, imSampled: 412.311423761,-509.916201956
----------------------------
Below is paramLists, check if below values match:
['initialize', 'EtaPi::Negative::D1-', 'cartesian', '114.871297062846', '127.576785599144\n']
Amps from param_init.cfg: D1-
realAmp: 114.871297063
imAmp: 127.576785599
Sampling from the below ranges
real_low, real_up: 50.409907944, 179.332686182
im_low, im_up: 59.3037499194, 195.849821279
realSampled, imSampled: 161.310006449,61.7394886164
----------------------------
Below is paramLists, check if below values match:
['initialize', 'EtaPi::Positive::P1+', 'cartesian', '125.908239004112', '-1.86668847355443\n']
Amps from param_init.cfg: P1+
realAmp: 125.908239004
imAmp: -1.86668847355
Sampling from the below ranges
real_low, real_up: 58.1357673029, 193.680710705
im_low, im_up: -31.3066819315, 27.5733049844
realSampled, imSampled: 93.8744579754,21.1836077079
----------------------------
Below is paramLists, check if below values match:
['initialize', 'EtaPi::Positive::D1+', 'cartesian', '-19.2304012683375', '0', 'real\n']
Amps from param_init.cfg: D1+
realAmp: -19.2304012683
imAmp: 0.0
Sampling from the below ranges
real_low, real_up: -43.4612808878, 5.00047835116
im_low, im_up: -30.0, 30.0
realSampled, imSampled: -3.21251818791,0.0
----------------------------
length of realAmps, imAmps, isreal is good!
fit -c bin_24-seed0.cfg -s seed0-param_init.cfg
seed0-param_init.cfg is somehow not made reason below:!
The seed was not made because the fit did not converge!
THIS IS ITERATION 1
num_lines: 0 should equal the total number of waves!
Bin_24 did not converge with this set of initialization!
======================== NEXT ATTEMPT =========================
=======================================================
sed -i s/bin_24/bin_24-seed0/g bin_24-seed0.cfg
using percentDeviation as: 0.3
using baseDeviation as: 30
Opening: /d/grid15/ln16/pi0eta/092419/amptools/analysis/divideRoot/bin_24/param_init.cfg
Below is paramLists, check if below values match:
['initialize', 'EtaPi::Negative::S0-', 'cartesian', '6.60839104623721', '0', 'real\n']
Amps from param_init.cfg: S0-
realAmp: 6.60839104624
imAmp: 0.0
Sampling from the below ranges
real_low, real_up: -25.3741262676, 38.5909083601
im_low, im_up: -30.0, 30.0
realSampled, imSampled: 11.7284328915,0.0
----------------------------
Below is paramLists, check if below values match:
['initialize', 'EtaPi::Negative::P0-', 'cartesian', '68.7786314505525', '166.203947592651\n']
Amps from param_init.cfg: P0-
realAmp: 68.7786314506
imAmp: 166.203947593
Sampling from the below ranges
real_low, real_up: 18.1450420154, 119.412220886
im_low, im_up: 86.3427633149, 246.06513187
realSampled, imSampled: 41.0655795079,179.528568071
----------------------------
Below is paramLists, check if below values match:
['initialize', 'EtaPi::Negative::P1-', 'cartesian', '-136.496520129299', '-138.298591288768\n']
Amps from param_init.cfg: P1-
realAmp: -136.496520129
imAmp: -138.298591289
Sampling from the below ranges
real_low, real_up: -125.547564091, -147.445476168
im_low, im_up: -126.809013902, -149.788168675
realSampled, imSampled: -128.870294858,-131.393393378
----------------------------
Below is paramLists, check if below values match:
['initialize', 'EtaPi::Negative::D0-', 'cartesian', '436.434528536769', '-467.748109585769\n']
Amps from param_init.cfg: D0-
realAmp: 436.434528537
imAmp: -467.748109586
Sampling from the below ranges
real_low, real_up: 275.504169976, 597.364887098
im_low, im_up: -357.42367671, -578.072542461
realSampled, imSampled: 401.528416709,-490.138448623
----------------------------
Below is paramLists, check if below values match:
['initialize', 'EtaPi::Negative::D1-', 'cartesian', '114.871297062846', '127.576785599144\n']
Amps from param_init.cfg: D1-
realAmp: 114.871297063
imAmp: 127.576785599
Sampling from the below ranges
real_low, real_up: 50.409907944, 179.332686182
im_low, im_up: 59.3037499194, 195.849821279
realSampled, imSampled: 129.741034731,93.1062090523
----------------------------
Below is paramLists, check if below values match:
['initialize', 'EtaPi::Positive::P1+', 'cartesian', '125.908239004112', '-1.86668847355443\n']
Amps from param_init.cfg: P1+
realAmp: 125.908239004
imAmp: -1.86668847355
Sampling from the below ranges
real_low, real_up: 58.1357673029, 193.680710705
im_low, im_up: -31.3066819315, 27.5733049844
realSampled, imSampled: 165.17013823,-20.9822803629
----------------------------
Below is paramLists, check if below values match:
['initialize', 'EtaPi::Positive::D1+', 'cartesian', '-19.2304012683375', '0', 'real\n']
Amps from param_init.cfg: D1+
realAmp: -19.2304012683
imAmp: 0.0
Sampling from the below ranges
real_low, real_up: -43.4612808878, 5.00047835116
im_low, im_up: -30.0, 30.0
realSampled, imSampled: -36.152521244,0.0
----------------------------
length of realAmps, imAmps, isreal is good!
fit -c bin_24-seed0.cfg -s seed0-param_init.cfg
THIS IS ITERATION 2
num_lines: 7 should equal the total number of waves!
Bin_24 converged with this set of initialization!


**********************************************************************
***************************** NEXT SEED *********************************

Running on seed,seedNum,binNum=195368212,0,30
================   bin_30    =================
current working directory: /d/grid15/ln16/pi0eta/092419/amptools/analysis/divideRoot/bin_30
Copying bin_30-seed0.cfg from bin_30.cfg
--------------------------------------------------
sed -i s/bin_30/bin_30-seed0/g bin_30-seed0.cfg
We will use the converged values instead of randomly sampling around them!
Opening: /d/grid15/ln16/pi0eta/092419/amptools/analysis/divideRoot/bin_30/param_init.cfg
Below is paramLists, check if below values match:
['initialize', 'EtaPi::Negative::S0-', 'cartesian', '269.154320592864', '0', 'real\n']
Amps from param_init.cfg: S0-
realAmp: 269.154320593
imAmp: 0.0
Sampling from the below ranges
real_low, real_up: 269.154320593, 269.154320593
im_low, im_up: 0.0, 0.0
realSampled, imSampled: 269.154320593,0.0
----------------------------
Below is paramLists, check if below values match:
['initialize', 'EtaPi::Negative::P0-', 'cartesian', '-151.661751636639', '-161.257855877801\n']
Amps from param_init.cfg: P0-
realAmp: -151.661751637
imAmp: -161.257855878
Sampling from the below ranges
real_low, real_up: -151.661751637, -151.661751637
im_low, im_up: -161.257855878, -161.257855878
realSampled, imSampled: -151.661751637,-161.257855878
----------------------------
Below is paramLists, check if below values match:
['initialize', 'EtaPi::Negative::P1-', 'cartesian', '141.181126427805', '59.7141222833262\n']
Amps from param_init.cfg: P1-
realAmp: 141.181126428
imAmp: 59.7141222833
Sampling from the below ranges
real_low, real_up: 141.181126428, 141.181126428
im_low, im_up: 59.7141222833, 59.7141222833
realSampled, imSampled: 141.181126428,59.7141222833
----------------------------
Below is paramLists, check if below values match:
['initialize', 'EtaPi::Negative::D0-', 'cartesian', '47.8390682803475', '952.044630410826\n']
Amps from param_init.cfg: D0-
realAmp: 47.8390682803
imAmp: 952.044630411
Sampling from the below ranges
real_low, real_up: 47.8390682803, 47.8390682803
im_low, im_up: 952.044630411, 952.044630411
realSampled, imSampled: 47.8390682803,952.044630411
----------------------------
Below is paramLists, check if below values match:
['initialize', 'EtaPi::Negative::D1-', 'cartesian', '-10.2459992788834', '-81.2742829863177\n']
Amps from param_init.cfg: D1-
realAmp: -10.2459992789
imAmp: -81.2742829863
Sampling from the below ranges
real_low, real_up: -10.2459992789, -10.2459992789
im_low, im_up: -81.2742829863, -81.2742829863
realSampled, imSampled: -10.2459992789,-81.2742829863
----------------------------
Below is paramLists, check if below values match:
['initialize', 'EtaPi::Positive::P1+', 'cartesian', '69.3386027987538', '-0.0485293590395912\n']
Amps from param_init.cfg: P1+
realAmp: 69.3386027988
imAmp: -0.0485293590396
Sampling from the below ranges
real_low, real_up: 69.3386027988, 69.3386027988
im_low, im_up: -0.0485293590396, -0.0485293590396
realSampled, imSampled: 69.3386027988,-0.0485293590396
----------------------------
Below is paramLists, check if below values match:
['initialize', 'EtaPi::Positive::D1+', 'cartesian', '38.2597594017943', '0', 'real\n']
Amps from param_init.cfg: D1+
realAmp: 38.2597594018
imAmp: 0.0
Sampling from the below ranges
real_low, real_up: 38.2597594018, 38.2597594018
im_low, im_up: 0.0, 0.0
realSampled, imSampled: 38.2597594018,0.0
----------------------------
length of realAmps, imAmps, isreal is good!
fit -c bin_30-seed0.cfg -s seed0-param_init.cfg
THIS IS ITERATION 0
num_lines: 7 should equal the total number of waves!
Bin_30 converged with this set of initialization!


**********************************************************************
***************************** NEXT SEED *********************************

Running on seed,seedNum,binNum=195368212,0,36
================   bin_36    =================
current working directory: /d/grid15/ln16/pi0eta/092419/amptools/analysis/divideRoot/bin_36
Copying bin_36-seed0.cfg from bin_36.cfg
--------------------------------------------------
sed -i s/bin_36/bin_36-seed0/g bin_36-seed0.cfg
We will use the converged values instead of randomly sampling around them!
Opening: /d/grid15/ln16/pi0eta/092419/amptools/analysis/divideRoot/bin_36/param_init.cfg
Below is paramLists, check if below values match:
['initialize', 'EtaPi::Negative::S0-', 'cartesian', '105.423619892566', '0', 'real\n']
Amps from param_init.cfg: S0-
realAmp: 105.423619893
imAmp: 0.0
Sampling from the below ranges
real_low, real_up: 105.423619893, 105.423619893
im_low, im_up: 0.0, 0.0
realSampled, imSampled: 105.423619893,0.0
----------------------------
Below is paramLists, check if below values match:
['initialize', 'EtaPi::Negative::P0-', 'cartesian', '-86.7680341275448', '-0.85459430080807\n']
Amps from param_init.cfg: P0-
realAmp: -86.7680341275
imAmp: -0.854594300808
Sampling from the below ranges
real_low, real_up: -86.7680341275, -86.7680341275
im_low, im_up: -0.854594300808, -0.854594300808
realSampled, imSampled: -86.7680341275,-0.854594300808
----------------------------
Below is paramLists, check if below values match:
['initialize', 'EtaPi::Negative::P1-', 'cartesian', '165.701721635771', '135.55645820948\n']
Amps from param_init.cfg: P1-
realAmp: 165.701721636
imAmp: 135.556458209
Sampling from the below ranges
real_low, real_up: 165.701721636, 165.701721636
im_low, im_up: 135.556458209, 135.556458209
realSampled, imSampled: 165.701721636,135.556458209
----------------------------
Below is paramLists, check if below values match:
['initialize', 'EtaPi::Negative::D0-', 'cartesian', '365.97604869316', '-230.503750836402\n']
Amps from param_init.cfg: D0-
realAmp: 365.976048693
imAmp: -230.503750836
Sampling from the below ranges
real_low, real_up: 365.976048693, 365.976048693
im_low, im_up: -230.503750836, -230.503750836
realSampled, imSampled: 365.976048693,-230.503750836
----------------------------
Below is paramLists, check if below values match:
['initialize', 'EtaPi::Negative::D1-', 'cartesian', '-89.1718035487592', '-31.4166319820494\n']
Amps from param_init.cfg: D1-
realAmp: -89.1718035488
imAmp: -31.416631982
Sampling from the below ranges
real_low, real_up: -89.1718035488, -89.1718035488
im_low, im_up: -31.416631982, -31.416631982
realSampled, imSampled: -89.1718035488,-31.416631982
----------------------------
Below is paramLists, check if below values match:
['initialize', 'EtaPi::Positive::P1+', 'cartesian', '136.275973601376', '-20.8853870844388\n']
Amps from param_init.cfg: P1+
realAmp: 136.275973601
imAmp: -20.8853870844
Sampling from the below ranges
real_low, real_up: 136.275973601, 136.275973601
im_low, im_up: -20.8853870844, -20.8853870844
realSampled, imSampled: 136.275973601,-20.8853870844
----------------------------
Below is paramLists, check if below values match:
['initialize', 'EtaPi::Positive::D1+', 'cartesian', '-4.93168259658234', '0', 'real\n']
Amps from param_init.cfg: D1+
realAmp: -4.93168259658
imAmp: 0.0
Sampling from the below ranges
real_low, real_up: -4.93168259658, -4.93168259658
im_low, im_up: 0.0, 0.0
realSampled, imSampled: -4.93168259658,0.0
----------------------------
length of realAmps, imAmps, isreal is good!
fit -c bin_36-seed0.cfg -s seed0-param_init.cfg
THIS IS ITERATION 0
num_lines: 7 should equal the total number of waves!
Bin_36 converged with this set of initialization!


**********************************************************************
***************************** NEXT SEED *********************************

Running on seed,seedNum,binNum=195368212,0,42
================   bin_42    =================
current working directory: /d/grid15/ln16/pi0eta/092419/amptools/analysis/divideRoot/bin_42
Copying bin_42-seed0.cfg from bin_42.cfg
--------------------------------------------------
sed -i s/bin_42/bin_42-seed0/g bin_42-seed0.cfg
We will use the converged values instead of randomly sampling around them!
Opening: /d/grid15/ln16/pi0eta/092419/amptools/analysis/divideRoot/bin_42/param_init.cfg
Below is paramLists, check if below values match:
['initialize', 'EtaPi::Negative::S0-', 'cartesian', '287.282307542414', '0', 'real\n']
Amps from param_init.cfg: S0-
realAmp: 287.282307542
imAmp: 0.0
Sampling from the below ranges
real_low, real_up: 287.282307542, 287.282307542
im_low, im_up: 0.0, 0.0
realSampled, imSampled: 287.282307542,0.0
----------------------------
Below is paramLists, check if below values match:
['initialize', 'EtaPi::Negative::P0-', 'cartesian', '-57.7497955850083', '-48.7753410249283\n']
Amps from param_init.cfg: P0-
realAmp: -57.749795585
imAmp: -48.7753410249
Sampling from the below ranges
real_low, real_up: -57.749795585, -57.749795585
im_low, im_up: -48.7753410249, -48.7753410249
realSampled, imSampled: -57.749795585,-48.7753410249
----------------------------
Below is paramLists, check if below values match:
['initialize', 'EtaPi::Negative::P1-', 'cartesian', '48.1839763571831', '69.4369513332809\n']
Amps from param_init.cfg: P1-
realAmp: 48.1839763572
imAmp: 69.4369513333
Sampling from the below ranges
real_low, real_up: 48.1839763572, 48.1839763572
im_low, im_up: 69.4369513333, 69.4369513333
realSampled, imSampled: 48.1839763572,69.4369513333
----------------------------
Below is paramLists, check if below values match:
['initialize', 'EtaPi::Negative::D0-', 'cartesian', '75.3399573299814', '429.035538900402\n']
Amps from param_init.cfg: D0-
realAmp: 75.33995733
imAmp: 429.0355389
Sampling from the below ranges
real_low, real_up: 75.33995733, 75.33995733
im_low, im_up: 429.0355389, 429.0355389
realSampled, imSampled: 75.33995733,429.0355389
----------------------------
Below is paramLists, check if below values match:
['initialize', 'EtaPi::Negative::D1-', 'cartesian', '-4.63958847393329', '-102.970201053784\n']
Amps from param_init.cfg: D1-
realAmp: -4.63958847393
imAmp: -102.970201054
Sampling from the below ranges
real_low, real_up: -4.63958847393, -4.63958847393
im_low, im_up: -102.970201054, -102.970201054
realSampled, imSampled: -4.63958847393,-102.970201054
----------------------------
Below is paramLists, check if below values match:
['initialize', 'EtaPi::Positive::P1+', 'cartesian', '0.00807660309175805', '0.0198396465982963\n']
Amps from param_init.cfg: P1+
realAmp: 0.00807660309176
imAmp: 0.0198396465983
Sampling from the below ranges
real_low, real_up: 0.00807660309176, 0.00807660309176
im_low, im_up: 0.0198396465983, 0.0198396465983
realSampled, imSampled: 0.00807660309176,0.0198396465983
----------------------------
Below is paramLists, check if below values match:
['initialize', 'EtaPi::Positive::D1+', 'cartesian', '0.00904644275126498', '0', 'real\n']
Amps from param_init.cfg: D1+
realAmp: 0.00904644275126
imAmp: 0.0
Sampling from the below ranges
real_low, real_up: 0.00904644275126, 0.00904644275126
im_low, im_up: 0.0, 0.0
realSampled, imSampled: 0.00904644275126,0.0
----------------------------
length of realAmps, imAmps, isreal is good!
fit -c bin_42-seed0.cfg -s seed0-param_init.cfg
THIS IS ITERATION 0
num_lines: 7 should equal the total number of waves!
Bin_42 converged with this set of initialization!


**********************************************************************
***************************** NEXT SEED *********************************

Running on seed,seedNum,binNum=195368212,0,48
================   bin_48    =================
current working directory: /d/grid15/ln16/pi0eta/092419/amptools/analysis/divideRoot/bin_48
Copying bin_48-seed0.cfg from bin_48.cfg
--------------------------------------------------
sed -i s/bin_48/bin_48-seed0/g bin_48-seed0.cfg
We will use the converged values instead of randomly sampling around them!
Opening: /d/grid15/ln16/pi0eta/092419/amptools/analysis/divideRoot/bin_48/param_init.cfg
Below is paramLists, check if below values match:
['initialize', 'EtaPi::Negative::S0-', 'cartesian', '41.920201915696', '0', 'real\n']
Amps from param_init.cfg: S0-
realAmp: 41.9202019157
imAmp: 0.0
Sampling from the below ranges
real_low, real_up: 41.9202019157, 41.9202019157
im_low, im_up: 0.0, 0.0
realSampled, imSampled: 41.9202019157,0.0
----------------------------
Below is paramLists, check if below values match:
['initialize', 'EtaPi::Negative::P0-', 'cartesian', '-194.251842227739', '-23.0556559602583\n']
Amps from param_init.cfg: P0-
realAmp: -194.251842228
imAmp: -23.0556559603
Sampling from the below ranges
real_low, real_up: -194.251842228, -194.251842228
im_low, im_up: -23.0556559603, -23.0556559603
realSampled, imSampled: -194.251842228,-23.0556559603
----------------------------
Below is paramLists, check if below values match:
['initialize', 'EtaPi::Negative::P1-', 'cartesian', '148.389595994063', '-53.0889555349536\n']
Amps from param_init.cfg: P1-
realAmp: 148.389595994
imAmp: -53.088955535
Sampling from the below ranges
real_low, real_up: 148.389595994, 148.389595994
im_low, im_up: -53.088955535, -53.088955535
realSampled, imSampled: 148.389595994,-53.088955535
----------------------------
Below is paramLists, check if below values match:
['initialize', 'EtaPi::Negative::D0-', 'cartesian', '220.789124895649', '574.755004339512\n']
Amps from param_init.cfg: D0-
realAmp: 220.789124896
imAmp: 574.75500434
Sampling from the below ranges
real_low, real_up: 220.789124896, 220.789124896
im_low, im_up: 574.75500434, 574.75500434
realSampled, imSampled: 220.789124896,574.75500434
----------------------------
Below is paramLists, check if below values match:
['initialize', 'EtaPi::Negative::D1-', 'cartesian', '-131.294891470128', '-24.3875850280392\n']
Amps from param_init.cfg: D1-
realAmp: -131.29489147
imAmp: -24.387585028
Sampling from the below ranges
real_low, real_up: -131.29489147, -131.29489147
im_low, im_up: -24.387585028, -24.387585028
realSampled, imSampled: -131.29489147,-24.387585028
----------------------------
Below is paramLists, check if below values match:
['initialize', 'EtaPi::Positive::P1+', 'cartesian', '76.61739004569', '0.123642766072421\n']
Amps from param_init.cfg: P1+
realAmp: 76.6173900457
imAmp: 0.123642766072
Sampling from the below ranges
real_low, real_up: 76.6173900457, 76.6173900457
im_low, im_up: 0.123642766072, 0.123642766072
realSampled, imSampled: 76.6173900457,0.123642766072
----------------------------
Below is paramLists, check if below values match:
['initialize', 'EtaPi::Positive::D1+', 'cartesian', '-22.6363643651443', '0', 'real\n']
Amps from param_init.cfg: D1+
realAmp: -22.6363643651
imAmp: 0.0
Sampling from the below ranges
real_low, real_up: -22.6363643651, -22.6363643651
im_low, im_up: 0.0, 0.0
realSampled, imSampled: -22.6363643651,0.0
----------------------------
length of realAmps, imAmps, isreal is good!
fit -c bin_48-seed0.cfg -s seed0-param_init.cfg
seed0-param_init.cfg is somehow not made reason below:!
The seed was not made because the fit did not converge!
THIS IS ITERATION 0
num_lines: 0 should equal the total number of waves!
Bin_48 did not converge with this set of initialization!
======================== NEXT ATTEMPT =========================
=======================================================
sed -i s/bin_48/bin_48-seed0/g bin_48-seed0.cfg
using percentDeviation as: 0.3
using baseDeviation as: 30
Opening: /d/grid15/ln16/pi0eta/092419/amptools/analysis/divideRoot/bin_48/param_init.cfg
Below is paramLists, check if below values match:
['initialize', 'EtaPi::Negative::S0-', 'cartesian', '41.920201915696', '0', 'real\n']
Amps from param_init.cfg: S0-
realAmp: 41.9202019157
imAmp: 0.0
Sampling from the below ranges
real_low, real_up: -0.655858659013, 84.4962624904
im_low, im_up: -30.0, 30.0
realSampled, imSampled: -0.432955758443,0.0
----------------------------
Below is paramLists, check if below values match:
['initialize', 'EtaPi::Negative::P0-', 'cartesian', '-194.251842227739', '-23.0556559602583\n']
Amps from param_init.cfg: P0-
realAmp: -194.251842228
imAmp: -23.0556559603
Sampling from the below ranges
real_low, real_up: -165.976289559, -222.527394896
im_low, im_up: -46.1389591722, 0.0276472516642
realSampled, imSampled: -182.81020428,-45.1533624661
----------------------------
Below is paramLists, check if below values match:
['initialize', 'EtaPi::Negative::P1-', 'cartesian', '148.389595994063', '-53.0889555349536\n']
Amps from param_init.cfg: P1-
realAmp: 148.389595994
imAmp: -53.088955535
Sampling from the below ranges
real_low, real_up: 73.8727171958, 222.906474792
im_low, im_up: -67.1622688745, -39.0156421954
realSampled, imSampled: 79.5721889495,-61.2728375033
----------------------------
Below is paramLists, check if below values match:
['initialize', 'EtaPi::Negative::D0-', 'cartesian', '220.789124895649', '574.755004339512\n']
Amps from param_init.cfg: D0-
realAmp: 220.789124896
imAmp: 574.75500434
Sampling from the below ranges
real_low, real_up: 124.552387427, 317.025862364
im_low, im_up: 372.328503038, 777.181505641
realSampled, imSampled: 231.92028213,483.745113868
----------------------------
Below is paramLists, check if below values match:
['initialize', 'EtaPi::Negative::D1-', 'cartesian', '-131.294891470128', '-24.3875850280392\n']
Amps from param_init.cfg: D1-
realAmp: -131.29489147
imAmp: -24.387585028
Sampling from the below ranges
real_low, real_up: -121.906424029, -140.683358911
im_low, im_up: -47.0713095196, -1.70386053645
realSampled, imSampled: -128.782333788,-34.5954789175
----------------------------
Below is paramLists, check if below values match:
['initialize', 'EtaPi::Positive::P1+', 'cartesian', '76.61739004569', '0.123642766072421\n']
Amps from param_init.cfg: P1+
realAmp: 76.6173900457
imAmp: 0.123642766072
Sampling from the below ranges
real_low, real_up: 23.632173032, 129.602607059
im_low, im_up: -29.9134500637, 30.1607355959
realSampled, imSampled: 117.410740686,21.1093592371
----------------------------
Below is paramLists, check if below values match:
['initialize', 'EtaPi::Positive::D1+', 'cartesian', '-22.6363643651443', '0', 'real\n']
Amps from param_init.cfg: D1+
realAmp: -22.6363643651
imAmp: 0.0
Sampling from the below ranges
real_low, real_up: -45.8454550556, 0.572726325312
im_low, im_up: -30.0, 30.0
realSampled, imSampled: -15.4357600817,0.0
----------------------------
length of realAmps, imAmps, isreal is good!
fit -c bin_48-seed0.cfg -s seed0-param_init.cfg
THIS IS ITERATION 1
num_lines: 7 should equal the total number of waves!
Bin_48 converged with this set of initialization!


**********************************************************************
***************************** NEXT SEED *********************************

Running on seed,seedNum,binNum=195368212,0,54
================   bin_54    =================
current working directory: /d/grid15/ln16/pi0eta/092419/amptools/analysis/divideRoot/bin_54
Copying bin_54-seed0.cfg from bin_54.cfg
--------------------------------------------------
sed -i s/bin_54/bin_54-seed0/g bin_54-seed0.cfg
We will use the converged values instead of randomly sampling around them!
Opening: /d/grid15/ln16/pi0eta/092419/amptools/analysis/divideRoot/bin_54/param_init.cfg
Below is paramLists, check if below values match:
['initialize', 'EtaPi::Negative::S0-', 'cartesian', '42.8174951836812', '0', 'real\n']
Amps from param_init.cfg: S0-
realAmp: 42.8174951837
imAmp: 0.0
Sampling from the below ranges
real_low, real_up: 42.8174951837, 42.8174951837
im_low, im_up: 0.0, 0.0
realSampled, imSampled: 42.8174951837,0.0
----------------------------
Below is paramLists, check if below values match:
['initialize', 'EtaPi::Negative::P0-', 'cartesian', '6.23461291442103', '-46.8124003553375\n']
Amps from param_init.cfg: P0-
realAmp: 6.23461291442
imAmp: -46.8124003553
Sampling from the below ranges
real_low, real_up: 6.23461291442, 6.23461291442
im_low, im_up: -46.8124003553, -46.8124003553
realSampled, imSampled: 6.23461291442,-46.8124003553
----------------------------
Below is paramLists, check if below values match:
['initialize', 'EtaPi::Negative::P1-', 'cartesian', '55.5615167039509', '57.4192189927161\n']
Amps from param_init.cfg: P1-
realAmp: 55.561516704
imAmp: 57.4192189927
Sampling from the below ranges
real_low, real_up: 55.561516704, 55.561516704
im_low, im_up: 57.4192189927, 57.4192189927
realSampled, imSampled: 55.561516704,57.4192189927
----------------------------
Below is paramLists, check if below values match:
['initialize', 'EtaPi::Negative::D0-', 'cartesian', '-83.9950721510739', '404.909815350883\n']
Amps from param_init.cfg: D0-
realAmp: -83.9950721511
imAmp: 404.909815351
Sampling from the below ranges
real_low, real_up: -83.9950721511, -83.9950721511
im_low, im_up: 404.909815351, 404.909815351
realSampled, imSampled: -83.9950721511,404.909815351
----------------------------
Below is paramLists, check if below values match:
['initialize', 'EtaPi::Negative::D1-', 'cartesian', '-15.4440432457829', '-55.6985386814225\n']
Amps from param_init.cfg: D1-
realAmp: -15.4440432458
imAmp: -55.6985386814
Sampling from the below ranges
real_low, real_up: -15.4440432458, -15.4440432458
im_low, im_up: -55.6985386814, -55.6985386814
realSampled, imSampled: -15.4440432458,-55.6985386814
----------------------------
Below is paramLists, check if below values match:
['initialize', 'EtaPi::Positive::P1+', 'cartesian', '27.8423867921166', '-0.0594276989865154\n']
Amps from param_init.cfg: P1+
realAmp: 27.8423867921
imAmp: -0.0594276989865
Sampling from the below ranges
real_low, real_up: 27.8423867921, 27.8423867921
im_low, im_up: -0.0594276989865, -0.0594276989865
realSampled, imSampled: 27.8423867921,-0.0594276989865
----------------------------
Below is paramLists, check if below values match:
['initialize', 'EtaPi::Positive::D1+', 'cartesian', '-39.1775792307103', '0', 'real\n']
Amps from param_init.cfg: D1+
realAmp: -39.1775792307
imAmp: 0.0
Sampling from the below ranges
real_low, real_up: -39.1775792307, -39.1775792307
im_low, im_up: 0.0, 0.0
realSampled, imSampled: -39.1775792307,0.0
----------------------------
length of realAmps, imAmps, isreal is good!
fit -c bin_54-seed0.cfg -s seed0-param_init.cfg
THIS IS ITERATION 0
num_lines: 7 should equal the total number of waves!
Bin_54 converged with this set of initialization!


**********************************************************************
***************************** NEXT SEED *********************************

Running on seed,seedNum,binNum=812053609,1,0
================   bin_0    =================
current working directory: /d/grid15/ln16/pi0eta/092419/amptools/analysis/divideRoot/bin_0
Copying bin_0-seed1.cfg from bin_0.cfg
--------------------------------------------------
sed -i s/bin_0/bin_0-seed1/g bin_0-seed1.cfg
We will use the converged values instead of randomly sampling around them!
Opening: /d/grid15/ln16/pi0eta/092419/amptools/analysis/divideRoot/bin_0/param_init.cfg
Below is paramLists, check if below values match:
['initialize', 'EtaPi::Negative::S0-', 'cartesian', '62.048985273884', '0', 'real\n']
Amps from param_init.cfg: S0-
realAmp: 62.0489852739
imAmp: 0.0
Sampling from the below ranges
real_low, real_up: 62.0489852739, 62.0489852739
im_low, im_up: 0.0, 0.0
realSampled, imSampled: 62.0489852739,0.0
----------------------------
Below is paramLists, check if below values match:
['initialize', 'EtaPi::Negative::P0-', 'cartesian', '81.906978877017', '78.0710961559748\n']
Amps from param_init.cfg: P0-
realAmp: 81.906978877
imAmp: 78.071096156
Sampling from the below ranges
real_low, real_up: 81.906978877, 81.906978877
im_low, im_up: 78.071096156, 78.071096156
realSampled, imSampled: 81.906978877,78.071096156
----------------------------
Below is paramLists, check if below values match:
['initialize', 'EtaPi::Negative::P1-', 'cartesian', '-111.221322199519', '83.2977025497453\n']
Amps from param_init.cfg: P1-
realAmp: -111.2213222
imAmp: 83.2977025497
Sampling from the below ranges
real_low, real_up: -111.2213222, -111.2213222
im_low, im_up: 83.2977025497, 83.2977025497
realSampled, imSampled: -111.2213222,83.2977025497
----------------------------
Below is paramLists, check if below values match:
['initialize', 'EtaPi::Negative::D0-', 'cartesian', '32.3737851154505', '-55.5992937314549\n']
Amps from param_init.cfg: D0-
realAmp: 32.3737851155
imAmp: -55.5992937315
Sampling from the below ranges
real_low, real_up: 32.3737851155, 32.3737851155
im_low, im_up: -55.5992937315, -55.5992937315
realSampled, imSampled: 32.3737851155,-55.5992937315
----------------------------
Below is paramLists, check if below values match:
['initialize', 'EtaPi::Negative::D1-', 'cartesian', '57.0870830163498', '48.1094086718957\n']
Amps from param_init.cfg: D1-
realAmp: 57.0870830163
imAmp: 48.1094086719
Sampling from the below ranges
real_low, real_up: 57.0870830163, 57.0870830163
im_low, im_up: 48.1094086719, 48.1094086719
realSampled, imSampled: 57.0870830163,48.1094086719
----------------------------
Below is paramLists, check if below values match:
['initialize', 'EtaPi::Positive::P1+', 'cartesian', '32.9177202550132', '-132.511704546222\n']
Amps from param_init.cfg: P1+
realAmp: 32.917720255
imAmp: -132.511704546
Sampling from the below ranges
real_low, real_up: 32.917720255, 32.917720255
im_low, im_up: -132.511704546, -132.511704546
realSampled, imSampled: 32.917720255,-132.511704546
----------------------------
Below is paramLists, check if below values match:
['initialize', 'EtaPi::Positive::D1+', 'cartesian', '-49.1636659863215', '0', 'real\n']
Amps from param_init.cfg: D1+
realAmp: -49.1636659863
imAmp: 0.0
Sampling from the below ranges
real_low, real_up: -49.1636659863, -49.1636659863
im_low, im_up: 0.0, 0.0
realSampled, imSampled: -49.1636659863,0.0
----------------------------
length of realAmps, imAmps, isreal is good!
fit -c bin_0-seed1.cfg -s seed1-param_init.cfg
THIS IS ITERATION 0
num_lines: 7 should equal the total number of waves!
Bin_0 converged with this set of initialization!


**********************************************************************
***************************** NEXT SEED *********************************

Running on seed,seedNum,binNum=812053609,1,6
================   bin_6    =================
current working directory: /d/grid15/ln16/pi0eta/092419/amptools/analysis/divideRoot/bin_6
Copying bin_6-seed1.cfg from bin_6.cfg
--------------------------------------------------
sed -i s/bin_6/bin_6-seed1/g bin_6-seed1.cfg
We will use the converged values instead of randomly sampling around them!
Opening: /d/grid15/ln16/pi0eta/092419/amptools/analysis/divideRoot/bin_6/param_init.cfg
Below is paramLists, check if below values match:
['initialize', 'EtaPi::Negative::S0-', 'cartesian', '228.139162163914', '0', 'real\n']
Amps from param_init.cfg: S0-
realAmp: 228.139162164
imAmp: 0.0
Sampling from the below ranges
real_low, real_up: 228.139162164, 228.139162164
im_low, im_up: 0.0, 0.0
realSampled, imSampled: 228.139162164,0.0
----------------------------
Below is paramLists, check if below values match:
['initialize', 'EtaPi::Negative::P0-', 'cartesian', '-54.1918884611404', '-183.712815663821\n']
Amps from param_init.cfg: P0-
realAmp: -54.1918884611
imAmp: -183.712815664
Sampling from the below ranges
real_low, real_up: -54.1918884611, -54.1918884611
im_low, im_up: -183.712815664, -183.712815664
realSampled, imSampled: -54.1918884611,-183.712815664
----------------------------
Below is paramLists, check if below values match:
['initialize', 'EtaPi::Negative::P1-', 'cartesian', '14.8870757315048', '275.808817171015\n']
Amps from param_init.cfg: P1-
realAmp: 14.8870757315
imAmp: 275.808817171
Sampling from the below ranges
real_low, real_up: 14.8870757315, 14.8870757315
im_low, im_up: 275.808817171, 275.808817171
realSampled, imSampled: 14.8870757315,275.808817171
----------------------------
Below is paramLists, check if below values match:
['initialize', 'EtaPi::Negative::D0-', 'cartesian', '52.1118653524863', '-12.0699361863979\n']
Amps from param_init.cfg: D0-
realAmp: 52.1118653525
imAmp: -12.0699361864
Sampling from the below ranges
real_low, real_up: 52.1118653525, 52.1118653525
im_low, im_up: -12.0699361864, -12.0699361864
realSampled, imSampled: 52.1118653525,-12.0699361864
----------------------------
Below is paramLists, check if below values match:
['initialize', 'EtaPi::Negative::D1-', 'cartesian', '108.586838794234', '-66.369693707595\n']
Amps from param_init.cfg: D1-
realAmp: 108.586838794
imAmp: -66.3696937076
Sampling from the below ranges
real_low, real_up: 108.586838794, 108.586838794
im_low, im_up: -66.3696937076, -66.3696937076
realSampled, imSampled: 108.586838794,-66.3696937076
----------------------------
Below is paramLists, check if below values match:
['initialize', 'EtaPi::Positive::P1+', 'cartesian', '222.807857792165', '0.213751308709241\n']
Amps from param_init.cfg: P1+
realAmp: 222.807857792
imAmp: 0.213751308709
Sampling from the below ranges
real_low, real_up: 222.807857792, 222.807857792
im_low, im_up: 0.213751308709, 0.213751308709
realSampled, imSampled: 222.807857792,0.213751308709
----------------------------
Below is paramLists, check if below values match:
['initialize', 'EtaPi::Positive::D1+', 'cartesian', '36.7200166631504', '0', 'real\n']
Amps from param_init.cfg: D1+
realAmp: 36.7200166632
imAmp: 0.0
Sampling from the below ranges
real_low, real_up: 36.7200166632, 36.7200166632
im_low, im_up: 0.0, 0.0
realSampled, imSampled: 36.7200166632,0.0
----------------------------
length of realAmps, imAmps, isreal is good!
fit -c bin_6-seed1.cfg -s seed1-param_init.cfg
THIS IS ITERATION 0
num_lines: 7 should equal the total number of waves!
Bin_6 converged with this set of initialization!


**********************************************************************
***************************** NEXT SEED *********************************

Running on seed,seedNum,binNum=812053609,1,12
================   bin_12    =================
current working directory: /d/grid15/ln16/pi0eta/092419/amptools/analysis/divideRoot/bin_12
Copying bin_12-seed1.cfg from bin_12.cfg
--------------------------------------------------
sed -i s/bin_12/bin_12-seed1/g bin_12-seed1.cfg
We will use the converged values instead of randomly sampling around them!
Opening: /d/grid15/ln16/pi0eta/092419/amptools/analysis/divideRoot/bin_12/param_init.cfg
Below is paramLists, check if below values match:
['initialize', 'EtaPi::Negative::S0-', 'cartesian', '422.038403940678', '0', 'real\n']
Amps from param_init.cfg: S0-
realAmp: 422.038403941
imAmp: 0.0
Sampling from the below ranges
real_low, real_up: 422.038403941, 422.038403941
im_low, im_up: 0.0, 0.0
realSampled, imSampled: 422.038403941,0.0
----------------------------
Below is paramLists, check if below values match:
['initialize', 'EtaPi::Negative::P0-', 'cartesian', '-184.513863459279', '646.538016848524\n']
Amps from param_init.cfg: P0-
realAmp: -184.513863459
imAmp: 646.538016849
Sampling from the below ranges
real_low, real_up: -184.513863459, -184.513863459
im_low, im_up: 646.538016849, 646.538016849
realSampled, imSampled: -184.513863459,646.538016849
----------------------------
Below is paramLists, check if below values match:
['initialize', 'EtaPi::Negative::P1-', 'cartesian', '156.33395531702', '-676.431334368618\n']
Amps from param_init.cfg: P1-
realAmp: 156.333955317
imAmp: -676.431334369
Sampling from the below ranges
real_low, real_up: 156.333955317, 156.333955317
im_low, im_up: -676.431334369, -676.431334369
realSampled, imSampled: 156.333955317,-676.431334369
----------------------------
Below is paramLists, check if below values match:
['initialize', 'EtaPi::Negative::D0-', 'cartesian', '135.255220653301', '63.7287327967059\n']
Amps from param_init.cfg: D0-
realAmp: 135.255220653
imAmp: 63.7287327967
Sampling from the below ranges
real_low, real_up: 135.255220653, 135.255220653
im_low, im_up: 63.7287327967, 63.7287327967
realSampled, imSampled: 135.255220653,63.7287327967
----------------------------
Below is paramLists, check if below values match:
['initialize', 'EtaPi::Negative::D1-', 'cartesian', '349.833721377959', '338.592776478551\n']
Amps from param_init.cfg: D1-
realAmp: 349.833721378
imAmp: 338.592776479
Sampling from the below ranges
real_low, real_up: 349.833721378, 349.833721378
im_low, im_up: 338.592776479, 338.592776479
realSampled, imSampled: 349.833721378,338.592776479
----------------------------
Below is paramLists, check if below values match:
['initialize', 'EtaPi::Positive::P1+', 'cartesian', '640.265216222514', '0.164394664149702\n']
Amps from param_init.cfg: P1+
realAmp: 640.265216223
imAmp: 0.16439466415
Sampling from the below ranges
real_low, real_up: 640.265216223, 640.265216223
im_low, im_up: 0.16439466415, 0.16439466415
realSampled, imSampled: 640.265216223,0.16439466415
----------------------------
Below is paramLists, check if below values match:
['initialize', 'EtaPi::Positive::D1+', 'cartesian', '-14.7631125153785', '0', 'real\n']
Amps from param_init.cfg: D1+
realAmp: -14.7631125154
imAmp: 0.0
Sampling from the below ranges
real_low, real_up: -14.7631125154, -14.7631125154
im_low, im_up: 0.0, 0.0
realSampled, imSampled: -14.7631125154,0.0
----------------------------
length of realAmps, imAmps, isreal is good!
fit -c bin_12-seed1.cfg -s seed1-param_init.cfg
THIS IS ITERATION 0
num_lines: 7 should equal the total number of waves!
Bin_12 converged with this set of initialization!


**********************************************************************
***************************** NEXT SEED *********************************

Running on seed,seedNum,binNum=812053609,1,18
================   bin_18    =================
current working directory: /d/grid15/ln16/pi0eta/092419/amptools/analysis/divideRoot/bin_18
Copying bin_18-seed1.cfg from bin_18.cfg
--------------------------------------------------
sed -i s/bin_18/bin_18-seed1/g bin_18-seed1.cfg
We will use the converged values instead of randomly sampling around them!
Opening: /d/grid15/ln16/pi0eta/092419/amptools/analysis/divideRoot/bin_18/param_init.cfg
Below is paramLists, check if below values match:
['initialize', 'EtaPi::Negative::S0-', 'cartesian', '-229.097634891554', '0', 'real\n']
Amps from param_init.cfg: S0-
realAmp: -229.097634892
imAmp: 0.0
Sampling from the below ranges
real_low, real_up: -229.097634892, -229.097634892
im_low, im_up: 0.0, 0.0
realSampled, imSampled: -229.097634892,0.0
----------------------------
Below is paramLists, check if below values match:
['initialize', 'EtaPi::Negative::P0-', 'cartesian', '151.09021723749', '382.586268158496\n']
Amps from param_init.cfg: P0-
realAmp: 151.090217237
imAmp: 382.586268158
Sampling from the below ranges
real_low, real_up: 151.090217237, 151.090217237
im_low, im_up: 382.586268158, 382.586268158
realSampled, imSampled: 151.090217237,382.586268158
----------------------------
Below is paramLists, check if below values match:
['initialize', 'EtaPi::Negative::P1-', 'cartesian', '-48.4227146069172', '-135.49633915777\n']
Amps from param_init.cfg: P1-
realAmp: -48.4227146069
imAmp: -135.496339158
Sampling from the below ranges
real_low, real_up: -48.4227146069, -48.4227146069
im_low, im_up: -135.496339158, -135.496339158
realSampled, imSampled: -48.4227146069,-135.496339158
----------------------------
Below is paramLists, check if below values match:
['initialize', 'EtaPi::Negative::D0-', 'cartesian', '266.973971162918', '-81.5982759763447\n']
Amps from param_init.cfg: D0-
realAmp: 266.973971163
imAmp: -81.5982759763
Sampling from the below ranges
real_low, real_up: 266.973971163, 266.973971163
im_low, im_up: -81.5982759763, -81.5982759763
realSampled, imSampled: 266.973971163,-81.5982759763
----------------------------
Below is paramLists, check if below values match:
['initialize', 'EtaPi::Negative::D1-', 'cartesian', '-49.4206853723919', '85.9473948258826\n']
Amps from param_init.cfg: D1-
realAmp: -49.4206853724
imAmp: 85.9473948259
Sampling from the below ranges
real_low, real_up: -49.4206853724, -49.4206853724
im_low, im_up: 85.9473948259, 85.9473948259
realSampled, imSampled: -49.4206853724,85.9473948259
----------------------------
Below is paramLists, check if below values match:
['initialize', 'EtaPi::Positive::P1+', 'cartesian', '0.0802060198032269', '-0.00117987239695796\n']
Amps from param_init.cfg: P1+
realAmp: 0.0802060198032
imAmp: -0.00117987239696
Sampling from the below ranges
real_low, real_up: 0.0802060198032, 0.0802060198032
im_low, im_up: -0.00117987239696, -0.00117987239696
realSampled, imSampled: 0.0802060198032,-0.00117987239696
----------------------------
Below is paramLists, check if below values match:
['initialize', 'EtaPi::Positive::D1+', 'cartesian', '0.0665394035577252', '0', 'real\n']
Amps from param_init.cfg: D1+
realAmp: 0.0665394035577
imAmp: 0.0
Sampling from the below ranges
real_low, real_up: 0.0665394035577, 0.0665394035577
im_low, im_up: 0.0, 0.0
realSampled, imSampled: 0.0665394035577,0.0
----------------------------
length of realAmps, imAmps, isreal is good!
fit -c bin_18-seed1.cfg -s seed1-param_init.cfg
seed1-param_init.cfg is somehow not made reason below:!
The seed was not made because the fit did not converge!
THIS IS ITERATION 0
num_lines: 0 should equal the total number of waves!
Bin_18 did not converge with this set of initialization!
======================== NEXT ATTEMPT =========================
=======================================================
sed -i s/bin_18/bin_18-seed1/g bin_18-seed1.cfg
using percentDeviation as: 0.3
using baseDeviation as: 30
Opening: /d/grid15/ln16/pi0eta/092419/amptools/analysis/divideRoot/bin_18/param_init.cfg
Below is paramLists, check if below values match:
['initialize', 'EtaPi::Negative::S0-', 'cartesian', '-229.097634891554', '0', 'real\n']
Amps from param_init.cfg: S0-
realAmp: -229.097634892
imAmp: 0.0
Sampling from the below ranges
real_low, real_up: -190.368344424, -267.826925359
im_low, im_up: -30.0, 30.0
realSampled, imSampled: -194.726846265,0.0
----------------------------
Below is paramLists, check if below values match:
['initialize', 'EtaPi::Negative::P0-', 'cartesian', '151.09021723749', '382.586268158496\n']
Amps from param_init.cfg: P0-
realAmp: 151.090217237
imAmp: 382.586268158
Sampling from the below ranges
real_low, real_up: 75.7631520662, 226.417282409
im_low, im_up: 237.810387711, 527.362148606
realSampled, imSampled: 218.673767443,329.936028756
----------------------------
Below is paramLists, check if below values match:
['initialize', 'EtaPi::Negative::P1-', 'cartesian', '-48.4227146069172', '-135.49633915777\n']
Amps from param_init.cfg: P1-
realAmp: -48.4227146069
imAmp: -135.496339158
Sampling from the below ranges
real_low, real_up: -63.8959002248, -32.949528989
im_low, im_up: -124.84743741, -146.145240905
realSampled, imSampled: -43.5268124402,-126.396885805
----------------------------
Below is paramLists, check if below values match:
['initialize', 'EtaPi::Negative::D0-', 'cartesian', '266.973971162918', '-81.5982759763447\n']
Amps from param_init.cfg: D0-
realAmp: 266.973971163
imAmp: -81.5982759763
Sampling from the below ranges
real_low, real_up: 156.881779814, 377.066162512
im_low, im_up: -87.1187931834, -76.0777587692
realSampled, imSampled: 211.358554867,-79.1358595697
----------------------------
Below is paramLists, check if below values match:
['initialize', 'EtaPi::Negative::D1-', 'cartesian', '-49.4206853723919', '85.9473948258826\n']
Amps from param_init.cfg: D1-
realAmp: -49.4206853724
imAmp: 85.9473948259
Sampling from the below ranges
real_low, real_up: -64.5944797607, -34.2468909841
im_low, im_up: 30.1631763781, 141.731613274
realSampled, imSampled: -61.430093586,126.383302996
----------------------------
Below is paramLists, check if below values match:
['initialize', 'EtaPi::Positive::P1+', 'cartesian', '0.0802060198032269', '-0.00117987239695796\n']
Amps from param_init.cfg: P1+
realAmp: 0.0802060198032
imAmp: -0.00117987239696
Sampling from the below ranges
real_low, real_up: -29.9438557861, 30.1042678257
im_low, im_up: -30.0008259107, 29.9984661659
realSampled, imSampled: 6.17737517444,5.0876817773
----------------------------
Below is paramLists, check if below values match:
['initialize', 'EtaPi::Positive::D1+', 'cartesian', '0.0665394035577252', '0', 'real\n']
Amps from param_init.cfg: D1+
realAmp: 0.0665394035577
imAmp: 0.0
Sampling from the below ranges
real_low, real_up: -29.9534224175, 30.0865012246
im_low, im_up: -30.0, 30.0
realSampled, imSampled: 27.7750527451,0.0
----------------------------
length of realAmps, imAmps, isreal is good!
fit -c bin_18-seed1.cfg -s seed1-param_init.cfg
THIS IS ITERATION 1
num_lines: 7 should equal the total number of waves!
Bin_18 converged with this set of initialization!


**********************************************************************
***************************** NEXT SEED *********************************

Running on seed,seedNum,binNum=812053609,1,24
================   bin_24    =================
current working directory: /d/grid15/ln16/pi0eta/092419/amptools/analysis/divideRoot/bin_24
Copying bin_24-seed1.cfg from bin_24.cfg
--------------------------------------------------
sed -i s/bin_24/bin_24-seed1/g bin_24-seed1.cfg
We will use the converged values instead of randomly sampling around them!
Opening: /d/grid15/ln16/pi0eta/092419/amptools/analysis/divideRoot/bin_24/param_init.cfg
Below is paramLists, check if below values match:
['initialize', 'EtaPi::Negative::S0-', 'cartesian', '6.60839104623721', '0', 'real\n']
Amps from param_init.cfg: S0-
realAmp: 6.60839104624
imAmp: 0.0
Sampling from the below ranges
real_low, real_up: 6.60839104624, 6.60839104624
im_low, im_up: 0.0, 0.0
realSampled, imSampled: 6.60839104624,0.0
----------------------------
Below is paramLists, check if below values match:
['initialize', 'EtaPi::Negative::P0-', 'cartesian', '68.7786314505525', '166.203947592651\n']
Amps from param_init.cfg: P0-
realAmp: 68.7786314506
imAmp: 166.203947593
Sampling from the below ranges
real_low, real_up: 68.7786314506, 68.7786314506
im_low, im_up: 166.203947593, 166.203947593
realSampled, imSampled: 68.7786314506,166.203947593
----------------------------
Below is paramLists, check if below values match:
['initialize', 'EtaPi::Negative::P1-', 'cartesian', '-136.496520129299', '-138.298591288768\n']
Amps from param_init.cfg: P1-
realAmp: -136.496520129
imAmp: -138.298591289
Sampling from the below ranges
real_low, real_up: -136.496520129, -136.496520129
im_low, im_up: -138.298591289, -138.298591289
realSampled, imSampled: -136.496520129,-138.298591289
----------------------------
Below is paramLists, check if below values match:
['initialize', 'EtaPi::Negative::D0-', 'cartesian', '436.434528536769', '-467.748109585769\n']
Amps from param_init.cfg: D0-
realAmp: 436.434528537
imAmp: -467.748109586
Sampling from the below ranges
real_low, real_up: 436.434528537, 436.434528537
im_low, im_up: -467.748109586, -467.748109586
realSampled, imSampled: 436.434528537,-467.748109586
----------------------------
Below is paramLists, check if below values match:
['initialize', 'EtaPi::Negative::D1-', 'cartesian', '114.871297062846', '127.576785599144\n']
Amps from param_init.cfg: D1-
realAmp: 114.871297063
imAmp: 127.576785599
Sampling from the below ranges
real_low, real_up: 114.871297063, 114.871297063
im_low, im_up: 127.576785599, 127.576785599
realSampled, imSampled: 114.871297063,127.576785599
----------------------------
Below is paramLists, check if below values match:
['initialize', 'EtaPi::Positive::P1+', 'cartesian', '125.908239004112', '-1.86668847355443\n']
Amps from param_init.cfg: P1+
realAmp: 125.908239004
imAmp: -1.86668847355
Sampling from the below ranges
real_low, real_up: 125.908239004, 125.908239004
im_low, im_up: -1.86668847355, -1.86668847355
realSampled, imSampled: 125.908239004,-1.86668847355
----------------------------
Below is paramLists, check if below values match:
['initialize', 'EtaPi::Positive::D1+', 'cartesian', '-19.2304012683375', '0', 'real\n']
Amps from param_init.cfg: D1+
realAmp: -19.2304012683
imAmp: 0.0
Sampling from the below ranges
real_low, real_up: -19.2304012683, -19.2304012683
im_low, im_up: 0.0, 0.0
realSampled, imSampled: -19.2304012683,0.0
----------------------------
length of realAmps, imAmps, isreal is good!
fit -c bin_24-seed1.cfg -s seed1-param_init.cfg
THIS IS ITERATION 0
num_lines: 7 should equal the total number of waves!
Bin_24 converged with this set of initialization!


**********************************************************************
***************************** NEXT SEED *********************************

Running on seed,seedNum,binNum=812053609,1,30
================   bin_30    =================
current working directory: /d/grid15/ln16/pi0eta/092419/amptools/analysis/divideRoot/bin_30
Copying bin_30-seed1.cfg from bin_30.cfg
--------------------------------------------------
sed -i s/bin_30/bin_30-seed1/g bin_30-seed1.cfg
We will use the converged values instead of randomly sampling around them!
Opening: /d/grid15/ln16/pi0eta/092419/amptools/analysis/divideRoot/bin_30/param_init.cfg
Below is paramLists, check if below values match:
['initialize', 'EtaPi::Negative::S0-', 'cartesian', '269.154320592864', '0', 'real\n']
Amps from param_init.cfg: S0-
realAmp: 269.154320593
imAmp: 0.0
Sampling from the below ranges
real_low, real_up: 269.154320593, 269.154320593
im_low, im_up: 0.0, 0.0
realSampled, imSampled: 269.154320593,0.0
----------------------------
Below is paramLists, check if below values match:
['initialize', 'EtaPi::Negative::P0-', 'cartesian', '-151.661751636639', '-161.257855877801\n']
Amps from param_init.cfg: P0-
realAmp: -151.661751637
imAmp: -161.257855878
Sampling from the below ranges
real_low, real_up: -151.661751637, -151.661751637
im_low, im_up: -161.257855878, -161.257855878
realSampled, imSampled: -151.661751637,-161.257855878
----------------------------
Below is paramLists, check if below values match:
['initialize', 'EtaPi::Negative::P1-', 'cartesian', '141.181126427805', '59.7141222833262\n']
Amps from param_init.cfg: P1-
realAmp: 141.181126428
imAmp: 59.7141222833
Sampling from the below ranges
real_low, real_up: 141.181126428, 141.181126428
im_low, im_up: 59.7141222833, 59.7141222833
realSampled, imSampled: 141.181126428,59.7141222833
----------------------------
Below is paramLists, check if below values match:
['initialize', 'EtaPi::Negative::D0-', 'cartesian', '47.8390682803475', '952.044630410826\n']
Amps from param_init.cfg: D0-
realAmp: 47.8390682803
imAmp: 952.044630411
Sampling from the below ranges
real_low, real_up: 47.8390682803, 47.8390682803
im_low, im_up: 952.044630411, 952.044630411
realSampled, imSampled: 47.8390682803,952.044630411
----------------------------
Below is paramLists, check if below values match:
['initialize', 'EtaPi::Negative::D1-', 'cartesian', '-10.2459992788834', '-81.2742829863177\n']
Amps from param_init.cfg: D1-
realAmp: -10.2459992789
imAmp: -81.2742829863
Sampling from the below ranges
real_low, real_up: -10.2459992789, -10.2459992789
im_low, im_up: -81.2742829863, -81.2742829863
realSampled, imSampled: -10.2459992789,-81.2742829863
----------------------------
Below is paramLists, check if below values match:
['initialize', 'EtaPi::Positive::P1+', 'cartesian', '69.3386027987538', '-0.0485293590395912\n']
Amps from param_init.cfg: P1+
realAmp: 69.3386027988
imAmp: -0.0485293590396
Sampling from the below ranges
real_low, real_up: 69.3386027988, 69.3386027988
im_low, im_up: -0.0485293590396, -0.0485293590396
realSampled, imSampled: 69.3386027988,-0.0485293590396
----------------------------
Below is paramLists, check if below values match:
['initialize', 'EtaPi::Positive::D1+', 'cartesian', '38.2597594017943', '0', 'real\n']
Amps from param_init.cfg: D1+
realAmp: 38.2597594018
imAmp: 0.0
Sampling from the below ranges
real_low, real_up: 38.2597594018, 38.2597594018
im_low, im_up: 0.0, 0.0
realSampled, imSampled: 38.2597594018,0.0
----------------------------
length of realAmps, imAmps, isreal is good!
fit -c bin_30-seed1.cfg -s seed1-param_init.cfg
THIS IS ITERATION 0
num_lines: 7 should equal the total number of waves!
Bin_30 converged with this set of initialization!


**********************************************************************
***************************** NEXT SEED *********************************

Running on seed,seedNum,binNum=812053609,1,36
================   bin_36    =================
current working directory: /d/grid15/ln16/pi0eta/092419/amptools/analysis/divideRoot/bin_36
Copying bin_36-seed1.cfg from bin_36.cfg
--------------------------------------------------
sed -i s/bin_36/bin_36-seed1/g bin_36-seed1.cfg
We will use the converged values instead of randomly sampling around them!
Opening: /d/grid15/ln16/pi0eta/092419/amptools/analysis/divideRoot/bin_36/param_init.cfg
Below is paramLists, check if below values match:
['initialize', 'EtaPi::Negative::S0-', 'cartesian', '105.423619892566', '0', 'real\n']
Amps from param_init.cfg: S0-
realAmp: 105.423619893
imAmp: 0.0
Sampling from the below ranges
real_low, real_up: 105.423619893, 105.423619893
im_low, im_up: 0.0, 0.0
realSampled, imSampled: 105.423619893,0.0
----------------------------
Below is paramLists, check if below values match:
['initialize', 'EtaPi::Negative::P0-', 'cartesian', '-86.7680341275448', '-0.85459430080807\n']
Amps from param_init.cfg: P0-
realAmp: -86.7680341275
imAmp: -0.854594300808
Sampling from the below ranges
real_low, real_up: -86.7680341275, -86.7680341275
im_low, im_up: -0.854594300808, -0.854594300808
realSampled, imSampled: -86.7680341275,-0.854594300808
----------------------------
Below is paramLists, check if below values match:
['initialize', 'EtaPi::Negative::P1-', 'cartesian', '165.701721635771', '135.55645820948\n']
Amps from param_init.cfg: P1-
realAmp: 165.701721636
imAmp: 135.556458209
Sampling from the below ranges
real_low, real_up: 165.701721636, 165.701721636
im_low, im_up: 135.556458209, 135.556458209
realSampled, imSampled: 165.701721636,135.556458209
----------------------------
Below is paramLists, check if below values match:
['initialize', 'EtaPi::Negative::D0-', 'cartesian', '365.97604869316', '-230.503750836402\n']
Amps from param_init.cfg: D0-
realAmp: 365.976048693
imAmp: -230.503750836
Sampling from the below ranges
real_low, real_up: 365.976048693, 365.976048693
im_low, im_up: -230.503750836, -230.503750836
realSampled, imSampled: 365.976048693,-230.503750836
----------------------------
Below is paramLists, check if below values match:
['initialize', 'EtaPi::Negative::D1-', 'cartesian', '-89.1718035487592', '-31.4166319820494\n']
Amps from param_init.cfg: D1-
realAmp: -89.1718035488
imAmp: -31.416631982
Sampling from the below ranges
real_low, real_up: -89.1718035488, -89.1718035488
im_low, im_up: -31.416631982, -31.416631982
realSampled, imSampled: -89.1718035488,-31.416631982
----------------------------
Below is paramLists, check if below values match:
['initialize', 'EtaPi::Positive::P1+', 'cartesian', '136.275973601376', '-20.8853870844388\n']
Amps from param_init.cfg: P1+
realAmp: 136.275973601
imAmp: -20.8853870844
Sampling from the below ranges
real_low, real_up: 136.275973601, 136.275973601
im_low, im_up: -20.8853870844, -20.8853870844
realSampled, imSampled: 136.275973601,-20.8853870844
----------------------------
Below is paramLists, check if below values match:
['initialize', 'EtaPi::Positive::D1+', 'cartesian', '-4.93168259658234', '0', 'real\n']
Amps from param_init.cfg: D1+
realAmp: -4.93168259658
imAmp: 0.0
Sampling from the below ranges
real_low, real_up: -4.93168259658, -4.93168259658
im_low, im_up: 0.0, 0.0
realSampled, imSampled: -4.93168259658,0.0
----------------------------
length of realAmps, imAmps, isreal is good!
fit -c bin_36-seed1.cfg -s seed1-param_init.cfg
THIS IS ITERATION 0
num_lines: 7 should equal the total number of waves!
Bin_36 converged with this set of initialization!


**********************************************************************
***************************** NEXT SEED *********************************

Running on seed,seedNum,binNum=812053609,1,42
================   bin_42    =================
current working directory: /d/grid15/ln16/pi0eta/092419/amptools/analysis/divideRoot/bin_42
Copying bin_42-seed1.cfg from bin_42.cfg
--------------------------------------------------
sed -i s/bin_42/bin_42-seed1/g bin_42-seed1.cfg
We will use the converged values instead of randomly sampling around them!
Opening: /d/grid15/ln16/pi0eta/092419/amptools/analysis/divideRoot/bin_42/param_init.cfg
Below is paramLists, check if below values match:
['initialize', 'EtaPi::Negative::S0-', 'cartesian', '287.282307542414', '0', 'real\n']
Amps from param_init.cfg: S0-
realAmp: 287.282307542
imAmp: 0.0
Sampling from the below ranges
real_low, real_up: 287.282307542, 287.282307542
im_low, im_up: 0.0, 0.0
realSampled, imSampled: 287.282307542,0.0
----------------------------
Below is paramLists, check if below values match:
['initialize', 'EtaPi::Negative::P0-', 'cartesian', '-57.7497955850083', '-48.7753410249283\n']
Amps from param_init.cfg: P0-
realAmp: -57.749795585
imAmp: -48.7753410249
Sampling from the below ranges
real_low, real_up: -57.749795585, -57.749795585
im_low, im_up: -48.7753410249, -48.7753410249
realSampled, imSampled: -57.749795585,-48.7753410249
----------------------------
Below is paramLists, check if below values match:
['initialize', 'EtaPi::Negative::P1-', 'cartesian', '48.1839763571831', '69.4369513332809\n']
Amps from param_init.cfg: P1-
realAmp: 48.1839763572
imAmp: 69.4369513333
Sampling from the below ranges
real_low, real_up: 48.1839763572, 48.1839763572
im_low, im_up: 69.4369513333, 69.4369513333
realSampled, imSampled: 48.1839763572,69.4369513333
----------------------------
Below is paramLists, check if below values match:
['initialize', 'EtaPi::Negative::D0-', 'cartesian', '75.3399573299814', '429.035538900402\n']
Amps from param_init.cfg: D0-
realAmp: 75.33995733
imAmp: 429.0355389
Sampling from the below ranges
real_low, real_up: 75.33995733, 75.33995733
im_low, im_up: 429.0355389, 429.0355389
realSampled, imSampled: 75.33995733,429.0355389
----------------------------
Below is paramLists, check if below values match:
['initialize', 'EtaPi::Negative::D1-', 'cartesian', '-4.63958847393329', '-102.970201053784\n']
Amps from param_init.cfg: D1-
realAmp: -4.63958847393
imAmp: -102.970201054
Sampling from the below ranges
real_low, real_up: -4.63958847393, -4.63958847393
im_low, im_up: -102.970201054, -102.970201054
realSampled, imSampled: -4.63958847393,-102.970201054
----------------------------
Below is paramLists, check if below values match:
['initialize', 'EtaPi::Positive::P1+', 'cartesian', '0.00807660309175805', '0.0198396465982963\n']
Amps from param_init.cfg: P1+
realAmp: 0.00807660309176
imAmp: 0.0198396465983
Sampling from the below ranges
real_low, real_up: 0.00807660309176, 0.00807660309176
im_low, im_up: 0.0198396465983, 0.0198396465983
realSampled, imSampled: 0.00807660309176,0.0198396465983
----------------------------
Below is paramLists, check if below values match:
['initialize', 'EtaPi::Positive::D1+', 'cartesian', '0.00904644275126498', '0', 'real\n']
Amps from param_init.cfg: D1+
realAmp: 0.00904644275126
imAmp: 0.0
Sampling from the below ranges
real_low, real_up: 0.00904644275126, 0.00904644275126
im_low, im_up: 0.0, 0.0
realSampled, imSampled: 0.00904644275126,0.0
----------------------------
length of realAmps, imAmps, isreal is good!
fit -c bin_42-seed1.cfg -s seed1-param_init.cfg
THIS IS ITERATION 0
num_lines: 7 should equal the total number of waves!
Bin_42 converged with this set of initialization!


**********************************************************************
***************************** NEXT SEED *********************************

Running on seed,seedNum,binNum=812053609,1,48
================   bin_48    =================
current working directory: /d/grid15/ln16/pi0eta/092419/amptools/analysis/divideRoot/bin_48
Copying bin_48-seed1.cfg from bin_48.cfg
--------------------------------------------------
sed -i s/bin_48/bin_48-seed1/g bin_48-seed1.cfg
We will use the converged values instead of randomly sampling around them!
Opening: /d/grid15/ln16/pi0eta/092419/amptools/analysis/divideRoot/bin_48/param_init.cfg
Below is paramLists, check if below values match:
['initialize', 'EtaPi::Negative::S0-', 'cartesian', '41.920201915696', '0', 'real\n']
Amps from param_init.cfg: S0-
realAmp: 41.9202019157
imAmp: 0.0
Sampling from the below ranges
real_low, real_up: 41.9202019157, 41.9202019157
im_low, im_up: 0.0, 0.0
realSampled, imSampled: 41.9202019157,0.0
----------------------------
Below is paramLists, check if below values match:
['initialize', 'EtaPi::Negative::P0-', 'cartesian', '-194.251842227739', '-23.0556559602583\n']
Amps from param_init.cfg: P0-
realAmp: -194.251842228
imAmp: -23.0556559603
Sampling from the below ranges
real_low, real_up: -194.251842228, -194.251842228
im_low, im_up: -23.0556559603, -23.0556559603
realSampled, imSampled: -194.251842228,-23.0556559603
----------------------------
Below is paramLists, check if below values match:
['initialize', 'EtaPi::Negative::P1-', 'cartesian', '148.389595994063', '-53.0889555349536\n']
Amps from param_init.cfg: P1-
realAmp: 148.389595994
imAmp: -53.088955535
Sampling from the below ranges
real_low, real_up: 148.389595994, 148.389595994
im_low, im_up: -53.088955535, -53.088955535
realSampled, imSampled: 148.389595994,-53.088955535
----------------------------
Below is paramLists, check if below values match:
['initialize', 'EtaPi::Negative::D0-', 'cartesian', '220.789124895649', '574.755004339512\n']
Amps from param_init.cfg: D0-
realAmp: 220.789124896
imAmp: 574.75500434
Sampling from the below ranges
real_low, real_up: 220.789124896, 220.789124896
im_low, im_up: 574.75500434, 574.75500434
realSampled, imSampled: 220.789124896,574.75500434
----------------------------
Below is paramLists, check if below values match:
['initialize', 'EtaPi::Negative::D1-', 'cartesian', '-131.294891470128', '-24.3875850280392\n']
Amps from param_init.cfg: D1-
realAmp: -131.29489147
imAmp: -24.387585028
Sampling from the below ranges
real_low, real_up: -131.29489147, -131.29489147
im_low, im_up: -24.387585028, -24.387585028
realSampled, imSampled: -131.29489147,-24.387585028
----------------------------
Below is paramLists, check if below values match:
['initialize', 'EtaPi::Positive::P1+', 'cartesian', '76.61739004569', '0.123642766072421\n']
Amps from param_init.cfg: P1+
realAmp: 76.6173900457
imAmp: 0.123642766072
Sampling from the below ranges
real_low, real_up: 76.6173900457, 76.6173900457
im_low, im_up: 0.123642766072, 0.123642766072
realSampled, imSampled: 76.6173900457,0.123642766072
----------------------------
Below is paramLists, check if below values match:
['initialize', 'EtaPi::Positive::D1+', 'cartesian', '-22.6363643651443', '0', 'real\n']
Amps from param_init.cfg: D1+
realAmp: -22.6363643651
imAmp: 0.0
Sampling from the below ranges
real_low, real_up: -22.6363643651, -22.6363643651
im_low, im_up: 0.0, 0.0
realSampled, imSampled: -22.6363643651,0.0
----------------------------
length of realAmps, imAmps, isreal is good!
fit -c bin_48-seed1.cfg -s seed1-param_init.cfg
seed1-param_init.cfg is somehow not made reason below:!
The seed was not made because the fit did not converge!
THIS IS ITERATION 0
num_lines: 0 should equal the total number of waves!
Bin_48 did not converge with this set of initialization!
======================== NEXT ATTEMPT =========================
=======================================================
sed -i s/bin_48/bin_48-seed1/g bin_48-seed1.cfg
using percentDeviation as: 0.3
using baseDeviation as: 30
Opening: /d/grid15/ln16/pi0eta/092419/amptools/analysis/divideRoot/bin_48/param_init.cfg
Below is paramLists, check if below values match:
['initialize', 'EtaPi::Negative::S0-', 'cartesian', '41.920201915696', '0', 'real\n']
Amps from param_init.cfg: S0-
realAmp: 41.9202019157
imAmp: 0.0
Sampling from the below ranges
real_low, real_up: -0.655858659013, 84.4962624904
im_low, im_up: -30.0, 30.0
realSampled, imSampled: 9.8599289657,0.0
----------------------------
Below is paramLists, check if below values match:
['initialize', 'EtaPi::Negative::P0-', 'cartesian', '-194.251842227739', '-23.0556559602583\n']
Amps from param_init.cfg: P0-
realAmp: -194.251842228
imAmp: -23.0556559603
Sampling from the below ranges
real_low, real_up: -165.976289559, -222.527394896
im_low, im_up: -46.1389591722, 0.0276472516642
realSampled, imSampled: -214.460052765,-9.6694307978
----------------------------
Below is paramLists, check if below values match:
['initialize', 'EtaPi::Negative::P1-', 'cartesian', '148.389595994063', '-53.0889555349536\n']
Amps from param_init.cfg: P1-
realAmp: 148.389595994
imAmp: -53.088955535
Sampling from the below ranges
real_low, real_up: 73.8727171958, 222.906474792
im_low, im_up: -67.1622688745, -39.0156421954
realSampled, imSampled: 209.812206573,-40.1406393805
----------------------------
Below is paramLists, check if below values match:
['initialize', 'EtaPi::Negative::D0-', 'cartesian', '220.789124895649', '574.755004339512\n']
Amps from param_init.cfg: D0-
realAmp: 220.789124896
imAmp: 574.75500434
Sampling from the below ranges
real_low, real_up: 124.552387427, 317.025862364
im_low, im_up: 372.328503038, 777.181505641
realSampled, imSampled: 172.430151189,711.950909694
----------------------------
Below is paramLists, check if below values match:
['initialize', 'EtaPi::Negative::D1-', 'cartesian', '-131.294891470128', '-24.3875850280392\n']
Amps from param_init.cfg: D1-
realAmp: -131.29489147
imAmp: -24.387585028
Sampling from the below ranges
real_low, real_up: -121.906424029, -140.683358911
im_low, im_up: -47.0713095196, -1.70386053645
realSampled, imSampled: -134.976627099,-15.2519726848
----------------------------
Below is paramLists, check if below values match:
['initialize', 'EtaPi::Positive::P1+', 'cartesian', '76.61739004569', '0.123642766072421\n']
Amps from param_init.cfg: P1+
realAmp: 76.6173900457
imAmp: 0.123642766072
Sampling from the below ranges
real_low, real_up: 23.632173032, 129.602607059
im_low, im_up: -29.9134500637, 30.1607355959
realSampled, imSampled: 129.090415231,-5.9811509729
----------------------------
Below is paramLists, check if below values match:
['initialize', 'EtaPi::Positive::D1+', 'cartesian', '-22.6363643651443', '0', 'real\n']
Amps from param_init.cfg: D1+
realAmp: -22.6363643651
imAmp: 0.0
Sampling from the below ranges
real_low, real_up: -45.8454550556, 0.572726325312
im_low, im_up: -30.0, 30.0
realSampled, imSampled: -0.146292325616,0.0
----------------------------
length of realAmps, imAmps, isreal is good!
fit -c bin_48-seed1.cfg -s seed1-param_init.cfg
seed1-param_init.cfg is somehow not made reason below:!
The seed was not made because the fit did not converge!
THIS IS ITERATION 1
num_lines: 0 should equal the total number of waves!
Bin_48 did not converge with this set of initialization!
======================== NEXT ATTEMPT =========================
=======================================================
sed -i s/bin_48/bin_48-seed1/g bin_48-seed1.cfg
using percentDeviation as: 0.3
using baseDeviation as: 30
Opening: /d/grid15/ln16/pi0eta/092419/amptools/analysis/divideRoot/bin_48/param_init.cfg
Below is paramLists, check if below values match:
['initialize', 'EtaPi::Negative::S0-', 'cartesian', '41.920201915696', '0', 'real\n']
Amps from param_init.cfg: S0-
realAmp: 41.9202019157
imAmp: 0.0
Sampling from the below ranges
real_low, real_up: -0.655858659013, 84.4962624904
im_low, im_up: -30.0, 30.0
realSampled, imSampled: 36.6053883443,0.0
----------------------------
Below is paramLists, check if below values match:
['initialize', 'EtaPi::Negative::P0-', 'cartesian', '-194.251842227739', '-23.0556559602583\n']
Amps from param_init.cfg: P0-
realAmp: -194.251842228
imAmp: -23.0556559603
Sampling from the below ranges
real_low, real_up: -165.976289559, -222.527394896
im_low, im_up: -46.1389591722, 0.0276472516642
realSampled, imSampled: -201.911982082,-27.781730615
----------------------------
Below is paramLists, check if below values match:
['initialize', 'EtaPi::Negative::P1-', 'cartesian', '148.389595994063', '-53.0889555349536\n']
Amps from param_init.cfg: P1-
realAmp: 148.389595994
imAmp: -53.088955535
Sampling from the below ranges
real_low, real_up: 73.8727171958, 222.906474792
im_low, im_up: -67.1622688745, -39.0156421954
realSampled, imSampled: 188.833726668,-66.235376695
----------------------------
Below is paramLists, check if below values match:
['initialize', 'EtaPi::Negative::D0-', 'cartesian', '220.789124895649', '574.755004339512\n']
Amps from param_init.cfg: D0-
realAmp: 220.789124896
imAmp: 574.75500434
Sampling from the below ranges
real_low, real_up: 124.552387427, 317.025862364
im_low, im_up: 372.328503038, 777.181505641
realSampled, imSampled: 125.766005099,494.521019368
----------------------------
Below is paramLists, check if below values match:
['initialize', 'EtaPi::Negative::D1-', 'cartesian', '-131.294891470128', '-24.3875850280392\n']
Amps from param_init.cfg: D1-
realAmp: -131.29489147
imAmp: -24.387585028
Sampling from the below ranges
real_low, real_up: -121.906424029, -140.683358911
im_low, im_up: -47.0713095196, -1.70386053645
realSampled, imSampled: -124.530514712,-20.5808309042
----------------------------
Below is paramLists, check if below values match:
['initialize', 'EtaPi::Positive::P1+', 'cartesian', '76.61739004569', '0.123642766072421\n']
Amps from param_init.cfg: P1+
realAmp: 76.6173900457
imAmp: 0.123642766072
Sampling from the below ranges
real_low, real_up: 23.632173032, 129.602607059
im_low, im_up: -29.9134500637, 30.1607355959
realSampled, imSampled: 94.6772209362,-21.8764167837
----------------------------
Below is paramLists, check if below values match:
['initialize', 'EtaPi::Positive::D1+', 'cartesian', '-22.6363643651443', '0', 'real\n']
Amps from param_init.cfg: D1+
realAmp: -22.6363643651
imAmp: 0.0
Sampling from the below ranges
real_low, real_up: -45.8454550556, 0.572726325312
im_low, im_up: -30.0, 30.0
realSampled, imSampled: -3.90602349482,0.0
----------------------------
length of realAmps, imAmps, isreal is good!
fit -c bin_48-seed1.cfg -s seed1-param_init.cfg
THIS IS ITERATION 2
num_lines: 7 should equal the total number of waves!
Bin_48 converged with this set of initialization!


**********************************************************************
***************************** NEXT SEED *********************************

Running on seed,seedNum,binNum=812053609,1,54
================   bin_54    =================
current working directory: /d/grid15/ln16/pi0eta/092419/amptools/analysis/divideRoot/bin_54
Copying bin_54-seed1.cfg from bin_54.cfg
--------------------------------------------------
sed -i s/bin_54/bin_54-seed1/g bin_54-seed1.cfg
We will use the converged values instead of randomly sampling around them!
Opening: /d/grid15/ln16/pi0eta/092419/amptools/analysis/divideRoot/bin_54/param_init.cfg
Below is paramLists, check if below values match:
['initialize', 'EtaPi::Negative::S0-', 'cartesian', '42.8174951836812', '0', 'real\n']
Amps from param_init.cfg: S0-
realAmp: 42.8174951837
imAmp: 0.0
Sampling from the below ranges
real_low, real_up: 42.8174951837, 42.8174951837
im_low, im_up: 0.0, 0.0
realSampled, imSampled: 42.8174951837,0.0
----------------------------
Below is paramLists, check if below values match:
['initialize', 'EtaPi::Negative::P0-', 'cartesian', '6.23461291442103', '-46.8124003553375\n']
Amps from param_init.cfg: P0-
realAmp: 6.23461291442
imAmp: -46.8124003553
Sampling from the below ranges
real_low, real_up: 6.23461291442, 6.23461291442
im_low, im_up: -46.8124003553, -46.8124003553
realSampled, imSampled: 6.23461291442,-46.8124003553
----------------------------
Below is paramLists, check if below values match:
['initialize', 'EtaPi::Negative::P1-', 'cartesian', '55.5615167039509', '57.4192189927161\n']
Amps from param_init.cfg: P1-
realAmp: 55.561516704
imAmp: 57.4192189927
Sampling from the below ranges
real_low, real_up: 55.561516704, 55.561516704
im_low, im_up: 57.4192189927, 57.4192189927
realSampled, imSampled: 55.561516704,57.4192189927
----------------------------
Below is paramLists, check if below values match:
['initialize', 'EtaPi::Negative::D0-', 'cartesian', '-83.9950721510739', '404.909815350883\n']
Amps from param_init.cfg: D0-
realAmp: -83.9950721511
imAmp: 404.909815351
Sampling from the below ranges
real_low, real_up: -83.9950721511, -83.9950721511
im_low, im_up: 404.909815351, 404.909815351
realSampled, imSampled: -83.9950721511,404.909815351
----------------------------
Below is paramLists, check if below values match:
['initialize', 'EtaPi::Negative::D1-', 'cartesian', '-15.4440432457829', '-55.6985386814225\n']
Amps from param_init.cfg: D1-
realAmp: -15.4440432458
imAmp: -55.6985386814
Sampling from the below ranges
real_low, real_up: -15.4440432458, -15.4440432458
im_low, im_up: -55.6985386814, -55.6985386814
realSampled, imSampled: -15.4440432458,-55.6985386814
----------------------------
Below is paramLists, check if below values match:
['initialize', 'EtaPi::Positive::P1+', 'cartesian', '27.8423867921166', '-0.0594276989865154\n']
Amps from param_init.cfg: P1+
realAmp: 27.8423867921
imAmp: -0.0594276989865
Sampling from the below ranges
real_low, real_up: 27.8423867921, 27.8423867921
im_low, im_up: -0.0594276989865, -0.0594276989865
realSampled, imSampled: 27.8423867921,-0.0594276989865
----------------------------
Below is paramLists, check if below values match:
['initialize', 'EtaPi::Positive::D1+', 'cartesian', '-39.1775792307103', '0', 'real\n']
Amps from param_init.cfg: D1+
realAmp: -39.1775792307
imAmp: 0.0
Sampling from the below ranges
real_low, real_up: -39.1775792307, -39.1775792307
im_low, im_up: 0.0, 0.0
realSampled, imSampled: -39.1775792307,0.0
----------------------------
length of realAmps, imAmps, isreal is good!
fit -c bin_54-seed1.cfg -s seed1-param_init.cfg
THIS IS ITERATION 0
num_lines: 7 should equal the total number of waves!
Bin_54 converged with this set of initialization!


**********************************************************************
***************************** NEXT SEED *********************************

Execution time in seconds: 47.4962408543
