fitName: divideRoot
nBins: 60
seedFile: param_init.cfg
maxIter: 50
ampNames: ['S0-', 'P0-', 'P1-', 'D0-', 'D1-', 'P1+', 'D1+']
nSeeds: 2
percentDeviation: 0.3
baseDeviation1: 30
baseDeviation2: 200
rampIter: 25
mySeed: 123121
seedShift: 0
allSeeds: 
[195368212, 812053609]
[0, 1]
singleBin,nBins = -1,60
singleBin status: Looking at multiple bins!


current working directory: /d/grid15/ln16/pi0eta/092419/amptools/analysis
fit directory: /d/grid15/ln16/pi0eta/092419/amptools/analysis/divideRoot
Running on seed,seedNum,binNum=195368212,0,5
================   bin_5    =================
current working directory: /d/grid15/ln16/pi0eta/092419/amptools/analysis/divideRoot/bin_5
Copying bin_5-seed0.cfg from bin_5.cfg
--------------------------------------------------
sed -i s/bin_5/bin_5-seed0/g bin_5-seed0.cfg
We will use the converged values instead of randomly sampling around them!
Opening: /d/grid15/ln16/pi0eta/092419/amptools/analysis/divideRoot/bin_5/param_init.cfg
Below is paramLists, check if below values match:
['initialize', 'EtaPi::Negative::S0-', 'cartesian', '221.622420903481', '0', 'real\n']
Amps from param_init.cfg: S0-
realAmp: 221.622420903
imAmp: 0.0
Sampling from the below ranges
real_low, real_up: 221.622420903, 221.622420903
im_low, im_up: 0.0, 0.0
realSampled, imSampled: 221.622420903,0.0
----------------------------
Below is paramLists, check if below values match:
['initialize', 'EtaPi::Negative::P0-', 'cartesian', '-17.068662021965', '-102.863385770071\n']
Amps from param_init.cfg: P0-
realAmp: -17.068662022
imAmp: -102.86338577
Sampling from the below ranges
real_low, real_up: -17.068662022, -17.068662022
im_low, im_up: -102.86338577, -102.86338577
realSampled, imSampled: -17.068662022,-102.86338577
----------------------------
Below is paramLists, check if below values match:
['initialize', 'EtaPi::Negative::P1-', 'cartesian', '32.6914625015237', '265.853391918139\n']
Amps from param_init.cfg: P1-
realAmp: 32.6914625015
imAmp: 265.853391918
Sampling from the below ranges
real_low, real_up: 32.6914625015, 32.6914625015
im_low, im_up: 265.853391918, 265.853391918
realSampled, imSampled: 32.6914625015,265.853391918
----------------------------
Below is paramLists, check if below values match:
['initialize', 'EtaPi::Negative::D0-', 'cartesian', '85.7344485487975', '-36.331244487163\n']
Amps from param_init.cfg: D0-
realAmp: 85.7344485488
imAmp: -36.3312444872
Sampling from the below ranges
real_low, real_up: 85.7344485488, 85.7344485488
im_low, im_up: -36.3312444872, -36.3312444872
realSampled, imSampled: 85.7344485488,-36.3312444872
----------------------------
Below is paramLists, check if below values match:
['initialize', 'EtaPi::Negative::D1-', 'cartesian', '22.5744514631491', '-54.1193403338865\n']
Amps from param_init.cfg: D1-
realAmp: 22.5744514631
imAmp: -54.1193403339
Sampling from the below ranges
real_low, real_up: 22.5744514631, 22.5744514631
im_low, im_up: -54.1193403339, -54.1193403339
realSampled, imSampled: 22.5744514631,-54.1193403339
----------------------------
Below is paramLists, check if below values match:
['initialize', 'EtaPi::Positive::P1+', 'cartesian', '173.552978245083', '-147.335690956715\n']
Amps from param_init.cfg: P1+
realAmp: 173.552978245
imAmp: -147.335690957
Sampling from the below ranges
real_low, real_up: 173.552978245, 173.552978245
im_low, im_up: -147.335690957, -147.335690957
realSampled, imSampled: 173.552978245,-147.335690957
----------------------------
Below is paramLists, check if below values match:
['initialize', 'EtaPi::Positive::D1+', 'cartesian', '10.7960886873334', '0', 'real\n']
Amps from param_init.cfg: D1+
realAmp: 10.7960886873
imAmp: 0.0
Sampling from the below ranges
real_low, real_up: 10.7960886873, 10.7960886873
im_low, im_up: 0.0, 0.0
realSampled, imSampled: 10.7960886873,0.0
----------------------------
length of realAmps, imAmps, isreal is good!
fit -c bin_5-seed0.cfg -s seed0-param_init.cfg
THIS IS ITERATION 0
num_lines: 7 should equal the total number of waves!
Bin_5 converged with this set of initialization!


**********************************************************************
***************************** NEXT SEED *********************************

Running on seed,seedNum,binNum=195368212,0,11
================   bin_11    =================
current working directory: /d/grid15/ln16/pi0eta/092419/amptools/analysis/divideRoot/bin_11
Copying bin_11-seed0.cfg from bin_11.cfg
--------------------------------------------------
sed -i s/bin_11/bin_11-seed0/g bin_11-seed0.cfg
We will use the converged values instead of randomly sampling around them!
Opening: /d/grid15/ln16/pi0eta/092419/amptools/analysis/divideRoot/bin_11/param_init.cfg
Below is paramLists, check if below values match:
['initialize', 'EtaPi::Negative::S0-', 'cartesian', '768.764832080292', '0', 'real\n']
Amps from param_init.cfg: S0-
realAmp: 768.76483208
imAmp: 0.0
Sampling from the below ranges
real_low, real_up: 768.76483208, 768.76483208
im_low, im_up: 0.0, 0.0
realSampled, imSampled: 768.76483208,0.0
----------------------------
Below is paramLists, check if below values match:
['initialize', 'EtaPi::Negative::P0-', 'cartesian', '-177.926369373643', '444.912226107888\n']
Amps from param_init.cfg: P0-
realAmp: -177.926369374
imAmp: 444.912226108
Sampling from the below ranges
real_low, real_up: -177.926369374, -177.926369374
im_low, im_up: 444.912226108, 444.912226108
realSampled, imSampled: -177.926369374,444.912226108
----------------------------
Below is paramLists, check if below values match:
['initialize', 'EtaPi::Negative::P1-', 'cartesian', '213.833116144768', '476.712595310904\n']
Amps from param_init.cfg: P1-
realAmp: 213.833116145
imAmp: 476.712595311
Sampling from the below ranges
real_low, real_up: 213.833116145, 213.833116145
im_low, im_up: 476.712595311, 476.712595311
realSampled, imSampled: 213.833116145,476.712595311
----------------------------
Below is paramLists, check if below values match:
['initialize', 'EtaPi::Negative::D0-', 'cartesian', '35.3199828445596', '116.628063754657\n']
Amps from param_init.cfg: D0-
realAmp: 35.3199828446
imAmp: 116.628063755
Sampling from the below ranges
real_low, real_up: 35.3199828446, 35.3199828446
im_low, im_up: 116.628063755, 116.628063755
realSampled, imSampled: 35.3199828446,116.628063755
----------------------------
Below is paramLists, check if below values match:
['initialize', 'EtaPi::Negative::D1-', 'cartesian', '-423.00600735797', '-95.9155500061731\n']
Amps from param_init.cfg: D1-
realAmp: -423.006007358
imAmp: -95.9155500062
Sampling from the below ranges
real_low, real_up: -423.006007358, -423.006007358
im_low, im_up: -95.9155500062, -95.9155500062
realSampled, imSampled: -423.006007358,-95.9155500062
----------------------------
Below is paramLists, check if below values match:
['initialize', 'EtaPi::Positive::P1+', 'cartesian', '380.731697646097', '-1.26780408056009\n']
Amps from param_init.cfg: P1+
realAmp: 380.731697646
imAmp: -1.26780408056
Sampling from the below ranges
real_low, real_up: 380.731697646, 380.731697646
im_low, im_up: -1.26780408056, -1.26780408056
realSampled, imSampled: 380.731697646,-1.26780408056
----------------------------
Below is paramLists, check if below values match:
['initialize', 'EtaPi::Positive::D1+', 'cartesian', '66.363961459904', '0', 'real\n']
Amps from param_init.cfg: D1+
realAmp: 66.3639614599
imAmp: 0.0
Sampling from the below ranges
real_low, real_up: 66.3639614599, 66.3639614599
im_low, im_up: 0.0, 0.0
realSampled, imSampled: 66.3639614599,0.0
----------------------------
length of realAmps, imAmps, isreal is good!
fit -c bin_11-seed0.cfg -s seed0-param_init.cfg
seed0-param_init.cfg is somehow not made reason below:!
The seed was not made because the fit did not converge!
THIS IS ITERATION 0
num_lines: 0 should equal the total number of waves!
Bin_11 did not converge with this set of initialization!
======================== NEXT ATTEMPT =========================
=======================================================
sed -i s/bin_11/bin_11-seed0/g bin_11-seed0.cfg
using percentDeviation as: 0.3
using baseDeviation as: 30
Opening: /d/grid15/ln16/pi0eta/092419/amptools/analysis/divideRoot/bin_11/param_init.cfg
Below is paramLists, check if below values match:
['initialize', 'EtaPi::Negative::S0-', 'cartesian', '768.764832080292', '0', 'real\n']
Amps from param_init.cfg: S0-
realAmp: 768.76483208
imAmp: 0.0
Sampling from the below ranges
real_low, real_up: 508.135382456, 1029.3942817
im_low, im_up: -30.0, 30.0
realSampled, imSampled: 1005.73824948,0.0
----------------------------
Below is paramLists, check if below values match:
['initialize', 'EtaPi::Negative::P0-', 'cartesian', '-177.926369373643', '444.912226107888\n']
Amps from param_init.cfg: P0-
realAmp: -177.926369374
imAmp: 444.912226108
Sampling from the below ranges
real_low, real_up: -154.548458562, -201.304280186
im_low, im_up: 281.438558276, 608.38589394
realSampled, imSampled: -199.900652091,523.560691326
----------------------------
Below is paramLists, check if below values match:
['initialize', 'EtaPi::Negative::P1-', 'cartesian', '213.833116144768', '476.712595310904\n']
Amps from param_init.cfg: P1-
realAmp: 213.833116145
imAmp: 476.712595311
Sampling from the below ranges
real_low, real_up: 119.683181301, 307.983050988
im_low, im_up: 303.698816718, 649.726373904
realSampled, imSampled: 260.279174843,544.277889968
----------------------------
Below is paramLists, check if below values match:
['initialize', 'EtaPi::Negative::D0-', 'cartesian', '35.3199828445596', '116.628063754657\n']
Amps from param_init.cfg: D0-
realAmp: 35.3199828446
imAmp: 116.628063755
Sampling from the below ranges
real_low, real_up: -5.27601200881, 75.9159776979
im_low, im_up: 51.6396446283, 181.616482881
realSampled, imSampled: 58.4962487499,167.894947806
----------------------------
Below is paramLists, check if below values match:
['initialize', 'EtaPi::Negative::D1-', 'cartesian', '-423.00600735797', '-95.9155500061731\n']
Amps from param_init.cfg: D1-
realAmp: -423.006007358
imAmp: -95.9155500062
Sampling from the below ranges
real_low, real_up: -326.104205151, -519.907809565
im_low, im_up: -97.1408850043, -94.690215008
realSampled, imSampled: -394.431057887,-95.1572934376
----------------------------
Below is paramLists, check if below values match:
['initialize', 'EtaPi::Positive::P1+', 'cartesian', '380.731697646097', '-1.26780408056009\n']
Amps from param_init.cfg: P1+
realAmp: 380.731697646
imAmp: -1.26780408056
Sampling from the below ranges
real_low, real_up: 236.512188352, 524.95120694
im_low, im_up: -30.8874628564, 28.3518546953
realSampled, imSampled: 289.40973323,-2.4985851768
----------------------------
Below is paramLists, check if below values match:
['initialize', 'EtaPi::Positive::D1+', 'cartesian', '66.363961459904', '0', 'real\n']
Amps from param_init.cfg: D1+
realAmp: 66.3639614599
imAmp: 0.0
Sampling from the below ranges
real_low, real_up: 16.4547730219, 116.273149898
im_low, im_up: -30.0, 30.0
realSampled, imSampled: 29.374445127,0.0
----------------------------
length of realAmps, imAmps, isreal is good!
fit -c bin_11-seed0.cfg -s seed0-param_init.cfg
seed0-param_init.cfg is somehow not made reason below:!
The seed was not made because the fit did not converge!
THIS IS ITERATION 1
num_lines: 0 should equal the total number of waves!
Bin_11 did not converge with this set of initialization!
======================== NEXT ATTEMPT =========================
=======================================================
sed -i s/bin_11/bin_11-seed0/g bin_11-seed0.cfg
using percentDeviation as: 0.3
using baseDeviation as: 30
Opening: /d/grid15/ln16/pi0eta/092419/amptools/analysis/divideRoot/bin_11/param_init.cfg
Below is paramLists, check if below values match:
['initialize', 'EtaPi::Negative::S0-', 'cartesian', '768.764832080292', '0', 'real\n']
Amps from param_init.cfg: S0-
realAmp: 768.76483208
imAmp: 0.0
Sampling from the below ranges
real_low, real_up: 508.135382456, 1029.3942817
im_low, im_up: -30.0, 30.0
realSampled, imSampled: 810.473190814,0.0
----------------------------
Below is paramLists, check if below values match:
['initialize', 'EtaPi::Negative::P0-', 'cartesian', '-177.926369373643', '444.912226107888\n']
Amps from param_init.cfg: P0-
realAmp: -177.926369374
imAmp: 444.912226108
Sampling from the below ranges
real_low, real_up: -154.548458562, -201.304280186
im_low, im_up: 281.438558276, 608.38589394
realSampled, imSampled: -190.888910429,368.555824932
----------------------------
Below is paramLists, check if below values match:
['initialize', 'EtaPi::Negative::P1-', 'cartesian', '213.833116144768', '476.712595310904\n']
Amps from param_init.cfg: P1-
realAmp: 213.833116145
imAmp: 476.712595311
Sampling from the below ranges
real_low, real_up: 119.683181301, 307.983050988
im_low, im_up: 303.698816718, 649.726373904
realSampled, imSampled: 187.259097572,477.960864098
----------------------------
Below is paramLists, check if below values match:
['initialize', 'EtaPi::Negative::D0-', 'cartesian', '35.3199828445596', '116.628063754657\n']
Amps from param_init.cfg: D0-
realAmp: 35.3199828446
imAmp: 116.628063755
Sampling from the below ranges
real_low, real_up: -5.27601200881, 75.9159776979
im_low, im_up: 51.6396446283, 181.616482881
realSampled, imSampled: 7.59949994139,168.140319582
----------------------------
Below is paramLists, check if below values match:
['initialize', 'EtaPi::Negative::D1-', 'cartesian', '-423.00600735797', '-95.9155500061731\n']
Amps from param_init.cfg: D1-
realAmp: -423.006007358
imAmp: -95.9155500062
Sampling from the below ranges
real_low, real_up: -326.104205151, -519.907809565
im_low, im_up: -97.1408850043, -94.690215008
realSampled, imSampled: -353.16889724,-96.5942188859
----------------------------
Below is paramLists, check if below values match:
['initialize', 'EtaPi::Positive::P1+', 'cartesian', '380.731697646097', '-1.26780408056009\n']
Amps from param_init.cfg: P1+
realAmp: 380.731697646
imAmp: -1.26780408056
Sampling from the below ranges
real_low, real_up: 236.512188352, 524.95120694
im_low, im_up: -30.8874628564, 28.3518546953
realSampled, imSampled: 342.802361732,-30.435042408
----------------------------
Below is paramLists, check if below values match:
['initialize', 'EtaPi::Positive::D1+', 'cartesian', '66.363961459904', '0', 'real\n']
Amps from param_init.cfg: D1+
realAmp: 66.3639614599
imAmp: 0.0
Sampling from the below ranges
real_low, real_up: 16.4547730219, 116.273149898
im_low, im_up: -30.0, 30.0
realSampled, imSampled: 71.7213419031,0.0
----------------------------
length of realAmps, imAmps, isreal is good!
fit -c bin_11-seed0.cfg -s seed0-param_init.cfg
THIS IS ITERATION 2
num_lines: 7 should equal the total number of waves!
Bin_11 converged with this set of initialization!


**********************************************************************
***************************** NEXT SEED *********************************

Running on seed,seedNum,binNum=195368212,0,17
================   bin_17    =================
current working directory: /d/grid15/ln16/pi0eta/092419/amptools/analysis/divideRoot/bin_17
Copying bin_17-seed0.cfg from bin_17.cfg
--------------------------------------------------
sed -i s/bin_17/bin_17-seed0/g bin_17-seed0.cfg
We will use the converged values instead of randomly sampling around them!
Opening: /d/grid15/ln16/pi0eta/092419/amptools/analysis/divideRoot/bin_17/param_init.cfg
Below is paramLists, check if below values match:
['initialize', 'EtaPi::Negative::S0-', 'cartesian', '-278.76795276567', '0', 'real\n']
Amps from param_init.cfg: S0-
realAmp: -278.767952766
imAmp: 0.0
Sampling from the below ranges
real_low, real_up: -278.767952766, -278.767952766
im_low, im_up: 0.0, 0.0
realSampled, imSampled: -278.767952766,0.0
----------------------------
Below is paramLists, check if below values match:
['initialize', 'EtaPi::Negative::P0-', 'cartesian', '162.699283256817', '-356.882804953649\n']
Amps from param_init.cfg: P0-
realAmp: 162.699283257
imAmp: -356.882804954
Sampling from the below ranges
real_low, real_up: 162.699283257, 162.699283257
im_low, im_up: -356.882804954, -356.882804954
realSampled, imSampled: 162.699283257,-356.882804954
----------------------------
Below is paramLists, check if below values match:
['initialize', 'EtaPi::Negative::P1-', 'cartesian', '-64.8532702119534', '241.191743297148\n']
Amps from param_init.cfg: P1-
realAmp: -64.853270212
imAmp: 241.191743297
Sampling from the below ranges
real_low, real_up: -64.853270212, -64.853270212
im_low, im_up: 241.191743297, 241.191743297
realSampled, imSampled: -64.853270212,241.191743297
----------------------------
Below is paramLists, check if below values match:
['initialize', 'EtaPi::Negative::D0-', 'cartesian', '147.578570570014', '39.2809919682691\n']
Amps from param_init.cfg: D0-
realAmp: 147.57857057
imAmp: 39.2809919683
Sampling from the below ranges
real_low, real_up: 147.57857057, 147.57857057
im_low, im_up: 39.2809919683, 39.2809919683
realSampled, imSampled: 147.57857057,39.2809919683
----------------------------
Below is paramLists, check if below values match:
['initialize', 'EtaPi::Negative::D1-', 'cartesian', '-133.31298539201', '-153.05483901691\n']
Amps from param_init.cfg: D1-
realAmp: -133.312985392
imAmp: -153.054839017
Sampling from the below ranges
real_low, real_up: -133.312985392, -133.312985392
im_low, im_up: -153.054839017, -153.054839017
realSampled, imSampled: -133.312985392,-153.054839017
----------------------------
Below is paramLists, check if below values match:
['initialize', 'EtaPi::Positive::P1+', 'cartesian', '179.205639857788', '-0.0887169222073637\n']
Amps from param_init.cfg: P1+
realAmp: 179.205639858
imAmp: -0.0887169222074
Sampling from the below ranges
real_low, real_up: 179.205639858, 179.205639858
im_low, im_up: -0.0887169222074, -0.0887169222074
realSampled, imSampled: 179.205639858,-0.0887169222074
----------------------------
Below is paramLists, check if below values match:
['initialize', 'EtaPi::Positive::D1+', 'cartesian', '81.1360503822694', '0', 'real\n']
Amps from param_init.cfg: D1+
realAmp: 81.1360503823
imAmp: 0.0
Sampling from the below ranges
real_low, real_up: 81.1360503823, 81.1360503823
im_low, im_up: 0.0, 0.0
realSampled, imSampled: 81.1360503823,0.0
----------------------------
length of realAmps, imAmps, isreal is good!
fit -c bin_17-seed0.cfg -s seed0-param_init.cfg
THIS IS ITERATION 0
num_lines: 7 should equal the total number of waves!
Bin_17 converged with this set of initialization!


**********************************************************************
***************************** NEXT SEED *********************************

Running on seed,seedNum,binNum=195368212,0,23
================   bin_23    =================
current working directory: /d/grid15/ln16/pi0eta/092419/amptools/analysis/divideRoot/bin_23
Copying bin_23-seed0.cfg from bin_23.cfg
--------------------------------------------------
sed -i s/bin_23/bin_23-seed0/g bin_23-seed0.cfg
We will use the converged values instead of randomly sampling around them!
Opening: /d/grid15/ln16/pi0eta/092419/amptools/analysis/divideRoot/bin_23/param_init.cfg
Below is paramLists, check if below values match:
['initialize', 'EtaPi::Negative::S0-', 'cartesian', '-16.2837086538109', '0', 'real\n']
Amps from param_init.cfg: S0-
realAmp: -16.2837086538
imAmp: 0.0
Sampling from the below ranges
real_low, real_up: -16.2837086538, -16.2837086538
im_low, im_up: 0.0, 0.0
realSampled, imSampled: -16.2837086538,0.0
----------------------------
Below is paramLists, check if below values match:
['initialize', 'EtaPi::Negative::P0-', 'cartesian', '-192.667953173967', '-17.266312260454\n']
Amps from param_init.cfg: P0-
realAmp: -192.667953174
imAmp: -17.2663122605
Sampling from the below ranges
real_low, real_up: -192.667953174, -192.667953174
im_low, im_up: -17.2663122605, -17.2663122605
realSampled, imSampled: -192.667953174,-17.2663122605
----------------------------
Below is paramLists, check if below values match:
['initialize', 'EtaPi::Negative::P1-', 'cartesian', '173.533772834111', '-59.7497109793508\n']
Amps from param_init.cfg: P1-
realAmp: 173.533772834
imAmp: -59.7497109794
Sampling from the below ranges
real_low, real_up: 173.533772834, 173.533772834
im_low, im_up: -59.7497109794, -59.7497109794
realSampled, imSampled: 173.533772834,-59.7497109794
----------------------------
Below is paramLists, check if below values match:
['initialize', 'EtaPi::Negative::D0-', 'cartesian', '118.217520426335', '574.943124551831\n']
Amps from param_init.cfg: D0-
realAmp: 118.217520426
imAmp: 574.943124552
Sampling from the below ranges
real_low, real_up: 118.217520426, 118.217520426
im_low, im_up: 574.943124552, 574.943124552
realSampled, imSampled: 118.217520426,574.943124552
----------------------------
Below is paramLists, check if below values match:
['initialize', 'EtaPi::Negative::D1-', 'cartesian', '-112.812985267914', '-5.88859943866618\n']
Amps from param_init.cfg: D1-
realAmp: -112.812985268
imAmp: -5.88859943867
Sampling from the below ranges
real_low, real_up: -112.812985268, -112.812985268
im_low, im_up: -5.88859943867, -5.88859943867
realSampled, imSampled: -112.812985268,-5.88859943867
----------------------------
Below is paramLists, check if below values match:
['initialize', 'EtaPi::Positive::P1+', 'cartesian', '87.7731795052095', '0.015655299780588\n']
Amps from param_init.cfg: P1+
realAmp: 87.7731795052
imAmp: 0.0156552997806
Sampling from the below ranges
real_low, real_up: 87.7731795052, 87.7731795052
im_low, im_up: 0.0156552997806, 0.0156552997806
realSampled, imSampled: 87.7731795052,0.0156552997806
----------------------------
Below is paramLists, check if below values match:
['initialize', 'EtaPi::Positive::D1+', 'cartesian', '-45.8700235644809', '0', 'real\n']
Amps from param_init.cfg: D1+
realAmp: -45.8700235645
imAmp: 0.0
Sampling from the below ranges
real_low, real_up: -45.8700235645, -45.8700235645
im_low, im_up: 0.0, 0.0
realSampled, imSampled: -45.8700235645,0.0
----------------------------
length of realAmps, imAmps, isreal is good!
fit -c bin_23-seed0.cfg -s seed0-param_init.cfg
THIS IS ITERATION 0
num_lines: 7 should equal the total number of waves!
Bin_23 converged with this set of initialization!


**********************************************************************
***************************** NEXT SEED *********************************

Running on seed,seedNum,binNum=195368212,0,29
================   bin_29    =================
current working directory: /d/grid15/ln16/pi0eta/092419/amptools/analysis/divideRoot/bin_29
Copying bin_29-seed0.cfg from bin_29.cfg
--------------------------------------------------
sed -i s/bin_29/bin_29-seed0/g bin_29-seed0.cfg
We will use the converged values instead of randomly sampling around them!
Opening: /d/grid15/ln16/pi0eta/092419/amptools/analysis/divideRoot/bin_29/param_init.cfg
Below is paramLists, check if below values match:
['initialize', 'EtaPi::Negative::S0-', 'cartesian', '-95.7568721251319', '0', 'real\n']
Amps from param_init.cfg: S0-
realAmp: -95.7568721251
imAmp: 0.0
Sampling from the below ranges
real_low, real_up: -95.7568721251, -95.7568721251
im_low, im_up: 0.0, 0.0
realSampled, imSampled: -95.7568721251,0.0
----------------------------
Below is paramLists, check if below values match:
['initialize', 'EtaPi::Negative::P0-', 'cartesian', '177.898258200127', '123.700589827398\n']
Amps from param_init.cfg: P0-
realAmp: 177.8982582
imAmp: 123.700589827
Sampling from the below ranges
real_low, real_up: 177.8982582, 177.8982582
im_low, im_up: 123.700589827, 123.700589827
realSampled, imSampled: 177.8982582,123.700589827
----------------------------
Below is paramLists, check if below values match:
['initialize', 'EtaPi::Negative::P1-', 'cartesian', '-173.864052300641', '-83.1426935434656\n']
Amps from param_init.cfg: P1-
realAmp: -173.864052301
imAmp: -83.1426935435
Sampling from the below ranges
real_low, real_up: -173.864052301, -173.864052301
im_low, im_up: -83.1426935435, -83.1426935435
realSampled, imSampled: -173.864052301,-83.1426935435
----------------------------
Below is paramLists, check if below values match:
['initialize', 'EtaPi::Negative::D0-', 'cartesian', '264.810531503829', '-1129.38798929205\n']
Amps from param_init.cfg: D0-
realAmp: 264.810531504
imAmp: -1129.38798929
Sampling from the below ranges
real_low, real_up: 264.810531504, 264.810531504
im_low, im_up: -1129.38798929, -1129.38798929
realSampled, imSampled: 264.810531504,-1129.38798929
----------------------------
Below is paramLists, check if below values match:
['initialize', 'EtaPi::Negative::D1-', 'cartesian', '168.682216066872', '114.910086328626\n']
Amps from param_init.cfg: D1-
realAmp: 168.682216067
imAmp: 114.910086329
Sampling from the below ranges
real_low, real_up: 168.682216067, 168.682216067
im_low, im_up: 114.910086329, 114.910086329
realSampled, imSampled: 168.682216067,114.910086329
----------------------------
Below is paramLists, check if below values match:
['initialize', 'EtaPi::Positive::P1+', 'cartesian', '0.00473099500414605', '-0.0170580093055244\n']
Amps from param_init.cfg: P1+
realAmp: 0.00473099500415
imAmp: -0.0170580093055
Sampling from the below ranges
real_low, real_up: 0.00473099500415, 0.00473099500415
im_low, im_up: -0.0170580093055, -0.0170580093055
realSampled, imSampled: 0.00473099500415,-0.0170580093055
----------------------------
Below is paramLists, check if below values match:
['initialize', 'EtaPi::Positive::D1+', 'cartesian', '0.0193771490858103', '0', 'real\n']
Amps from param_init.cfg: D1+
realAmp: 0.0193771490858
imAmp: 0.0
Sampling from the below ranges
real_low, real_up: 0.0193771490858, 0.0193771490858
im_low, im_up: 0.0, 0.0
realSampled, imSampled: 0.0193771490858,0.0
----------------------------
length of realAmps, imAmps, isreal is good!
fit -c bin_29-seed0.cfg -s seed0-param_init.cfg
THIS IS ITERATION 0
num_lines: 7 should equal the total number of waves!
Bin_29 converged with this set of initialization!


**********************************************************************
***************************** NEXT SEED *********************************

Running on seed,seedNum,binNum=195368212,0,35
================   bin_35    =================
current working directory: /d/grid15/ln16/pi0eta/092419/amptools/analysis/divideRoot/bin_35
Copying bin_35-seed0.cfg from bin_35.cfg
--------------------------------------------------
sed -i s/bin_35/bin_35-seed0/g bin_35-seed0.cfg
We will use the converged values instead of randomly sampling around them!
Opening: /d/grid15/ln16/pi0eta/092419/amptools/analysis/divideRoot/bin_35/param_init.cfg
Below is paramLists, check if below values match:
['initialize', 'EtaPi::Negative::S0-', 'cartesian', '94.2336540229662', '0', 'real\n']
Amps from param_init.cfg: S0-
realAmp: 94.233654023
imAmp: 0.0
Sampling from the below ranges
real_low, real_up: 94.233654023, 94.233654023
im_low, im_up: 0.0, 0.0
realSampled, imSampled: 94.233654023,0.0
----------------------------
Below is paramLists, check if below values match:
['initialize', 'EtaPi::Negative::P0-', 'cartesian', '-50.8907362956564', '-55.6272635458367\n']
Amps from param_init.cfg: P0-
realAmp: -50.8907362957
imAmp: -55.6272635458
Sampling from the below ranges
real_low, real_up: -50.8907362957, -50.8907362957
im_low, im_up: -55.6272635458, -55.6272635458
realSampled, imSampled: -50.8907362957,-55.6272635458
----------------------------
Below is paramLists, check if below values match:
['initialize', 'EtaPi::Negative::P1-', 'cartesian', '162.239426938721', '-58.2921129101218\n']
Amps from param_init.cfg: P1-
realAmp: 162.239426939
imAmp: -58.2921129101
Sampling from the below ranges
real_low, real_up: 162.239426939, 162.239426939
im_low, im_up: -58.2921129101, -58.2921129101
realSampled, imSampled: 162.239426939,-58.2921129101
----------------------------
Below is paramLists, check if below values match:
['initialize', 'EtaPi::Negative::D0-', 'cartesian', '277.014453724116', '418.521931613065\n']
Amps from param_init.cfg: D0-
realAmp: 277.014453724
imAmp: 418.521931613
Sampling from the below ranges
real_low, real_up: 277.014453724, 277.014453724
im_low, im_up: 418.521931613, 418.521931613
realSampled, imSampled: 277.014453724,418.521931613
----------------------------
Below is paramLists, check if below values match:
['initialize', 'EtaPi::Negative::D1-', 'cartesian', '-53.7628840014602', '-31.2793059956218\n']
Amps from param_init.cfg: D1-
realAmp: -53.7628840015
imAmp: -31.2793059956
Sampling from the below ranges
real_low, real_up: -53.7628840015, -53.7628840015
im_low, im_up: -31.2793059956, -31.2793059956
realSampled, imSampled: -53.7628840015,-31.2793059956
----------------------------
Below is paramLists, check if below values match:
['initialize', 'EtaPi::Positive::P1+', 'cartesian', '106.605676821546', '-6.56964691250564\n']
Amps from param_init.cfg: P1+
realAmp: 106.605676822
imAmp: -6.56964691251
Sampling from the below ranges
real_low, real_up: 106.605676822, 106.605676822
im_low, im_up: -6.56964691251, -6.56964691251
realSampled, imSampled: 106.605676822,-6.56964691251
----------------------------
Below is paramLists, check if below values match:
['initialize', 'EtaPi::Positive::D1+', 'cartesian', '-4.30666603817354', '0', 'real\n']
Amps from param_init.cfg: D1+
realAmp: -4.30666603817
imAmp: 0.0
Sampling from the below ranges
real_low, real_up: -4.30666603817, -4.30666603817
im_low, im_up: 0.0, 0.0
realSampled, imSampled: -4.30666603817,0.0
----------------------------
length of realAmps, imAmps, isreal is good!
fit -c bin_35-seed0.cfg -s seed0-param_init.cfg
THIS IS ITERATION 0
num_lines: 7 should equal the total number of waves!
Bin_35 converged with this set of initialization!


**********************************************************************
***************************** NEXT SEED *********************************

Running on seed,seedNum,binNum=195368212,0,41
================   bin_41    =================
current working directory: /d/grid15/ln16/pi0eta/092419/amptools/analysis/divideRoot/bin_41
Copying bin_41-seed0.cfg from bin_41.cfg
--------------------------------------------------
sed -i s/bin_41/bin_41-seed0/g bin_41-seed0.cfg
We will use the converged values instead of randomly sampling around them!
Opening: /d/grid15/ln16/pi0eta/092419/amptools/analysis/divideRoot/bin_41/param_init.cfg
Below is paramLists, check if below values match:
['initialize', 'EtaPi::Negative::S0-', 'cartesian', '172.691882272188', '0', 'real\n']
Amps from param_init.cfg: S0-
realAmp: 172.691882272
imAmp: 0.0
Sampling from the below ranges
real_low, real_up: 172.691882272, 172.691882272
im_low, im_up: 0.0, 0.0
realSampled, imSampled: 172.691882272,0.0
----------------------------
Below is paramLists, check if below values match:
['initialize', 'EtaPi::Negative::P0-', 'cartesian', '-88.1966561029399', '55.6430249122928\n']
Amps from param_init.cfg: P0-
realAmp: -88.1966561029
imAmp: 55.6430249123
Sampling from the below ranges
real_low, real_up: -88.1966561029, -88.1966561029
im_low, im_up: 55.6430249123, 55.6430249123
realSampled, imSampled: -88.1966561029,55.6430249123
----------------------------
Below is paramLists, check if below values match:
['initialize', 'EtaPi::Negative::P1-', 'cartesian', '168.84459705601', '154.523024809678\n']
Amps from param_init.cfg: P1-
realAmp: 168.844597056
imAmp: 154.52302481
Sampling from the below ranges
real_low, real_up: 168.844597056, 168.844597056
im_low, im_up: 154.52302481, 154.52302481
realSampled, imSampled: 168.844597056,154.52302481
----------------------------
Below is paramLists, check if below values match:
['initialize', 'EtaPi::Negative::D0-', 'cartesian', '397.766368779178', '-177.241591853722\n']
Amps from param_init.cfg: D0-
realAmp: 397.766368779
imAmp: -177.241591854
Sampling from the below ranges
real_low, real_up: 397.766368779, 397.766368779
im_low, im_up: -177.241591854, -177.241591854
realSampled, imSampled: 397.766368779,-177.241591854
----------------------------
Below is paramLists, check if below values match:
['initialize', 'EtaPi::Negative::D1-', 'cartesian', '-122.213001960384', '12.8635845896066\n']
Amps from param_init.cfg: D1-
realAmp: -122.21300196
imAmp: 12.8635845896
Sampling from the below ranges
real_low, real_up: -122.21300196, -122.21300196
im_low, im_up: 12.8635845896, 12.8635845896
realSampled, imSampled: -122.21300196,12.8635845896
----------------------------
Below is paramLists, check if below values match:
['initialize', 'EtaPi::Positive::P1+', 'cartesian', '191.886807131127', '-3.70232389198589\n']
Amps from param_init.cfg: P1+
realAmp: 191.886807131
imAmp: -3.70232389199
Sampling from the below ranges
real_low, real_up: 191.886807131, 191.886807131
im_low, im_up: -3.70232389199, -3.70232389199
realSampled, imSampled: 191.886807131,-3.70232389199
----------------------------
Below is paramLists, check if below values match:
['initialize', 'EtaPi::Positive::D1+', 'cartesian', '-15.5199502685619', '0', 'real\n']
Amps from param_init.cfg: D1+
realAmp: -15.5199502686
imAmp: 0.0
Sampling from the below ranges
real_low, real_up: -15.5199502686, -15.5199502686
im_low, im_up: 0.0, 0.0
realSampled, imSampled: -15.5199502686,0.0
----------------------------
length of realAmps, imAmps, isreal is good!
fit -c bin_41-seed0.cfg -s seed0-param_init.cfg
THIS IS ITERATION 0
num_lines: 7 should equal the total number of waves!
Bin_41 converged with this set of initialization!


**********************************************************************
***************************** NEXT SEED *********************************

Running on seed,seedNum,binNum=195368212,0,47
================   bin_47    =================
current working directory: /d/grid15/ln16/pi0eta/092419/amptools/analysis/divideRoot/bin_47
Copying bin_47-seed0.cfg from bin_47.cfg
--------------------------------------------------
sed -i s/bin_47/bin_47-seed0/g bin_47-seed0.cfg
We will use the converged values instead of randomly sampling around them!
Opening: /d/grid15/ln16/pi0eta/092419/amptools/analysis/divideRoot/bin_47/param_init.cfg
Below is paramLists, check if below values match:
['initialize', 'EtaPi::Negative::S0-', 'cartesian', '113.887424875421', '0', 'real\n']
Amps from param_init.cfg: S0-
realAmp: 113.887424875
imAmp: 0.0
Sampling from the below ranges
real_low, real_up: 113.887424875, 113.887424875
im_low, im_up: 0.0, 0.0
realSampled, imSampled: 113.887424875,0.0
----------------------------
Below is paramLists, check if below values match:
['initialize', 'EtaPi::Negative::P0-', 'cartesian', '-97.3573852419262', '-64.0730566031829\n']
Amps from param_init.cfg: P0-
realAmp: -97.3573852419
imAmp: -64.0730566032
Sampling from the below ranges
real_low, real_up: -97.3573852419, -97.3573852419
im_low, im_up: -64.0730566032, -64.0730566032
realSampled, imSampled: -97.3573852419,-64.0730566032
----------------------------
Below is paramLists, check if below values match:
['initialize', 'EtaPi::Negative::P1-', 'cartesian', '240.420325234176', '-68.6026607682956\n']
Amps from param_init.cfg: P1-
realAmp: 240.420325234
imAmp: -68.6026607683
Sampling from the below ranges
real_low, real_up: 240.420325234, 240.420325234
im_low, im_up: -68.6026607683, -68.6026607683
realSampled, imSampled: 240.420325234,-68.6026607683
----------------------------
Below is paramLists, check if below values match:
['initialize', 'EtaPi::Negative::D0-', 'cartesian', '358.297002869893', '532.595203233138\n']
Amps from param_init.cfg: D0-
realAmp: 358.29700287
imAmp: 532.595203233
Sampling from the below ranges
real_low, real_up: 358.29700287, 358.29700287
im_low, im_up: 532.595203233, 532.595203233
realSampled, imSampled: 358.29700287,532.595203233
----------------------------
Below is paramLists, check if below values match:
['initialize', 'EtaPi::Negative::D1-', 'cartesian', '-84.7300972140807', '-90.4701767484571\n']
Amps from param_init.cfg: D1-
realAmp: -84.7300972141
imAmp: -90.4701767485
Sampling from the below ranges
real_low, real_up: -84.7300972141, -84.7300972141
im_low, im_up: -90.4701767485, -90.4701767485
realSampled, imSampled: -84.7300972141,-90.4701767485
----------------------------
Below is paramLists, check if below values match:
['initialize', 'EtaPi::Positive::P1+', 'cartesian', '119.980141348298', '-0.411112744776444\n']
Amps from param_init.cfg: P1+
realAmp: 119.980141348
imAmp: -0.411112744776
Sampling from the below ranges
real_low, real_up: 119.980141348, 119.980141348
im_low, im_up: -0.411112744776, -0.411112744776
realSampled, imSampled: 119.980141348,-0.411112744776
----------------------------
Below is paramLists, check if below values match:
['initialize', 'EtaPi::Positive::D1+', 'cartesian', '-16.8895063398878', '0', 'real\n']
Amps from param_init.cfg: D1+
realAmp: -16.8895063399
imAmp: 0.0
Sampling from the below ranges
real_low, real_up: -16.8895063399, -16.8895063399
im_low, im_up: 0.0, 0.0
realSampled, imSampled: -16.8895063399,0.0
----------------------------
length of realAmps, imAmps, isreal is good!
fit -c bin_47-seed0.cfg -s seed0-param_init.cfg
THIS IS ITERATION 0
num_lines: 7 should equal the total number of waves!
Bin_47 converged with this set of initialization!


**********************************************************************
***************************** NEXT SEED *********************************

Running on seed,seedNum,binNum=195368212,0,53
================   bin_53    =================
current working directory: /d/grid15/ln16/pi0eta/092419/amptools/analysis/divideRoot/bin_53
Copying bin_53-seed0.cfg from bin_53.cfg
--------------------------------------------------
sed -i s/bin_53/bin_53-seed0/g bin_53-seed0.cfg
We will use the converged values instead of randomly sampling around them!
Opening: /d/grid15/ln16/pi0eta/092419/amptools/analysis/divideRoot/bin_53/param_init.cfg
Below is paramLists, check if below values match:
['initialize', 'EtaPi::Negative::S0-', 'cartesian', '-38.7415049689966', '0', 'real\n']
Amps from param_init.cfg: S0-
realAmp: -38.741504969
imAmp: 0.0
Sampling from the below ranges
real_low, real_up: -38.741504969, -38.741504969
im_low, im_up: 0.0, 0.0
realSampled, imSampled: -38.741504969,0.0
----------------------------
Below is paramLists, check if below values match:
['initialize', 'EtaPi::Negative::P0-', 'cartesian', '35.9253937293222', '65.687824463953\n']
Amps from param_init.cfg: P0-
realAmp: 35.9253937293
imAmp: 65.687824464
Sampling from the below ranges
real_low, real_up: 35.9253937293, 35.9253937293
im_low, im_up: 65.687824464, 65.687824464
realSampled, imSampled: 35.9253937293,65.687824464
----------------------------
Below is paramLists, check if below values match:
['initialize', 'EtaPi::Negative::P1-', 'cartesian', '-140.629079249247', '-76.1117926902222\n']
Amps from param_init.cfg: P1-
realAmp: -140.629079249
imAmp: -76.1117926902
Sampling from the below ranges
real_low, real_up: -140.629079249, -140.629079249
im_low, im_up: -76.1117926902, -76.1117926902
realSampled, imSampled: -140.629079249,-76.1117926902
----------------------------
Below is paramLists, check if below values match:
['initialize', 'EtaPi::Negative::D0-', 'cartesian', '25.2805710560681', '-409.573862252472\n']
Amps from param_init.cfg: D0-
realAmp: 25.2805710561
imAmp: -409.573862252
Sampling from the below ranges
real_low, real_up: 25.2805710561, 25.2805710561
im_low, im_up: -409.573862252, -409.573862252
realSampled, imSampled: 25.2805710561,-409.573862252
----------------------------
Below is paramLists, check if below values match:
['initialize', 'EtaPi::Negative::D1-', 'cartesian', '26.8389998958177', '50.3333746526995\n']
Amps from param_init.cfg: D1-
realAmp: 26.8389998958
imAmp: 50.3333746527
Sampling from the below ranges
real_low, real_up: 26.8389998958, 26.8389998958
im_low, im_up: 50.3333746527, 50.3333746527
realSampled, imSampled: 26.8389998958,50.3333746527
----------------------------
Below is paramLists, check if below values match:
['initialize', 'EtaPi::Positive::P1+', 'cartesian', '73.8338544304451', '-0.0803449675496824\n']
Amps from param_init.cfg: P1+
realAmp: 73.8338544304
imAmp: -0.0803449675497
Sampling from the below ranges
real_low, real_up: 73.8338544304, 73.8338544304
im_low, im_up: -0.0803449675497, -0.0803449675497
realSampled, imSampled: 73.8338544304,-0.0803449675497
----------------------------
Below is paramLists, check if below values match:
['initialize', 'EtaPi::Positive::D1+', 'cartesian', '14.0940411370501', '0', 'real\n']
Amps from param_init.cfg: D1+
realAmp: 14.0940411371
imAmp: 0.0
Sampling from the below ranges
real_low, real_up: 14.0940411371, 14.0940411371
im_low, im_up: 0.0, 0.0
realSampled, imSampled: 14.0940411371,0.0
----------------------------
length of realAmps, imAmps, isreal is good!
fit -c bin_53-seed0.cfg -s seed0-param_init.cfg
THIS IS ITERATION 0
num_lines: 7 should equal the total number of waves!
Bin_53 converged with this set of initialization!


**********************************************************************
***************************** NEXT SEED *********************************

Running on seed,seedNum,binNum=195368212,0,59
================   bin_59    =================
current working directory: /d/grid15/ln16/pi0eta/092419/amptools/analysis/divideRoot/bin_59
Copying bin_59-seed0.cfg from bin_59.cfg
--------------------------------------------------
sed -i s/bin_59/bin_59-seed0/g bin_59-seed0.cfg
We will use the converged values instead of randomly sampling around them!
Opening: /d/grid15/ln16/pi0eta/092419/amptools/analysis/divideRoot/bin_59/param_init.cfg
Below is paramLists, check if below values match:
['initialize', 'EtaPi::Negative::S0-', 'cartesian', '65.0006329010677', '0', 'real\n']
Amps from param_init.cfg: S0-
realAmp: 65.0006329011
imAmp: 0.0
Sampling from the below ranges
real_low, real_up: 65.0006329011, 65.0006329011
im_low, im_up: 0.0, 0.0
realSampled, imSampled: 65.0006329011,0.0
----------------------------
Below is paramLists, check if below values match:
['initialize', 'EtaPi::Negative::P0-', 'cartesian', '-39.9158825235819', '-25.5806990930965\n']
Amps from param_init.cfg: P0-
realAmp: -39.9158825236
imAmp: -25.5806990931
Sampling from the below ranges
real_low, real_up: -39.9158825236, -39.9158825236
im_low, im_up: -25.5806990931, -25.5806990931
realSampled, imSampled: -39.9158825236,-25.5806990931
----------------------------
Below is paramLists, check if below values match:
['initialize', 'EtaPi::Negative::P1-', 'cartesian', '117.048646591596', '32.5072303041053\n']
Amps from param_init.cfg: P1-
realAmp: 117.048646592
imAmp: 32.5072303041
Sampling from the below ranges
real_low, real_up: 117.048646592, 117.048646592
im_low, im_up: 32.5072303041, 32.5072303041
realSampled, imSampled: 117.048646592,32.5072303041
----------------------------
Below is paramLists, check if below values match:
['initialize', 'EtaPi::Negative::D0-', 'cartesian', '27.7102976397584', '302.882998985079\n']
Amps from param_init.cfg: D0-
realAmp: 27.7102976398
imAmp: 302.882998985
Sampling from the below ranges
real_low, real_up: 27.7102976398, 27.7102976398
im_low, im_up: 302.882998985, 302.882998985
realSampled, imSampled: 27.7102976398,302.882998985
----------------------------
Below is paramLists, check if below values match:
['initialize', 'EtaPi::Negative::D1-', 'cartesian', '-43.8925653793688', '-65.8496632196818\n']
Amps from param_init.cfg: D1-
realAmp: -43.8925653794
imAmp: -65.8496632197
Sampling from the below ranges
real_low, real_up: -43.8925653794, -43.8925653794
im_low, im_up: -65.8496632197, -65.8496632197
realSampled, imSampled: -43.8925653794,-65.8496632197
----------------------------
Below is paramLists, check if below values match:
['initialize', 'EtaPi::Positive::P1+', 'cartesian', '37.9387566867775', '0.0693446070451267\n']
Amps from param_init.cfg: P1+
realAmp: 37.9387566868
imAmp: 0.0693446070451
Sampling from the below ranges
real_low, real_up: 37.9387566868, 37.9387566868
im_low, im_up: 0.0693446070451, 0.0693446070451
realSampled, imSampled: 37.9387566868,0.0693446070451
----------------------------
Below is paramLists, check if below values match:
['initialize', 'EtaPi::Positive::D1+', 'cartesian', '21.9823184466675', '0', 'real\n']
Amps from param_init.cfg: D1+
realAmp: 21.9823184467
imAmp: 0.0
Sampling from the below ranges
real_low, real_up: 21.9823184467, 21.9823184467
im_low, im_up: 0.0, 0.0
realSampled, imSampled: 21.9823184467,0.0
----------------------------
length of realAmps, imAmps, isreal is good!
fit -c bin_59-seed0.cfg -s seed0-param_init.cfg
THIS IS ITERATION 0
num_lines: 7 should equal the total number of waves!
Bin_59 converged with this set of initialization!


**********************************************************************
***************************** NEXT SEED *********************************

Running on seed,seedNum,binNum=812053609,1,5
================   bin_5    =================
current working directory: /d/grid15/ln16/pi0eta/092419/amptools/analysis/divideRoot/bin_5
Copying bin_5-seed1.cfg from bin_5.cfg
--------------------------------------------------
sed -i s/bin_5/bin_5-seed1/g bin_5-seed1.cfg
We will use the converged values instead of randomly sampling around them!
Opening: /d/grid15/ln16/pi0eta/092419/amptools/analysis/divideRoot/bin_5/param_init.cfg
Below is paramLists, check if below values match:
['initialize', 'EtaPi::Negative::S0-', 'cartesian', '221.622420903481', '0', 'real\n']
Amps from param_init.cfg: S0-
realAmp: 221.622420903
imAmp: 0.0
Sampling from the below ranges
real_low, real_up: 221.622420903, 221.622420903
im_low, im_up: 0.0, 0.0
realSampled, imSampled: 221.622420903,0.0
----------------------------
Below is paramLists, check if below values match:
['initialize', 'EtaPi::Negative::P0-', 'cartesian', '-17.068662021965', '-102.863385770071\n']
Amps from param_init.cfg: P0-
realAmp: -17.068662022
imAmp: -102.86338577
Sampling from the below ranges
real_low, real_up: -17.068662022, -17.068662022
im_low, im_up: -102.86338577, -102.86338577
realSampled, imSampled: -17.068662022,-102.86338577
----------------------------
Below is paramLists, check if below values match:
['initialize', 'EtaPi::Negative::P1-', 'cartesian', '32.6914625015237', '265.853391918139\n']
Amps from param_init.cfg: P1-
realAmp: 32.6914625015
imAmp: 265.853391918
Sampling from the below ranges
real_low, real_up: 32.6914625015, 32.6914625015
im_low, im_up: 265.853391918, 265.853391918
realSampled, imSampled: 32.6914625015,265.853391918
----------------------------
Below is paramLists, check if below values match:
['initialize', 'EtaPi::Negative::D0-', 'cartesian', '85.7344485487975', '-36.331244487163\n']
Amps from param_init.cfg: D0-
realAmp: 85.7344485488
imAmp: -36.3312444872
Sampling from the below ranges
real_low, real_up: 85.7344485488, 85.7344485488
im_low, im_up: -36.3312444872, -36.3312444872
realSampled, imSampled: 85.7344485488,-36.3312444872
----------------------------
Below is paramLists, check if below values match:
['initialize', 'EtaPi::Negative::D1-', 'cartesian', '22.5744514631491', '-54.1193403338865\n']
Amps from param_init.cfg: D1-
realAmp: 22.5744514631
imAmp: -54.1193403339
Sampling from the below ranges
real_low, real_up: 22.5744514631, 22.5744514631
im_low, im_up: -54.1193403339, -54.1193403339
realSampled, imSampled: 22.5744514631,-54.1193403339
----------------------------
Below is paramLists, check if below values match:
['initialize', 'EtaPi::Positive::P1+', 'cartesian', '173.552978245083', '-147.335690956715\n']
Amps from param_init.cfg: P1+
realAmp: 173.552978245
imAmp: -147.335690957
Sampling from the below ranges
real_low, real_up: 173.552978245, 173.552978245
im_low, im_up: -147.335690957, -147.335690957
realSampled, imSampled: 173.552978245,-147.335690957
----------------------------
Below is paramLists, check if below values match:
['initialize', 'EtaPi::Positive::D1+', 'cartesian', '10.7960886873334', '0', 'real\n']
Amps from param_init.cfg: D1+
realAmp: 10.7960886873
imAmp: 0.0
Sampling from the below ranges
real_low, real_up: 10.7960886873, 10.7960886873
im_low, im_up: 0.0, 0.0
realSampled, imSampled: 10.7960886873,0.0
----------------------------
length of realAmps, imAmps, isreal is good!
fit -c bin_5-seed1.cfg -s seed1-param_init.cfg
THIS IS ITERATION 0
num_lines: 7 should equal the total number of waves!
Bin_5 converged with this set of initialization!


**********************************************************************
***************************** NEXT SEED *********************************

Running on seed,seedNum,binNum=812053609,1,11
================   bin_11    =================
current working directory: /d/grid15/ln16/pi0eta/092419/amptools/analysis/divideRoot/bin_11
Copying bin_11-seed1.cfg from bin_11.cfg
--------------------------------------------------
sed -i s/bin_11/bin_11-seed1/g bin_11-seed1.cfg
We will use the converged values instead of randomly sampling around them!
Opening: /d/grid15/ln16/pi0eta/092419/amptools/analysis/divideRoot/bin_11/param_init.cfg
Below is paramLists, check if below values match:
['initialize', 'EtaPi::Negative::S0-', 'cartesian', '768.764832080292', '0', 'real\n']
Amps from param_init.cfg: S0-
realAmp: 768.76483208
imAmp: 0.0
Sampling from the below ranges
real_low, real_up: 768.76483208, 768.76483208
im_low, im_up: 0.0, 0.0
realSampled, imSampled: 768.76483208,0.0
----------------------------
Below is paramLists, check if below values match:
['initialize', 'EtaPi::Negative::P0-', 'cartesian', '-177.926369373643', '444.912226107888\n']
Amps from param_init.cfg: P0-
realAmp: -177.926369374
imAmp: 444.912226108
Sampling from the below ranges
real_low, real_up: -177.926369374, -177.926369374
im_low, im_up: 444.912226108, 444.912226108
realSampled, imSampled: -177.926369374,444.912226108
----------------------------
Below is paramLists, check if below values match:
['initialize', 'EtaPi::Negative::P1-', 'cartesian', '213.833116144768', '476.712595310904\n']
Amps from param_init.cfg: P1-
realAmp: 213.833116145
imAmp: 476.712595311
Sampling from the below ranges
real_low, real_up: 213.833116145, 213.833116145
im_low, im_up: 476.712595311, 476.712595311
realSampled, imSampled: 213.833116145,476.712595311
----------------------------
Below is paramLists, check if below values match:
['initialize', 'EtaPi::Negative::D0-', 'cartesian', '35.3199828445596', '116.628063754657\n']
Amps from param_init.cfg: D0-
realAmp: 35.3199828446
imAmp: 116.628063755
Sampling from the below ranges
real_low, real_up: 35.3199828446, 35.3199828446
im_low, im_up: 116.628063755, 116.628063755
realSampled, imSampled: 35.3199828446,116.628063755
----------------------------
Below is paramLists, check if below values match:
['initialize', 'EtaPi::Negative::D1-', 'cartesian', '-423.00600735797', '-95.9155500061731\n']
Amps from param_init.cfg: D1-
realAmp: -423.006007358
imAmp: -95.9155500062
Sampling from the below ranges
real_low, real_up: -423.006007358, -423.006007358
im_low, im_up: -95.9155500062, -95.9155500062
realSampled, imSampled: -423.006007358,-95.9155500062
----------------------------
Below is paramLists, check if below values match:
['initialize', 'EtaPi::Positive::P1+', 'cartesian', '380.731697646097', '-1.26780408056009\n']
Amps from param_init.cfg: P1+
realAmp: 380.731697646
imAmp: -1.26780408056
Sampling from the below ranges
real_low, real_up: 380.731697646, 380.731697646
im_low, im_up: -1.26780408056, -1.26780408056
realSampled, imSampled: 380.731697646,-1.26780408056
----------------------------
Below is paramLists, check if below values match:
['initialize', 'EtaPi::Positive::D1+', 'cartesian', '66.363961459904', '0', 'real\n']
Amps from param_init.cfg: D1+
realAmp: 66.3639614599
imAmp: 0.0
Sampling from the below ranges
real_low, real_up: 66.3639614599, 66.3639614599
im_low, im_up: 0.0, 0.0
realSampled, imSampled: 66.3639614599,0.0
----------------------------
length of realAmps, imAmps, isreal is good!
fit -c bin_11-seed1.cfg -s seed1-param_init.cfg
THIS IS ITERATION 0
num_lines: 7 should equal the total number of waves!
Bin_11 converged with this set of initialization!


**********************************************************************
***************************** NEXT SEED *********************************

Running on seed,seedNum,binNum=812053609,1,17
================   bin_17    =================
current working directory: /d/grid15/ln16/pi0eta/092419/amptools/analysis/divideRoot/bin_17
Copying bin_17-seed1.cfg from bin_17.cfg
--------------------------------------------------
sed -i s/bin_17/bin_17-seed1/g bin_17-seed1.cfg
We will use the converged values instead of randomly sampling around them!
Opening: /d/grid15/ln16/pi0eta/092419/amptools/analysis/divideRoot/bin_17/param_init.cfg
Below is paramLists, check if below values match:
['initialize', 'EtaPi::Negative::S0-', 'cartesian', '-278.76795276567', '0', 'real\n']
Amps from param_init.cfg: S0-
realAmp: -278.767952766
imAmp: 0.0
Sampling from the below ranges
real_low, real_up: -278.767952766, -278.767952766
im_low, im_up: 0.0, 0.0
realSampled, imSampled: -278.767952766,0.0
----------------------------
Below is paramLists, check if below values match:
['initialize', 'EtaPi::Negative::P0-', 'cartesian', '162.699283256817', '-356.882804953649\n']
Amps from param_init.cfg: P0-
realAmp: 162.699283257
imAmp: -356.882804954
Sampling from the below ranges
real_low, real_up: 162.699283257, 162.699283257
im_low, im_up: -356.882804954, -356.882804954
realSampled, imSampled: 162.699283257,-356.882804954
----------------------------
Below is paramLists, check if below values match:
['initialize', 'EtaPi::Negative::P1-', 'cartesian', '-64.8532702119534', '241.191743297148\n']
Amps from param_init.cfg: P1-
realAmp: -64.853270212
imAmp: 241.191743297
Sampling from the below ranges
real_low, real_up: -64.853270212, -64.853270212
im_low, im_up: 241.191743297, 241.191743297
realSampled, imSampled: -64.853270212,241.191743297
----------------------------
Below is paramLists, check if below values match:
['initialize', 'EtaPi::Negative::D0-', 'cartesian', '147.578570570014', '39.2809919682691\n']
Amps from param_init.cfg: D0-
realAmp: 147.57857057
imAmp: 39.2809919683
Sampling from the below ranges
real_low, real_up: 147.57857057, 147.57857057
im_low, im_up: 39.2809919683, 39.2809919683
realSampled, imSampled: 147.57857057,39.2809919683
----------------------------
Below is paramLists, check if below values match:
['initialize', 'EtaPi::Negative::D1-', 'cartesian', '-133.31298539201', '-153.05483901691\n']
Amps from param_init.cfg: D1-
realAmp: -133.312985392
imAmp: -153.054839017
Sampling from the below ranges
real_low, real_up: -133.312985392, -133.312985392
im_low, im_up: -153.054839017, -153.054839017
realSampled, imSampled: -133.312985392,-153.054839017
----------------------------
Below is paramLists, check if below values match:
['initialize', 'EtaPi::Positive::P1+', 'cartesian', '179.205639857788', '-0.0887169222073637\n']
Amps from param_init.cfg: P1+
realAmp: 179.205639858
imAmp: -0.0887169222074
Sampling from the below ranges
real_low, real_up: 179.205639858, 179.205639858
im_low, im_up: -0.0887169222074, -0.0887169222074
realSampled, imSampled: 179.205639858,-0.0887169222074
----------------------------
Below is paramLists, check if below values match:
['initialize', 'EtaPi::Positive::D1+', 'cartesian', '81.1360503822694', '0', 'real\n']
Amps from param_init.cfg: D1+
realAmp: 81.1360503823
imAmp: 0.0
Sampling from the below ranges
real_low, real_up: 81.1360503823, 81.1360503823
im_low, im_up: 0.0, 0.0
realSampled, imSampled: 81.1360503823,0.0
----------------------------
length of realAmps, imAmps, isreal is good!
fit -c bin_17-seed1.cfg -s seed1-param_init.cfg
THIS IS ITERATION 0
num_lines: 7 should equal the total number of waves!
Bin_17 converged with this set of initialization!


**********************************************************************
***************************** NEXT SEED *********************************

Running on seed,seedNum,binNum=812053609,1,23
================   bin_23    =================
current working directory: /d/grid15/ln16/pi0eta/092419/amptools/analysis/divideRoot/bin_23
Copying bin_23-seed1.cfg from bin_23.cfg
--------------------------------------------------
sed -i s/bin_23/bin_23-seed1/g bin_23-seed1.cfg
We will use the converged values instead of randomly sampling around them!
Opening: /d/grid15/ln16/pi0eta/092419/amptools/analysis/divideRoot/bin_23/param_init.cfg
Below is paramLists, check if below values match:
['initialize', 'EtaPi::Negative::S0-', 'cartesian', '-16.2837086538109', '0', 'real\n']
Amps from param_init.cfg: S0-
realAmp: -16.2837086538
imAmp: 0.0
Sampling from the below ranges
real_low, real_up: -16.2837086538, -16.2837086538
im_low, im_up: 0.0, 0.0
realSampled, imSampled: -16.2837086538,0.0
----------------------------
Below is paramLists, check if below values match:
['initialize', 'EtaPi::Negative::P0-', 'cartesian', '-192.667953173967', '-17.266312260454\n']
Amps from param_init.cfg: P0-
realAmp: -192.667953174
imAmp: -17.2663122605
Sampling from the below ranges
real_low, real_up: -192.667953174, -192.667953174
im_low, im_up: -17.2663122605, -17.2663122605
realSampled, imSampled: -192.667953174,-17.2663122605
----------------------------
Below is paramLists, check if below values match:
['initialize', 'EtaPi::Negative::P1-', 'cartesian', '173.533772834111', '-59.7497109793508\n']
Amps from param_init.cfg: P1-
realAmp: 173.533772834
imAmp: -59.7497109794
Sampling from the below ranges
real_low, real_up: 173.533772834, 173.533772834
im_low, im_up: -59.7497109794, -59.7497109794
realSampled, imSampled: 173.533772834,-59.7497109794
----------------------------
Below is paramLists, check if below values match:
['initialize', 'EtaPi::Negative::D0-', 'cartesian', '118.217520426335', '574.943124551831\n']
Amps from param_init.cfg: D0-
realAmp: 118.217520426
imAmp: 574.943124552
Sampling from the below ranges
real_low, real_up: 118.217520426, 118.217520426
im_low, im_up: 574.943124552, 574.943124552
realSampled, imSampled: 118.217520426,574.943124552
----------------------------
Below is paramLists, check if below values match:
['initialize', 'EtaPi::Negative::D1-', 'cartesian', '-112.812985267914', '-5.88859943866618\n']
Amps from param_init.cfg: D1-
realAmp: -112.812985268
imAmp: -5.88859943867
Sampling from the below ranges
real_low, real_up: -112.812985268, -112.812985268
im_low, im_up: -5.88859943867, -5.88859943867
realSampled, imSampled: -112.812985268,-5.88859943867
----------------------------
Below is paramLists, check if below values match:
['initialize', 'EtaPi::Positive::P1+', 'cartesian', '87.7731795052095', '0.015655299780588\n']
Amps from param_init.cfg: P1+
realAmp: 87.7731795052
imAmp: 0.0156552997806
Sampling from the below ranges
real_low, real_up: 87.7731795052, 87.7731795052
im_low, im_up: 0.0156552997806, 0.0156552997806
realSampled, imSampled: 87.7731795052,0.0156552997806
----------------------------
Below is paramLists, check if below values match:
['initialize', 'EtaPi::Positive::D1+', 'cartesian', '-45.8700235644809', '0', 'real\n']
Amps from param_init.cfg: D1+
realAmp: -45.8700235645
imAmp: 0.0
Sampling from the below ranges
real_low, real_up: -45.8700235645, -45.8700235645
im_low, im_up: 0.0, 0.0
realSampled, imSampled: -45.8700235645,0.0
----------------------------
length of realAmps, imAmps, isreal is good!
fit -c bin_23-seed1.cfg -s seed1-param_init.cfg
THIS IS ITERATION 0
num_lines: 7 should equal the total number of waves!
Bin_23 converged with this set of initialization!


**********************************************************************
***************************** NEXT SEED *********************************

Running on seed,seedNum,binNum=812053609,1,29
================   bin_29    =================
current working directory: /d/grid15/ln16/pi0eta/092419/amptools/analysis/divideRoot/bin_29
Copying bin_29-seed1.cfg from bin_29.cfg
--------------------------------------------------
sed -i s/bin_29/bin_29-seed1/g bin_29-seed1.cfg
We will use the converged values instead of randomly sampling around them!
Opening: /d/grid15/ln16/pi0eta/092419/amptools/analysis/divideRoot/bin_29/param_init.cfg
Below is paramLists, check if below values match:
['initialize', 'EtaPi::Negative::S0-', 'cartesian', '-95.7568721251319', '0', 'real\n']
Amps from param_init.cfg: S0-
realAmp: -95.7568721251
imAmp: 0.0
Sampling from the below ranges
real_low, real_up: -95.7568721251, -95.7568721251
im_low, im_up: 0.0, 0.0
realSampled, imSampled: -95.7568721251,0.0
----------------------------
Below is paramLists, check if below values match:
['initialize', 'EtaPi::Negative::P0-', 'cartesian', '177.898258200127', '123.700589827398\n']
Amps from param_init.cfg: P0-
realAmp: 177.8982582
imAmp: 123.700589827
Sampling from the below ranges
real_low, real_up: 177.8982582, 177.8982582
im_low, im_up: 123.700589827, 123.700589827
realSampled, imSampled: 177.8982582,123.700589827
----------------------------
Below is paramLists, check if below values match:
['initialize', 'EtaPi::Negative::P1-', 'cartesian', '-173.864052300641', '-83.1426935434656\n']
Amps from param_init.cfg: P1-
realAmp: -173.864052301
imAmp: -83.1426935435
Sampling from the below ranges
real_low, real_up: -173.864052301, -173.864052301
im_low, im_up: -83.1426935435, -83.1426935435
realSampled, imSampled: -173.864052301,-83.1426935435
----------------------------
Below is paramLists, check if below values match:
['initialize', 'EtaPi::Negative::D0-', 'cartesian', '264.810531503829', '-1129.38798929205\n']
Amps from param_init.cfg: D0-
realAmp: 264.810531504
imAmp: -1129.38798929
Sampling from the below ranges
real_low, real_up: 264.810531504, 264.810531504
im_low, im_up: -1129.38798929, -1129.38798929
realSampled, imSampled: 264.810531504,-1129.38798929
----------------------------
Below is paramLists, check if below values match:
['initialize', 'EtaPi::Negative::D1-', 'cartesian', '168.682216066872', '114.910086328626\n']
Amps from param_init.cfg: D1-
realAmp: 168.682216067
imAmp: 114.910086329
Sampling from the below ranges
real_low, real_up: 168.682216067, 168.682216067
im_low, im_up: 114.910086329, 114.910086329
realSampled, imSampled: 168.682216067,114.910086329
----------------------------
Below is paramLists, check if below values match:
['initialize', 'EtaPi::Positive::P1+', 'cartesian', '0.00473099500414605', '-0.0170580093055244\n']
Amps from param_init.cfg: P1+
realAmp: 0.00473099500415
imAmp: -0.0170580093055
Sampling from the below ranges
real_low, real_up: 0.00473099500415, 0.00473099500415
im_low, im_up: -0.0170580093055, -0.0170580093055
realSampled, imSampled: 0.00473099500415,-0.0170580093055
----------------------------
Below is paramLists, check if below values match:
['initialize', 'EtaPi::Positive::D1+', 'cartesian', '0.0193771490858103', '0', 'real\n']
Amps from param_init.cfg: D1+
realAmp: 0.0193771490858
imAmp: 0.0
Sampling from the below ranges
real_low, real_up: 0.0193771490858, 0.0193771490858
im_low, im_up: 0.0, 0.0
realSampled, imSampled: 0.0193771490858,0.0
----------------------------
length of realAmps, imAmps, isreal is good!
fit -c bin_29-seed1.cfg -s seed1-param_init.cfg
THIS IS ITERATION 0
num_lines: 7 should equal the total number of waves!
Bin_29 converged with this set of initialization!


**********************************************************************
***************************** NEXT SEED *********************************

Running on seed,seedNum,binNum=812053609,1,35
================   bin_35    =================
current working directory: /d/grid15/ln16/pi0eta/092419/amptools/analysis/divideRoot/bin_35
Copying bin_35-seed1.cfg from bin_35.cfg
--------------------------------------------------
sed -i s/bin_35/bin_35-seed1/g bin_35-seed1.cfg
We will use the converged values instead of randomly sampling around them!
Opening: /d/grid15/ln16/pi0eta/092419/amptools/analysis/divideRoot/bin_35/param_init.cfg
Below is paramLists, check if below values match:
['initialize', 'EtaPi::Negative::S0-', 'cartesian', '94.2336540229662', '0', 'real\n']
Amps from param_init.cfg: S0-
realAmp: 94.233654023
imAmp: 0.0
Sampling from the below ranges
real_low, real_up: 94.233654023, 94.233654023
im_low, im_up: 0.0, 0.0
realSampled, imSampled: 94.233654023,0.0
----------------------------
Below is paramLists, check if below values match:
['initialize', 'EtaPi::Negative::P0-', 'cartesian', '-50.8907362956564', '-55.6272635458367\n']
Amps from param_init.cfg: P0-
realAmp: -50.8907362957
imAmp: -55.6272635458
Sampling from the below ranges
real_low, real_up: -50.8907362957, -50.8907362957
im_low, im_up: -55.6272635458, -55.6272635458
realSampled, imSampled: -50.8907362957,-55.6272635458
----------------------------
Below is paramLists, check if below values match:
['initialize', 'EtaPi::Negative::P1-', 'cartesian', '162.239426938721', '-58.2921129101218\n']
Amps from param_init.cfg: P1-
realAmp: 162.239426939
imAmp: -58.2921129101
Sampling from the below ranges
real_low, real_up: 162.239426939, 162.239426939
im_low, im_up: -58.2921129101, -58.2921129101
realSampled, imSampled: 162.239426939,-58.2921129101
----------------------------
Below is paramLists, check if below values match:
['initialize', 'EtaPi::Negative::D0-', 'cartesian', '277.014453724116', '418.521931613065\n']
Amps from param_init.cfg: D0-
realAmp: 277.014453724
imAmp: 418.521931613
Sampling from the below ranges
real_low, real_up: 277.014453724, 277.014453724
im_low, im_up: 418.521931613, 418.521931613
realSampled, imSampled: 277.014453724,418.521931613
----------------------------
Below is paramLists, check if below values match:
['initialize', 'EtaPi::Negative::D1-', 'cartesian', '-53.7628840014602', '-31.2793059956218\n']
Amps from param_init.cfg: D1-
realAmp: -53.7628840015
imAmp: -31.2793059956
Sampling from the below ranges
real_low, real_up: -53.7628840015, -53.7628840015
im_low, im_up: -31.2793059956, -31.2793059956
realSampled, imSampled: -53.7628840015,-31.2793059956
----------------------------
Below is paramLists, check if below values match:
['initialize', 'EtaPi::Positive::P1+', 'cartesian', '106.605676821546', '-6.56964691250564\n']
Amps from param_init.cfg: P1+
realAmp: 106.605676822
imAmp: -6.56964691251
Sampling from the below ranges
real_low, real_up: 106.605676822, 106.605676822
im_low, im_up: -6.56964691251, -6.56964691251
realSampled, imSampled: 106.605676822,-6.56964691251
----------------------------
Below is paramLists, check if below values match:
['initialize', 'EtaPi::Positive::D1+', 'cartesian', '-4.30666603817354', '0', 'real\n']
Amps from param_init.cfg: D1+
realAmp: -4.30666603817
imAmp: 0.0
Sampling from the below ranges
real_low, real_up: -4.30666603817, -4.30666603817
im_low, im_up: 0.0, 0.0
realSampled, imSampled: -4.30666603817,0.0
----------------------------
length of realAmps, imAmps, isreal is good!
fit -c bin_35-seed1.cfg -s seed1-param_init.cfg
THIS IS ITERATION 0
num_lines: 7 should equal the total number of waves!
Bin_35 converged with this set of initialization!


**********************************************************************
***************************** NEXT SEED *********************************

Running on seed,seedNum,binNum=812053609,1,41
================   bin_41    =================
current working directory: /d/grid15/ln16/pi0eta/092419/amptools/analysis/divideRoot/bin_41
Copying bin_41-seed1.cfg from bin_41.cfg
--------------------------------------------------
sed -i s/bin_41/bin_41-seed1/g bin_41-seed1.cfg
We will use the converged values instead of randomly sampling around them!
Opening: /d/grid15/ln16/pi0eta/092419/amptools/analysis/divideRoot/bin_41/param_init.cfg
Below is paramLists, check if below values match:
['initialize', 'EtaPi::Negative::S0-', 'cartesian', '172.691882272188', '0', 'real\n']
Amps from param_init.cfg: S0-
realAmp: 172.691882272
imAmp: 0.0
Sampling from the below ranges
real_low, real_up: 172.691882272, 172.691882272
im_low, im_up: 0.0, 0.0
realSampled, imSampled: 172.691882272,0.0
----------------------------
Below is paramLists, check if below values match:
['initialize', 'EtaPi::Negative::P0-', 'cartesian', '-88.1966561029399', '55.6430249122928\n']
Amps from param_init.cfg: P0-
realAmp: -88.1966561029
imAmp: 55.6430249123
Sampling from the below ranges
real_low, real_up: -88.1966561029, -88.1966561029
im_low, im_up: 55.6430249123, 55.6430249123
realSampled, imSampled: -88.1966561029,55.6430249123
----------------------------
Below is paramLists, check if below values match:
['initialize', 'EtaPi::Negative::P1-', 'cartesian', '168.84459705601', '154.523024809678\n']
Amps from param_init.cfg: P1-
realAmp: 168.844597056
imAmp: 154.52302481
Sampling from the below ranges
real_low, real_up: 168.844597056, 168.844597056
im_low, im_up: 154.52302481, 154.52302481
realSampled, imSampled: 168.844597056,154.52302481
----------------------------
Below is paramLists, check if below values match:
['initialize', 'EtaPi::Negative::D0-', 'cartesian', '397.766368779178', '-177.241591853722\n']
Amps from param_init.cfg: D0-
realAmp: 397.766368779
imAmp: -177.241591854
Sampling from the below ranges
real_low, real_up: 397.766368779, 397.766368779
im_low, im_up: -177.241591854, -177.241591854
realSampled, imSampled: 397.766368779,-177.241591854
----------------------------
Below is paramLists, check if below values match:
['initialize', 'EtaPi::Negative::D1-', 'cartesian', '-122.213001960384', '12.8635845896066\n']
Amps from param_init.cfg: D1-
realAmp: -122.21300196
imAmp: 12.8635845896
Sampling from the below ranges
real_low, real_up: -122.21300196, -122.21300196
im_low, im_up: 12.8635845896, 12.8635845896
realSampled, imSampled: -122.21300196,12.8635845896
----------------------------
Below is paramLists, check if below values match:
['initialize', 'EtaPi::Positive::P1+', 'cartesian', '191.886807131127', '-3.70232389198589\n']
Amps from param_init.cfg: P1+
realAmp: 191.886807131
imAmp: -3.70232389199
Sampling from the below ranges
real_low, real_up: 191.886807131, 191.886807131
im_low, im_up: -3.70232389199, -3.70232389199
realSampled, imSampled: 191.886807131,-3.70232389199
----------------------------
Below is paramLists, check if below values match:
['initialize', 'EtaPi::Positive::D1+', 'cartesian', '-15.5199502685619', '0', 'real\n']
Amps from param_init.cfg: D1+
realAmp: -15.5199502686
imAmp: 0.0
Sampling from the below ranges
real_low, real_up: -15.5199502686, -15.5199502686
im_low, im_up: 0.0, 0.0
realSampled, imSampled: -15.5199502686,0.0
----------------------------
length of realAmps, imAmps, isreal is good!
fit -c bin_41-seed1.cfg -s seed1-param_init.cfg
THIS IS ITERATION 0
num_lines: 7 should equal the total number of waves!
Bin_41 converged with this set of initialization!


**********************************************************************
***************************** NEXT SEED *********************************

Running on seed,seedNum,binNum=812053609,1,47
================   bin_47    =================
current working directory: /d/grid15/ln16/pi0eta/092419/amptools/analysis/divideRoot/bin_47
Copying bin_47-seed1.cfg from bin_47.cfg
--------------------------------------------------
sed -i s/bin_47/bin_47-seed1/g bin_47-seed1.cfg
We will use the converged values instead of randomly sampling around them!
Opening: /d/grid15/ln16/pi0eta/092419/amptools/analysis/divideRoot/bin_47/param_init.cfg
Below is paramLists, check if below values match:
['initialize', 'EtaPi::Negative::S0-', 'cartesian', '113.887424875421', '0', 'real\n']
Amps from param_init.cfg: S0-
realAmp: 113.887424875
imAmp: 0.0
Sampling from the below ranges
real_low, real_up: 113.887424875, 113.887424875
im_low, im_up: 0.0, 0.0
realSampled, imSampled: 113.887424875,0.0
----------------------------
Below is paramLists, check if below values match:
['initialize', 'EtaPi::Negative::P0-', 'cartesian', '-97.3573852419262', '-64.0730566031829\n']
Amps from param_init.cfg: P0-
realAmp: -97.3573852419
imAmp: -64.0730566032
Sampling from the below ranges
real_low, real_up: -97.3573852419, -97.3573852419
im_low, im_up: -64.0730566032, -64.0730566032
realSampled, imSampled: -97.3573852419,-64.0730566032
----------------------------
Below is paramLists, check if below values match:
['initialize', 'EtaPi::Negative::P1-', 'cartesian', '240.420325234176', '-68.6026607682956\n']
Amps from param_init.cfg: P1-
realAmp: 240.420325234
imAmp: -68.6026607683
Sampling from the below ranges
real_low, real_up: 240.420325234, 240.420325234
im_low, im_up: -68.6026607683, -68.6026607683
realSampled, imSampled: 240.420325234,-68.6026607683
----------------------------
Below is paramLists, check if below values match:
['initialize', 'EtaPi::Negative::D0-', 'cartesian', '358.297002869893', '532.595203233138\n']
Amps from param_init.cfg: D0-
realAmp: 358.29700287
imAmp: 532.595203233
Sampling from the below ranges
real_low, real_up: 358.29700287, 358.29700287
im_low, im_up: 532.595203233, 532.595203233
realSampled, imSampled: 358.29700287,532.595203233
----------------------------
Below is paramLists, check if below values match:
['initialize', 'EtaPi::Negative::D1-', 'cartesian', '-84.7300972140807', '-90.4701767484571\n']
Amps from param_init.cfg: D1-
realAmp: -84.7300972141
imAmp: -90.4701767485
Sampling from the below ranges
real_low, real_up: -84.7300972141, -84.7300972141
im_low, im_up: -90.4701767485, -90.4701767485
realSampled, imSampled: -84.7300972141,-90.4701767485
----------------------------
Below is paramLists, check if below values match:
['initialize', 'EtaPi::Positive::P1+', 'cartesian', '119.980141348298', '-0.411112744776444\n']
Amps from param_init.cfg: P1+
realAmp: 119.980141348
imAmp: -0.411112744776
Sampling from the below ranges
real_low, real_up: 119.980141348, 119.980141348
im_low, im_up: -0.411112744776, -0.411112744776
realSampled, imSampled: 119.980141348,-0.411112744776
----------------------------
Below is paramLists, check if below values match:
['initialize', 'EtaPi::Positive::D1+', 'cartesian', '-16.8895063398878', '0', 'real\n']
Amps from param_init.cfg: D1+
realAmp: -16.8895063399
imAmp: 0.0
Sampling from the below ranges
real_low, real_up: -16.8895063399, -16.8895063399
im_low, im_up: 0.0, 0.0
realSampled, imSampled: -16.8895063399,0.0
----------------------------
length of realAmps, imAmps, isreal is good!
fit -c bin_47-seed1.cfg -s seed1-param_init.cfg
THIS IS ITERATION 0
num_lines: 7 should equal the total number of waves!
Bin_47 converged with this set of initialization!


**********************************************************************
***************************** NEXT SEED *********************************

Running on seed,seedNum,binNum=812053609,1,53
================   bin_53    =================
current working directory: /d/grid15/ln16/pi0eta/092419/amptools/analysis/divideRoot/bin_53
Copying bin_53-seed1.cfg from bin_53.cfg
--------------------------------------------------
sed -i s/bin_53/bin_53-seed1/g bin_53-seed1.cfg
We will use the converged values instead of randomly sampling around them!
Opening: /d/grid15/ln16/pi0eta/092419/amptools/analysis/divideRoot/bin_53/param_init.cfg
Below is paramLists, check if below values match:
['initialize', 'EtaPi::Negative::S0-', 'cartesian', '-38.7415049689966', '0', 'real\n']
Amps from param_init.cfg: S0-
realAmp: -38.741504969
imAmp: 0.0
Sampling from the below ranges
real_low, real_up: -38.741504969, -38.741504969
im_low, im_up: 0.0, 0.0
realSampled, imSampled: -38.741504969,0.0
----------------------------
Below is paramLists, check if below values match:
['initialize', 'EtaPi::Negative::P0-', 'cartesian', '35.9253937293222', '65.687824463953\n']
Amps from param_init.cfg: P0-
realAmp: 35.9253937293
imAmp: 65.687824464
Sampling from the below ranges
real_low, real_up: 35.9253937293, 35.9253937293
im_low, im_up: 65.687824464, 65.687824464
realSampled, imSampled: 35.9253937293,65.687824464
----------------------------
Below is paramLists, check if below values match:
['initialize', 'EtaPi::Negative::P1-', 'cartesian', '-140.629079249247', '-76.1117926902222\n']
Amps from param_init.cfg: P1-
realAmp: -140.629079249
imAmp: -76.1117926902
Sampling from the below ranges
real_low, real_up: -140.629079249, -140.629079249
im_low, im_up: -76.1117926902, -76.1117926902
realSampled, imSampled: -140.629079249,-76.1117926902
----------------------------
Below is paramLists, check if below values match:
['initialize', 'EtaPi::Negative::D0-', 'cartesian', '25.2805710560681', '-409.573862252472\n']
Amps from param_init.cfg: D0-
realAmp: 25.2805710561
imAmp: -409.573862252
Sampling from the below ranges
real_low, real_up: 25.2805710561, 25.2805710561
im_low, im_up: -409.573862252, -409.573862252
realSampled, imSampled: 25.2805710561,-409.573862252
----------------------------
Below is paramLists, check if below values match:
['initialize', 'EtaPi::Negative::D1-', 'cartesian', '26.8389998958177', '50.3333746526995\n']
Amps from param_init.cfg: D1-
realAmp: 26.8389998958
imAmp: 50.3333746527
Sampling from the below ranges
real_low, real_up: 26.8389998958, 26.8389998958
im_low, im_up: 50.3333746527, 50.3333746527
realSampled, imSampled: 26.8389998958,50.3333746527
----------------------------
Below is paramLists, check if below values match:
['initialize', 'EtaPi::Positive::P1+', 'cartesian', '73.8338544304451', '-0.0803449675496824\n']
Amps from param_init.cfg: P1+
realAmp: 73.8338544304
imAmp: -0.0803449675497
Sampling from the below ranges
real_low, real_up: 73.8338544304, 73.8338544304
im_low, im_up: -0.0803449675497, -0.0803449675497
realSampled, imSampled: 73.8338544304,-0.0803449675497
----------------------------
Below is paramLists, check if below values match:
['initialize', 'EtaPi::Positive::D1+', 'cartesian', '14.0940411370501', '0', 'real\n']
Amps from param_init.cfg: D1+
realAmp: 14.0940411371
imAmp: 0.0
Sampling from the below ranges
real_low, real_up: 14.0940411371, 14.0940411371
im_low, im_up: 0.0, 0.0
realSampled, imSampled: 14.0940411371,0.0
----------------------------
length of realAmps, imAmps, isreal is good!
fit -c bin_53-seed1.cfg -s seed1-param_init.cfg
THIS IS ITERATION 0
num_lines: 7 should equal the total number of waves!
Bin_53 converged with this set of initialization!


**********************************************************************
***************************** NEXT SEED *********************************

Running on seed,seedNum,binNum=812053609,1,59
================   bin_59    =================
current working directory: /d/grid15/ln16/pi0eta/092419/amptools/analysis/divideRoot/bin_59
Copying bin_59-seed1.cfg from bin_59.cfg
--------------------------------------------------
sed -i s/bin_59/bin_59-seed1/g bin_59-seed1.cfg
We will use the converged values instead of randomly sampling around them!
Opening: /d/grid15/ln16/pi0eta/092419/amptools/analysis/divideRoot/bin_59/param_init.cfg
Below is paramLists, check if below values match:
['initialize', 'EtaPi::Negative::S0-', 'cartesian', '65.0006329010677', '0', 'real\n']
Amps from param_init.cfg: S0-
realAmp: 65.0006329011
imAmp: 0.0
Sampling from the below ranges
real_low, real_up: 65.0006329011, 65.0006329011
im_low, im_up: 0.0, 0.0
realSampled, imSampled: 65.0006329011,0.0
----------------------------
Below is paramLists, check if below values match:
['initialize', 'EtaPi::Negative::P0-', 'cartesian', '-39.9158825235819', '-25.5806990930965\n']
Amps from param_init.cfg: P0-
realAmp: -39.9158825236
imAmp: -25.5806990931
Sampling from the below ranges
real_low, real_up: -39.9158825236, -39.9158825236
im_low, im_up: -25.5806990931, -25.5806990931
realSampled, imSampled: -39.9158825236,-25.5806990931
----------------------------
Below is paramLists, check if below values match:
['initialize', 'EtaPi::Negative::P1-', 'cartesian', '117.048646591596', '32.5072303041053\n']
Amps from param_init.cfg: P1-
realAmp: 117.048646592
imAmp: 32.5072303041
Sampling from the below ranges
real_low, real_up: 117.048646592, 117.048646592
im_low, im_up: 32.5072303041, 32.5072303041
realSampled, imSampled: 117.048646592,32.5072303041
----------------------------
Below is paramLists, check if below values match:
['initialize', 'EtaPi::Negative::D0-', 'cartesian', '27.7102976397584', '302.882998985079\n']
Amps from param_init.cfg: D0-
realAmp: 27.7102976398
imAmp: 302.882998985
Sampling from the below ranges
real_low, real_up: 27.7102976398, 27.7102976398
im_low, im_up: 302.882998985, 302.882998985
realSampled, imSampled: 27.7102976398,302.882998985
----------------------------
Below is paramLists, check if below values match:
['initialize', 'EtaPi::Negative::D1-', 'cartesian', '-43.8925653793688', '-65.8496632196818\n']
Amps from param_init.cfg: D1-
realAmp: -43.8925653794
imAmp: -65.8496632197
Sampling from the below ranges
real_low, real_up: -43.8925653794, -43.8925653794
im_low, im_up: -65.8496632197, -65.8496632197
realSampled, imSampled: -43.8925653794,-65.8496632197
----------------------------
Below is paramLists, check if below values match:
['initialize', 'EtaPi::Positive::P1+', 'cartesian', '37.9387566867775', '0.0693446070451267\n']
Amps from param_init.cfg: P1+
realAmp: 37.9387566868
imAmp: 0.0693446070451
Sampling from the below ranges
real_low, real_up: 37.9387566868, 37.9387566868
im_low, im_up: 0.0693446070451, 0.0693446070451
realSampled, imSampled: 37.9387566868,0.0693446070451
----------------------------
Below is paramLists, check if below values match:
['initialize', 'EtaPi::Positive::D1+', 'cartesian', '21.9823184466675', '0', 'real\n']
Amps from param_init.cfg: D1+
realAmp: 21.9823184467
imAmp: 0.0
Sampling from the below ranges
real_low, real_up: 21.9823184467, 21.9823184467
im_low, im_up: 0.0, 0.0
realSampled, imSampled: 21.9823184467,0.0
----------------------------
length of realAmps, imAmps, isreal is good!
fit -c bin_59-seed1.cfg -s seed1-param_init.cfg
THIS IS ITERATION 0
num_lines: 7 should equal the total number of waves!
Bin_59 converged with this set of initialization!


**********************************************************************
***************************** NEXT SEED *********************************

Execution time in seconds: 40.4042699337
