
## CONFIGURATION INFO DISPLAY ##

############################################
#############   REACTION INFO  #############
############################################
      REACTION NAME:  EtaPi
      PARTICLE LIST:  4
		1.  gamma
		2.  Proton
		3.  Pi0
		4.  Eta
        DATA READER:  ROOTDataReader
				data_pi0eta_tLT1_54.root
      ACC MC READER:  ROOTDataReader
				reco_pi0eta_tLT1_54.root
      GEN MC READER:  ROOTDataReader
				thrown_pi0eta_tLT1_54.root
  NORMALIZATION INTEGRAL FILE: 
		    bin_54.ni
********************************************
***********  COHERENT SUM INFO  ************
********************************************
      REACTION NAME:  EtaPi
  COHERENT SUM NAME:  Positive
++++++++++++++++++++++++++++++++++++++++++++
+++++++++++++  AMPLITUDE INFO  +++++++++++++
++++++++++++++++++++++++++++++++++++++++++++
      REACTION NAME:  EtaPi
  COHERENT SUM NAME:  Positive
     AMPLITUDE NAME:  P1+
            FACTORS:  1
		1.   TwoPSAngles 1 1 1
       PERMUTATIONS:  0
        CONSTRAINTS:  0
         PARAMETERS:  0
      INITIAL VALUE:  (57.3364,-16.506)
               REAL?  0
              FIXED?  0
              SCALE:  1.0
++++++++++++++++++++++++++++++++++++++++++++
+++++++++++++  AMPLITUDE INFO  +++++++++++++
++++++++++++++++++++++++++++++++++++++++++++
      REACTION NAME:  EtaPi
  COHERENT SUM NAME:  Positive
     AMPLITUDE NAME:  D1+
            FACTORS:  1
		1.   TwoPSAngles 2 1 1
       PERMUTATIONS:  0
        CONSTRAINTS:  0
         PARAMETERS:  0
      INITIAL VALUE:  (94.8798,0)
               REAL?  1
              FIXED?  0
              SCALE:  1.0
********************************************
***********  COHERENT SUM INFO  ************
********************************************
      REACTION NAME:  EtaPi
  COHERENT SUM NAME:  Negative
++++++++++++++++++++++++++++++++++++++++++++
+++++++++++++  AMPLITUDE INFO  +++++++++++++
++++++++++++++++++++++++++++++++++++++++++++
      REACTION NAME:  EtaPi
  COHERENT SUM NAME:  Negative
     AMPLITUDE NAME:  S0-
            FACTORS:  1
		1.   TwoPSAngles 0 0 -1
       PERMUTATIONS:  0
        CONSTRAINTS:  0
         PARAMETERS:  0
      INITIAL VALUE:  (264.863,0)
               REAL?  1
              FIXED?  0
              SCALE:  1.0
++++++++++++++++++++++++++++++++++++++++++++
+++++++++++++  AMPLITUDE INFO  +++++++++++++
++++++++++++++++++++++++++++++++++++++++++++
      REACTION NAME:  EtaPi
  COHERENT SUM NAME:  Negative
     AMPLITUDE NAME:  P0-
            FACTORS:  1
		1.   TwoPSAngles 1 0 -1
       PERMUTATIONS:  0
        CONSTRAINTS:  0
         PARAMETERS:  0
      INITIAL VALUE:  (21.148,13.9789)
               REAL?  0
              FIXED?  0
              SCALE:  1.0
++++++++++++++++++++++++++++++++++++++++++++
+++++++++++++  AMPLITUDE INFO  +++++++++++++
++++++++++++++++++++++++++++++++++++++++++++
      REACTION NAME:  EtaPi
  COHERENT SUM NAME:  Negative
     AMPLITUDE NAME:  P1-
            FACTORS:  1
		1.   TwoPSAngles 1 1 -1
       PERMUTATIONS:  0
        CONSTRAINTS:  0
         PARAMETERS:  0
      INITIAL VALUE:  (-1.27818,61.9054)
               REAL?  0
              FIXED?  0
              SCALE:  1.0
++++++++++++++++++++++++++++++++++++++++++++
+++++++++++++  AMPLITUDE INFO  +++++++++++++
++++++++++++++++++++++++++++++++++++++++++++
      REACTION NAME:  EtaPi
  COHERENT SUM NAME:  Negative
     AMPLITUDE NAME:  D0-
            FACTORS:  1
		1.   TwoPSAngles 2 0 -1
       PERMUTATIONS:  0
        CONSTRAINTS:  0
         PARAMETERS:  0
      INITIAL VALUE:  (161.588,92.8174)
               REAL?  0
              FIXED?  0
              SCALE:  1.0
++++++++++++++++++++++++++++++++++++++++++++
+++++++++++++  AMPLITUDE INFO  +++++++++++++
++++++++++++++++++++++++++++++++++++++++++++
      REACTION NAME:  EtaPi
  COHERENT SUM NAME:  Negative
     AMPLITUDE NAME:  D1-
            FACTORS:  1
		1.   TwoPSAngles 2 1 -1
       PERMUTATIONS:  0
        CONSTRAINTS:  0
         PARAMETERS:  0
      INITIAL VALUE:  (4.94548,8.32596)
               REAL?  0
              FIXED?  0
              SCALE:  1.0
 **********
 **    1 **SET STRATEGY  1
 **********
 NOW USING STRATEGY  1: TRY TO BALANCE SPEED AGAINST RELIABILITY
 **********
 **    2 **SET EPS  1e-13
 **********
 FLOATING-POINT NUMBERS ASSUMED ACCURATE TO 1e-13

## AMPLITUDE MANAGER INITIALIZATION ##
 Creating amplitude manager for reaction:  EtaPi
	 particle index assignment:  gamma -->> 0
	 particle index assignment:  Proton -->> 1
	 particle index assignment:  Pi0 -->> 2
	 particle index assignment:  Eta -->> 3
 PARAMETER DEFINITIONS:
    NO.   NAME                 VALUE      STEP SIZE      LIMITS
     1 EtaPi::Negative::S0-_re       264.86       2.6486     no limits
     2 EtaPi::Negative::P0-_re       21.148      0.21148     no limits
     3 EtaPi::Negative::P0-_im       13.979      0.13979     no limits
     4 EtaPi::Negative::P1-_re      -1.2782     0.012782     no limits
     5 EtaPi::Negative::P1-_im       61.905      0.61905     no limits
     6 EtaPi::Negative::D0-_re       161.59       1.6159     no limits
     7 EtaPi::Negative::D0-_im       92.817      0.92817     no limits
     8 EtaPi::Negative::D1-_re       4.9455     0.049455     no limits
     9 EtaPi::Negative::D1-_im        8.326      0.08326     no limits
    10 EtaPi::Positive::P1+_re       57.336      0.57336     no limits
    11 EtaPi::Positive::P1+_im      -16.506      0.16506     no limits
    12 EtaPi::Positive::D1+_re        94.88       0.9488     no limits
Allocating Data and Amplitude Array in LikelihoodCalculator for EtaPi...
Resetting source kin in data_pi0eta_tLT1_54.root
	Done.
Loading acccepted Monte Carlo...
Resetting source kin in reco_pi0eta_tLT1_54.root
	Done.
Calculating integrals...
	Done.
LIKELIHOOD BEFORE MINIMIZATION:  15835
 **********
 **    3 **MIGRAD 5000
 **********
 FIRST CALL TO USER FUNCTION AT NEW START POINT, WITH IFLAG=4.
 START MIGRAD MINIMIZATION.  STRATEGY 1.  CONVERGENCE WHEN EDM .LT. 1.00e-04
 FCN=15835.2 FROM MIGRAD     STATUS=INITIATE       46          47 TOTAL

                     EDM= unknown      STRATEGY= 1      NO ERROR MATRIX       
  EXT PARAMETER                          CURRENT GUESS       STEP         FIRST   
  NO.   NAME                   VALUE          ERROR          SIZE      DERIVATIVE 
    1 EtaPi::Negative::S0-_re        264.86        2.6486        2.6486        81.962
    2 EtaPi::Negative::P0-_re        21.148       0.21148       0.21148        7.0973
    3 EtaPi::Negative::P0-_im        13.979       0.13979       0.13979         4.526
    4 EtaPi::Negative::P1-_re       -1.2782      0.012782      0.012782      -0.48492
    5 EtaPi::Negative::P1-_im        61.905       0.61905       0.61905        18.735
    6 EtaPi::Negative::D0-_re        161.59        1.6159        1.6159        52.281
    7 EtaPi::Negative::D0-_im        92.817       0.92817       0.92817         28.65
    8 EtaPi::Negative::D1-_re        4.9455      0.049455      0.049455        2.1004
    9 EtaPi::Negative::D1-_im         8.326       0.08326       0.08326        2.5203
   10 EtaPi::Positive::P1+_re        57.336       0.57336       0.57336         17.61
   11 EtaPi::Positive::P1+_im       -16.506       0.16506       0.16506       -4.9892
   12 EtaPi::Positive::D1+_re         94.88        0.9488        0.9488          29.6

 MIGRAD MINIMIZATION HAS CONVERGED.
 MIGRAD WILL VERIFY CONVERGENCE AND ERROR MATRIX.
 COVARIANCE MATRIX CALCULATED SUCCESSFULLY
 FCN=-1823.84 FROM MIGRAD     STATUS=CONVERGED     759         760 TOTAL

                     EDM=3.81812e-05    STRATEGY= 1      ERROR MATRIX ACCURATE 
  EXT PARAMETER                                              STEP         FIRST   
  NO.   NAME                   VALUE          ERROR          SIZE      DERIVATIVE 
    1 EtaPi::Negative::S0-_re        15.383        7.0719       0.16606   -0.00017418
    2 EtaPi::Negative::P0-_re       -16.321        7.1804       0.17442    0.00058192
    3 EtaPi::Negative::P0-_im        -1.462        4.8917       0.10809    0.00028267
    4 EtaPi::Negative::P1-_re        3.1404        5.3437       0.15957   -0.00087817
    5 EtaPi::Negative::P1-_im        5.7306        2.9943       0.10494     0.0013527
    6 EtaPi::Negative::D0-_re       -4.0683        9.8834        0.2018   -0.00047236
    7 EtaPi::Negative::D0-_im        41.494        2.7909      0.096113   -0.00033063
    8 EtaPi::Negative::D1-_re        -2.901        4.0561       0.14808    0.00043458
    9 EtaPi::Negative::D1-_im        1.8441        2.3774        0.1116   -0.00097734
   10 EtaPi::Positive::P1+_re        8.0163        6.1275        0.1709   -0.00032118
   11 EtaPi::Positive::P1+_im     -0.021308        10.576       0.50772   -0.00038079
   12 EtaPi::Positive::D1+_re        11.492         5.102       0.14696    0.00027571

 EXTERNAL ERROR MATRIX.    NDIM= 100    NPAR= 12    ERR DEF=1
          50
        33.3       51.6
        24.9       17.6       23.9
       -8.05      -2.74      0.927       28.6
       -4.96       -3.3       -2.6         10       8.97
        47.6       42.5       41.6       7.05       -3.6       97.7
        1.46       10.5       2.37      0.273     -0.919       8.76       7.79
       -3.13      -6.64      0.647       12.7       5.56       2.25       -1.8       16.5
        1.92       1.47        1.5       0.97      -0.46       2.81     0.0941    -0.0641       5.65
        6.68      -8.94       6.92      0.237     -0.963         14      -4.01       3.06      0.293       37.5
      -0.572      0.336      0.238      0.438      0.058       1.01     0.0691      0.112    0.00133     -0.542        112
       -2.17       9.59      -3.91     -0.682      0.347      -7.07       2.02      -2.82     -0.233      -24.4     -0.509
          26
 PARAMETER  CORRELATION COEFFICIENTS  
       NO.  GLOBAL      1      2      3      4      5      6      7      8      9     10     11     12
      1:     0.873  1.000  0.657  0.721 -0.213 -0.234  0.681  0.074 -0.109  0.114  0.154 -0.008 -0.060
      2:     0.863  0.657  1.000  0.500 -0.071 -0.153  0.598  0.525 -0.228  0.086 -0.203  0.004  0.262
      3:     0.888  0.721  0.500  1.000  0.035 -0.177  0.860  0.173  0.033  0.129  0.231  0.005 -0.157
      4:     0.784 -0.213 -0.071  0.035  1.000  0.626  0.133  0.018  0.584  0.076  0.007  0.008 -0.025
      5:     0.684 -0.234 -0.153 -0.177  0.626  1.000 -0.121 -0.110  0.458 -0.065 -0.052  0.002  0.023
      6:     0.905  0.681  0.598  0.860  0.133 -0.121  1.000  0.318  0.056  0.119  0.231  0.010 -0.140
      7:     0.697  0.074  0.525  0.173  0.018 -0.110  0.318  1.000 -0.159  0.014 -0.234  0.002  0.142
      8:     0.651 -0.109 -0.228  0.033  0.584  0.458  0.056 -0.159  1.000 -0.007  0.123  0.003 -0.136
      9:     0.210  0.114  0.086  0.129  0.076 -0.065  0.119  0.014 -0.007  1.000  0.020  0.000 -0.019
     10:     0.814  0.154 -0.203  0.231  0.007 -0.052  0.231 -0.234  0.123  0.020  1.000 -0.008 -0.782
     11:     0.040 -0.008  0.004  0.005  0.008  0.002  0.010  0.002  0.003  0.000 -0.008  1.000 -0.009
     12:     0.800 -0.060  0.262 -0.157 -0.025  0.023 -0.140  0.142 -0.136 -0.019 -0.782 -0.009  1.000

 MIGRAD evaluation total wall time:  0.029385 s.
    average time per function call:  0.038614 ms.

LIKELIHOOD AFTER MINIMIZATION:  -1823.8
Loading generated Monte Carlo...
Resetting source kin in thrown_pi0eta_tLT1_54.root
	Done.
Calculating integrals...
	Done.
Loading acccepted Monte Carlo...
Resetting source kin in reco_pi0eta_tLT1_54.root
	Done.
Calculating integrals...
	Done.
