
## CONFIGURATION INFO DISPLAY ##

############################################
#############   REACTION INFO  #############
############################################
      REACTION NAME:  EtaPi
      PARTICLE LIST:  4
		1.  gamma
		2.  Proton
		3.  Pi0
		4.  Eta
        DATA READER:  ROOTDataReader
				data_pi0eta_tLT1_46.root
      ACC MC READER:  ROOTDataReader
				reco_pi0eta_tLT1_46.root
      GEN MC READER:  ROOTDataReader
				thrown_pi0eta_tLT1_46.root
  NORMALIZATION INTEGRAL FILE: 
		    bin_46.ni
********************************************
***********  COHERENT SUM INFO  ************
********************************************
      REACTION NAME:  EtaPi
  COHERENT SUM NAME:  Positive
++++++++++++++++++++++++++++++++++++++++++++
+++++++++++++  AMPLITUDE INFO  +++++++++++++
++++++++++++++++++++++++++++++++++++++++++++
      REACTION NAME:  EtaPi
  COHERENT SUM NAME:  Positive
     AMPLITUDE NAME:  P1+
            FACTORS:  1
		1.   TwoPSAngles 1 1 1
       PERMUTATIONS:  0
        CONSTRAINTS:  0
         PARAMETERS:  0
      INITIAL VALUE:  (40.0154,-20.1551)
               REAL?  0
              FIXED?  0
              SCALE:  1.0
++++++++++++++++++++++++++++++++++++++++++++
+++++++++++++  AMPLITUDE INFO  +++++++++++++
++++++++++++++++++++++++++++++++++++++++++++
      REACTION NAME:  EtaPi
  COHERENT SUM NAME:  Positive
     AMPLITUDE NAME:  D1+
            FACTORS:  1
		1.   TwoPSAngles 2 1 1
       PERMUTATIONS:  0
        CONSTRAINTS:  0
         PARAMETERS:  0
      INITIAL VALUE:  (79.8523,0)
               REAL?  1
              FIXED?  0
              SCALE:  1.0
********************************************
***********  COHERENT SUM INFO  ************
********************************************
      REACTION NAME:  EtaPi
  COHERENT SUM NAME:  Negative
++++++++++++++++++++++++++++++++++++++++++++
+++++++++++++  AMPLITUDE INFO  +++++++++++++
++++++++++++++++++++++++++++++++++++++++++++
      REACTION NAME:  EtaPi
  COHERENT SUM NAME:  Negative
     AMPLITUDE NAME:  S0-
            FACTORS:  1
		1.   TwoPSAngles 0 0 -1
       PERMUTATIONS:  0
        CONSTRAINTS:  0
         PARAMETERS:  0
      INITIAL VALUE:  (457.569,0)
               REAL?  1
              FIXED?  0
              SCALE:  1.0
++++++++++++++++++++++++++++++++++++++++++++
+++++++++++++  AMPLITUDE INFO  +++++++++++++
++++++++++++++++++++++++++++++++++++++++++++
      REACTION NAME:  EtaPi
  COHERENT SUM NAME:  Negative
     AMPLITUDE NAME:  P0-
            FACTORS:  1
		1.   TwoPSAngles 1 0 -1
       PERMUTATIONS:  0
        CONSTRAINTS:  0
         PARAMETERS:  0
      INITIAL VALUE:  (58.2646,46.5247)
               REAL?  0
              FIXED?  0
              SCALE:  1.0
++++++++++++++++++++++++++++++++++++++++++++
+++++++++++++  AMPLITUDE INFO  +++++++++++++
++++++++++++++++++++++++++++++++++++++++++++
      REACTION NAME:  EtaPi
  COHERENT SUM NAME:  Negative
     AMPLITUDE NAME:  P1-
            FACTORS:  1
		1.   TwoPSAngles 1 1 -1
       PERMUTATIONS:  0
        CONSTRAINTS:  0
         PARAMETERS:  0
      INITIAL VALUE:  (35.3954,25.6423)
               REAL?  0
              FIXED?  0
              SCALE:  1.0
++++++++++++++++++++++++++++++++++++++++++++
+++++++++++++  AMPLITUDE INFO  +++++++++++++
++++++++++++++++++++++++++++++++++++++++++++
      REACTION NAME:  EtaPi
  COHERENT SUM NAME:  Negative
     AMPLITUDE NAME:  D0-
            FACTORS:  1
		1.   TwoPSAngles 2 0 -1
       PERMUTATIONS:  0
        CONSTRAINTS:  0
         PARAMETERS:  0
      INITIAL VALUE:  (230.285,83.3776)
               REAL?  0
              FIXED?  0
              SCALE:  1.0
++++++++++++++++++++++++++++++++++++++++++++
+++++++++++++  AMPLITUDE INFO  +++++++++++++
++++++++++++++++++++++++++++++++++++++++++++
      REACTION NAME:  EtaPi
  COHERENT SUM NAME:  Negative
     AMPLITUDE NAME:  D1-
            FACTORS:  1
		1.   TwoPSAngles 2 1 -1
       PERMUTATIONS:  0
        CONSTRAINTS:  0
         PARAMETERS:  0
      INITIAL VALUE:  (-2.66374,26.2216)
               REAL?  0
              FIXED?  0
              SCALE:  1.0
 **********
 **    1 **SET STRATEGY  1
 **********
 NOW USING STRATEGY  1: TRY TO BALANCE SPEED AGAINST RELIABILITY
 **********
 **    2 **SET EPS  1e-13
 **********
 FLOATING-POINT NUMBERS ASSUMED ACCURATE TO 1e-13

## AMPLITUDE MANAGER INITIALIZATION ##
 Creating amplitude manager for reaction:  EtaPi
	 particle index assignment:  gamma -->> 0
	 particle index assignment:  Proton -->> 1
	 particle index assignment:  Pi0 -->> 2
	 particle index assignment:  Eta -->> 3
 PARAMETER DEFINITIONS:
    NO.   NAME                 VALUE      STEP SIZE      LIMITS
     1 EtaPi::Negative::S0-_re       457.57       4.5757     no limits
     2 EtaPi::Negative::P0-_re       58.265      0.58265     no limits
     3 EtaPi::Negative::P0-_im       46.525      0.46525     no limits
     4 EtaPi::Negative::P1-_re       35.395      0.35395     no limits
     5 EtaPi::Negative::P1-_im       25.642      0.25642     no limits
     6 EtaPi::Negative::D0-_re       230.29       2.3029     no limits
     7 EtaPi::Negative::D0-_im       83.378      0.83378     no limits
     8 EtaPi::Negative::D1-_re      -2.6637     0.026637     no limits
     9 EtaPi::Negative::D1-_im       26.222      0.26222     no limits
    10 EtaPi::Positive::P1+_re       40.015      0.40015     no limits
    11 EtaPi::Positive::P1+_im      -20.155      0.20155     no limits
    12 EtaPi::Positive::D1+_re       79.852      0.79852     no limits
Allocating Data and Amplitude Array in LikelihoodCalculator for EtaPi...
Resetting source kin in data_pi0eta_tLT1_46.root
	Done.
Loading acccepted Monte Carlo...
Resetting source kin in reco_pi0eta_tLT1_46.root
	Done.
Calculating integrals...
	Done.
LIKELIHOOD BEFORE MINIMIZATION:  37072
 **********
 **    3 **MIGRAD 5000
 **********
 FIRST CALL TO USER FUNCTION AT NEW START POINT, WITH IFLAG=4.
 START MIGRAD MINIMIZATION.  STRATEGY 1.  CONVERGENCE WHEN EDM .LT. 1.00e-04
 FCN=37072.3 FROM MIGRAD     STATUS=INITIATE       44          45 TOTAL

                     EDM= unknown      STRATEGY= 1      NO ERROR MATRIX       
  EXT PARAMETER                          CURRENT GUESS       STEP         FIRST   
  NO.   NAME                   VALUE          ERROR          SIZE      DERIVATIVE 
    1 EtaPi::Negative::S0-_re        457.57        4.5757        4.5757        143.96
    2 EtaPi::Negative::P0-_re        58.265       0.58265       0.58265        19.529
    3 EtaPi::Negative::P0-_im        46.525       0.46525       0.46525        15.116
    4 EtaPi::Negative::P1-_re        35.395       0.35395       0.35395        10.613
    5 EtaPi::Negative::P1-_im        25.642       0.25642       0.25642        7.5526
    6 EtaPi::Negative::D0-_re        230.29        2.3029        2.3029        79.528
    7 EtaPi::Negative::D0-_im        83.378       0.83378       0.83378        25.814
    8 EtaPi::Negative::D1-_re       -2.6637      0.026637      0.026637      -0.22472
    9 EtaPi::Negative::D1-_im        26.222       0.26222       0.26222        8.3417
   10 EtaPi::Positive::P1+_re        40.015       0.40015       0.40015        11.952
   11 EtaPi::Positive::P1+_im       -20.155       0.20155       0.20155       -5.9236
   12 EtaPi::Positive::D1+_re        79.852       0.79852       0.79852        25.478

 MIGRAD MINIMIZATION HAS CONVERGED.
 MIGRAD WILL VERIFY CONVERGENCE AND ERROR MATRIX.
 COVARIANCE MATRIX CALCULATED SUCCESSFULLY
 FCN=-5369.58 FROM MIGRAD     STATUS=CONVERGED     750         751 TOTAL

                     EDM=1.01289e-05    STRATEGY= 1      ERROR MATRIX ACCURATE 
  EXT PARAMETER                                              STEP         FIRST   
  NO.   NAME                   VALUE          ERROR          SIZE      DERIVATIVE 
    1 EtaPi::Negative::S0-_re        23.458        6.0884        0.2946   -0.00012794
    2 EtaPi::Negative::P0-_re       -4.9271        5.8308       0.28483    7.5121e-05
    3 EtaPi::Negative::P0-_im        4.7855        2.5067       0.17189    6.0059e-05
    4 EtaPi::Negative::P1-_re       -5.8699         4.634       0.27941    3.7811e-05
    5 EtaPi::Negative::P1-_im       -2.7813         2.313        0.1733    7.1383e-05
    6 EtaPi::Negative::D0-_re        5.8645        6.6725       0.46849    7.0447e-05
    7 EtaPi::Negative::D0-_im        71.747         2.264       0.15297     0.0001624
    8 EtaPi::Negative::D1-_re       -5.8799        3.3449       0.22271    0.00016378
    9 EtaPi::Negative::D1-_im        4.0242        2.4773       0.19492    8.6464e-05
   10 EtaPi::Positive::P1+_re       -6.5475        6.6956          0.44    0.00013534
   11 EtaPi::Positive::P1+_im      0.018248        9.4552       0.77834    0.00040827
   12 EtaPi::Positive::D1+_re       -5.8668        5.6308       0.36535    0.00029025

 EXTERNAL ERROR MATRIX.    NDIM= 100    NPAR= 12    ERR DEF=1
        37.1
        21.3         34
       -3.21      -6.98       6.28
        13.6       14.6      -3.17       21.5
       0.465        2.9     -0.865       3.24       5.35
       0.976       2.51       3.17      -4.59          2       44.5
       -4.75      0.128     -0.736       0.77      0.537      -4.41       5.13
          10       8.57      -1.26       6.42      0.619       3.37     -0.838       11.2
       0.621     -0.286      0.157      -1.82     -0.527       1.93     -0.781      -1.16       6.14
        17.6       17.6      -2.79       8.95       1.14      -4.63       0.85       4.95      0.239       44.8
       -0.22      0.454   -0.00747     0.0121     0.0943      0.949     -0.221      0.052     0.0489        1.4       89.4
        16.5       15.2      -1.61       7.19        1.3       5.14      -1.38       5.08      0.935      0.778       1.13
        31.7
 PARAMETER  CORRELATION COEFFICIENTS  
       NO.  GLOBAL      1      2      3      4      5      6      7      8      9     10     11     12
      1:     0.810  1.000  0.601 -0.210  0.483  0.033  0.024 -0.345  0.493  0.041  0.431 -0.004  0.481
      2:     0.805  0.601  1.000 -0.477  0.541  0.215  0.064  0.010  0.439 -0.020  0.451  0.008  0.463
      3:     0.555 -0.210 -0.477  1.000 -0.273 -0.149  0.189 -0.130 -0.150  0.025 -0.166 -0.000 -0.114
      4:     0.682  0.483  0.541 -0.273  1.000  0.302 -0.149  0.073  0.414 -0.158  0.288  0.000  0.276
      5:     0.417  0.033  0.215 -0.149  0.302  1.000  0.130  0.102  0.080 -0.092  0.074  0.004  0.100
      6:     0.524  0.024  0.064  0.189 -0.149  0.130  1.000 -0.292  0.151  0.117 -0.104  0.015  0.137
      7:     0.573 -0.345  0.010 -0.130  0.073  0.102 -0.292  1.000 -0.111 -0.139  0.056 -0.010 -0.108
      8:     0.589  0.493  0.439 -0.150  0.414  0.080  0.151 -0.111  1.000 -0.140  0.221  0.002  0.270
      9:     0.298  0.041 -0.020  0.025 -0.158 -0.092  0.117 -0.139 -0.140  1.000  0.014  0.002  0.067
     10:     0.604  0.431  0.451 -0.166  0.288  0.074 -0.104  0.056  0.221  0.014  1.000  0.022  0.021
     11:     0.050 -0.004  0.008 -0.000  0.000  0.004  0.015 -0.010  0.002  0.002  0.022  1.000  0.021
     12:     0.617  0.481  0.463 -0.114  0.276  0.100  0.137 -0.108  0.270  0.067  0.021  0.021  1.000

 MIGRAD evaluation total wall time:  0.053285 s.
    average time per function call:  0.070858 ms.

LIKELIHOOD AFTER MINIMIZATION:  -5369.6
Loading generated Monte Carlo...
Resetting source kin in thrown_pi0eta_tLT1_46.root
	Done.
Calculating integrals...
	Done.
Loading acccepted Monte Carlo...
Resetting source kin in reco_pi0eta_tLT1_46.root
	Done.
Calculating integrals...
	Done.
