
## CONFIGURATION INFO DISPLAY ##

############################################
#############   REACTION INFO  #############
############################################
      REACTION NAME:  EtaPi
      PARTICLE LIST:  4
		1.  gamma
		2.  Proton
		3.  Pi0
		4.  Eta
        DATA READER:  ROOTDataReader
				data_pi0eta_tLT1_3.root
      ACC MC READER:  ROOTDataReader
				reco_pi0eta_tLT1_3.root
      GEN MC READER:  ROOTDataReader
				thrown_pi0eta_tLT1_3.root
  NORMALIZATION INTEGRAL FILE: 
		    bin_3.ni
********************************************
***********  COHERENT SUM INFO  ************
********************************************
      REACTION NAME:  EtaPi
  COHERENT SUM NAME:  Positive
++++++++++++++++++++++++++++++++++++++++++++
+++++++++++++  AMPLITUDE INFO  +++++++++++++
++++++++++++++++++++++++++++++++++++++++++++
      REACTION NAME:  EtaPi
  COHERENT SUM NAME:  Positive
     AMPLITUDE NAME:  P1+
            FACTORS:  1
		1.   TwoPSAngles 1 1 1
       PERMUTATIONS:  0
        CONSTRAINTS:  0
         PARAMETERS:  0
      INITIAL VALUE:  (27.883,-27.8478)
               REAL?  0
              FIXED?  0
              SCALE:  1.0
++++++++++++++++++++++++++++++++++++++++++++
+++++++++++++  AMPLITUDE INFO  +++++++++++++
++++++++++++++++++++++++++++++++++++++++++++
      REACTION NAME:  EtaPi
  COHERENT SUM NAME:  Positive
     AMPLITUDE NAME:  D1+
            FACTORS:  1
		1.   TwoPSAngles 2 1 1
       PERMUTATIONS:  0
        CONSTRAINTS:  0
         PARAMETERS:  0
      INITIAL VALUE:  (72.6294,0)
               REAL?  1
              FIXED?  0
              SCALE:  1.0
********************************************
***********  COHERENT SUM INFO  ************
********************************************
      REACTION NAME:  EtaPi
  COHERENT SUM NAME:  Negative
++++++++++++++++++++++++++++++++++++++++++++
+++++++++++++  AMPLITUDE INFO  +++++++++++++
++++++++++++++++++++++++++++++++++++++++++++
      REACTION NAME:  EtaPi
  COHERENT SUM NAME:  Negative
     AMPLITUDE NAME:  S0-
            FACTORS:  1
		1.   TwoPSAngles 0 0 -1
       PERMUTATIONS:  0
        CONSTRAINTS:  0
         PARAMETERS:  0
      INITIAL VALUE:  (475.959,0)
               REAL?  1
              FIXED?  0
              SCALE:  1.0
++++++++++++++++++++++++++++++++++++++++++++
+++++++++++++  AMPLITUDE INFO  +++++++++++++
++++++++++++++++++++++++++++++++++++++++++++
      REACTION NAME:  EtaPi
  COHERENT SUM NAME:  Negative
     AMPLITUDE NAME:  P0-
            FACTORS:  1
		1.   TwoPSAngles 1 0 -1
       PERMUTATIONS:  0
        CONSTRAINTS:  0
         PARAMETERS:  0
      INITIAL VALUE:  (11.3138,1.41852)
               REAL?  0
              FIXED?  0
              SCALE:  1.0
++++++++++++++++++++++++++++++++++++++++++++
+++++++++++++  AMPLITUDE INFO  +++++++++++++
++++++++++++++++++++++++++++++++++++++++++++
      REACTION NAME:  EtaPi
  COHERENT SUM NAME:  Negative
     AMPLITUDE NAME:  P1-
            FACTORS:  1
		1.   TwoPSAngles 1 1 -1
       PERMUTATIONS:  0
        CONSTRAINTS:  0
         PARAMETERS:  0
      INITIAL VALUE:  (38.6631,32.4473)
               REAL?  0
              FIXED?  0
              SCALE:  1.0
++++++++++++++++++++++++++++++++++++++++++++
+++++++++++++  AMPLITUDE INFO  +++++++++++++
++++++++++++++++++++++++++++++++++++++++++++
      REACTION NAME:  EtaPi
  COHERENT SUM NAME:  Negative
     AMPLITUDE NAME:  D0-
            FACTORS:  1
		1.   TwoPSAngles 2 0 -1
       PERMUTATIONS:  0
        CONSTRAINTS:  0
         PARAMETERS:  0
      INITIAL VALUE:  (332.612,-36.3098)
               REAL?  0
              FIXED?  0
              SCALE:  1.0
++++++++++++++++++++++++++++++++++++++++++++
+++++++++++++  AMPLITUDE INFO  +++++++++++++
++++++++++++++++++++++++++++++++++++++++++++
      REACTION NAME:  EtaPi
  COHERENT SUM NAME:  Negative
     AMPLITUDE NAME:  D1-
            FACTORS:  1
		1.   TwoPSAngles 2 1 -1
       PERMUTATIONS:  0
        CONSTRAINTS:  0
         PARAMETERS:  0
      INITIAL VALUE:  (11.2628,1.37018)
               REAL?  0
              FIXED?  0
              SCALE:  1.0
 **********
 **    1 **SET STRATEGY  1
 **********
 NOW USING STRATEGY  1: TRY TO BALANCE SPEED AGAINST RELIABILITY
 **********
 **    2 **SET EPS  1e-13
 **********
 FLOATING-POINT NUMBERS ASSUMED ACCURATE TO 1e-13

## AMPLITUDE MANAGER INITIALIZATION ##
 Creating amplitude manager for reaction:  EtaPi
	 particle index assignment:  gamma -->> 0
	 particle index assignment:  Proton -->> 1
	 particle index assignment:  Pi0 -->> 2
	 particle index assignment:  Eta -->> 3
 PARAMETER DEFINITIONS:
    NO.   NAME                 VALUE      STEP SIZE      LIMITS
     1 EtaPi::Negative::S0-_re       475.96       4.7596     no limits
     2 EtaPi::Negative::P0-_re       11.314      0.11314     no limits
     3 EtaPi::Negative::P0-_im       1.4185     0.014185     no limits
     4 EtaPi::Negative::P1-_re       38.663      0.38663     no limits
     5 EtaPi::Negative::P1-_im       32.447      0.32447     no limits
     6 EtaPi::Negative::D0-_re       332.61       3.3261     no limits
     7 EtaPi::Negative::D0-_im       -36.31       0.3631     no limits
     8 EtaPi::Negative::D1-_re       11.263      0.11263     no limits
     9 EtaPi::Negative::D1-_im       1.3702     0.013702     no limits
    10 EtaPi::Positive::P1+_re       27.883      0.27883     no limits
    11 EtaPi::Positive::P1+_im      -27.848      0.27848     no limits
    12 EtaPi::Positive::D1+_re       72.629      0.72629     no limits
Allocating Data and Amplitude Array in LikelihoodCalculator for EtaPi...
Resetting source kin in data_pi0eta_tLT1_3.root
	Done.
Loading acccepted Monte Carlo...
Resetting source kin in reco_pi0eta_tLT1_3.root
	Done.
Calculating integrals...
	Done.
LIKELIHOOD BEFORE MINIMIZATION:  34803
 **********
 **    3 **MIGRAD 5000
 **********
 FIRST CALL TO USER FUNCTION AT NEW START POINT, WITH IFLAG=4.
 START MIGRAD MINIMIZATION.  STRATEGY 1.  CONVERGENCE WHEN EDM .LT. 1.00e-04
 FCN=34802.6 FROM MIGRAD     STATUS=INITIATE       48          49 TOTAL

                     EDM= unknown      STRATEGY= 1      NO ERROR MATRIX       
  EXT PARAMETER                          CURRENT GUESS       STEP         FIRST   
  NO.   NAME                   VALUE          ERROR          SIZE      DERIVATIVE 
    1 EtaPi::Negative::S0-_re        475.96        4.7596        4.7596        137.36
    2 EtaPi::Negative::P0-_re        11.314       0.11314       0.11314       -1.7638
    3 EtaPi::Negative::P0-_im        1.4185      0.014185      0.014185        0.8581
    4 EtaPi::Negative::P1-_re        38.663       0.38663       0.38663        16.329
    5 EtaPi::Negative::P1-_im        32.447       0.32447       0.32447        7.5222
    6 EtaPi::Negative::D0-_re        332.61        3.3261        3.3261        114.64
    7 EtaPi::Negative::D0-_im        -36.31        0.3631        0.3631       -10.839
    8 EtaPi::Negative::D1-_re        11.263       0.11263       0.11263        3.6381
    9 EtaPi::Negative::D1-_im        1.3702      0.013702      0.013702       0.57444
   10 EtaPi::Positive::P1+_re        27.883       0.27883       0.27883        5.1182
   11 EtaPi::Positive::P1+_im       -27.848       0.27848       0.27848        -5.179
   12 EtaPi::Positive::D1+_re        72.629       0.72629       0.72629        21.314

 MIGRAD FAILS TO FIND IMPROVEMENT
 MACHINE ACCURACY LIMITS FURTHER IMPROVEMENT.
 MIGRAD MINIMIZATION HAS CONVERGED.
 MIGRAD WILL VERIFY CONVERGENCE AND ERROR MATRIX.
 COVARIANCE MATRIX CALCULATED SUCCESSFULLY
 FCN=-13388.3 FROM MIGRAD     STATUS=CONVERGED    1105        1106 TOTAL

                     EDM=8.20542e-05    STRATEGY= 1      ERROR MATRIX ACCURATE 
  EXT PARAMETER                                              STEP         FIRST   
  NO.   NAME                   VALUE          ERROR          SIZE      DERIVATIVE 
    1 EtaPi::Negative::S0-_re        111.68        4.9134       0.24344     0.0010794
    2 EtaPi::Negative::P0-_re        4.0665        6.1552       0.24229    -0.0010035
    3 EtaPi::Negative::P0-_im       -8.8219        15.729       0.83277   -7.0135e-05
    4 EtaPi::Negative::P1-_re       -1.1927        2.2252       0.24246   -0.00030573
    5 EtaPi::Negative::P1-_im       -17.711        14.203       0.88855    2.3335e-05
    6 EtaPi::Negative::D0-_re       0.90269        3.7482       0.24862   -0.00065049
    7 EtaPi::Negative::D0-_im       -23.349        9.9044       0.75373     0.0003735
    8 EtaPi::Negative::D1-_re       -1.0868        3.1971       0.23767    0.00052515
    9 EtaPi::Negative::D1-_im        5.7407        11.226       0.90325   -0.00014182
   10 EtaPi::Positive::P1+_re        22.524        17.915       0.89626   -1.0582e-06
   11 EtaPi::Positive::P1+_im       -4.9502        36.613        3.8854    0.00011649
   12 EtaPi::Positive::D1+_re       -4.5576        15.559       0.99961    0.00010924

 EXTERNAL ERROR MATRIX.    NDIM= 100    NPAR= 12    ERR DEF=1
        24.1
       -5.35       37.9
       0.574       82.7        247
       -4.68      0.466      -3.58       4.95
          49      -17.3       3.35      -13.6        202
       -10.8       6.73       8.34       2.18      -38.7         14
       -6.45       8.63      -8.47      0.765      -73.7         23       98.1
        2.64       12.2       37.5      -1.15       13.5      -1.53      -7.49       10.2
       -8.44       48.9        111        2.9      -2.45       4.45      -1.34       21.4        126
       -70.8       20.3       7.87       12.1       -163       47.6       66.1      -9.09       22.7        321
       -5.38       9.41       16.8      0.828        -15       5.41       8.06        1.7       10.1        205   1.34e+03
       -4.09      -76.2       -168       2.24      -9.56       1.47       7.02      -27.6      -87.1       40.6       15.3
         242
 PARAMETER  CORRELATION COEFFICIENTS  
       NO.  GLOBAL      1      2      3      4      5      6      7      8      9     10     11     12
      1:     0.925  1.000 -0.177  0.007 -0.428  0.703 -0.584 -0.132  0.168 -0.153 -0.805 -0.030 -0.053
      2:     0.953 -0.177  1.000  0.854  0.034 -0.198  0.292  0.142  0.620  0.708  0.184  0.042 -0.796
      3:     0.913  0.007  0.854  1.000 -0.102  0.015  0.141 -0.054  0.746  0.628  0.028  0.029 -0.687
      4:     0.547 -0.428  0.034 -0.102  1.000 -0.429  0.261  0.035 -0.162  0.116  0.303  0.010  0.065
      5:     0.877  0.703 -0.198  0.015 -0.429  1.000 -0.726 -0.524  0.298 -0.015 -0.640 -0.029 -0.043
      6:     0.860 -0.584  0.292  0.141  0.261 -0.726  1.000  0.620 -0.128  0.106  0.709  0.039  0.025
      7:     0.811 -0.132  0.142 -0.054  0.035 -0.524  0.620  1.000 -0.237 -0.012  0.372  0.022  0.046
      8:     0.821  0.168  0.620  0.746 -0.162  0.298 -0.128 -0.237  1.000  0.597 -0.159  0.015 -0.555
      9:     0.786 -0.153  0.708  0.628  0.116 -0.015  0.106 -0.012  0.597  1.000  0.113  0.024 -0.499
     10:     0.923 -0.805  0.184  0.028  0.303 -0.640  0.709  0.372 -0.159  0.113  1.000  0.312  0.146
     11:     0.579 -0.030  0.042  0.029  0.010 -0.029  0.039  0.022  0.015  0.024  0.312  1.000  0.027
     12:     0.870 -0.053 -0.796 -0.687  0.065 -0.043  0.025  0.046 -0.555 -0.499  0.146  0.027  1.000

 MIGRAD evaluation total wall time:  0.18892 s.
    average time per function call:  0.17066 ms.

LIKELIHOOD AFTER MINIMIZATION:  -13388
Loading generated Monte Carlo...
Resetting source kin in thrown_pi0eta_tLT1_3.root
	Done.
Calculating integrals...
	Done.
Loading acccepted Monte Carlo...
Resetting source kin in reco_pi0eta_tLT1_3.root
	Done.
Calculating integrals...
	Done.
