
## CONFIGURATION INFO DISPLAY ##

############################################
#############   REACTION INFO  #############
############################################
      REACTION NAME:  EtaPi
      PARTICLE LIST:  4
		1.  gamma
		2.  Proton
		3.  Pi0
		4.  Eta
        DATA READER:  ROOTDataReader
				data_pi0eta_tLT1_32.root
      ACC MC READER:  ROOTDataReader
				reco_pi0eta_tLT1_32.root
      GEN MC READER:  ROOTDataReader
				thrown_pi0eta_tLT1_32.root
  NORMALIZATION INTEGRAL FILE: 
		    bin_32.ni
********************************************
***********  COHERENT SUM INFO  ************
********************************************
      REACTION NAME:  EtaPi
  COHERENT SUM NAME:  Positive
++++++++++++++++++++++++++++++++++++++++++++
+++++++++++++  AMPLITUDE INFO  +++++++++++++
++++++++++++++++++++++++++++++++++++++++++++
      REACTION NAME:  EtaPi
  COHERENT SUM NAME:  Positive
     AMPLITUDE NAME:  P1+
            FACTORS:  1
		1.   TwoPSAngles 1 1 1
       PERMUTATIONS:  0
        CONSTRAINTS:  0
         PARAMETERS:  0
      INITIAL VALUE:  (45.4895,-11.2875)
               REAL?  0
              FIXED?  0
              SCALE:  1.0
++++++++++++++++++++++++++++++++++++++++++++
+++++++++++++  AMPLITUDE INFO  +++++++++++++
++++++++++++++++++++++++++++++++++++++++++++
      REACTION NAME:  EtaPi
  COHERENT SUM NAME:  Positive
     AMPLITUDE NAME:  D1+
            FACTORS:  1
		1.   TwoPSAngles 2 1 1
       PERMUTATIONS:  0
        CONSTRAINTS:  0
         PARAMETERS:  0
      INITIAL VALUE:  (75.9044,0)
               REAL?  1
              FIXED?  0
              SCALE:  1.0
********************************************
***********  COHERENT SUM INFO  ************
********************************************
      REACTION NAME:  EtaPi
  COHERENT SUM NAME:  Negative
++++++++++++++++++++++++++++++++++++++++++++
+++++++++++++  AMPLITUDE INFO  +++++++++++++
++++++++++++++++++++++++++++++++++++++++++++
      REACTION NAME:  EtaPi
  COHERENT SUM NAME:  Negative
     AMPLITUDE NAME:  S0-
            FACTORS:  1
		1.   TwoPSAngles 0 0 -1
       PERMUTATIONS:  0
        CONSTRAINTS:  0
         PARAMETERS:  0
      INITIAL VALUE:  (421.341,0)
               REAL?  1
              FIXED?  0
              SCALE:  1.0
++++++++++++++++++++++++++++++++++++++++++++
+++++++++++++  AMPLITUDE INFO  +++++++++++++
++++++++++++++++++++++++++++++++++++++++++++
      REACTION NAME:  EtaPi
  COHERENT SUM NAME:  Negative
     AMPLITUDE NAME:  P0-
            FACTORS:  1
		1.   TwoPSAngles 1 0 -1
       PERMUTATIONS:  0
        CONSTRAINTS:  0
         PARAMETERS:  0
      INITIAL VALUE:  (23.9349,46.0959)
               REAL?  0
              FIXED?  0
              SCALE:  1.0
++++++++++++++++++++++++++++++++++++++++++++
+++++++++++++  AMPLITUDE INFO  +++++++++++++
++++++++++++++++++++++++++++++++++++++++++++
      REACTION NAME:  EtaPi
  COHERENT SUM NAME:  Negative
     AMPLITUDE NAME:  P1-
            FACTORS:  1
		1.   TwoPSAngles 1 1 -1
       PERMUTATIONS:  0
        CONSTRAINTS:  0
         PARAMETERS:  0
      INITIAL VALUE:  (12.9668,12.951)
               REAL?  0
              FIXED?  0
              SCALE:  1.0
++++++++++++++++++++++++++++++++++++++++++++
+++++++++++++  AMPLITUDE INFO  +++++++++++++
++++++++++++++++++++++++++++++++++++++++++++
      REACTION NAME:  EtaPi
  COHERENT SUM NAME:  Negative
     AMPLITUDE NAME:  D0-
            FACTORS:  1
		1.   TwoPSAngles 2 0 -1
       PERMUTATIONS:  0
        CONSTRAINTS:  0
         PARAMETERS:  0
      INITIAL VALUE:  (304.62,52.9622)
               REAL?  0
              FIXED?  0
              SCALE:  1.0
++++++++++++++++++++++++++++++++++++++++++++
+++++++++++++  AMPLITUDE INFO  +++++++++++++
++++++++++++++++++++++++++++++++++++++++++++
      REACTION NAME:  EtaPi
  COHERENT SUM NAME:  Negative
     AMPLITUDE NAME:  D1-
            FACTORS:  1
		1.   TwoPSAngles 2 1 -1
       PERMUTATIONS:  0
        CONSTRAINTS:  0
         PARAMETERS:  0
      INITIAL VALUE:  (24.685,23.6442)
               REAL?  0
              FIXED?  0
              SCALE:  1.0
 **********
 **    1 **SET STRATEGY  1
 **********
 NOW USING STRATEGY  1: TRY TO BALANCE SPEED AGAINST RELIABILITY
 **********
 **    2 **SET EPS  1e-13
 **********
 FLOATING-POINT NUMBERS ASSUMED ACCURATE TO 1e-13

## AMPLITUDE MANAGER INITIALIZATION ##
 Creating amplitude manager for reaction:  EtaPi
	 particle index assignment:  gamma -->> 0
	 particle index assignment:  Proton -->> 1
	 particle index assignment:  Pi0 -->> 2
	 particle index assignment:  Eta -->> 3
 PARAMETER DEFINITIONS:
    NO.   NAME                 VALUE      STEP SIZE      LIMITS
     1 EtaPi::Negative::S0-_re       421.34       4.2134     no limits
     2 EtaPi::Negative::P0-_re       23.935      0.23935     no limits
     3 EtaPi::Negative::P0-_im       46.096      0.46096     no limits
     4 EtaPi::Negative::P1-_re       12.967      0.12967     no limits
     5 EtaPi::Negative::P1-_im       12.951      0.12951     no limits
     6 EtaPi::Negative::D0-_re       304.62       3.0462     no limits
     7 EtaPi::Negative::D0-_im       52.962      0.52962     no limits
     8 EtaPi::Negative::D1-_re       24.685      0.24685     no limits
     9 EtaPi::Negative::D1-_im       23.644      0.23644     no limits
    10 EtaPi::Positive::P1+_re       45.489      0.45489     no limits
    11 EtaPi::Positive::P1+_im      -11.287      0.11287     no limits
    12 EtaPi::Positive::D1+_re       75.904      0.75904     no limits
Allocating Data and Amplitude Array in LikelihoodCalculator for EtaPi...
Resetting source kin in data_pi0eta_tLT1_32.root
	Done.
Loading acccepted Monte Carlo...
Resetting source kin in reco_pi0eta_tLT1_32.root
	Done.
Calculating integrals...
	Done.
LIKELIHOOD BEFORE MINIMIZATION:  -1.6026e+05
 **********
 **    3 **MIGRAD 5000
 **********
 FIRST CALL TO USER FUNCTION AT NEW START POINT, WITH IFLAG=4.
 START MIGRAD MINIMIZATION.  STRATEGY 1.  CONVERGENCE WHEN EDM .LT. 1.00e-04
 FCN=-164236 FROM MIGRAD     STATUS=INITIATE      148         149 TOTAL

                     EDM= unknown      STRATEGY= 1      NO ERROR MATRIX       
  EXT PARAMETER                          CURRENT GUESS       STEP         FIRST   
  NO.   NAME                   VALUE          ERROR          SIZE      DERIVATIVE 
    1 EtaPi::Negative::S0-_re        421.34        4.2134             0        83.481
    2 EtaPi::Negative::P0-_re        23.935       0.23935             0        16.868
    3 EtaPi::Negative::P0-_im        46.096       0.46096             0        13.363
    4 EtaPi::Negative::P1-_re        12.967       0.12967             0       -1.8859
    5 EtaPi::Negative::P1-_im        168.28       0.12951             0        9.5228
    6 EtaPi::Negative::D0-_re        304.62        3.0462             0         80.03
    7 EtaPi::Negative::D0-_im        52.962       0.52962             0        11.806
    8 EtaPi::Negative::D1-_re        24.685       0.24685             0          13.7
    9 EtaPi::Negative::D1-_im        23.644       0.23644             0        10.248
   10 EtaPi::Positive::P1+_re        130.52       0.45489             0        2.9866
   11 EtaPi::Positive::P1+_im       -53.739       0.11287       -42.451      0.041586
   12 EtaPi::Positive::D1+_re        75.904       0.75904             0        21.952

 MIGRAD FAILS TO FIND IMPROVEMENT
 MACHINE ACCURACY LIMITS FURTHER IMPROVEMENT.
 MIGRAD MINIMIZATION HAS CONVERGED.
 FCN=-186073 FROM MIGRAD     STATUS=CONVERGED    1040        1041 TOTAL

                     EDM=0.00022921    STRATEGY= 1  ERROR MATRIX UNCERTAINTY     5 per cent
  EXT PARAMETER                                              STEP         FIRST   
  NO.   NAME                   VALUE          ERROR          SIZE      DERIVATIVE 
    1 EtaPi::Negative::S0-_re       -7.2192          2.08            -0      0.001141
    2 EtaPi::Negative::P0-_re         -3.43        2.0855            -0     0.0028538
    3 EtaPi::Negative::P0-_im        1.5565        8.0572             0   -0.00026561
    4 EtaPi::Negative::P1-_re       -1.3905         2.412            -0     0.0057083
    5 EtaPi::Negative::P1-_im        36.751        9.3829            -0    0.00040321
    6 EtaPi::Negative::D0-_re        358.55        2.0458             0    -0.0018666
    7 EtaPi::Negative::D0-_im       -44.918        4.7479             0    -0.0021277
    8 EtaPi::Negative::D1-_re       -3.9926        2.0547            -0    0.00030698
    9 EtaPi::Negative::D1-_im       -8.4381        6.6789            -0     0.0007665
   10 EtaPi::Positive::P1+_re        5.8927        7.2495            -0   -0.00038782
   11 EtaPi::Positive::P1+_im      -0.02608        20.974            -0   -0.00011959
   12 EtaPi::Positive::D1+_re        31.493        5.8949             0    -0.0010856

 EXTERNAL ERROR MATRIX.    NDIM= 100    NPAR= 12    ERR DEF=1
        4.33
      -0.419       4.35
       -2.29       8.05       64.9
        1.32    -0.0759      -1.04       5.82
        7.34      -1.35      -14.2       14.1         88
       -1.05     0.0299       1.38       -1.7      -9.49       4.19
       -2.26      -1.26      -1.79      -6.89      -26.8       2.13       22.5
     -0.0691     -0.249     -0.886       0.44       2.72     -0.249      -1.55       4.22
        1.85     -0.594      -2.09       5.01       25.3       -2.9        -13       4.51       44.6
        1.44     -0.671      -4.38       1.05       4.87      -1.35      -3.87      -2.26      -18.1       52.6
        2.37      0.258       2.78      0.587      -2.81      -2.61      -12.3     -0.161       1.51       2.84        440
       -1.98     0.0915       4.71      -3.37      -21.9     0.0485       5.04  -0.000543       2.15        -15      -15.9
        34.8
 PARAMETER  CORRELATION COEFFICIENTS  
       NO.  GLOBAL      1      2      3      4      5      6      7      8      9     10     11     12
      1:     0.407  1.000 -0.097 -0.136  0.264  0.376 -0.247 -0.229 -0.016  0.133  0.095  0.054 -0.161
      2:     0.517 -0.097  1.000  0.479 -0.015 -0.069  0.007 -0.127 -0.058 -0.043 -0.044  0.006  0.007
      3:     0.520 -0.136  0.479  1.000 -0.054 -0.188  0.084 -0.047 -0.054 -0.039 -0.075  0.016  0.099
      4:     0.694  0.264 -0.015 -0.054  1.000  0.621 -0.345 -0.602  0.089  0.311  0.060  0.012 -0.237
      5:     0.834  0.376 -0.069 -0.188  0.621  1.000 -0.495 -0.602  0.141  0.404  0.072 -0.014 -0.396
      6:     0.606 -0.247  0.007  0.084 -0.345 -0.495  1.000  0.220 -0.059 -0.212 -0.091 -0.061  0.004
      7:     0.762 -0.229 -0.127 -0.047 -0.602 -0.602  0.220  1.000 -0.159 -0.411 -0.113 -0.124  0.180
      8:     0.350 -0.016 -0.058 -0.054  0.089  0.141 -0.059 -0.159  1.000  0.329 -0.152 -0.004 -0.000
      9:     0.659  0.133 -0.043 -0.039  0.311  0.404 -0.212 -0.411  0.329  1.000 -0.374  0.011  0.055
     10:     0.593  0.095 -0.044 -0.075  0.060  0.072 -0.091 -0.113 -0.152 -0.374  1.000  0.019 -0.351
     11:     0.302  0.054  0.006  0.016  0.012 -0.014 -0.061 -0.124 -0.004  0.011  0.019  1.000 -0.128
     12:     0.616 -0.161  0.007  0.099 -0.237 -0.396  0.004  0.180 -0.000  0.055 -0.351 -0.128  1.000

 MIGRAD evaluation total wall time:  1.3239 s.
    average time per function call:  1.2705 ms.

LIKELIHOOD AFTER MINIMIZATION:  -1.8607e+05
Loading generated Monte Carlo...
Resetting source kin in thrown_pi0eta_tLT1_32.root
	Done.
Calculating integrals...
	Done.
Loading acccepted Monte Carlo...
Resetting source kin in reco_pi0eta_tLT1_32.root
	Done.
Calculating integrals...
	Done.
