
## CONFIGURATION INFO DISPLAY ##

############################################
#############   REACTION INFO  #############
############################################
      REACTION NAME:  EtaPi
      PARTICLE LIST:  4
		1.  gamma
		2.  Proton
		3.  Pi0
		4.  Eta
        DATA READER:  ROOTDataReader
				data_pi0eta_tLT1_38.root
      ACC MC READER:  ROOTDataReader
				reco_pi0eta_tLT1_38.root
      GEN MC READER:  ROOTDataReader
				thrown_pi0eta_tLT1_38.root
  NORMALIZATION INTEGRAL FILE: 
		    bin_38.ni
********************************************
***********  COHERENT SUM INFO  ************
********************************************
      REACTION NAME:  EtaPi
  COHERENT SUM NAME:  Positive
++++++++++++++++++++++++++++++++++++++++++++
+++++++++++++  AMPLITUDE INFO  +++++++++++++
++++++++++++++++++++++++++++++++++++++++++++
      REACTION NAME:  EtaPi
  COHERENT SUM NAME:  Positive
     AMPLITUDE NAME:  P1+
            FACTORS:  1
		1.   TwoPSAngles 1 1 1
       PERMUTATIONS:  0
        CONSTRAINTS:  0
         PARAMETERS:  0
      INITIAL VALUE:  (24.2232,-12.1764)
               REAL?  0
              FIXED?  0
              SCALE:  1.0
++++++++++++++++++++++++++++++++++++++++++++
+++++++++++++  AMPLITUDE INFO  +++++++++++++
++++++++++++++++++++++++++++++++++++++++++++
      REACTION NAME:  EtaPi
  COHERENT SUM NAME:  Positive
     AMPLITUDE NAME:  D1+
            FACTORS:  1
		1.   TwoPSAngles 2 1 1
       PERMUTATIONS:  0
        CONSTRAINTS:  0
         PARAMETERS:  0
      INITIAL VALUE:  (25.2975,0)
               REAL?  1
              FIXED?  0
              SCALE:  1.0
********************************************
***********  COHERENT SUM INFO  ************
********************************************
      REACTION NAME:  EtaPi
  COHERENT SUM NAME:  Negative
++++++++++++++++++++++++++++++++++++++++++++
+++++++++++++  AMPLITUDE INFO  +++++++++++++
++++++++++++++++++++++++++++++++++++++++++++
      REACTION NAME:  EtaPi
  COHERENT SUM NAME:  Negative
     AMPLITUDE NAME:  S0-
            FACTORS:  1
		1.   TwoPSAngles 0 0 -1
       PERMUTATIONS:  0
        CONSTRAINTS:  0
         PARAMETERS:  0
      INITIAL VALUE:  (368.201,0)
               REAL?  1
              FIXED?  0
              SCALE:  1.0
++++++++++++++++++++++++++++++++++++++++++++
+++++++++++++  AMPLITUDE INFO  +++++++++++++
++++++++++++++++++++++++++++++++++++++++++++
      REACTION NAME:  EtaPi
  COHERENT SUM NAME:  Negative
     AMPLITUDE NAME:  P0-
            FACTORS:  1
		1.   TwoPSAngles 1 0 -1
       PERMUTATIONS:  0
        CONSTRAINTS:  0
         PARAMETERS:  0
      INITIAL VALUE:  (66.4424,74.0922)
               REAL?  0
              FIXED?  0
              SCALE:  1.0
++++++++++++++++++++++++++++++++++++++++++++
+++++++++++++  AMPLITUDE INFO  +++++++++++++
++++++++++++++++++++++++++++++++++++++++++++
      REACTION NAME:  EtaPi
  COHERENT SUM NAME:  Negative
     AMPLITUDE NAME:  P1-
            FACTORS:  1
		1.   TwoPSAngles 1 1 -1
       PERMUTATIONS:  0
        CONSTRAINTS:  0
         PARAMETERS:  0
      INITIAL VALUE:  (34.0307,36.1192)
               REAL?  0
              FIXED?  0
              SCALE:  1.0
++++++++++++++++++++++++++++++++++++++++++++
+++++++++++++  AMPLITUDE INFO  +++++++++++++
++++++++++++++++++++++++++++++++++++++++++++
      REACTION NAME:  EtaPi
  COHERENT SUM NAME:  Negative
     AMPLITUDE NAME:  D0-
            FACTORS:  1
		1.   TwoPSAngles 2 0 -1
       PERMUTATIONS:  0
        CONSTRAINTS:  0
         PARAMETERS:  0
      INITIAL VALUE:  (252.524,89.6397)
               REAL?  0
              FIXED?  0
              SCALE:  1.0
++++++++++++++++++++++++++++++++++++++++++++
+++++++++++++  AMPLITUDE INFO  +++++++++++++
++++++++++++++++++++++++++++++++++++++++++++
      REACTION NAME:  EtaPi
  COHERENT SUM NAME:  Negative
     AMPLITUDE NAME:  D1-
            FACTORS:  1
		1.   TwoPSAngles 2 1 -1
       PERMUTATIONS:  0
        CONSTRAINTS:  0
         PARAMETERS:  0
      INITIAL VALUE:  (0.134328,25.415)
               REAL?  0
              FIXED?  0
              SCALE:  1.0
 **********
 **    1 **SET STRATEGY  1
 **********
 NOW USING STRATEGY  1: TRY TO BALANCE SPEED AGAINST RELIABILITY
 **********
 **    2 **SET EPS  1e-13
 **********
 FLOATING-POINT NUMBERS ASSUMED ACCURATE TO 1e-13

## AMPLITUDE MANAGER INITIALIZATION ##
 Creating amplitude manager for reaction:  EtaPi
	 particle index assignment:  gamma -->> 0
	 particle index assignment:  Proton -->> 1
	 particle index assignment:  Pi0 -->> 2
	 particle index assignment:  Eta -->> 3
 PARAMETER DEFINITIONS:
    NO.   NAME                 VALUE      STEP SIZE      LIMITS
     1 EtaPi::Negative::S0-_re        368.2        3.682     no limits
     2 EtaPi::Negative::P0-_re       66.442      0.66442     no limits
     3 EtaPi::Negative::P0-_im       74.092      0.74092     no limits
     4 EtaPi::Negative::P1-_re       34.031      0.34031     no limits
     5 EtaPi::Negative::P1-_im       36.119      0.36119     no limits
     6 EtaPi::Negative::D0-_re       252.52       2.5252     no limits
     7 EtaPi::Negative::D0-_im        89.64       0.8964     no limits
     8 EtaPi::Negative::D1-_re      0.13433    0.0013433     no limits
     9 EtaPi::Negative::D1-_im       25.415      0.25415     no limits
    10 EtaPi::Positive::P1+_re       24.223      0.24223     no limits
    11 EtaPi::Positive::P1+_im      -12.176      0.12176     no limits
    12 EtaPi::Positive::D1+_re       25.298      0.25298     no limits
Allocating Data and Amplitude Array in LikelihoodCalculator for EtaPi...
Resetting source kin in data_pi0eta_tLT1_38.root
	Done.
Loading acccepted Monte Carlo...
Resetting source kin in reco_pi0eta_tLT1_38.root
	Done.
Calculating integrals...
	Done.
LIKELIHOOD BEFORE MINIMIZATION:  1069
 **********
 **    3 **MIGRAD 5000
 **********
 FIRST CALL TO USER FUNCTION AT NEW START POINT, WITH IFLAG=4.
 START MIGRAD MINIMIZATION.  STRATEGY 1.  CONVERGENCE WHEN EDM .LT. 1.00e-04
 FCN=1069.04 FROM MIGRAD     STATUS=INITIATE       46          47 TOTAL

                     EDM= unknown      STRATEGY= 1      NO ERROR MATRIX       
  EXT PARAMETER                          CURRENT GUESS       STEP         FIRST   
  NO.   NAME                   VALUE          ERROR          SIZE      DERIVATIVE 
    1 EtaPi::Negative::S0-_re         368.2         3.682         3.682        99.544
    2 EtaPi::Negative::P0-_re        66.442       0.66442       0.66442        26.834
    3 EtaPi::Negative::P0-_im        74.092       0.74092       0.74092        22.163
    4 EtaPi::Negative::P1-_re        34.031       0.34031       0.34031        7.7766
    5 EtaPi::Negative::P1-_im        36.119       0.36119       0.36119         7.217
    6 EtaPi::Negative::D0-_re        252.52        2.5252        2.5252         82.36
    7 EtaPi::Negative::D0-_im         89.64        0.8964        0.8964        18.566
    8 EtaPi::Negative::D1-_re       0.13433     0.0013433     0.0013433        2.5156
    9 EtaPi::Negative::D1-_im        25.415       0.25415       0.25415        8.5284
   10 EtaPi::Positive::P1+_re        24.223       0.24223       0.24223        4.3099
   11 EtaPi::Positive::P1+_im       -12.176       0.12176       0.12176       -2.0095
   12 EtaPi::Positive::D1+_re        25.298       0.25298       0.25298        7.3485

 MIGRAD FAILS TO FIND IMPROVEMENT
 MIGRAD MINIMIZATION HAS CONVERGED.
 MIGRAD WILL VERIFY CONVERGENCE AND ERROR MATRIX.
 COVARIANCE MATRIX CALCULATED SUCCESSFULLY
 FCN=-24721.1 FROM HESSE      STATUS=OK            133        1091 TOTAL

                     EDM=0.000127031    STRATEGY= 1      ERROR MATRIX ACCURATE 
  EXT PARAMETER                                              STEP         FIRST   
  NO.   NAME                   VALUE          ERROR          SIZE      DERIVATIVE 
    1 EtaPi::Negative::S0-_re        36.008        6.9163       0.72505    5.0869e-05
    2 EtaPi::Negative::P0-_re       -1.2641        5.8036       0.74594     0.0001771
    3 EtaPi::Negative::P0-_im       -2.3322        2.1417       0.35194    -0.0004318
    4 EtaPi::Negative::P1-_re       0.72715        4.4418       0.70003   -0.00030505
    5 EtaPi::Negative::P1-_im       0.56846        2.2081       0.35395    0.00075557
    6 EtaPi::Negative::D0-_re        2.6379        8.7405         1.402   -1.1897e-05
    7 EtaPi::Negative::D0-_im        144.84        2.1632       0.32141   -0.00056194
    8 EtaPi::Negative::D1-_re        3.0707        3.3938       0.58154    6.5434e-05
    9 EtaPi::Negative::D1-_im       -1.3863        2.1695       0.38044     0.0017157
   10 EtaPi::Positive::P1+_re        5.9206        14.041        1.6375   -0.00023179
   11 EtaPi::Positive::P1+_im     0.0054853        17.078        2.9614    3.7315e-05
   12 EtaPi::Positive::D1+_re          8.38        15.027        1.5019     -0.001463

 MIGRAD FAILS TO FIND IMPROVEMENT
 MACHINE ACCURACY LIMITS FURTHER IMPROVEMENT.
 MIGRAD MINIMIZATION HAS CONVERGED.
 MIGRAD WILL VERIFY CONVERGENCE AND ERROR MATRIX.
 COVARIANCE MATRIX CALCULATED SUCCESSFULLY
 FCN=-24721.1 FROM MIGRAD     STATUS=CONVERGED    1293        1294 TOTAL

                     EDM=8.93963e-06    STRATEGY= 1      ERROR MATRIX ACCURATE 
  EXT PARAMETER                                              STEP         FIRST   
  NO.   NAME                   VALUE          ERROR          SIZE      DERIVATIVE 
    1 EtaPi::Negative::S0-_re        35.963        6.9169        0.7258   -0.00012171
    2 EtaPi::Negative::P0-_re        -1.292        5.8146       0.74681    6.2888e-05
    3 EtaPi::Negative::P0-_im       -2.3279        2.1416       0.35193    2.3945e-05
    4 EtaPi::Negative::P1-_re       0.73355         4.447       0.70055    2.7881e-05
    5 EtaPi::Negative::P1-_im       0.56778        2.2081       0.35393   -1.8926e-05
    6 EtaPi::Negative::D0-_re         2.624        8.7496        1.4038    2.6526e-05
    7 EtaPi::Negative::D0-_im        144.85        2.1627        0.3214   -9.5837e-05
    8 EtaPi::Negative::D1-_re        3.0763        3.3972         0.582    3.8893e-05
    9 EtaPi::Negative::D1-_im       -1.3907        2.1694       0.38042   -5.2877e-05
   10 EtaPi::Positive::P1+_re        5.9357        13.944        1.6285   -0.00015586
   11 EtaPi::Positive::P1+_im    -0.0038666         17.01        3.0093   -2.6497e-05
   12 EtaPi::Positive::D1+_re        8.4942        14.838        1.4892   -0.00033166

 EXTERNAL ERROR MATRIX.    NDIM= 100    NPAR= 12    ERR DEF=1
        47.8
        12.9       33.8
       -1.28      -4.51       4.59
       -1.29      -2.74       0.26       19.8
      0.0191     -0.263    -0.0687        4.1       4.88
          16      -2.74      0.619        1.1     -0.565       76.6
       -6.87    -0.0968    -0.0963     -0.546     -0.154      -4.46       4.68
       -3.63     -0.969   -0.00435    -0.0587     -0.164      -2.02     0.0355       11.5
     -0.0188      0.214     -0.238     -0.348    -0.0408      -2.02     0.0934     -0.152       4.71
       -2.31      -39.6       4.67       7.85      0.872       33.6      -4.71       0.75     -0.956        194
       -2.73       4.31     -0.334     -0.747     -0.199       8.94      -1.05      0.495     -0.305      -2.45        289
       -68.5      -18.6       1.97       4.75      0.711      -41.5       7.64       10.4    -0.0734      -73.8      -20.4
         220
 PARAMETER  CORRELATION COEFFICIENTS  
       NO.  GLOBAL      1      2      3      4      5      6      7      8      9     10     11     12
      1:     0.805  1.000  0.320 -0.087 -0.042  0.001  0.265 -0.459 -0.154 -0.001 -0.024 -0.023 -0.668
      2:     0.687  0.320  1.000 -0.362 -0.106 -0.021 -0.054 -0.008 -0.049  0.017 -0.489  0.044 -0.215
      3:     0.369 -0.087 -0.362  1.000  0.027 -0.015  0.033 -0.021 -0.001 -0.051  0.156 -0.009  0.062
      4:     0.454 -0.042 -0.106  0.027  1.000  0.418  0.028 -0.057 -0.004 -0.036  0.127 -0.010  0.072
      5:     0.422  0.001 -0.021 -0.015  0.418  1.000 -0.029 -0.032 -0.022 -0.009  0.028 -0.005  0.022
      6:     0.421  0.265 -0.054  0.033  0.028 -0.029  1.000 -0.236 -0.068 -0.107  0.275  0.060 -0.319
      7:     0.542 -0.459 -0.008 -0.021 -0.057 -0.032 -0.236  1.000  0.005  0.020 -0.156 -0.029  0.238
      8:     0.248 -0.154 -0.049 -0.001 -0.004 -0.022 -0.068  0.005  1.000 -0.021  0.016  0.009  0.205
      9:     0.129 -0.001  0.017 -0.051 -0.036 -0.009 -0.107  0.020 -0.021  1.000 -0.032 -0.008 -0.002
     10:     0.751 -0.024 -0.489  0.156  0.127  0.028  0.275 -0.156  0.016 -0.032  1.000 -0.010 -0.357
     11:     0.192 -0.023  0.044 -0.009 -0.010 -0.005  0.060 -0.029  0.009 -0.008 -0.010  1.000 -0.081
     12:     0.824 -0.668 -0.215  0.062  0.072  0.022 -0.319  0.238  0.205 -0.002 -0.357 -0.081  1.000

 MIGRAD evaluation total wall time:  0.38213 s.
    average time per function call:  0.29508 ms.

LIKELIHOOD AFTER MINIMIZATION:  -24721
Loading generated Monte Carlo...
Resetting source kin in thrown_pi0eta_tLT1_38.root
	Done.
Calculating integrals...
	Done.
Loading acccepted Monte Carlo...
Resetting source kin in reco_pi0eta_tLT1_38.root
	Done.
Calculating integrals...
	Done.
