
## CONFIGURATION INFO DISPLAY ##

############################################
#############   REACTION INFO  #############
############################################
      REACTION NAME:  EtaPi
      PARTICLE LIST:  4
		1.  gamma
		2.  Proton
		3.  Pi0
		4.  Eta
        DATA READER:  ROOTDataReader
				data_pi0eta_tLT1_8.root
      ACC MC READER:  ROOTDataReader
				reco_pi0eta_tLT1_8.root
      GEN MC READER:  ROOTDataReader
				thrown_pi0eta_tLT1_8.root
  NORMALIZATION INTEGRAL FILE: 
		    bin_8.ni
********************************************
***********  COHERENT SUM INFO  ************
********************************************
      REACTION NAME:  EtaPi
  COHERENT SUM NAME:  Positive
++++++++++++++++++++++++++++++++++++++++++++
+++++++++++++  AMPLITUDE INFO  +++++++++++++
++++++++++++++++++++++++++++++++++++++++++++
      REACTION NAME:  EtaPi
  COHERENT SUM NAME:  Positive
     AMPLITUDE NAME:  P1+
            FACTORS:  1
		1.   TwoPSAngles 1 1 1
       PERMUTATIONS:  0
        CONSTRAINTS:  0
         PARAMETERS:  0
      INITIAL VALUE:  (38.5445,-10.2858)
               REAL?  0
              FIXED?  0
              SCALE:  1.0
++++++++++++++++++++++++++++++++++++++++++++
+++++++++++++  AMPLITUDE INFO  +++++++++++++
++++++++++++++++++++++++++++++++++++++++++++
      REACTION NAME:  EtaPi
  COHERENT SUM NAME:  Positive
     AMPLITUDE NAME:  D1+
            FACTORS:  1
		1.   TwoPSAngles 2 1 1
       PERMUTATIONS:  0
        CONSTRAINTS:  0
         PARAMETERS:  0
      INITIAL VALUE:  (57.095,0)
               REAL?  1
              FIXED?  0
              SCALE:  1.0
********************************************
***********  COHERENT SUM INFO  ************
********************************************
      REACTION NAME:  EtaPi
  COHERENT SUM NAME:  Negative
++++++++++++++++++++++++++++++++++++++++++++
+++++++++++++  AMPLITUDE INFO  +++++++++++++
++++++++++++++++++++++++++++++++++++++++++++
      REACTION NAME:  EtaPi
  COHERENT SUM NAME:  Negative
     AMPLITUDE NAME:  S0-
            FACTORS:  1
		1.   TwoPSAngles 0 0 -1
       PERMUTATIONS:  0
        CONSTRAINTS:  0
         PARAMETERS:  0
      INITIAL VALUE:  (326.255,0)
               REAL?  1
              FIXED?  0
              SCALE:  1.0
++++++++++++++++++++++++++++++++++++++++++++
+++++++++++++  AMPLITUDE INFO  +++++++++++++
++++++++++++++++++++++++++++++++++++++++++++
      REACTION NAME:  EtaPi
  COHERENT SUM NAME:  Negative
     AMPLITUDE NAME:  P0-
            FACTORS:  1
		1.   TwoPSAngles 1 0 -1
       PERMUTATIONS:  0
        CONSTRAINTS:  0
         PARAMETERS:  0
      INITIAL VALUE:  (57.8639,42.495)
               REAL?  0
              FIXED?  0
              SCALE:  1.0
++++++++++++++++++++++++++++++++++++++++++++
+++++++++++++  AMPLITUDE INFO  +++++++++++++
++++++++++++++++++++++++++++++++++++++++++++
      REACTION NAME:  EtaPi
  COHERENT SUM NAME:  Negative
     AMPLITUDE NAME:  P1-
            FACTORS:  1
		1.   TwoPSAngles 1 1 -1
       PERMUTATIONS:  0
        CONSTRAINTS:  0
         PARAMETERS:  0
      INITIAL VALUE:  (-4.92862,53.8057)
               REAL?  0
              FIXED?  0
              SCALE:  1.0
++++++++++++++++++++++++++++++++++++++++++++
+++++++++++++  AMPLITUDE INFO  +++++++++++++
++++++++++++++++++++++++++++++++++++++++++++
      REACTION NAME:  EtaPi
  COHERENT SUM NAME:  Negative
     AMPLITUDE NAME:  D0-
            FACTORS:  1
		1.   TwoPSAngles 2 0 -1
       PERMUTATIONS:  0
        CONSTRAINTS:  0
         PARAMETERS:  0
      INITIAL VALUE:  (340.608,86.8325)
               REAL?  0
              FIXED?  0
              SCALE:  1.0
++++++++++++++++++++++++++++++++++++++++++++
+++++++++++++  AMPLITUDE INFO  +++++++++++++
++++++++++++++++++++++++++++++++++++++++++++
      REACTION NAME:  EtaPi
  COHERENT SUM NAME:  Negative
     AMPLITUDE NAME:  D1-
            FACTORS:  1
		1.   TwoPSAngles 2 1 -1
       PERMUTATIONS:  0
        CONSTRAINTS:  0
         PARAMETERS:  0
      INITIAL VALUE:  (15.3093,25.159)
               REAL?  0
              FIXED?  0
              SCALE:  1.0
 **********
 **    1 **SET STRATEGY  1
 **********
 NOW USING STRATEGY  1: TRY TO BALANCE SPEED AGAINST RELIABILITY
 **********
 **    2 **SET EPS  1e-13
 **********
 FLOATING-POINT NUMBERS ASSUMED ACCURATE TO 1e-13

## AMPLITUDE MANAGER INITIALIZATION ##
 Creating amplitude manager for reaction:  EtaPi
	 particle index assignment:  gamma -->> 0
	 particle index assignment:  Proton -->> 1
	 particle index assignment:  Pi0 -->> 2
	 particle index assignment:  Eta -->> 3
 PARAMETER DEFINITIONS:
    NO.   NAME                 VALUE      STEP SIZE      LIMITS
     1 EtaPi::Negative::S0-_re       326.26       3.2626     no limits
     2 EtaPi::Negative::P0-_re       57.864      0.57864     no limits
     3 EtaPi::Negative::P0-_im       42.495      0.42495     no limits
     4 EtaPi::Negative::P1-_re      -4.9286     0.049286     no limits
     5 EtaPi::Negative::P1-_im       53.806      0.53806     no limits
     6 EtaPi::Negative::D0-_re       340.61       3.4061     no limits
     7 EtaPi::Negative::D0-_im       86.833      0.86833     no limits
     8 EtaPi::Negative::D1-_re       15.309      0.15309     no limits
     9 EtaPi::Negative::D1-_im       25.159      0.25159     no limits
    10 EtaPi::Positive::P1+_re       38.545      0.38545     no limits
    11 EtaPi::Positive::P1+_im      -10.286      0.10286     no limits
    12 EtaPi::Positive::D1+_re       57.095      0.57095     no limits
Allocating Data and Amplitude Array in LikelihoodCalculator for EtaPi...
Resetting source kin in data_pi0eta_tLT1_8.root
	Done.
Loading acccepted Monte Carlo...
Resetting source kin in reco_pi0eta_tLT1_8.root
	Done.
Calculating integrals...
	Done.
LIKELIHOOD BEFORE MINIMIZATION:  -18191
 **********
 **    3 **MIGRAD 5000
 **********
 FIRST CALL TO USER FUNCTION AT NEW START POINT, WITH IFLAG=4.
 START MIGRAD MINIMIZATION.  STRATEGY 1.  CONVERGENCE WHEN EDM .LT. 1.00e-04
 FCN=-18555.8 FROM MIGRAD     STATUS=INITIATE      116         117 TOTAL

                     EDM= unknown      STRATEGY= 1      NO ERROR MATRIX       
  EXT PARAMETER                          CURRENT GUESS       STEP         FIRST   
  NO.   NAME                   VALUE          ERROR          SIZE      DERIVATIVE 
    1 EtaPi::Negative::S0-_re        326.26        3.2626             0        88.778
    2 EtaPi::Negative::P0-_re        57.864       0.57864             0        22.134
    3 EtaPi::Negative::P0-_im        42.495       0.42495             0        6.8479
    4 EtaPi::Negative::P1-_re       -4.9286      0.049286             0        3.3926
    5 EtaPi::Negative::P1-_im        53.806       0.53806             0        9.1689
    6 EtaPi::Negative::D0-_re        340.61        3.4061             0        99.678
    7 EtaPi::Negative::D0-_im        86.833       0.86833             0        12.682
    8 EtaPi::Negative::D1-_re        15.309       0.15309             0        4.5577
    9 EtaPi::Negative::D1-_im        25.159       0.25159             0         1.341
   10 EtaPi::Positive::P1+_re        96.595       0.38545             0        4.6233
   11 EtaPi::Positive::P1+_im       -50.128       0.10286       -39.842       0.16561
   12 EtaPi::Positive::D1+_re        57.095       0.57095             0        17.279

 MIGRAD MINIMIZATION HAS CONVERGED.
 MIGRAD WILL VERIFY CONVERGENCE AND ERROR MATRIX.
 COVARIANCE MATRIX CALCULATED SUCCESSFULLY
 FCN=-46528.9 FROM HESSE      STATUS=OK            131        1094 TOTAL

                     EDM=8.64829e-05    STRATEGY= 1      ERROR MATRIX ACCURATE 
  EXT PARAMETER                                              STEP         FIRST   
  NO.   NAME                   VALUE          ERROR          SIZE      DERIVATIVE 
    1 EtaPi::Negative::S0-_re       -139.56        34.139       0.61001    0.00029163
    2 EtaPi::Negative::P0-_re        1.9982         3.459       0.51577   -0.00047497
    3 EtaPi::Negative::P0-_im       -9.2715        28.049        1.1296   -0.00022945
    4 EtaPi::Negative::P1-_re        4.8224        3.3936       0.67154   -0.00035811
    5 EtaPi::Negative::P1-_im       -96.557        20.777       0.65228    0.00023941
    6 EtaPi::Negative::D0-_re       -32.768        17.369       0.53537   -0.00099982
    7 EtaPi::Negative::D0-_im        4.3481        5.2733        1.0331    0.00031046
    8 EtaPi::Negative::D1-_re        9.1937        15.085       0.56542   -0.00067487
    9 EtaPi::Negative::D1-_im        -2.033        4.4539       0.77355   -0.00042871
   10 EtaPi::Positive::P1+_re        93.529        25.928       0.71023    -0.0015767
   11 EtaPi::Positive::P1+_im       -48.336        40.667        1.3733    0.00085512
   12 EtaPi::Positive::D1+_re       -2.6582        4.3607       0.82608   -0.00027994

 MIGRAD MINIMIZATION HAS CONVERGED.
 FCN=-46528.9 FROM MIGRAD     STATUS=CONVERGED    1119        1120 TOTAL

                     EDM=9.97417e-06    STRATEGY= 1  ERROR MATRIX UNCERTAINTY 2e+01 per cent
  EXT PARAMETER                                              STEP         FIRST   
  NO.   NAME                   VALUE          ERROR          SIZE      DERIVATIVE 
    1 EtaPi::Negative::S0-_re       -139.43        23.136       0.12939    0.00013175
    2 EtaPi::Negative::P0-_re        1.9972        3.4369    -0.0010373   -0.00017622
    3 EtaPi::Negative::P0-_im       -9.3286         24.75     -0.057079   -0.00023593
    4 EtaPi::Negative::P1-_re        4.8287        3.1444     0.0063127   -9.8663e-06
    5 EtaPi::Negative::P1-_im       -96.634        14.518     -0.076164   -0.00013733
    6 EtaPi::Negative::D0-_re       -32.831        12.339     -0.062934   -0.00064613
    7 EtaPi::Negative::D0-_im        4.3378        4.9651     -0.010306    7.5593e-05
    8 EtaPi::Negative::D1-_re        9.2326        12.476      0.038951   -0.00024608
    9 EtaPi::Negative::D1-_im        -2.027         4.337      0.006009   -0.00036926
   10 EtaPi::Positive::P1+_re        93.585        25.344      0.056069   -0.00075245
   11 EtaPi::Positive::P1+_im       -48.393        36.299     -0.057087    0.00028798
   12 EtaPi::Positive::D1+_re       -2.6584        4.3359   -0.00016649   -0.00024023

 EXTERNAL ERROR MATRIX.    NDIM= 100    NPAR= 12    ERR DEF=1
         535
       -1.67       11.8
       -62.8       34.4        613
        19.5     0.0332      -13.1       9.89
        -327      -1.22      -4.08      -10.8        211
        -276      -2.06      -18.9      -9.21        173        152
         -39      -1.74      -10.8       3.96       25.8         22       24.7
        73.4      -16.7       -300       7.93      -24.5      -13.1       1.96        156
        15.3       -8.8      -40.2      0.408       -7.4      -4.79     -0.341       20.7       18.8
         397      -4.11      -89.7       16.1       -237       -202      -29.5       75.8       12.6        642
        99.6      -8.76       -143       7.71      -53.7      -40.2      -6.15       78.1       8.49        736   1.32e+03
        1.04       8.11       18.8    -0.0674      -2.03      -2.22      -1.19      -8.99      -1.79       4.86       6.16
        18.8
 PARAMETER  CORRELATION COEFFICIENTS  
       NO.  GLOBAL      1      2      3      4      5      6      7      8      9     10     11     12
      1:     0.994  1.000 -0.021 -0.110  0.269 -0.973 -0.968 -0.340  0.254  0.153  0.677  0.119  0.010
      2:     0.786 -0.021  1.000  0.405  0.003 -0.024 -0.049 -0.102 -0.390 -0.590 -0.047 -0.070  0.545
      3:     0.982 -0.110  0.405  1.000 -0.169 -0.011 -0.062 -0.088 -0.971 -0.375 -0.143 -0.159  0.175
      4:     0.476  0.269  0.003 -0.169  1.000 -0.237 -0.237  0.254  0.202  0.030  0.202  0.068 -0.005
      5:     0.983 -0.973 -0.024 -0.011 -0.237  1.000  0.967  0.358 -0.135 -0.118 -0.645 -0.102 -0.032
      6:     0.984 -0.968 -0.049 -0.062 -0.237  0.967  1.000  0.360 -0.085 -0.089 -0.646 -0.090 -0.042
      7:     0.516 -0.340 -0.102 -0.088  0.254  0.358  0.360  1.000  0.032 -0.016 -0.235 -0.034 -0.055
      8:     0.982  0.254 -0.390 -0.971  0.202 -0.135 -0.085  0.032  1.000  0.383  0.240  0.172 -0.166
      9:     0.678  0.153 -0.590 -0.375  0.030 -0.118 -0.089 -0.016  0.383  1.000  0.115  0.054 -0.095
     10:     0.993  0.677 -0.047 -0.143  0.202 -0.645 -0.646 -0.235  0.240  0.115  1.000  0.800  0.044
     11:     0.988  0.119 -0.070 -0.159  0.068 -0.102 -0.090 -0.034  0.172  0.054  0.800  1.000  0.039
     12:     0.619  0.010  0.545  0.175 -0.005 -0.032 -0.042 -0.055 -0.166 -0.095  0.044  0.039  1.000

 MIGRAD evaluation total wall time:  0.428 s.
    average time per function call:  0.3818 ms.

LIKELIHOOD AFTER MINIMIZATION:  -46529
Loading generated Monte Carlo...
Resetting source kin in thrown_pi0eta_tLT1_8.root
	Done.
Calculating integrals...
	Done.
Loading acccepted Monte Carlo...
Resetting source kin in reco_pi0eta_tLT1_8.root
	Done.
Calculating integrals...
	Done.
