
## CONFIGURATION INFO DISPLAY ##

############################################
#############   REACTION INFO  #############
############################################
      REACTION NAME:  EtaPi
      PARTICLE LIST:  4
		1.  gamma
		2.  Proton
		3.  Pi0
		4.  Eta
        DATA READER:  ROOTDataReader
				data_pi0eta_tLT1_63.root
      ACC MC READER:  ROOTDataReader
				reco_pi0eta_tLT1_63.root
      GEN MC READER:  ROOTDataReader
				thrown_pi0eta_tLT1_63.root
  NORMALIZATION INTEGRAL FILE: 
		    bin_63.ni
********************************************
***********  COHERENT SUM INFO  ************
********************************************
      REACTION NAME:  EtaPi
  COHERENT SUM NAME:  Positive
++++++++++++++++++++++++++++++++++++++++++++
+++++++++++++  AMPLITUDE INFO  +++++++++++++
++++++++++++++++++++++++++++++++++++++++++++
      REACTION NAME:  EtaPi
  COHERENT SUM NAME:  Positive
     AMPLITUDE NAME:  P1+
            FACTORS:  1
		1.   TwoPSAngles 1 1 1
       PERMUTATIONS:  0
        CONSTRAINTS:  0
         PARAMETERS:  0
      INITIAL VALUE:  (44.0615,-18.3037)
               REAL?  0
              FIXED?  0
              SCALE:  1.0
++++++++++++++++++++++++++++++++++++++++++++
+++++++++++++  AMPLITUDE INFO  +++++++++++++
++++++++++++++++++++++++++++++++++++++++++++
      REACTION NAME:  EtaPi
  COHERENT SUM NAME:  Positive
     AMPLITUDE NAME:  D1+
            FACTORS:  1
		1.   TwoPSAngles 2 1 1
       PERMUTATIONS:  0
        CONSTRAINTS:  0
         PARAMETERS:  0
      INITIAL VALUE:  (96.9201,0)
               REAL?  1
              FIXED?  0
              SCALE:  1.0
********************************************
***********  COHERENT SUM INFO  ************
********************************************
      REACTION NAME:  EtaPi
  COHERENT SUM NAME:  Negative
++++++++++++++++++++++++++++++++++++++++++++
+++++++++++++  AMPLITUDE INFO  +++++++++++++
++++++++++++++++++++++++++++++++++++++++++++
      REACTION NAME:  EtaPi
  COHERENT SUM NAME:  Negative
     AMPLITUDE NAME:  S0-
            FACTORS:  1
		1.   TwoPSAngles 0 0 -1
       PERMUTATIONS:  0
        CONSTRAINTS:  0
         PARAMETERS:  0
      INITIAL VALUE:  (122.508,0)
               REAL?  1
              FIXED?  0
              SCALE:  1.0
++++++++++++++++++++++++++++++++++++++++++++
+++++++++++++  AMPLITUDE INFO  +++++++++++++
++++++++++++++++++++++++++++++++++++++++++++
      REACTION NAME:  EtaPi
  COHERENT SUM NAME:  Negative
     AMPLITUDE NAME:  P0-
            FACTORS:  1
		1.   TwoPSAngles 1 0 -1
       PERMUTATIONS:  0
        CONSTRAINTS:  0
         PARAMETERS:  0
      INITIAL VALUE:  (66.916,25.4533)
               REAL?  0
              FIXED?  0
              SCALE:  1.0
++++++++++++++++++++++++++++++++++++++++++++
+++++++++++++  AMPLITUDE INFO  +++++++++++++
++++++++++++++++++++++++++++++++++++++++++++
      REACTION NAME:  EtaPi
  COHERENT SUM NAME:  Negative
     AMPLITUDE NAME:  P1-
            FACTORS:  1
		1.   TwoPSAngles 1 1 -1
       PERMUTATIONS:  0
        CONSTRAINTS:  0
         PARAMETERS:  0
      INITIAL VALUE:  (29.4924,5.82012)
               REAL?  0
              FIXED?  0
              SCALE:  1.0
++++++++++++++++++++++++++++++++++++++++++++
+++++++++++++  AMPLITUDE INFO  +++++++++++++
++++++++++++++++++++++++++++++++++++++++++++
      REACTION NAME:  EtaPi
  COHERENT SUM NAME:  Negative
     AMPLITUDE NAME:  D0-
            FACTORS:  1
		1.   TwoPSAngles 2 0 -1
       PERMUTATIONS:  0
        CONSTRAINTS:  0
         PARAMETERS:  0
      INITIAL VALUE:  (161.854,58.4536)
               REAL?  0
              FIXED?  0
              SCALE:  1.0
++++++++++++++++++++++++++++++++++++++++++++
+++++++++++++  AMPLITUDE INFO  +++++++++++++
++++++++++++++++++++++++++++++++++++++++++++
      REACTION NAME:  EtaPi
  COHERENT SUM NAME:  Negative
     AMPLITUDE NAME:  D1-
            FACTORS:  1
		1.   TwoPSAngles 2 1 -1
       PERMUTATIONS:  0
        CONSTRAINTS:  0
         PARAMETERS:  0
      INITIAL VALUE:  (-5.82914,23.1216)
               REAL?  0
              FIXED?  0
              SCALE:  1.0
 **********
 **    1 **SET STRATEGY  1
 **********
 NOW USING STRATEGY  1: TRY TO BALANCE SPEED AGAINST RELIABILITY
 **********
 **    2 **SET EPS  1e-13
 **********
 FLOATING-POINT NUMBERS ASSUMED ACCURATE TO 1e-13

## AMPLITUDE MANAGER INITIALIZATION ##
 Creating amplitude manager for reaction:  EtaPi
	 particle index assignment:  gamma -->> 0
	 particle index assignment:  Proton -->> 1
	 particle index assignment:  Pi0 -->> 2
	 particle index assignment:  Eta -->> 3
 PARAMETER DEFINITIONS:
    NO.   NAME                 VALUE      STEP SIZE      LIMITS
     1 EtaPi::Negative::S0-_re       122.51       1.2251     no limits
     2 EtaPi::Negative::P0-_re       66.916      0.66916     no limits
     3 EtaPi::Negative::P0-_im       25.453      0.25453     no limits
     4 EtaPi::Negative::P1-_re       29.492      0.29492     no limits
     5 EtaPi::Negative::P1-_im       5.8201     0.058201     no limits
     6 EtaPi::Negative::D0-_re       161.85       1.6185     no limits
     7 EtaPi::Negative::D0-_im       58.454      0.58454     no limits
     8 EtaPi::Negative::D1-_re      -5.8291     0.058291     no limits
     9 EtaPi::Negative::D1-_im       23.122      0.23122     no limits
    10 EtaPi::Positive::P1+_re       44.062      0.44062     no limits
    11 EtaPi::Positive::P1+_im      -18.304      0.18304     no limits
    12 EtaPi::Positive::D1+_re        96.92       0.9692     no limits
Allocating Data and Amplitude Array in LikelihoodCalculator for EtaPi...
Resetting source kin in data_pi0eta_tLT1_63.root
	Done.
Loading acccepted Monte Carlo...
Resetting source kin in reco_pi0eta_tLT1_63.root
	Done.
Calculating integrals...
	Done.
LIKELIHOOD BEFORE MINIMIZATION:  7869
 **********
 **    3 **MIGRAD 5000
 **********
 FIRST CALL TO USER FUNCTION AT NEW START POINT, WITH IFLAG=4.
 START MIGRAD MINIMIZATION.  STRATEGY 1.  CONVERGENCE WHEN EDM .LT. 1.00e-04
 FCN=7869.01 FROM MIGRAD     STATUS=INITIATE       46          47 TOTAL

                     EDM= unknown      STRATEGY= 1      NO ERROR MATRIX       
  EXT PARAMETER                          CURRENT GUESS       STEP         FIRST   
  NO.   NAME                   VALUE          ERROR          SIZE      DERIVATIVE 
    1 EtaPi::Negative::S0-_re        122.51        1.2251        1.2251        38.004
    2 EtaPi::Negative::P0-_re        66.916       0.66916       0.66916        22.601
    3 EtaPi::Negative::P0-_im        25.453       0.25453       0.25453        8.2474
    4 EtaPi::Negative::P1-_re        29.492       0.29492       0.29492        9.1206
    5 EtaPi::Negative::P1-_im        5.8201      0.058201      0.058201        2.5528
    6 EtaPi::Negative::D0-_re        161.85        1.6185        1.6185        49.571
    7 EtaPi::Negative::D0-_im        58.454       0.58454       0.58454        17.503
    8 EtaPi::Negative::D1-_re       -5.8291      0.058291      0.058291      -0.76708
    9 EtaPi::Negative::D1-_im        23.122       0.23122       0.23122        7.4526
   10 EtaPi::Positive::P1+_re        44.062       0.44062       0.44062        13.648
   11 EtaPi::Positive::P1+_im       -18.304       0.18304       0.18304       -5.3816
   12 EtaPi::Positive::D1+_re         96.92        0.9692        0.9692        30.033

 MIGRAD MINIMIZATION HAS CONVERGED.
 MIGRAD WILL VERIFY CONVERGENCE AND ERROR MATRIX.
 COVARIANCE MATRIX CALCULATED SUCCESSFULLY
 FCN=-1076.42 FROM HESSE      STATUS=OK            125         922 TOTAL

                     EDM=0.000142121    STRATEGY= 1      ERROR MATRIX ACCURATE 
  EXT PARAMETER                                              STEP         FIRST   
  NO.   NAME                   VALUE          ERROR          SIZE      DERIVATIVE 
    1 EtaPi::Negative::S0-_re        5.9654        4.9467       0.10203     0.0002017
    2 EtaPi::Negative::P0-_re      -0.11116        5.5621      0.090254     1.727e-05
    3 EtaPi::Negative::P0-_im         -5.22        6.0866       0.11919     6.438e-06
    4 EtaPi::Negative::P1-_re         1.015        4.7867       0.10607   -0.00018249
    5 EtaPi::Negative::P1-_im       -1.3782        4.5183       0.10013    -0.0006475
    6 EtaPi::Negative::D0-_re        27.989        19.052      0.089598    -0.0012465
    7 EtaPi::Negative::D0-_im        22.489        23.667       0.11164    2.0908e-05
    8 EtaPi::Negative::D1-_re        2.0447        5.5332      0.097779   -0.00063087
    9 EtaPi::Negative::D1-_im       -5.1969        4.9603       0.11159   -0.00022515
   10 EtaPi::Positive::P1+_re       -14.552        4.2421       0.10185     0.0017338
   11 EtaPi::Positive::P1+_im      0.067056        40.471          1.19    8.7971e-05
   12 EtaPi::Positive::D1+_re        2.7025        3.2514       0.10188   -0.00012298

 MIGRAD MINIMIZATION HAS CONVERGED.
 FCN=-1076.42 FROM MIGRAD     STATUS=CONVERGED     973         974 TOTAL

                     EDM=2.65953e-06    STRATEGY= 1  ERROR MATRIX UNCERTAINTY     8 per cent
  EXT PARAMETER                                              STEP         FIRST   
  NO.   NAME                   VALUE          ERROR          SIZE      DERIVATIVE 
    1 EtaPi::Negative::S0-_re         5.915        5.4823    -0.0088775    8.3141e-05
    2 EtaPi::Negative::P0-_re       -0.1604        5.9275    -0.0079694    3.1211e-05
    3 EtaPi::Negative::P0-_im       -5.2355        6.1955    -0.0045887    0.00012353
    4 EtaPi::Negative::P1-_re       0.99506        4.8167    -0.0024639   -2.5066e-05
    5 EtaPi::Negative::P1-_im       -1.4034        4.7843    -0.0060535      0.000207
    6 EtaPi::Negative::D0-_re        28.278        23.385      0.051264    0.00067096
    7 EtaPi::Negative::D0-_im        22.126        29.477     -0.066171     0.0005342
    8 EtaPi::Negative::D1-_re        1.9896        6.2293     -0.010762    4.8971e-05
    9 EtaPi::Negative::D1-_im       -5.2232        5.0613     -0.003972    9.2347e-06
   10 EtaPi::Positive::P1+_re       -14.572        3.6118     0.0059198   -0.00019396
   11 EtaPi::Positive::P1+_im      0.020018        29.435       0.10304    4.8551e-05
   12 EtaPi::Positive::D1+_re        2.6945        3.2394    0.00036405   -6.7924e-05

 EXTERNAL ERROR MATRIX.    NDIM= 100    NPAR= 12    ERR DEF=1
        30.1
        10.7       35.1
        11.8      -16.1       38.4
        10.9     -0.203       7.79       23.2
        5.97       12.3        2.3      -10.6       22.9
       -98.6      -89.3      -37.3      -32.4        -56        547
         120        112         49       38.6       73.1       -684        869
        14.3       15.5       12.4     -0.991       17.9       -108        138       38.8
        12.3       12.2       -5.7       9.16      -2.05      -45.6       57.2      -4.66       25.6
       -2.58       5.71       -1.4      -2.06       5.59        -19       30.5       9.55     -0.993         13
       -8.47      -7.59      -4.51      -2.15      -6.46       46.5        -64      -10.8      -3.41       9.97        866
      -0.835       5.75      -4.23       3.47     -0.533      -8.92       12.5      0.428       3.22       3.55       1.17
        10.5
 PARAMETER  CORRELATION COEFFICIENTS  
       NO.  GLOBAL      1      2      3      4      5      6      7      8      9     10     11     12
      1:     0.867  1.000  0.330  0.348  0.413  0.228 -0.769  0.743  0.419  0.445 -0.130 -0.053 -0.047
      2:     0.911  0.330  1.000 -0.438 -0.007  0.435 -0.644  0.638  0.421  0.408  0.267 -0.044  0.300
      3:     0.855  0.348 -0.438  1.000  0.261  0.078 -0.257  0.268  0.320 -0.182 -0.063 -0.025 -0.211
      4:     0.803  0.413 -0.007  0.261  1.000 -0.460 -0.288  0.272 -0.033  0.376 -0.119 -0.015  0.222
      5:     0.825  0.228  0.435  0.078 -0.460  1.000 -0.501  0.518  0.601 -0.085  0.323 -0.046 -0.034
      6:     0.995 -0.769 -0.644 -0.257 -0.288 -0.501  1.000 -0.992 -0.741 -0.385 -0.224  0.068 -0.118
      7:     0.995  0.743  0.638  0.268  0.272  0.518 -0.992  1.000  0.753  0.383  0.286 -0.074  0.131
      8:     0.907  0.419  0.421  0.320 -0.033  0.601 -0.741  0.753  1.000 -0.148  0.424 -0.059  0.021
      9:     0.802  0.445  0.408 -0.182  0.376 -0.085 -0.385  0.383 -0.148  1.000 -0.054 -0.023  0.196
     10:     0.731 -0.130  0.267 -0.063 -0.119  0.323 -0.224  0.286  0.424 -0.054  1.000  0.094  0.304
     11:     0.205 -0.053 -0.044 -0.025 -0.015 -0.046  0.068 -0.074 -0.059 -0.023  0.094  1.000  0.012
     12:     0.526 -0.047  0.300 -0.211  0.222 -0.034 -0.118  0.131  0.021  0.196  0.304  0.012  1.000

 MIGRAD evaluation total wall time:  0.043236 s.
    average time per function call:  0.044345 ms.

LIKELIHOOD AFTER MINIMIZATION:  -1076.4
Loading generated Monte Carlo...
Resetting source kin in thrown_pi0eta_tLT1_63.root
	Done.
Calculating integrals...
	Done.
Loading acccepted Monte Carlo...
Resetting source kin in reco_pi0eta_tLT1_63.root
	Done.
Calculating integrals...
	Done.
