
## CONFIGURATION INFO DISPLAY ##

############################################
#############   REACTION INFO  #############
############################################
      REACTION NAME:  EtaPi
      PARTICLE LIST:  4
		1.  gamma
		2.  Proton
		3.  Pi0
		4.  Eta
        DATA READER:  ROOTDataReader
				data_pi0eta_tLT1_19.root
      ACC MC READER:  ROOTDataReader
				reco_pi0eta_tLT1_19.root
      GEN MC READER:  ROOTDataReader
				thrown_pi0eta_tLT1_19.root
  NORMALIZATION INTEGRAL FILE: 
		    bin_19.ni
********************************************
***********  COHERENT SUM INFO  ************
********************************************
      REACTION NAME:  EtaPi
  COHERENT SUM NAME:  Positive
++++++++++++++++++++++++++++++++++++++++++++
+++++++++++++  AMPLITUDE INFO  +++++++++++++
++++++++++++++++++++++++++++++++++++++++++++
      REACTION NAME:  EtaPi
  COHERENT SUM NAME:  Positive
     AMPLITUDE NAME:  P1+
            FACTORS:  1
		1.   TwoPSAngles 1 1 1
       PERMUTATIONS:  0
        CONSTRAINTS:  0
         PARAMETERS:  0
      INITIAL VALUE:  (34.7401,-29.8473)
               REAL?  0
              FIXED?  0
              SCALE:  1.0
++++++++++++++++++++++++++++++++++++++++++++
+++++++++++++  AMPLITUDE INFO  +++++++++++++
++++++++++++++++++++++++++++++++++++++++++++
      REACTION NAME:  EtaPi
  COHERENT SUM NAME:  Positive
     AMPLITUDE NAME:  D1+
            FACTORS:  1
		1.   TwoPSAngles 2 1 1
       PERMUTATIONS:  0
        CONSTRAINTS:  0
         PARAMETERS:  0
      INITIAL VALUE:  (64.2937,0)
               REAL?  1
              FIXED?  0
              SCALE:  1.0
********************************************
***********  COHERENT SUM INFO  ************
********************************************
      REACTION NAME:  EtaPi
  COHERENT SUM NAME:  Negative
++++++++++++++++++++++++++++++++++++++++++++
+++++++++++++  AMPLITUDE INFO  +++++++++++++
++++++++++++++++++++++++++++++++++++++++++++
      REACTION NAME:  EtaPi
  COHERENT SUM NAME:  Negative
     AMPLITUDE NAME:  S0-
            FACTORS:  1
		1.   TwoPSAngles 0 0 -1
       PERMUTATIONS:  0
        CONSTRAINTS:  0
         PARAMETERS:  0
      INITIAL VALUE:  (332.006,0)
               REAL?  1
              FIXED?  0
              SCALE:  1.0
++++++++++++++++++++++++++++++++++++++++++++
+++++++++++++  AMPLITUDE INFO  +++++++++++++
++++++++++++++++++++++++++++++++++++++++++++
      REACTION NAME:  EtaPi
  COHERENT SUM NAME:  Negative
     AMPLITUDE NAME:  P0-
            FACTORS:  1
		1.   TwoPSAngles 1 0 -1
       PERMUTATIONS:  0
        CONSTRAINTS:  0
         PARAMETERS:  0
      INITIAL VALUE:  (56.6343,21.3165)
               REAL?  0
              FIXED?  0
              SCALE:  1.0
++++++++++++++++++++++++++++++++++++++++++++
+++++++++++++  AMPLITUDE INFO  +++++++++++++
++++++++++++++++++++++++++++++++++++++++++++
      REACTION NAME:  EtaPi
  COHERENT SUM NAME:  Negative
     AMPLITUDE NAME:  P1-
            FACTORS:  1
		1.   TwoPSAngles 1 1 -1
       PERMUTATIONS:  0
        CONSTRAINTS:  0
         PARAMETERS:  0
      INITIAL VALUE:  (11.5324,40.2886)
               REAL?  0
              FIXED?  0
              SCALE:  1.0
++++++++++++++++++++++++++++++++++++++++++++
+++++++++++++  AMPLITUDE INFO  +++++++++++++
++++++++++++++++++++++++++++++++++++++++++++
      REACTION NAME:  EtaPi
  COHERENT SUM NAME:  Negative
     AMPLITUDE NAME:  D0-
            FACTORS:  1
		1.   TwoPSAngles 2 0 -1
       PERMUTATIONS:  0
        CONSTRAINTS:  0
         PARAMETERS:  0
      INITIAL VALUE:  (139.645,84.4478)
               REAL?  0
              FIXED?  0
              SCALE:  1.0
++++++++++++++++++++++++++++++++++++++++++++
+++++++++++++  AMPLITUDE INFO  +++++++++++++
++++++++++++++++++++++++++++++++++++++++++++
      REACTION NAME:  EtaPi
  COHERENT SUM NAME:  Negative
     AMPLITUDE NAME:  D1-
            FACTORS:  1
		1.   TwoPSAngles 2 1 -1
       PERMUTATIONS:  0
        CONSTRAINTS:  0
         PARAMETERS:  0
      INITIAL VALUE:  (-4.414,-8.8466)
               REAL?  0
              FIXED?  0
              SCALE:  1.0
 **********
 **    1 **SET STRATEGY  1
 **********
 NOW USING STRATEGY  1: TRY TO BALANCE SPEED AGAINST RELIABILITY
 **********
 **    2 **SET EPS  1e-13
 **********
 FLOATING-POINT NUMBERS ASSUMED ACCURATE TO 1e-13

## AMPLITUDE MANAGER INITIALIZATION ##
 Creating amplitude manager for reaction:  EtaPi
	 particle index assignment:  gamma -->> 0
	 particle index assignment:  Proton -->> 1
	 particle index assignment:  Pi0 -->> 2
	 particle index assignment:  Eta -->> 3
 PARAMETER DEFINITIONS:
    NO.   NAME                 VALUE      STEP SIZE      LIMITS
     1 EtaPi::Negative::S0-_re       332.01       3.3201     no limits
     2 EtaPi::Negative::P0-_re       56.634      0.56634     no limits
     3 EtaPi::Negative::P0-_im       21.317      0.21317     no limits
     4 EtaPi::Negative::P1-_re       11.532      0.11532     no limits
     5 EtaPi::Negative::P1-_im       40.289      0.40289     no limits
     6 EtaPi::Negative::D0-_re       139.65       1.3965     no limits
     7 EtaPi::Negative::D0-_im       84.448      0.84448     no limits
     8 EtaPi::Negative::D1-_re       -4.414      0.04414     no limits
     9 EtaPi::Negative::D1-_im      -8.8466     0.088466     no limits
    10 EtaPi::Positive::P1+_re        34.74       0.3474     no limits
    11 EtaPi::Positive::P1+_im      -29.847      0.29847     no limits
    12 EtaPi::Positive::D1+_re       64.294      0.64294     no limits
Allocating Data and Amplitude Array in LikelihoodCalculator for EtaPi...
Resetting source kin in data_pi0eta_tLT1_19.root
	Done.
Loading acccepted Monte Carlo...
Resetting source kin in reco_pi0eta_tLT1_19.root
	Done.
Calculating integrals...
	Done.
LIKELIHOOD BEFORE MINIMIZATION:  -31310
 **********
 **    3 **MIGRAD 5000
 **********
 FIRST CALL TO USER FUNCTION AT NEW START POINT, WITH IFLAG=4.
 START MIGRAD MINIMIZATION.  STRATEGY 1.  CONVERGENCE WHEN EDM .LT. 1.00e-04
 FCN=-31310 FROM MIGRAD     STATUS=INITIATE       48          49 TOTAL

                     EDM= unknown      STRATEGY= 1      NO ERROR MATRIX       
  EXT PARAMETER                          CURRENT GUESS       STEP         FIRST   
  NO.   NAME                   VALUE          ERROR          SIZE      DERIVATIVE 
    1 EtaPi::Negative::S0-_re        332.01        3.3201        3.3201        70.521
    2 EtaPi::Negative::P0-_re        56.634       0.56634       0.56634        24.194
    3 EtaPi::Negative::P0-_im        21.317       0.21317       0.21317        5.6824
    4 EtaPi::Negative::P1-_re        11.532       0.11532       0.11532      -0.55501
    5 EtaPi::Negative::P1-_im        40.289       0.40289       0.40289        6.7412
    6 EtaPi::Negative::D0-_re        139.65        1.3965        1.3965        51.535
    7 EtaPi::Negative::D0-_im        84.448       0.84448       0.84448         17.23
    8 EtaPi::Negative::D1-_re        -4.414       0.04414       0.04414       -1.8949
    9 EtaPi::Negative::D1-_im       -8.8466      0.088466      0.088466      -0.27186
   10 EtaPi::Positive::P1+_re         34.74        0.3474        0.3474        6.8491
   11 EtaPi::Positive::P1+_im       -29.847       0.29847       0.29847        -4.365
   12 EtaPi::Positive::D1+_re        64.294       0.64294       0.64294        15.152

 MIGRAD MINIMIZATION HAS CONVERGED.
 MIGRAD WILL VERIFY CONVERGENCE AND ERROR MATRIX.
 COVARIANCE MATRIX CALCULATED SUCCESSFULLY
 FCN=-42300.8 FROM MIGRAD     STATUS=CONVERGED    1007        1008 TOTAL

                     EDM=5.48578e-05    STRATEGY= 1      ERROR MATRIX ACCURATE 
  EXT PARAMETER                                              STEP         FIRST   
  NO.   NAME                   VALUE          ERROR          SIZE      DERIVATIVE 
    1 EtaPi::Negative::S0-_re        170.64        3.8989       0.46044   -0.00063983
    2 EtaPi::Negative::P0-_re        -7.842        3.6791       0.48121   -0.00015834
    3 EtaPi::Negative::P0-_im        10.443        5.4226       0.86897   -0.00011657
    4 EtaPi::Negative::P1-_re        2.2466        2.4037       0.44328   -0.00036956
    5 EtaPi::Negative::P1-_im       -5.0475        6.0661        1.1139    0.00013468
    6 EtaPi::Negative::D0-_re      -0.42721        3.0185       0.49895   -4.6798e-05
    7 EtaPi::Negative::D0-_im        82.297        5.4246       0.75181   -0.00050221
    8 EtaPi::Negative::D1-_re        3.3259        2.0535       0.44832    9.3835e-05
    9 EtaPi::Negative::D1-_im        -11.15        5.5831         1.165    0.00019175
   10 EtaPi::Positive::P1+_re       -30.235        11.409        1.5021      0.001004
   11 EtaPi::Positive::P1+_im     0.0024995        27.709        6.1151    6.4011e-06
   12 EtaPi::Positive::D1+_re       -26.793        10.649        1.4571    0.00094312

 EXTERNAL ERROR MATRIX.    NDIM= 100    NPAR= 12    ERR DEF=1
        15.2
           7       13.5
       -4.51      -13.5       29.4
       0.157     -0.332       1.66       5.78
         1.2       1.52        1.1       8.47       36.8
        4.68       1.67     -0.372      -0.13     -0.552       9.11
       -13.9      -2.35      -3.37     -0.773      -1.06       -9.1       29.4
      -0.696     -0.577      0.638     0.0976     -0.792     -0.364      0.419       4.22
        2.26       1.45      -2.13      -3.47         -8      0.488      0.187      -3.35       31.2
        9.19       14.3      -15.4     -0.468       1.63      -14.2       11.5     -0.418       2.94        130
       -4.49       8.87      -7.55     -0.432     -0.365       4.77      -1.34     -0.197      -0.72       35.4        768
        18.9       14.4         -8     -0.231      0.329       16.9      -20.9     -0.924       0.83      -53.3       9.59
         113
 PARAMETER  CORRELATION COEFFICIENTS  
       NO.  GLOBAL      1      2      3      4      5      6      7      8      9     10     11     12
      1:     0.860  1.000  0.488 -0.213  0.017  0.051  0.398 -0.657 -0.087  0.104  0.207 -0.042  0.454
      2:     0.825  0.488  1.000 -0.677 -0.038  0.068  0.151 -0.118 -0.076  0.070  0.340  0.087  0.367
      3:     0.721 -0.213 -0.677  1.000  0.127  0.033 -0.023 -0.115  0.057 -0.070 -0.248 -0.050 -0.138
      4:     0.604  0.017 -0.038  0.127  1.000  0.581 -0.018 -0.059  0.020 -0.258 -0.017 -0.006 -0.009
      5:     0.608  0.051  0.068  0.033  0.581  1.000 -0.030 -0.032 -0.064 -0.236  0.024 -0.002  0.005
      6:     0.700  0.398  0.151 -0.023 -0.018 -0.030  1.000 -0.556 -0.059  0.029 -0.412  0.057  0.525
      7:     0.801 -0.657 -0.118 -0.115 -0.059 -0.032 -0.556  1.000  0.038  0.006  0.186 -0.009 -0.362
      8:     0.330 -0.087 -0.076  0.057  0.020 -0.064 -0.059  0.038  1.000 -0.292 -0.018 -0.003 -0.042
      9:     0.432  0.104  0.070 -0.070 -0.258 -0.236  0.029  0.006 -0.292  1.000  0.046 -0.005  0.014
     10:     0.822  0.207  0.340 -0.248 -0.017  0.024 -0.412  0.186 -0.018  0.046  1.000  0.112 -0.439
     11:     0.291 -0.042  0.087 -0.050 -0.006 -0.002  0.057 -0.009 -0.003 -0.005  0.112  1.000  0.033
     12:     0.806  0.454  0.367 -0.138 -0.009  0.005  0.525 -0.362 -0.042  0.014 -0.439  0.033  1.000

 MIGRAD evaluation total wall time:  0.37106 s.
    average time per function call:  0.36775 ms.

LIKELIHOOD AFTER MINIMIZATION:  -42301
Loading generated Monte Carlo...
Resetting source kin in thrown_pi0eta_tLT1_19.root
	Done.
Calculating integrals...
	Done.
Loading acccepted Monte Carlo...
Resetting source kin in reco_pi0eta_tLT1_19.root
	Done.
Calculating integrals...
	Done.
