
## CONFIGURATION INFO DISPLAY ##

############################################
#############   REACTION INFO  #############
############################################
      REACTION NAME:  EtaPi
      PARTICLE LIST:  4
		1.  gamma
		2.  Proton
		3.  Pi0
		4.  Eta
        DATA READER:  ROOTDataReader
				data_pi0eta_tLT1_4.root
      ACC MC READER:  ROOTDataReader
				reco_pi0eta_tLT1_4.root
      GEN MC READER:  ROOTDataReader
				thrown_pi0eta_tLT1_4.root
  NORMALIZATION INTEGRAL FILE: 
		    bin_4.ni
********************************************
***********  COHERENT SUM INFO  ************
********************************************
      REACTION NAME:  EtaPi
  COHERENT SUM NAME:  Positive
++++++++++++++++++++++++++++++++++++++++++++
+++++++++++++  AMPLITUDE INFO  +++++++++++++
++++++++++++++++++++++++++++++++++++++++++++
      REACTION NAME:  EtaPi
  COHERENT SUM NAME:  Positive
     AMPLITUDE NAME:  P1+
            FACTORS:  1
		1.   TwoPSAngles 1 1 1
       PERMUTATIONS:  0
        CONSTRAINTS:  0
         PARAMETERS:  0
      INITIAL VALUE:  (27.883,-27.8478)
               REAL?  0
              FIXED?  0
              SCALE:  1.0
++++++++++++++++++++++++++++++++++++++++++++
+++++++++++++  AMPLITUDE INFO  +++++++++++++
++++++++++++++++++++++++++++++++++++++++++++
      REACTION NAME:  EtaPi
  COHERENT SUM NAME:  Positive
     AMPLITUDE NAME:  D1+
            FACTORS:  1
		1.   TwoPSAngles 2 1 1
       PERMUTATIONS:  0
        CONSTRAINTS:  0
         PARAMETERS:  0
      INITIAL VALUE:  (72.6294,0)
               REAL?  1
              FIXED?  0
              SCALE:  1.0
********************************************
***********  COHERENT SUM INFO  ************
********************************************
      REACTION NAME:  EtaPi
  COHERENT SUM NAME:  Negative
++++++++++++++++++++++++++++++++++++++++++++
+++++++++++++  AMPLITUDE INFO  +++++++++++++
++++++++++++++++++++++++++++++++++++++++++++
      REACTION NAME:  EtaPi
  COHERENT SUM NAME:  Negative
     AMPLITUDE NAME:  S0-
            FACTORS:  1
		1.   TwoPSAngles 0 0 -1
       PERMUTATIONS:  0
        CONSTRAINTS:  0
         PARAMETERS:  0
      INITIAL VALUE:  (475.959,0)
               REAL?  1
              FIXED?  0
              SCALE:  1.0
++++++++++++++++++++++++++++++++++++++++++++
+++++++++++++  AMPLITUDE INFO  +++++++++++++
++++++++++++++++++++++++++++++++++++++++++++
      REACTION NAME:  EtaPi
  COHERENT SUM NAME:  Negative
     AMPLITUDE NAME:  P0-
            FACTORS:  1
		1.   TwoPSAngles 1 0 -1
       PERMUTATIONS:  0
        CONSTRAINTS:  0
         PARAMETERS:  0
      INITIAL VALUE:  (11.3138,1.41852)
               REAL?  0
              FIXED?  0
              SCALE:  1.0
++++++++++++++++++++++++++++++++++++++++++++
+++++++++++++  AMPLITUDE INFO  +++++++++++++
++++++++++++++++++++++++++++++++++++++++++++
      REACTION NAME:  EtaPi
  COHERENT SUM NAME:  Negative
     AMPLITUDE NAME:  P1-
            FACTORS:  1
		1.   TwoPSAngles 1 1 -1
       PERMUTATIONS:  0
        CONSTRAINTS:  0
         PARAMETERS:  0
      INITIAL VALUE:  (38.6631,32.4473)
               REAL?  0
              FIXED?  0
              SCALE:  1.0
++++++++++++++++++++++++++++++++++++++++++++
+++++++++++++  AMPLITUDE INFO  +++++++++++++
++++++++++++++++++++++++++++++++++++++++++++
      REACTION NAME:  EtaPi
  COHERENT SUM NAME:  Negative
     AMPLITUDE NAME:  D0-
            FACTORS:  1
		1.   TwoPSAngles 2 0 -1
       PERMUTATIONS:  0
        CONSTRAINTS:  0
         PARAMETERS:  0
      INITIAL VALUE:  (332.612,-36.3098)
               REAL?  0
              FIXED?  0
              SCALE:  1.0
++++++++++++++++++++++++++++++++++++++++++++
+++++++++++++  AMPLITUDE INFO  +++++++++++++
++++++++++++++++++++++++++++++++++++++++++++
      REACTION NAME:  EtaPi
  COHERENT SUM NAME:  Negative
     AMPLITUDE NAME:  D1-
            FACTORS:  1
		1.   TwoPSAngles 2 1 -1
       PERMUTATIONS:  0
        CONSTRAINTS:  0
         PARAMETERS:  0
      INITIAL VALUE:  (11.2628,1.37018)
               REAL?  0
              FIXED?  0
              SCALE:  1.0
 **********
 **    1 **SET STRATEGY  1
 **********
 NOW USING STRATEGY  1: TRY TO BALANCE SPEED AGAINST RELIABILITY
 **********
 **    2 **SET EPS  1e-13
 **********
 FLOATING-POINT NUMBERS ASSUMED ACCURATE TO 1e-13

## AMPLITUDE MANAGER INITIALIZATION ##
 Creating amplitude manager for reaction:  EtaPi
	 particle index assignment:  gamma -->> 0
	 particle index assignment:  Proton -->> 1
	 particle index assignment:  Pi0 -->> 2
	 particle index assignment:  Eta -->> 3
 PARAMETER DEFINITIONS:
    NO.   NAME                 VALUE      STEP SIZE      LIMITS
     1 EtaPi::Negative::S0-_re       475.96       4.7596     no limits
     2 EtaPi::Negative::P0-_re       11.314      0.11314     no limits
     3 EtaPi::Negative::P0-_im       1.4185     0.014185     no limits
     4 EtaPi::Negative::P1-_re       38.663      0.38663     no limits
     5 EtaPi::Negative::P1-_im       32.447      0.32447     no limits
     6 EtaPi::Negative::D0-_re       332.61       3.3261     no limits
     7 EtaPi::Negative::D0-_im       -36.31       0.3631     no limits
     8 EtaPi::Negative::D1-_re       11.263      0.11263     no limits
     9 EtaPi::Negative::D1-_im       1.3702     0.013702     no limits
    10 EtaPi::Positive::P1+_re       27.883      0.27883     no limits
    11 EtaPi::Positive::P1+_im      -27.848      0.27848     no limits
    12 EtaPi::Positive::D1+_re       72.629      0.72629     no limits
Allocating Data and Amplitude Array in LikelihoodCalculator for EtaPi...
Resetting source kin in data_pi0eta_tLT1_4.root
	Done.
Loading acccepted Monte Carlo...
Resetting source kin in reco_pi0eta_tLT1_4.root
	Done.
Calculating integrals...
	Done.
LIKELIHOOD BEFORE MINIMIZATION:  32283
 **********
 **    3 **MIGRAD 5000
 **********
 FIRST CALL TO USER FUNCTION AT NEW START POINT, WITH IFLAG=4.
 START MIGRAD MINIMIZATION.  STRATEGY 1.  CONVERGENCE WHEN EDM .LT. 1.00e-04
 FCN=32283.4 FROM MIGRAD     STATUS=INITIATE       48          49 TOTAL

                     EDM= unknown      STRATEGY= 1      NO ERROR MATRIX       
  EXT PARAMETER                          CURRENT GUESS       STEP         FIRST   
  NO.   NAME                   VALUE          ERROR          SIZE      DERIVATIVE 
    1 EtaPi::Negative::S0-_re        475.96        4.7596        4.7596         133.7
    2 EtaPi::Negative::P0-_re        11.314       0.11314       0.11314        4.4351
    3 EtaPi::Negative::P0-_im        1.4185      0.014185      0.014185       0.54879
    4 EtaPi::Negative::P1-_re        38.663       0.38663       0.38663        19.951
    5 EtaPi::Negative::P1-_im        32.447       0.32447       0.32447        6.8745
    6 EtaPi::Negative::D0-_re        332.61        3.3261        3.3261        115.99
    7 EtaPi::Negative::D0-_im        -36.31        0.3631        0.3631       -10.672
    8 EtaPi::Negative::D1-_re        11.263       0.11263       0.11263        5.6743
    9 EtaPi::Negative::D1-_im        1.3702      0.013702      0.013702        0.4397
   10 EtaPi::Positive::P1+_re        27.883       0.27883       0.27883        4.8915
   11 EtaPi::Positive::P1+_im       -27.848       0.27848       0.27848       -4.8148
   12 EtaPi::Positive::D1+_re        72.629       0.72629       0.72629        20.249

 MIGRAD MINIMIZATION HAS CONVERGED.
 MIGRAD WILL VERIFY CONVERGENCE AND ERROR MATRIX.
 COVARIANCE MATRIX CALCULATED SUCCESSFULLY
 FCN=-15149.9 FROM MIGRAD     STATUS=CONVERGED     898         899 TOTAL

                     EDM=6.87491e-05    STRATEGY= 1      ERROR MATRIX ACCURATE 
  EXT PARAMETER                                              STEP         FIRST   
  NO.   NAME                   VALUE          ERROR          SIZE      DERIVATIVE 
    1 EtaPi::Negative::S0-_re        118.12        4.3181       0.25843    -9.723e-05
    2 EtaPi::Negative::P0-_re        5.3484        4.1477       0.26622   -0.00017126
    3 EtaPi::Negative::P0-_im       -4.7876        9.2993       0.76977    0.00018884
    4 EtaPi::Negative::P1-_re       -1.1081        2.2839       0.25068    6.1886e-05
    5 EtaPi::Negative::P1-_im        3.6987        10.838        1.1527   -7.3336e-05
    6 EtaPi::Negative::D0-_re       -4.4383        2.9415       0.26683    3.4782e-05
    7 EtaPi::Negative::D0-_im        30.362        9.4008       0.67515   -0.00040516
    8 EtaPi::Negative::D1-_re      -0.88323        1.9543       0.25397    8.2745e-05
    9 EtaPi::Negative::D1-_im       -7.0413         8.766        1.0662    0.00065315
   10 EtaPi::Positive::P1+_re        3.0922          13.8        1.1402   -0.00028966
   11 EtaPi::Positive::P1+_im     -0.065293        33.355        4.3519   -0.00011218
   12 EtaPi::Positive::D1+_re       -23.033        11.458       0.91887    0.00061918

 EXTERNAL ERROR MATRIX.    NDIM= 100    NPAR= 12    ERR DEF=1
        18.6
        -2.3       17.2
       -2.68      -28.8       86.5
      -0.271     -0.917       4.18       5.22
      -0.547       5.83      -1.62       13.9        117
        8.36     -0.769      -1.69      0.276       3.45       8.65
       -31.1      -1.76       21.8      0.586      -9.57      -19.1       88.4
       -1.13       1.25      -2.35     -0.174       1.27     -0.573       1.28       3.82
        6.54      -3.38       3.57       5.22       24.9       3.24      -4.84      -4.73       76.8
         2.3       43.4      -68.9      -2.93       8.94       4.07      -18.5       2.48      -5.45        190
       -2.54      -1.62      -2.88      0.436       10.1       16.4      -24.5      0.163      -3.26      -1.19   1.11e+03
          36       3.83      -20.5      -1.06       1.48         19      -54.7      -1.16       7.69       44.6       55.2
         131
 PARAMETER  CORRELATION COEFFICIENTS  
       NO.  GLOBAL      1      2      3      4      5      6      7      8      9     10     11     12
      1:     0.902  1.000 -0.128 -0.067 -0.028 -0.012  0.658 -0.766 -0.133  0.173  0.039 -0.018  0.728
      2:     0.886 -0.128  1.000 -0.747 -0.097  0.130 -0.063 -0.045  0.154 -0.093  0.758 -0.012  0.081
      3:     0.802 -0.067 -0.747  1.000  0.197 -0.016 -0.062  0.249 -0.129  0.044 -0.537 -0.009 -0.192
      4:     0.609 -0.028 -0.097  0.197  1.000  0.562  0.041  0.027 -0.039  0.261 -0.093  0.006 -0.041
      5:     0.641 -0.012  0.130 -0.016  0.562  1.000  0.108 -0.094  0.060  0.262  0.060  0.028  0.012
      6:     0.755  0.658 -0.063 -0.062  0.041  0.108  1.000 -0.689 -0.100  0.126  0.100  0.167  0.564
      7:     0.855 -0.766 -0.045  0.249  0.027 -0.094 -0.689  1.000  0.069 -0.059 -0.142 -0.078 -0.507
      8:     0.345 -0.133  0.154 -0.129 -0.039  0.060 -0.100  0.069  1.000 -0.276  0.092  0.002 -0.052
      9:     0.477  0.173 -0.093  0.044  0.261  0.262  0.126 -0.059 -0.276  1.000 -0.045 -0.011  0.077
     10:     0.803  0.039  0.758 -0.537 -0.093  0.060  0.100 -0.142  0.092 -0.045  1.000 -0.003  0.282
     11:     0.348 -0.018 -0.012 -0.009  0.006  0.028  0.167 -0.078  0.002 -0.011 -0.003  1.000  0.144
     12:     0.816  0.728  0.081 -0.192 -0.041  0.012  0.564 -0.507 -0.052  0.077  0.282  0.144  1.000

 MIGRAD evaluation total wall time:  0.13582 s.
    average time per function call:  0.15091 ms.

LIKELIHOOD AFTER MINIMIZATION:  -15150
Loading generated Monte Carlo...
Resetting source kin in thrown_pi0eta_tLT1_4.root
	Done.
Calculating integrals...
	Done.
Loading acccepted Monte Carlo...
Resetting source kin in reco_pi0eta_tLT1_4.root
	Done.
Calculating integrals...
	Done.
