
## CONFIGURATION INFO DISPLAY ##

############################################
#############   REACTION INFO  #############
############################################
      REACTION NAME:  EtaPi
      PARTICLE LIST:  4
		1.  gamma
		2.  Proton
		3.  Pi0
		4.  Eta
        DATA READER:  ROOTDataReader
				data_pi0eta_tLT1_20.root
      ACC MC READER:  ROOTDataReader
				reco_pi0eta_tLT1_20.root
      GEN MC READER:  ROOTDataReader
				thrown_pi0eta_tLT1_20.root
  NORMALIZATION INTEGRAL FILE: 
		    bin_20.ni
********************************************
***********  COHERENT SUM INFO  ************
********************************************
      REACTION NAME:  EtaPi
  COHERENT SUM NAME:  Positive
++++++++++++++++++++++++++++++++++++++++++++
+++++++++++++  AMPLITUDE INFO  +++++++++++++
++++++++++++++++++++++++++++++++++++++++++++
      REACTION NAME:  EtaPi
  COHERENT SUM NAME:  Positive
     AMPLITUDE NAME:  P1+
            FACTORS:  1
		1.   TwoPSAngles 1 1 1
       PERMUTATIONS:  0
        CONSTRAINTS:  0
         PARAMETERS:  0
      INITIAL VALUE:  (45.4895,-11.2875)
               REAL?  0
              FIXED?  0
              SCALE:  1.0
++++++++++++++++++++++++++++++++++++++++++++
+++++++++++++  AMPLITUDE INFO  +++++++++++++
++++++++++++++++++++++++++++++++++++++++++++
      REACTION NAME:  EtaPi
  COHERENT SUM NAME:  Positive
     AMPLITUDE NAME:  D1+
            FACTORS:  1
		1.   TwoPSAngles 2 1 1
       PERMUTATIONS:  0
        CONSTRAINTS:  0
         PARAMETERS:  0
      INITIAL VALUE:  (75.9044,0)
               REAL?  1
              FIXED?  0
              SCALE:  1.0
********************************************
***********  COHERENT SUM INFO  ************
********************************************
      REACTION NAME:  EtaPi
  COHERENT SUM NAME:  Negative
++++++++++++++++++++++++++++++++++++++++++++
+++++++++++++  AMPLITUDE INFO  +++++++++++++
++++++++++++++++++++++++++++++++++++++++++++
      REACTION NAME:  EtaPi
  COHERENT SUM NAME:  Negative
     AMPLITUDE NAME:  S0-
            FACTORS:  1
		1.   TwoPSAngles 0 0 -1
       PERMUTATIONS:  0
        CONSTRAINTS:  0
         PARAMETERS:  0
      INITIAL VALUE:  (421.341,0)
               REAL?  1
              FIXED?  0
              SCALE:  1.0
++++++++++++++++++++++++++++++++++++++++++++
+++++++++++++  AMPLITUDE INFO  +++++++++++++
++++++++++++++++++++++++++++++++++++++++++++
      REACTION NAME:  EtaPi
  COHERENT SUM NAME:  Negative
     AMPLITUDE NAME:  P0-
            FACTORS:  1
		1.   TwoPSAngles 1 0 -1
       PERMUTATIONS:  0
        CONSTRAINTS:  0
         PARAMETERS:  0
      INITIAL VALUE:  (23.9349,46.0959)
               REAL?  0
              FIXED?  0
              SCALE:  1.0
++++++++++++++++++++++++++++++++++++++++++++
+++++++++++++  AMPLITUDE INFO  +++++++++++++
++++++++++++++++++++++++++++++++++++++++++++
      REACTION NAME:  EtaPi
  COHERENT SUM NAME:  Negative
     AMPLITUDE NAME:  P1-
            FACTORS:  1
		1.   TwoPSAngles 1 1 -1
       PERMUTATIONS:  0
        CONSTRAINTS:  0
         PARAMETERS:  0
      INITIAL VALUE:  (12.9668,12.951)
               REAL?  0
              FIXED?  0
              SCALE:  1.0
++++++++++++++++++++++++++++++++++++++++++++
+++++++++++++  AMPLITUDE INFO  +++++++++++++
++++++++++++++++++++++++++++++++++++++++++++
      REACTION NAME:  EtaPi
  COHERENT SUM NAME:  Negative
     AMPLITUDE NAME:  D0-
            FACTORS:  1
		1.   TwoPSAngles 2 0 -1
       PERMUTATIONS:  0
        CONSTRAINTS:  0
         PARAMETERS:  0
      INITIAL VALUE:  (304.62,52.9622)
               REAL?  0
              FIXED?  0
              SCALE:  1.0
++++++++++++++++++++++++++++++++++++++++++++
+++++++++++++  AMPLITUDE INFO  +++++++++++++
++++++++++++++++++++++++++++++++++++++++++++
      REACTION NAME:  EtaPi
  COHERENT SUM NAME:  Negative
     AMPLITUDE NAME:  D1-
            FACTORS:  1
		1.   TwoPSAngles 2 1 -1
       PERMUTATIONS:  0
        CONSTRAINTS:  0
         PARAMETERS:  0
      INITIAL VALUE:  (24.685,23.6442)
               REAL?  0
              FIXED?  0
              SCALE:  1.0
 **********
 **    1 **SET STRATEGY  1
 **********
 NOW USING STRATEGY  1: TRY TO BALANCE SPEED AGAINST RELIABILITY
 **********
 **    2 **SET EPS  1e-13
 **********
 FLOATING-POINT NUMBERS ASSUMED ACCURATE TO 1e-13

## AMPLITUDE MANAGER INITIALIZATION ##
 Creating amplitude manager for reaction:  EtaPi
	 particle index assignment:  gamma -->> 0
	 particle index assignment:  Proton -->> 1
	 particle index assignment:  Pi0 -->> 2
	 particle index assignment:  Eta -->> 3
 PARAMETER DEFINITIONS:
    NO.   NAME                 VALUE      STEP SIZE      LIMITS
     1 EtaPi::Negative::S0-_re       421.34       4.2134     no limits
     2 EtaPi::Negative::P0-_re       23.935      0.23935     no limits
     3 EtaPi::Negative::P0-_im       46.096      0.46096     no limits
     4 EtaPi::Negative::P1-_re       12.967      0.12967     no limits
     5 EtaPi::Negative::P1-_im       12.951      0.12951     no limits
     6 EtaPi::Negative::D0-_re       304.62       3.0462     no limits
     7 EtaPi::Negative::D0-_im       52.962      0.52962     no limits
     8 EtaPi::Negative::D1-_re       24.685      0.24685     no limits
     9 EtaPi::Negative::D1-_im       23.644      0.23644     no limits
    10 EtaPi::Positive::P1+_re       45.489      0.45489     no limits
    11 EtaPi::Positive::P1+_im      -11.287      0.11287     no limits
    12 EtaPi::Positive::D1+_re       75.904      0.75904     no limits
Allocating Data and Amplitude Array in LikelihoodCalculator for EtaPi...
Resetting source kin in data_pi0eta_tLT1_20.root
	Done.
Loading acccepted Monte Carlo...
Resetting source kin in reco_pi0eta_tLT1_20.root
	Done.
Calculating integrals...
	Done.
LIKELIHOOD BEFORE MINIMIZATION:  -2649.9
 **********
 **    3 **MIGRAD 5000
 **********
 FIRST CALL TO USER FUNCTION AT NEW START POINT, WITH IFLAG=4.
 START MIGRAD MINIMIZATION.  STRATEGY 1.  CONVERGENCE WHEN EDM .LT. 1.00e-04
 FCN=-2649.94 FROM MIGRAD     STATUS=INITIATE       44          45 TOTAL

                     EDM= unknown      STRATEGY= 1      NO ERROR MATRIX       
  EXT PARAMETER                          CURRENT GUESS       STEP         FIRST   
  NO.   NAME                   VALUE          ERROR          SIZE      DERIVATIVE 
    1 EtaPi::Negative::S0-_re        421.34        4.2134        4.2134        102.65
    2 EtaPi::Negative::P0-_re        23.935       0.23935       0.23935          11.9
    3 EtaPi::Negative::P0-_im        46.096       0.46096       0.46096        12.949
    4 EtaPi::Negative::P1-_re        12.967       0.12967       0.12967         2.666
    5 EtaPi::Negative::P1-_im        12.951       0.12951       0.12951        -1.045
    6 EtaPi::Negative::D0-_re        304.62        3.0462        3.0462        111.23
    7 EtaPi::Negative::D0-_im        52.962       0.52962       0.52962        3.9737
    8 EtaPi::Negative::D1-_re        24.685       0.24685       0.24685        7.4654
    9 EtaPi::Negative::D1-_im        23.644       0.23644       0.23644        5.6347
   10 EtaPi::Positive::P1+_re        45.489       0.45489       0.45489        2.9736
   11 EtaPi::Positive::P1+_im       -11.287       0.11287       0.11287      -0.41329
   12 EtaPi::Positive::D1+_re        75.904       0.75904       0.75904         20.24

 MIGRAD FAILS TO FIND IMPROVEMENT
 MIGRAD MINIMIZATION HAS CONVERGED.
 MIGRAD WILL VERIFY CONVERGENCE AND ERROR MATRIX.
 COVARIANCE MATRIX CALCULATED SUCCESSFULLY
 FCN=-35639.4 FROM MIGRAD     STATUS=CONVERGED     640         641 TOTAL

                     EDM=8.5253e-05    STRATEGY= 1      ERROR MATRIX ACCURATE 
  EXT PARAMETER                                              STEP         FIRST   
  NO.   NAME                   VALUE          ERROR          SIZE      DERIVATIVE 
    1 EtaPi::Negative::S0-_re        147.52        3.8298       0.44078    0.00015026
    2 EtaPi::Negative::P0-_re       -1.1676        3.5564        0.4629   -0.00023317
    3 EtaPi::Negative::P0-_im       -1.7913        4.1211       0.64948   -0.00062129
    4 EtaPi::Negative::P1-_re        4.8625        2.3668       0.42882     3.127e-05
    5 EtaPi::Negative::P1-_im         7.234        4.4119       0.79264     -2.68e-05
    6 EtaPi::Negative::D0-_re        -2.555        2.7757       0.51581    1.1724e-06
    7 EtaPi::Negative::D0-_im        102.96        3.9306       0.56443    0.00017413
    8 EtaPi::Negative::D1-_re      -0.61229        2.1015       0.41628   -3.4665e-05
    9 EtaPi::Negative::D1-_im       -1.1005        4.2878       0.84684   -4.8793e-05
   10 EtaPi::Positive::P1+_re        10.442        17.141        2.6276   -0.00063082
   11 EtaPi::Positive::P1+_im     -0.048889        17.997        3.7879   -0.00030095
   12 EtaPi::Positive::D1+_re        9.0793        14.988        2.3796   -9.6679e-05

 EXTERNAL ERROR MATRIX.    NDIM= 100    NPAR= 12    ERR DEF=1
        14.7
        5.51       12.6
       -3.32      -9.69         17
      -0.442     -0.115      0.225        5.6
      -0.257      0.388     -0.172       5.41       19.5
        3.12      0.316     -0.285      0.327      0.953        7.7
       -9.69      -1.71      0.776    -0.0765      -1.42      -4.48       15.4
       0.127      0.617     -0.796      0.136      0.434      0.133     -0.064       4.42
       0.493      -1.36       1.16     -0.267      -1.31     0.0518     -0.476      -3.17       18.4
       -32.8      -31.6         20       1.37       1.41       5.77       5.22     -0.828      0.809        294
       -1.34       2.28       -1.4      0.154      0.412       1.79     -0.731       0.12     -0.315      -16.6        324
       -31.8      -27.6       17.3      0.829     0.0192      -7.76       13.2     -0.928      0.734       93.3      -11.7
         225
 PARAMETER  CORRELATION COEFFICIENTS  
       NO.  GLOBAL      1      2      3      4      5      6      7      8      9     10     11     12
      1:     0.840  1.000  0.404 -0.210 -0.049 -0.015  0.294 -0.644  0.016  0.030 -0.500 -0.019 -0.554
      2:     0.790  0.404  1.000 -0.661 -0.014  0.025  0.032 -0.122  0.083 -0.089 -0.519  0.036 -0.519
      3:     0.670 -0.210 -0.661  1.000  0.023 -0.009 -0.025  0.048 -0.092  0.065  0.283 -0.019  0.281
      4:     0.521 -0.049 -0.014  0.023  1.000  0.518  0.050 -0.008  0.027 -0.026  0.034  0.004  0.023
      5:     0.533 -0.015  0.025 -0.009  0.518  1.000  0.078 -0.082  0.047 -0.069  0.019  0.005  0.000
      6:     0.484  0.294  0.032 -0.025  0.050  0.078  1.000 -0.410  0.023  0.004  0.121  0.036 -0.187
      7:     0.737 -0.644 -0.122  0.048 -0.008 -0.082 -0.410  1.000 -0.008 -0.028  0.078 -0.010  0.224
      8:     0.360  0.016  0.083 -0.092  0.027  0.047  0.023 -0.008  1.000 -0.352 -0.023  0.003 -0.029
      9:     0.367  0.030 -0.089  0.065 -0.026 -0.069  0.004 -0.028 -0.352  1.000  0.011 -0.004  0.011
     10:     0.691 -0.500 -0.519  0.283  0.034  0.019  0.121  0.078 -0.023  0.011  1.000 -0.054  0.363
     11:     0.130 -0.019  0.036 -0.019  0.004  0.005  0.036 -0.010  0.003 -0.004 -0.054  1.000 -0.043
     12:     0.663 -0.554 -0.519  0.281  0.023  0.000 -0.187  0.224 -0.029  0.011  0.363 -0.043  1.000

 MIGRAD evaluation total wall time:  0.20262 s.
    average time per function call:  0.3156 ms.

LIKELIHOOD AFTER MINIMIZATION:  -35639
Loading generated Monte Carlo...
Resetting source kin in thrown_pi0eta_tLT1_20.root
	Done.
Calculating integrals...
	Done.
Loading acccepted Monte Carlo...
Resetting source kin in reco_pi0eta_tLT1_20.root
	Done.
Calculating integrals...
	Done.
