
## CONFIGURATION INFO DISPLAY ##

############################################
#############   REACTION INFO  #############
############################################
      REACTION NAME:  EtaPi
      PARTICLE LIST:  4
		1.  gamma
		2.  Proton
		3.  Pi0
		4.  Eta
        DATA READER:  ROOTDataReader
				data_pi0eta_tLT1_6.root
      ACC MC READER:  ROOTDataReader
				reco_pi0eta_tLT1_6.root
      GEN MC READER:  ROOTDataReader
				thrown_pi0eta_tLT1_6.root
  NORMALIZATION INTEGRAL FILE: 
		    bin_6.ni
********************************************
***********  COHERENT SUM INFO  ************
********************************************
      REACTION NAME:  EtaPi
  COHERENT SUM NAME:  Positive
++++++++++++++++++++++++++++++++++++++++++++
+++++++++++++  AMPLITUDE INFO  +++++++++++++
++++++++++++++++++++++++++++++++++++++++++++
      REACTION NAME:  EtaPi
  COHERENT SUM NAME:  Positive
     AMPLITUDE NAME:  P1+
            FACTORS:  1
		1.   TwoPSAngles 1 1 1
       PERMUTATIONS:  0
        CONSTRAINTS:  0
         PARAMETERS:  0
      INITIAL VALUE:  (38.5445,-10.2858)
               REAL?  0
              FIXED?  0
              SCALE:  1.0
++++++++++++++++++++++++++++++++++++++++++++
+++++++++++++  AMPLITUDE INFO  +++++++++++++
++++++++++++++++++++++++++++++++++++++++++++
      REACTION NAME:  EtaPi
  COHERENT SUM NAME:  Positive
     AMPLITUDE NAME:  D1+
            FACTORS:  1
		1.   TwoPSAngles 2 1 1
       PERMUTATIONS:  0
        CONSTRAINTS:  0
         PARAMETERS:  0
      INITIAL VALUE:  (57.095,0)
               REAL?  1
              FIXED?  0
              SCALE:  1.0
********************************************
***********  COHERENT SUM INFO  ************
********************************************
      REACTION NAME:  EtaPi
  COHERENT SUM NAME:  Negative
++++++++++++++++++++++++++++++++++++++++++++
+++++++++++++  AMPLITUDE INFO  +++++++++++++
++++++++++++++++++++++++++++++++++++++++++++
      REACTION NAME:  EtaPi
  COHERENT SUM NAME:  Negative
     AMPLITUDE NAME:  S0-
            FACTORS:  1
		1.   TwoPSAngles 0 0 -1
       PERMUTATIONS:  0
        CONSTRAINTS:  0
         PARAMETERS:  0
      INITIAL VALUE:  (326.255,0)
               REAL?  1
              FIXED?  0
              SCALE:  1.0
++++++++++++++++++++++++++++++++++++++++++++
+++++++++++++  AMPLITUDE INFO  +++++++++++++
++++++++++++++++++++++++++++++++++++++++++++
      REACTION NAME:  EtaPi
  COHERENT SUM NAME:  Negative
     AMPLITUDE NAME:  P0-
            FACTORS:  1
		1.   TwoPSAngles 1 0 -1
       PERMUTATIONS:  0
        CONSTRAINTS:  0
         PARAMETERS:  0
      INITIAL VALUE:  (57.8639,42.495)
               REAL?  0
              FIXED?  0
              SCALE:  1.0
++++++++++++++++++++++++++++++++++++++++++++
+++++++++++++  AMPLITUDE INFO  +++++++++++++
++++++++++++++++++++++++++++++++++++++++++++
      REACTION NAME:  EtaPi
  COHERENT SUM NAME:  Negative
     AMPLITUDE NAME:  P1-
            FACTORS:  1
		1.   TwoPSAngles 1 1 -1
       PERMUTATIONS:  0
        CONSTRAINTS:  0
         PARAMETERS:  0
      INITIAL VALUE:  (-4.92862,53.8057)
               REAL?  0
              FIXED?  0
              SCALE:  1.0
++++++++++++++++++++++++++++++++++++++++++++
+++++++++++++  AMPLITUDE INFO  +++++++++++++
++++++++++++++++++++++++++++++++++++++++++++
      REACTION NAME:  EtaPi
  COHERENT SUM NAME:  Negative
     AMPLITUDE NAME:  D0-
            FACTORS:  1
		1.   TwoPSAngles 2 0 -1
       PERMUTATIONS:  0
        CONSTRAINTS:  0
         PARAMETERS:  0
      INITIAL VALUE:  (340.608,86.8325)
               REAL?  0
              FIXED?  0
              SCALE:  1.0
++++++++++++++++++++++++++++++++++++++++++++
+++++++++++++  AMPLITUDE INFO  +++++++++++++
++++++++++++++++++++++++++++++++++++++++++++
      REACTION NAME:  EtaPi
  COHERENT SUM NAME:  Negative
     AMPLITUDE NAME:  D1-
            FACTORS:  1
		1.   TwoPSAngles 2 1 -1
       PERMUTATIONS:  0
        CONSTRAINTS:  0
         PARAMETERS:  0
      INITIAL VALUE:  (15.3093,25.159)
               REAL?  0
              FIXED?  0
              SCALE:  1.0
 **********
 **    1 **SET STRATEGY  1
 **********
 NOW USING STRATEGY  1: TRY TO BALANCE SPEED AGAINST RELIABILITY
 **********
 **    2 **SET EPS  1e-13
 **********
 FLOATING-POINT NUMBERS ASSUMED ACCURATE TO 1e-13

## AMPLITUDE MANAGER INITIALIZATION ##
 Creating amplitude manager for reaction:  EtaPi
	 particle index assignment:  gamma -->> 0
	 particle index assignment:  Proton -->> 1
	 particle index assignment:  Pi0 -->> 2
	 particle index assignment:  Eta -->> 3
 PARAMETER DEFINITIONS:
    NO.   NAME                 VALUE      STEP SIZE      LIMITS
     1 EtaPi::Negative::S0-_re       326.26       3.2626     no limits
     2 EtaPi::Negative::P0-_re       57.864      0.57864     no limits
     3 EtaPi::Negative::P0-_im       42.495      0.42495     no limits
     4 EtaPi::Negative::P1-_re      -4.9286     0.049286     no limits
     5 EtaPi::Negative::P1-_im       53.806      0.53806     no limits
     6 EtaPi::Negative::D0-_re       340.61       3.4061     no limits
     7 EtaPi::Negative::D0-_im       86.833      0.86833     no limits
     8 EtaPi::Negative::D1-_re       15.309      0.15309     no limits
     9 EtaPi::Negative::D1-_im       25.159      0.25159     no limits
    10 EtaPi::Positive::P1+_re       38.545      0.38545     no limits
    11 EtaPi::Positive::P1+_im      -10.286      0.10286     no limits
    12 EtaPi::Positive::D1+_re       57.095      0.57095     no limits
Allocating Data and Amplitude Array in LikelihoodCalculator for EtaPi...
Resetting source kin in data_pi0eta_tLT1_6.root
	Done.
Loading acccepted Monte Carlo...
Resetting source kin in reco_pi0eta_tLT1_6.root
	Done.
Calculating integrals...
	Done.
LIKELIHOOD BEFORE MINIMIZATION:  3571.3
 **********
 **    3 **MIGRAD 5000
 **********
 FIRST CALL TO USER FUNCTION AT NEW START POINT, WITH IFLAG=4.
 START MIGRAD MINIMIZATION.  STRATEGY 1.  CONVERGENCE WHEN EDM .LT. 1.00e-04
 FCN=3545.71 FROM MIGRAD     STATUS=INITIATE       79          80 TOTAL

                     EDM= unknown      STRATEGY= 1      NO ERROR MATRIX       
  EXT PARAMETER                          CURRENT GUESS       STEP         FIRST   
  NO.   NAME                   VALUE          ERROR          SIZE      DERIVATIVE 
    1 EtaPi::Negative::S0-_re        326.26        3.2626             0        93.746
    2 EtaPi::Negative::P0-_re        57.864       0.57864             0         24.84
    3 EtaPi::Negative::P0-_im        42.495       0.42495             0        9.0638
    4 EtaPi::Negative::P1-_re       -4.9286      0.049286             0        1.4205
    5 EtaPi::Negative::P1-_im        53.806       0.53806             0        10.915
    6 EtaPi::Negative::D0-_re        340.61        3.4061             0        100.67
    7 EtaPi::Negative::D0-_im        86.833       0.86833             0        15.726
    8 EtaPi::Negative::D1-_re        15.309       0.15309             0        4.1592
    9 EtaPi::Negative::D1-_im        25.159       0.25159             0         1.849
   10 EtaPi::Positive::P1+_re        38.545       0.38545             0        3.0732
   11 EtaPi::Positive::P1+_im       -38.289       0.10286       -28.003      0.040275
   12 EtaPi::Positive::D1+_re        57.095       0.57095             0         12.77

 MIGRAD MINIMIZATION HAS CONVERGED.
 MIGRAD WILL VERIFY CONVERGENCE AND ERROR MATRIX.
 COVARIANCE MATRIX CALCULATED SUCCESSFULLY
 FCN=-26432.4 FROM MIGRAD     STATUS=CONVERGED    1502        1503 TOTAL

                     EDM=1.66202e-05    STRATEGY= 1      ERROR MATRIX ACCURATE 
  EXT PARAMETER                                              STEP         FIRST   
  NO.   NAME                   VALUE          ERROR          SIZE      DERIVATIVE 
    1 EtaPi::Negative::S0-_re        -37.12        6.0519       0.50596     0.0002558
    2 EtaPi::Negative::P0-_re        27.538        31.863       0.51769     0.0001142
    3 EtaPi::Negative::P0-_im       -57.413        15.971       0.55508    0.00011697
    4 EtaPi::Negative::P1-_re       -84.916        10.793        0.4194    0.00018764
    5 EtaPi::Negative::P1-_im       -24.874        32.885       0.72321    0.00025261
    6 EtaPi::Negative::D0-_re       -31.082        12.703       0.49667    0.00036293
    7 EtaPi::Negative::D0-_im       -17.948        23.716       0.59198    1.1803e-05
    8 EtaPi::Negative::D1-_re       -14.157        19.496       0.45776    5.8488e-05
    9 EtaPi::Negative::D1-_im        37.693        15.283       0.56986    0.00023471
   10 EtaPi::Positive::P1+_re        17.937        13.047       0.94124   -0.00025458
   11 EtaPi::Positive::P1+_im       -82.054        5.8004       0.44811   -1.2727e-05
   12 EtaPi::Positive::D1+_re         44.24        8.0012       0.78799    -0.0004522

 EXTERNAL ERROR MATRIX.    NDIM= 100    NPAR= 12    ERR DEF=1
        36.6
         -81   1.02e+03
       -78.3        309        255
       -39.1        324        129        116
        84.7  -1.04e+03       -328       -336   1.08e+03
         -17        384       82.1        116       -393        161
        84.3       -726       -292       -247        749       -260        562
        67.6       -600       -237       -203        619       -215        454        380
       -10.7       -384      -6.22       -100        388       -171        226        189        234
       -32.2        351       95.9        112       -357        131       -245       -200       -134        170
       -12.3        153       48.3       47.4       -158       58.4       -110      -89.9      -56.8       56.1       33.6
       -7.84      -3.85       53.3       6.93      -4.74      -6.91      -18.7      -14.7       31.5      -26.7       9.67
          64
 PARAMETER  CORRELATION COEFFICIENTS  
       NO.  GLOBAL      1      2      3      4      5      6      7      8      9     10     11     12
      1:     0.889  1.000 -0.420 -0.811 -0.598  0.426 -0.221  0.587  0.573 -0.116 -0.407 -0.350 -0.162
      2:     0.996 -0.420  1.000  0.607  0.942 -0.989  0.948 -0.961 -0.965 -0.788  0.843  0.827 -0.015
      3:     0.982 -0.811  0.607  1.000  0.750 -0.625  0.405 -0.771 -0.761 -0.025  0.460  0.521  0.417
      4:     0.977 -0.598  0.942  0.750  1.000 -0.946  0.845 -0.966 -0.965 -0.607  0.796  0.757  0.080
      5:     0.993  0.426 -0.989 -0.625 -0.946  1.000 -0.941  0.960  0.965  0.772 -0.833 -0.830 -0.018
      6:     0.977 -0.221  0.948  0.405  0.845 -0.941  1.000 -0.862 -0.869 -0.879  0.792  0.793 -0.068
      7:     0.991  0.587 -0.961 -0.771 -0.966  0.960 -0.862  1.000  0.982  0.622 -0.792 -0.800 -0.098
      8:     0.992  0.573 -0.965 -0.761 -0.965  0.965 -0.869  0.982  1.000  0.634 -0.787 -0.795 -0.094
      9:     0.979 -0.116 -0.788 -0.025 -0.607  0.772 -0.879  0.622  0.634  1.000 -0.672 -0.640  0.258
     10:     0.919 -0.407  0.843  0.460  0.796 -0.833  0.792 -0.792 -0.787 -0.672  1.000  0.742 -0.255
     11:     0.906 -0.350  0.827  0.521  0.757 -0.830  0.793 -0.800 -0.795 -0.640  0.742  1.000  0.208
     12:     0.843 -0.162 -0.015  0.417  0.080 -0.018 -0.068 -0.098 -0.094  0.258 -0.255  0.208  1.000

 MIGRAD evaluation total wall time:  0.3748 s.
    average time per function call:  0.24921 ms.

LIKELIHOOD AFTER MINIMIZATION:  -26432
Loading generated Monte Carlo...
Resetting source kin in thrown_pi0eta_tLT1_6.root
	Done.
Calculating integrals...
	Done.
Loading acccepted Monte Carlo...
Resetting source kin in reco_pi0eta_tLT1_6.root
	Done.
Calculating integrals...
	Done.
