
## CONFIGURATION INFO DISPLAY ##

############################################
#############   REACTION INFO  #############
############################################
      REACTION NAME:  EtaPi
      PARTICLE LIST:  4
		1.  gamma
		2.  Proton
		3.  Pi0
		4.  Eta
        DATA READER:  ROOTDataReader
				data_pi0eta_tLT1_1.root
      ACC MC READER:  ROOTDataReader
				reco_pi0eta_tLT1_1.root
      GEN MC READER:  ROOTDataReader
				thrown_pi0eta_tLT1_1.root
  NORMALIZATION INTEGRAL FILE: 
		    bin_1.ni
********************************************
***********  COHERENT SUM INFO  ************
********************************************
      REACTION NAME:  EtaPi
  COHERENT SUM NAME:  Positive
++++++++++++++++++++++++++++++++++++++++++++
+++++++++++++  AMPLITUDE INFO  +++++++++++++
++++++++++++++++++++++++++++++++++++++++++++
      REACTION NAME:  EtaPi
  COHERENT SUM NAME:  Positive
     AMPLITUDE NAME:  P1+
            FACTORS:  1
		1.   TwoPSAngles 1 1 1
       PERMUTATIONS:  0
        CONSTRAINTS:  0
         PARAMETERS:  0
      INITIAL VALUE:  (27.883,-27.8478)
               REAL?  0
              FIXED?  0
              SCALE:  1.0
++++++++++++++++++++++++++++++++++++++++++++
+++++++++++++  AMPLITUDE INFO  +++++++++++++
++++++++++++++++++++++++++++++++++++++++++++
      REACTION NAME:  EtaPi
  COHERENT SUM NAME:  Positive
     AMPLITUDE NAME:  D1+
            FACTORS:  1
		1.   TwoPSAngles 2 1 1
       PERMUTATIONS:  0
        CONSTRAINTS:  0
         PARAMETERS:  0
      INITIAL VALUE:  (72.6294,0)
               REAL?  1
              FIXED?  0
              SCALE:  1.0
********************************************
***********  COHERENT SUM INFO  ************
********************************************
      REACTION NAME:  EtaPi
  COHERENT SUM NAME:  Negative
++++++++++++++++++++++++++++++++++++++++++++
+++++++++++++  AMPLITUDE INFO  +++++++++++++
++++++++++++++++++++++++++++++++++++++++++++
      REACTION NAME:  EtaPi
  COHERENT SUM NAME:  Negative
     AMPLITUDE NAME:  S0-
            FACTORS:  1
		1.   TwoPSAngles 0 0 -1
       PERMUTATIONS:  0
        CONSTRAINTS:  0
         PARAMETERS:  0
      INITIAL VALUE:  (475.959,0)
               REAL?  1
              FIXED?  0
              SCALE:  1.0
++++++++++++++++++++++++++++++++++++++++++++
+++++++++++++  AMPLITUDE INFO  +++++++++++++
++++++++++++++++++++++++++++++++++++++++++++
      REACTION NAME:  EtaPi
  COHERENT SUM NAME:  Negative
     AMPLITUDE NAME:  P0-
            FACTORS:  1
		1.   TwoPSAngles 1 0 -1
       PERMUTATIONS:  0
        CONSTRAINTS:  0
         PARAMETERS:  0
      INITIAL VALUE:  (11.3138,1.41852)
               REAL?  0
              FIXED?  0
              SCALE:  1.0
++++++++++++++++++++++++++++++++++++++++++++
+++++++++++++  AMPLITUDE INFO  +++++++++++++
++++++++++++++++++++++++++++++++++++++++++++
      REACTION NAME:  EtaPi
  COHERENT SUM NAME:  Negative
     AMPLITUDE NAME:  P1-
            FACTORS:  1
		1.   TwoPSAngles 1 1 -1
       PERMUTATIONS:  0
        CONSTRAINTS:  0
         PARAMETERS:  0
      INITIAL VALUE:  (38.6631,32.4473)
               REAL?  0
              FIXED?  0
              SCALE:  1.0
++++++++++++++++++++++++++++++++++++++++++++
+++++++++++++  AMPLITUDE INFO  +++++++++++++
++++++++++++++++++++++++++++++++++++++++++++
      REACTION NAME:  EtaPi
  COHERENT SUM NAME:  Negative
     AMPLITUDE NAME:  D0-
            FACTORS:  1
		1.   TwoPSAngles 2 0 -1
       PERMUTATIONS:  0
        CONSTRAINTS:  0
         PARAMETERS:  0
      INITIAL VALUE:  (332.612,-36.3098)
               REAL?  0
              FIXED?  0
              SCALE:  1.0
++++++++++++++++++++++++++++++++++++++++++++
+++++++++++++  AMPLITUDE INFO  +++++++++++++
++++++++++++++++++++++++++++++++++++++++++++
      REACTION NAME:  EtaPi
  COHERENT SUM NAME:  Negative
     AMPLITUDE NAME:  D1-
            FACTORS:  1
		1.   TwoPSAngles 2 1 -1
       PERMUTATIONS:  0
        CONSTRAINTS:  0
         PARAMETERS:  0
      INITIAL VALUE:  (11.2628,1.37018)
               REAL?  0
              FIXED?  0
              SCALE:  1.0
 **********
 **    1 **SET STRATEGY  1
 **********
 NOW USING STRATEGY  1: TRY TO BALANCE SPEED AGAINST RELIABILITY
 **********
 **    2 **SET EPS  1e-13
 **********
 FLOATING-POINT NUMBERS ASSUMED ACCURATE TO 1e-13

## AMPLITUDE MANAGER INITIALIZATION ##
 Creating amplitude manager for reaction:  EtaPi
	 particle index assignment:  gamma -->> 0
	 particle index assignment:  Proton -->> 1
	 particle index assignment:  Pi0 -->> 2
	 particle index assignment:  Eta -->> 3
 PARAMETER DEFINITIONS:
    NO.   NAME                 VALUE      STEP SIZE      LIMITS
     1 EtaPi::Negative::S0-_re       475.96       4.7596     no limits
     2 EtaPi::Negative::P0-_re       11.314      0.11314     no limits
     3 EtaPi::Negative::P0-_im       1.4185     0.014185     no limits
     4 EtaPi::Negative::P1-_re       38.663      0.38663     no limits
     5 EtaPi::Negative::P1-_im       32.447      0.32447     no limits
     6 EtaPi::Negative::D0-_re       332.61       3.3261     no limits
     7 EtaPi::Negative::D0-_im       -36.31       0.3631     no limits
     8 EtaPi::Negative::D1-_re       11.263      0.11263     no limits
     9 EtaPi::Negative::D1-_im       1.3702     0.013702     no limits
    10 EtaPi::Positive::P1+_re       27.883      0.27883     no limits
    11 EtaPi::Positive::P1+_im      -27.848      0.27848     no limits
    12 EtaPi::Positive::D1+_re       72.629      0.72629     no limits
Allocating Data and Amplitude Array in LikelihoodCalculator for EtaPi...
Resetting source kin in data_pi0eta_tLT1_1.root
	Done.
Loading acccepted Monte Carlo...
Resetting source kin in reco_pi0eta_tLT1_1.root
	Done.
Calculating integrals...
	Done.
LIKELIHOOD BEFORE MINIMIZATION:  39504
 **********
 **    3 **MIGRAD 5000
 **********
 FIRST CALL TO USER FUNCTION AT NEW START POINT, WITH IFLAG=4.
 START MIGRAD MINIMIZATION.  STRATEGY 1.  CONVERGENCE WHEN EDM .LT. 1.00e-04
 FCN=39504.3 FROM MIGRAD     STATUS=INITIATE       48          49 TOTAL

                     EDM= unknown      STRATEGY= 1      NO ERROR MATRIX       
  EXT PARAMETER                          CURRENT GUESS       STEP         FIRST   
  NO.   NAME                   VALUE          ERROR          SIZE      DERIVATIVE 
    1 EtaPi::Negative::S0-_re        475.96        4.7596        4.7596        140.06
    2 EtaPi::Negative::P0-_re        11.314       0.11314       0.11314      0.093327
    3 EtaPi::Negative::P0-_im        1.4185      0.014185      0.014185       0.41768
    4 EtaPi::Negative::P1-_re        38.663       0.38663       0.38663        17.477
    5 EtaPi::Negative::P1-_im        32.447       0.32447       0.32447        8.1048
    6 EtaPi::Negative::D0-_re        332.61        3.3261        3.3261        109.73
    7 EtaPi::Negative::D0-_im        -36.31        0.3631        0.3631       -10.781
    8 EtaPi::Negative::D1-_re        11.263       0.11263       0.11263       0.79275
    9 EtaPi::Negative::D1-_im        1.3702      0.013702      0.013702       0.10429
   10 EtaPi::Positive::P1+_re        27.883       0.27883       0.27883         6.283
   11 EtaPi::Positive::P1+_im       -27.848       0.27848       0.27848       -6.3638
   12 EtaPi::Positive::D1+_re        72.629       0.72629       0.72629        21.465

 MIGRAD MINIMIZATION HAS CONVERGED.
 MIGRAD WILL VERIFY CONVERGENCE AND ERROR MATRIX.
 COVARIANCE MATRIX CALCULATED SUCCESSFULLY
 FCN=-9339.31 FROM MIGRAD     STATUS=CONVERGED    1029        1030 TOTAL

                     EDM=4.22547e-05    STRATEGY= 1      ERROR MATRIX ACCURATE 
  EXT PARAMETER                                              STEP         FIRST   
  NO.   NAME                   VALUE          ERROR          SIZE      DERIVATIVE 
    1 EtaPi::Negative::S0-_re        94.144        4.1545       0.20619    0.00034927
    2 EtaPi::Negative::P0-_re        7.5706        4.3913       0.21285   -0.00010063
    3 EtaPi::Negative::P0-_im       -16.552        10.833       0.50927    4.6024e-05
    4 EtaPi::Negative::P1-_re       -1.7194        2.7277       0.20103   -3.4783e-05
    5 EtaPi::Negative::P1-_im       -12.889        12.913       0.68796     0.0002008
    6 EtaPi::Negative::D0-_re      -0.25739        2.9894       0.21456   -0.00028375
    7 EtaPi::Negative::D0-_im        25.295        10.265        0.4875   -0.00011075
    8 EtaPi::Negative::D1-_re       -0.1881        2.9582       0.20344   -0.00031044
    9 EtaPi::Negative::D1-_im       -5.7394        7.5181       0.58583    6.0826e-05
   10 EtaPi::Positive::P1+_re       -1.8828        12.448       0.92044    0.00013817
   11 EtaPi::Positive::P1+_im     -0.012513        18.536         2.002    -7.289e-05
   12 EtaPi::Positive::D1+_re         16.48        12.802       0.81117   -0.00057002

 EXTERNAL ERROR MATRIX.    NDIM= 100    NPAR= 12    ERR DEF=1
        17.3
        -5.5       19.3
         4.5      -24.5        117
           3       3.04       3.85       7.44
        12.5       17.1       35.6       23.5        167
        5.74      -7.12       5.18       -1.6      -13.5       8.94
       -15.4        8.3       61.9       7.32       70.6      -14.2        105
        1.91      -1.58       19.1       2.83       23.1     -0.929       16.4       8.75
         4.8       15.7      -11.8       11.3       44.5      -4.75         11      0.705       56.5
        10.3        -38       50.6      -3.32      -15.9       9.94      -3.89       5.03      -21.6        155
       -1.37      -2.22      -4.98      -1.81      -13.2       3.92      -10.1       -2.2      -3.76       3.47        344
       -37.7       3.41       32.3      -3.84       -8.4      -14.4       49.2       3.02      -11.1        7.6      -11.9
         164
 PARAMETER  CORRELATION COEFFICIENTS  
       NO.  GLOBAL      1      2      3      4      5      6      7      8      9     10     11     12
      1:     0.890  1.000 -0.302  0.100  0.265  0.232  0.462 -0.360  0.155  0.154  0.199 -0.018 -0.710
      2:     0.895 -0.302  1.000 -0.514  0.254  0.302 -0.542  0.184 -0.122  0.475 -0.696 -0.027  0.061
      3:     0.902  0.100 -0.514  1.000  0.130  0.255  0.160  0.557  0.597 -0.145  0.375 -0.025  0.233
      4:     0.735  0.265  0.254  0.130  1.000  0.668 -0.196  0.261  0.351  0.553 -0.098 -0.036 -0.110
      5:     0.872  0.232  0.302  0.255  0.668  1.000 -0.349  0.532  0.606  0.458 -0.099 -0.055 -0.051
      6:     0.751  0.462 -0.542  0.160 -0.196 -0.349  1.000 -0.462 -0.105 -0.212  0.267  0.071 -0.376
      7:     0.900 -0.360  0.184  0.557  0.261  0.532 -0.462  1.000  0.539  0.142 -0.030 -0.053  0.374
      8:     0.774  0.155 -0.122  0.597  0.351  0.606 -0.105  0.539  1.000  0.032  0.137 -0.040  0.080
      9:     0.697  0.154  0.475 -0.145  0.553  0.458 -0.212  0.142  0.032  1.000 -0.231 -0.027 -0.115
     10:     0.733  0.199 -0.696  0.375 -0.098 -0.099  0.267 -0.030  0.137 -0.231  1.000  0.015  0.048
     11:     0.134 -0.018 -0.027 -0.025 -0.036 -0.055  0.071 -0.053 -0.040 -0.027  0.015  1.000 -0.050
     12:     0.813 -0.710  0.061  0.233 -0.110 -0.051 -0.376  0.374  0.080 -0.115  0.048 -0.050  1.000

 MIGRAD evaluation total wall time:  0.11052 s.
    average time per function call:  0.1072 ms.

LIKELIHOOD AFTER MINIMIZATION:  -9339.3
Loading generated Monte Carlo...
Resetting source kin in thrown_pi0eta_tLT1_1.root
	Done.
Calculating integrals...
	Done.
Loading acccepted Monte Carlo...
Resetting source kin in reco_pi0eta_tLT1_1.root
	Done.
Calculating integrals...
	Done.
