
## CONFIGURATION INFO DISPLAY ##

############################################
#############   REACTION INFO  #############
############################################
      REACTION NAME:  EtaPi
      PARTICLE LIST:  4
		1.  gamma
		2.  Proton
		3.  Pi0
		4.  Eta
        DATA READER:  ROOTDataReader
				data_pi0eta_tLT1_59.root
      ACC MC READER:  ROOTDataReader
				reco_pi0eta_tLT1_59.root
      GEN MC READER:  ROOTDataReader
				thrown_pi0eta_tLT1_59.root
  NORMALIZATION INTEGRAL FILE: 
		    bin_59.ni
********************************************
***********  COHERENT SUM INFO  ************
********************************************
      REACTION NAME:  EtaPi
  COHERENT SUM NAME:  Positive
++++++++++++++++++++++++++++++++++++++++++++
+++++++++++++  AMPLITUDE INFO  +++++++++++++
++++++++++++++++++++++++++++++++++++++++++++
      REACTION NAME:  EtaPi
  COHERENT SUM NAME:  Positive
     AMPLITUDE NAME:  P1+
            FACTORS:  1
		1.   TwoPSAngles 1 1 1
       PERMUTATIONS:  0
        CONSTRAINTS:  0
         PARAMETERS:  0
      INITIAL VALUE:  (26.2402,-24.9)
               REAL?  0
              FIXED?  0
              SCALE:  1.0
++++++++++++++++++++++++++++++++++++++++++++
+++++++++++++  AMPLITUDE INFO  +++++++++++++
++++++++++++++++++++++++++++++++++++++++++++
      REACTION NAME:  EtaPi
  COHERENT SUM NAME:  Positive
     AMPLITUDE NAME:  D1+
            FACTORS:  1
		1.   TwoPSAngles 2 1 1
       PERMUTATIONS:  0
        CONSTRAINTS:  0
         PARAMETERS:  0
      INITIAL VALUE:  (75.737,0)
               REAL?  1
              FIXED?  0
              SCALE:  1.0
********************************************
***********  COHERENT SUM INFO  ************
********************************************
      REACTION NAME:  EtaPi
  COHERENT SUM NAME:  Negative
++++++++++++++++++++++++++++++++++++++++++++
+++++++++++++  AMPLITUDE INFO  +++++++++++++
++++++++++++++++++++++++++++++++++++++++++++
      REACTION NAME:  EtaPi
  COHERENT SUM NAME:  Negative
     AMPLITUDE NAME:  S0-
            FACTORS:  1
		1.   TwoPSAngles 0 0 -1
       PERMUTATIONS:  0
        CONSTRAINTS:  0
         PARAMETERS:  0
      INITIAL VALUE:  (230.926,0)
               REAL?  1
              FIXED?  0
              SCALE:  1.0
++++++++++++++++++++++++++++++++++++++++++++
+++++++++++++  AMPLITUDE INFO  +++++++++++++
++++++++++++++++++++++++++++++++++++++++++++
      REACTION NAME:  EtaPi
  COHERENT SUM NAME:  Negative
     AMPLITUDE NAME:  P0-
            FACTORS:  1
		1.   TwoPSAngles 1 0 -1
       PERMUTATIONS:  0
        CONSTRAINTS:  0
         PARAMETERS:  0
      INITIAL VALUE:  (58.7861,66.1136)
               REAL?  0
              FIXED?  0
              SCALE:  1.0
++++++++++++++++++++++++++++++++++++++++++++
+++++++++++++  AMPLITUDE INFO  +++++++++++++
++++++++++++++++++++++++++++++++++++++++++++
      REACTION NAME:  EtaPi
  COHERENT SUM NAME:  Negative
     AMPLITUDE NAME:  P1-
            FACTORS:  1
		1.   TwoPSAngles 1 1 -1
       PERMUTATIONS:  0
        CONSTRAINTS:  0
         PARAMETERS:  0
      INITIAL VALUE:  (5.75034,79.2997)
               REAL?  0
              FIXED?  0
              SCALE:  1.0
++++++++++++++++++++++++++++++++++++++++++++
+++++++++++++  AMPLITUDE INFO  +++++++++++++
++++++++++++++++++++++++++++++++++++++++++++
      REACTION NAME:  EtaPi
  COHERENT SUM NAME:  Negative
     AMPLITUDE NAME:  D0-
            FACTORS:  1
		1.   TwoPSAngles 2 0 -1
       PERMUTATIONS:  0
        CONSTRAINTS:  0
         PARAMETERS:  0
      INITIAL VALUE:  (305.873,51.1515)
               REAL?  0
              FIXED?  0
              SCALE:  1.0
++++++++++++++++++++++++++++++++++++++++++++
+++++++++++++  AMPLITUDE INFO  +++++++++++++
++++++++++++++++++++++++++++++++++++++++++++
      REACTION NAME:  EtaPi
  COHERENT SUM NAME:  Negative
     AMPLITUDE NAME:  D1-
            FACTORS:  1
		1.   TwoPSAngles 2 1 -1
       PERMUTATIONS:  0
        CONSTRAINTS:  0
         PARAMETERS:  0
      INITIAL VALUE:  (2.06196,23.8558)
               REAL?  0
              FIXED?  0
              SCALE:  1.0
 **********
 **    1 **SET STRATEGY  1
 **********
 NOW USING STRATEGY  1: TRY TO BALANCE SPEED AGAINST RELIABILITY
 **********
 **    2 **SET EPS  1e-13
 **********
 FLOATING-POINT NUMBERS ASSUMED ACCURATE TO 1e-13

## AMPLITUDE MANAGER INITIALIZATION ##
 Creating amplitude manager for reaction:  EtaPi
	 particle index assignment:  gamma -->> 0
	 particle index assignment:  Proton -->> 1
	 particle index assignment:  Pi0 -->> 2
	 particle index assignment:  Eta -->> 3
 PARAMETER DEFINITIONS:
    NO.   NAME                 VALUE      STEP SIZE      LIMITS
     1 EtaPi::Negative::S0-_re       230.93       2.3093     no limits
     2 EtaPi::Negative::P0-_re       58.786      0.58786     no limits
     3 EtaPi::Negative::P0-_im       66.114      0.66114     no limits
     4 EtaPi::Negative::P1-_re       5.7503     0.057503     no limits
     5 EtaPi::Negative::P1-_im         79.3        0.793     no limits
     6 EtaPi::Negative::D0-_re       305.87       3.0587     no limits
     7 EtaPi::Negative::D0-_im       51.151      0.51151     no limits
     8 EtaPi::Negative::D1-_re        2.062      0.02062     no limits
     9 EtaPi::Negative::D1-_im       23.856      0.23856     no limits
    10 EtaPi::Positive::P1+_re        26.24       0.2624     no limits
    11 EtaPi::Positive::P1+_im        -24.9        0.249     no limits
    12 EtaPi::Positive::D1+_re       75.737      0.75737     no limits
Allocating Data and Amplitude Array in LikelihoodCalculator for EtaPi...
Resetting source kin in data_pi0eta_tLT1_59.root
	Done.
Loading acccepted Monte Carlo...
Resetting source kin in reco_pi0eta_tLT1_59.root
	Done.
Calculating integrals...
	Done.
LIKELIHOOD BEFORE MINIMIZATION:  23519
 **********
 **    3 **MIGRAD 5000
 **********
 FIRST CALL TO USER FUNCTION AT NEW START POINT, WITH IFLAG=4.
 START MIGRAD MINIMIZATION.  STRATEGY 1.  CONVERGENCE WHEN EDM .LT. 1.00e-04
 FCN=23518.8 FROM MIGRAD     STATUS=INITIATE       44          45 TOTAL

                     EDM= unknown      STRATEGY= 1      NO ERROR MATRIX       
  EXT PARAMETER                          CURRENT GUESS       STEP         FIRST   
  NO.   NAME                   VALUE          ERROR          SIZE      DERIVATIVE 
    1 EtaPi::Negative::S0-_re        230.93        2.3093        2.3093        72.606
    2 EtaPi::Negative::P0-_re        58.786       0.58786       0.58786        16.611
    3 EtaPi::Negative::P0-_im        66.114       0.66114       0.66114        20.039
    4 EtaPi::Negative::P1-_re        5.7503      0.057503      0.057503        3.2569
    5 EtaPi::Negative::P1-_im          79.3         0.793         0.793        23.114
    6 EtaPi::Negative::D0-_re        305.87        3.0587        3.0587        91.481
    7 EtaPi::Negative::D0-_im        51.151       0.51151       0.51151        15.357
    8 EtaPi::Negative::D1-_re         2.062       0.02062       0.02062       -2.5459
    9 EtaPi::Negative::D1-_im        23.856       0.23856       0.23856        7.8706
   10 EtaPi::Positive::P1+_re         26.24        0.2624        0.2624        8.1227
   11 EtaPi::Positive::P1+_im         -24.9         0.249         0.249       -7.1257
   12 EtaPi::Positive::D1+_re        75.737       0.75737       0.75737        23.757

 MIGRAD MINIMIZATION HAS CONVERGED.
 MIGRAD WILL VERIFY CONVERGENCE AND ERROR MATRIX.
 COVARIANCE MATRIX CALCULATED SUCCESSFULLY
 FCN=-1419.49 FROM HESSE      STATUS=OK            131         971 TOTAL

                     EDM=0.000103714    STRATEGY= 1      ERROR MATRIX ACCURATE 
  EXT PARAMETER                                              STEP         FIRST   
  NO.   NAME                   VALUE          ERROR          SIZE      DERIVATIVE 
    1 EtaPi::Negative::S0-_re       -8.2914         4.458      0.092774    3.3212e-05
    2 EtaPi::Negative::P0-_re        8.0366        5.1671      0.099414    6.9033e-05
    3 EtaPi::Negative::P0-_im       -1.2813         8.541       0.12159    2.6037e-05
    4 EtaPi::Negative::P1-_re       -1.4726         4.139      0.090567    2.6239e-05
    5 EtaPi::Negative::P1-_im        3.2747        6.5426       0.13689   -0.00016522
    6 EtaPi::Negative::D0-_re        36.322        15.412      0.093065   -0.00014009
    7 EtaPi::Negative::D0-_im        22.856        24.047       0.13606   -0.00024225
    8 EtaPi::Negative::D1-_re        5.8776        3.1032       0.10093   -0.00015319
    9 EtaPi::Negative::D1-_im      -0.33774        7.0105       0.11605    0.00013349
   10 EtaPi::Positive::P1+_re       -6.4595        55.923        0.2945    0.00033347
   11 EtaPi::Positive::P1+_im      0.064789        333.18        2.1002    6.3713e-06
   12 EtaPi::Positive::D1+_re       0.74651        9.1788       0.24966   -0.00010848

 MIGRAD MINIMIZATION HAS CONVERGED.
 FCN=-1419.49 FROM MIGRAD     STATUS=CONVERGED     997         998 TOTAL

                     EDM=3.4077e-06    STRATEGY= 1  ERROR MATRIX UNCERTAINTY 1e+02 per cent
  EXT PARAMETER                                              STEP         FIRST   
  NO.   NAME                   VALUE          ERROR          SIZE      DERIVATIVE 
    1 EtaPi::Negative::S0-_re       -8.2914         4.433    -4.896e-05   -0.00048108
    2 EtaPi::Negative::P0-_re        8.0366        5.1467   -1.6788e-05    0.00018847
    3 EtaPi::Negative::P0-_im       -1.2812         8.532    0.00012663   -9.6848e-05
    4 EtaPi::Negative::P1-_re       -1.4726        4.1355   -4.2761e-05    4.5893e-06
    5 EtaPi::Negative::P1-_im        3.2748        6.5342    3.3462e-05    -6.756e-05
    6 EtaPi::Negative::D0-_re        36.321        15.413   -0.00016781    0.00033737
    7 EtaPi::Negative::D0-_im        22.856        24.043    0.00034852    7.4402e-05
    8 EtaPi::Negative::D1-_re        5.8776         3.103   -6.6427e-07   -7.9696e-05
    9 EtaPi::Negative::D1-_im      -0.33767        7.0096    7.0597e-05    3.5088e-05
   10 EtaPi::Positive::P1+_re       -6.4675        9.9541    -0.0079215    -1.906e-05
   11 EtaPi::Positive::P1+_im      0.018224        59.086     -0.046565    8.9338e-06
   12 EtaPi::Positive::D1+_re       0.74577        7.2874   -0.00074205   -8.6232e-05

 EXTERNAL ERROR MATRIX.    NDIM= 100    NPAR= 12    ERR DEF=1
        19.7
       -11.8       26.5
       -7.89        -22       72.8
        1.41       8.19      -23.8       17.1
          11      -21.7       21.7      -18.1       42.7
        48.1      -17.9      -84.1       24.9       18.6        238
       -76.3       26.4        134      -38.3      -29.9       -365        578
           3      -1.93      -4.13      -0.36       4.58       17.2      -27.9       9.63
       -20.9       10.3       28.7         -7        -12      -93.8        147        -12       49.1
       -22.9       22.5      -16.7       4.52        -15      -17.3       40.5       1.21       9.33       99.1
        11.7        -13       19.6      -5.31       6.98      -15.2       11.7      -2.86       3.71        254   3.49e+03
        11.1        -16       7.31       1.24       7.24       30.1      -43.2      -1.01      -7.85      -10.5       27.8
        53.1
 PARAMETER  CORRELATION COEFFICIENTS  
       NO.  GLOBAL      1      2      3      4      5      6      7      8      9     10     11     12
      1:     0.896  1.000 -0.518 -0.209  0.077  0.381  0.703 -0.716  0.218 -0.674 -0.518  0.045  0.344
      2:     0.892 -0.518  1.000 -0.501  0.385 -0.645 -0.226  0.213 -0.121  0.286  0.439 -0.043 -0.427
      3:     0.943 -0.209 -0.501  1.000 -0.675  0.389 -0.639  0.651 -0.156  0.480 -0.197  0.039  0.118
      4:     0.856  0.077  0.385 -0.675  1.000 -0.669  0.391 -0.385 -0.028 -0.241  0.110 -0.022  0.041
      5:     0.872  0.381 -0.645  0.389 -0.669  1.000  0.185 -0.190  0.226 -0.262 -0.231  0.018  0.152
      6:     0.992  0.703 -0.226 -0.639  0.391  0.185  1.000 -0.986  0.359 -0.868 -0.113 -0.017  0.268
      7:     0.992 -0.716  0.213  0.651 -0.385 -0.190 -0.986  1.000 -0.373  0.874  0.169  0.008 -0.246
      8:     0.644  0.218 -0.121 -0.156 -0.028  0.226  0.359 -0.373  1.000 -0.553  0.039 -0.016 -0.045
      9:     0.922 -0.674  0.286  0.480 -0.241 -0.262 -0.868  0.874 -0.553  1.000  0.134  0.009 -0.154
     10:     0.876 -0.518  0.439 -0.197  0.110 -0.231 -0.113  0.169  0.039  0.134  1.000  0.431 -0.144
     11:     0.717  0.045 -0.043  0.039 -0.022  0.018 -0.017  0.008 -0.016  0.009  0.431  1.000  0.065
     12:     0.590  0.344 -0.427  0.118  0.041  0.152  0.268 -0.246 -0.045 -0.154 -0.144  0.065  1.000

 MIGRAD evaluation total wall time:  0.032787 s.
    average time per function call:  0.03282 ms.

LIKELIHOOD AFTER MINIMIZATION:  -1419.5
Loading generated Monte Carlo...
Resetting source kin in thrown_pi0eta_tLT1_59.root
	Done.
Calculating integrals...
	Done.
Loading acccepted Monte Carlo...
Resetting source kin in reco_pi0eta_tLT1_59.root
	Done.
Calculating integrals...
	Done.
