
## CONFIGURATION INFO DISPLAY ##

############################################
#############   REACTION INFO  #############
############################################
      REACTION NAME:  EtaPi
      PARTICLE LIST:  4
		1.  gamma
		2.  Proton
		3.  Pi0
		4.  Eta
        DATA READER:  ROOTDataReader
				data_pi0eta_tLT1_22.root
      ACC MC READER:  ROOTDataReader
				reco_pi0eta_tLT1_22.root
      GEN MC READER:  ROOTDataReader
				thrown_pi0eta_tLT1_22.root
  NORMALIZATION INTEGRAL FILE: 
		    bin_22.ni
********************************************
***********  COHERENT SUM INFO  ************
********************************************
      REACTION NAME:  EtaPi
  COHERENT SUM NAME:  Positive
++++++++++++++++++++++++++++++++++++++++++++
+++++++++++++  AMPLITUDE INFO  +++++++++++++
++++++++++++++++++++++++++++++++++++++++++++
      REACTION NAME:  EtaPi
  COHERENT SUM NAME:  Positive
     AMPLITUDE NAME:  P1+
            FACTORS:  1
		1.   TwoPSAngles 1 1 1
       PERMUTATIONS:  0
        CONSTRAINTS:  0
         PARAMETERS:  0
      INITIAL VALUE:  (25.6186,-27.7081)
               REAL?  0
              FIXED?  0
              SCALE:  1.0
++++++++++++++++++++++++++++++++++++++++++++
+++++++++++++  AMPLITUDE INFO  +++++++++++++
++++++++++++++++++++++++++++++++++++++++++++
      REACTION NAME:  EtaPi
  COHERENT SUM NAME:  Positive
     AMPLITUDE NAME:  D1+
            FACTORS:  1
		1.   TwoPSAngles 2 1 1
       PERMUTATIONS:  0
        CONSTRAINTS:  0
         PARAMETERS:  0
      INITIAL VALUE:  (31.706,0)
               REAL?  1
              FIXED?  0
              SCALE:  1.0
********************************************
***********  COHERENT SUM INFO  ************
********************************************
      REACTION NAME:  EtaPi
  COHERENT SUM NAME:  Negative
++++++++++++++++++++++++++++++++++++++++++++
+++++++++++++  AMPLITUDE INFO  +++++++++++++
++++++++++++++++++++++++++++++++++++++++++++
      REACTION NAME:  EtaPi
  COHERENT SUM NAME:  Negative
     AMPLITUDE NAME:  S0-
            FACTORS:  1
		1.   TwoPSAngles 0 0 -1
       PERMUTATIONS:  0
        CONSTRAINTS:  0
         PARAMETERS:  0
      INITIAL VALUE:  (124.536,0)
               REAL?  1
              FIXED?  0
              SCALE:  1.0
++++++++++++++++++++++++++++++++++++++++++++
+++++++++++++  AMPLITUDE INFO  +++++++++++++
++++++++++++++++++++++++++++++++++++++++++++
      REACTION NAME:  EtaPi
  COHERENT SUM NAME:  Negative
     AMPLITUDE NAME:  P0-
            FACTORS:  1
		1.   TwoPSAngles 1 0 -1
       PERMUTATIONS:  0
        CONSTRAINTS:  0
         PARAMETERS:  0
      INITIAL VALUE:  (32.8506,18.2628)
               REAL?  0
              FIXED?  0
              SCALE:  1.0
++++++++++++++++++++++++++++++++++++++++++++
+++++++++++++  AMPLITUDE INFO  +++++++++++++
++++++++++++++++++++++++++++++++++++++++++++
      REACTION NAME:  EtaPi
  COHERENT SUM NAME:  Negative
     AMPLITUDE NAME:  P1-
            FACTORS:  1
		1.   TwoPSAngles 1 1 -1
       PERMUTATIONS:  0
        CONSTRAINTS:  0
         PARAMETERS:  0
      INITIAL VALUE:  (27.0518,50.6159)
               REAL?  0
              FIXED?  0
              SCALE:  1.0
++++++++++++++++++++++++++++++++++++++++++++
+++++++++++++  AMPLITUDE INFO  +++++++++++++
++++++++++++++++++++++++++++++++++++++++++++
      REACTION NAME:  EtaPi
  COHERENT SUM NAME:  Negative
     AMPLITUDE NAME:  D0-
            FACTORS:  1
		1.   TwoPSAngles 2 0 -1
       PERMUTATIONS:  0
        CONSTRAINTS:  0
         PARAMETERS:  0
      INITIAL VALUE:  (227.967,35.585)
               REAL?  0
              FIXED?  0
              SCALE:  1.0
++++++++++++++++++++++++++++++++++++++++++++
+++++++++++++  AMPLITUDE INFO  +++++++++++++
++++++++++++++++++++++++++++++++++++++++++++
      REACTION NAME:  EtaPi
  COHERENT SUM NAME:  Negative
     AMPLITUDE NAME:  D1-
            FACTORS:  1
		1.   TwoPSAngles 2 1 -1
       PERMUTATIONS:  0
        CONSTRAINTS:  0
         PARAMETERS:  0
      INITIAL VALUE:  (25.6999,-13.2998)
               REAL?  0
              FIXED?  0
              SCALE:  1.0
 **********
 **    1 **SET STRATEGY  1
 **********
 NOW USING STRATEGY  1: TRY TO BALANCE SPEED AGAINST RELIABILITY
 **********
 **    2 **SET EPS  1e-13
 **********
 FLOATING-POINT NUMBERS ASSUMED ACCURATE TO 1e-13

## AMPLITUDE MANAGER INITIALIZATION ##
 Creating amplitude manager for reaction:  EtaPi
	 particle index assignment:  gamma -->> 0
	 particle index assignment:  Proton -->> 1
	 particle index assignment:  Pi0 -->> 2
	 particle index assignment:  Eta -->> 3
 PARAMETER DEFINITIONS:
    NO.   NAME                 VALUE      STEP SIZE      LIMITS
     1 EtaPi::Negative::S0-_re       124.54       1.2454     no limits
     2 EtaPi::Negative::P0-_re       32.851      0.32851     no limits
     3 EtaPi::Negative::P0-_im       18.263      0.18263     no limits
     4 EtaPi::Negative::P1-_re       27.052      0.27052     no limits
     5 EtaPi::Negative::P1-_im       50.616      0.50616     no limits
     6 EtaPi::Negative::D0-_re       227.97       2.2797     no limits
     7 EtaPi::Negative::D0-_im       35.585      0.35585     no limits
     8 EtaPi::Negative::D1-_re         25.7        0.257     no limits
     9 EtaPi::Negative::D1-_im        -13.3        0.133     no limits
    10 EtaPi::Positive::P1+_re       25.619      0.25619     no limits
    11 EtaPi::Positive::P1+_im      -27.708      0.27708     no limits
    12 EtaPi::Positive::D1+_re       31.706      0.31706     no limits
Allocating Data and Amplitude Array in LikelihoodCalculator for EtaPi...
Resetting source kin in data_pi0eta_tLT1_22.root
	Done.
Loading acccepted Monte Carlo...
Resetting source kin in reco_pi0eta_tLT1_22.root
	Done.
Calculating integrals...
	Done.
LIKELIHOOD BEFORE MINIMIZATION:  -24505
 **********
 **    3 **MIGRAD 5000
 **********
 FIRST CALL TO USER FUNCTION AT NEW START POINT, WITH IFLAG=4.
 START MIGRAD MINIMIZATION.  STRATEGY 1.  CONVERGENCE WHEN EDM .LT. 1.00e-04
 FCN=-24578.7 FROM MIGRAD     STATUS=INITIATE       82          83 TOTAL

                     EDM= unknown      STRATEGY= 1      NO ERROR MATRIX       
  EXT PARAMETER                          CURRENT GUESS       STEP         FIRST   
  NO.   NAME                   VALUE          ERROR          SIZE      DERIVATIVE 
    1 EtaPi::Negative::S0-_re        124.54        1.2454             0        42.376
    2 EtaPi::Negative::P0-_re        32.851       0.32851             0        11.779
    3 EtaPi::Negative::P0-_im        18.263       0.18263             0        5.3954
    4 EtaPi::Negative::P1-_re        27.052       0.27052             0        10.265
    5 EtaPi::Negative::P1-_im        50.616       0.50616             0       -3.6644
    6 EtaPi::Negative::D0-_re        227.97        2.2797             0        46.289
    7 EtaPi::Negative::D0-_im        35.585       0.35585             0        10.673
    8 EtaPi::Negative::D1-_re          25.7         0.257             0        4.4778
    9 EtaPi::Negative::D1-_im         -13.3         0.133             0       -1.0471
   10 EtaPi::Positive::P1+_re        66.213       0.25619        40.595        1.0918
   11 EtaPi::Positive::P1+_im       -27.708       0.27708             0       0.70284
   12 EtaPi::Positive::D1+_re        31.706       0.31706             0        8.9208

 MIGRAD MINIMIZATION HAS CONVERGED.
 FCN=-30324.4 FROM MIGRAD     STATUS=CONVERGED     670         671 TOTAL

                     EDM=3.91043e-06    STRATEGY= 1  ERROR MATRIX UNCERTAINTY     3 per cent
  EXT PARAMETER                                              STEP         FIRST   
  NO.   NAME                   VALUE          ERROR          SIZE      DERIVATIVE 
    1 EtaPi::Negative::S0-_re        16.411        3.0674    -0.0020032   -0.00015078
    2 EtaPi::Negative::P0-_re       0.95123        3.0752      0.010347   -7.6249e-05
    3 EtaPi::Negative::P0-_im        1.8365        3.9102      0.012591     -7.09e-05
    4 EtaPi::Negative::P1-_re        41.935        14.365    -0.0071607   -5.5441e-05
    5 EtaPi::Negative::P1-_im        63.319        10.704      0.012341   -4.5245e-05
    6 EtaPi::Negative::D0-_re        104.35        15.107     0.0075766   -0.00097573
    7 EtaPi::Negative::D0-_im       -72.975        23.246     0.0083639    0.00056882
    8 EtaPi::Negative::D1-_re        2.1912        3.1524    -0.0033637    0.00023108
    9 EtaPi::Negative::D1-_im       -4.9057        2.9413     0.0049552   -0.00050001
   10 EtaPi::Positive::P1+_re         63.33        2.7893     0.0029505   -0.00083093
   11 EtaPi::Positive::P1+_im        -39.57        5.3906     0.0068746   -5.6397e-05
   12 EtaPi::Positive::D1+_re       0.33576        3.2392      0.005447   -6.3209e-05

 EXTERNAL ERROR MATRIX.    NDIM= 100    NPAR= 12    ERR DEF=1
        9.41
      -0.931       9.46
      -0.729        6.1       15.3
        5.52        7.7       2.12        206
       -1.07      -6.34      -1.99       -145        115
       -7.06      -8.52      -2.19       -212        152        228
       -4.26      -14.2      -4.46       -326        240        344        540
       0.389      -3.27       -3.9      -16.4       12.3       17.1       27.3       9.94
      -0.427   -0.00825       2.02      -6.66       4.94       7.23         11    -0.0911       8.65
       0.338       0.95       1.66      -7.59       5.14       6.91       12.2     -0.184      0.804       7.78
       -3.69       2.97        3.5       6.05      -2.48      -3.37      -12.7      -1.96      0.482        5.1       29.1
     -0.0184      -1.38       0.31      -3.07       2.72       3.59       5.79     -0.478      -2.31        0.4      0.473
        10.5
 PARAMETER  CORRELATION COEFFICIENTS  
       NO.  GLOBAL      1      2      3      4      5      6      7      8      9     10     11     12
      1:     0.511  1.000 -0.099 -0.061  0.125 -0.033 -0.152 -0.060  0.040 -0.047  0.040 -0.223 -0.002
      2:     0.595 -0.099  1.000  0.507  0.174 -0.193 -0.183 -0.199 -0.337 -0.001  0.111  0.179 -0.138
      3:     0.581 -0.061  0.507  1.000  0.038 -0.048 -0.037 -0.049 -0.316  0.175  0.152  0.166  0.024
      4:     0.983  0.125  0.174  0.038  1.000 -0.942 -0.978 -0.976 -0.363 -0.158 -0.189  0.078 -0.066
      5:     0.968 -0.033 -0.193 -0.048 -0.942  1.000  0.940  0.964  0.364  0.157  0.172 -0.043  0.078
      6:     0.988 -0.152 -0.183 -0.037 -0.978  0.940  1.000  0.979  0.359  0.163  0.164 -0.041  0.073
      7:     0.992 -0.060 -0.199 -0.049 -0.976  0.964  0.979  1.000  0.372  0.161  0.188 -0.101  0.077
      8:     0.510  0.040 -0.337 -0.316 -0.363  0.364  0.359  0.372  1.000 -0.010 -0.021 -0.115 -0.047
      9:     0.387 -0.047 -0.001  0.175 -0.158  0.157  0.163  0.161 -0.010  1.000  0.098  0.030 -0.242
     10:     0.518  0.040  0.111  0.152 -0.189  0.172  0.164  0.188 -0.021  0.098  1.000  0.339  0.044
     11:     0.588 -0.223  0.179  0.166  0.078 -0.043 -0.041 -0.101 -0.115  0.030  0.339  1.000  0.027
     12:     0.360 -0.002 -0.138  0.024 -0.066  0.078  0.073  0.077 -0.047 -0.242  0.044  0.027  1.000

 MIGRAD evaluation total wall time:  0.1831 s.
    average time per function call:  0.27248 ms.

LIKELIHOOD AFTER MINIMIZATION:  -30324
Loading generated Monte Carlo...
Resetting source kin in thrown_pi0eta_tLT1_22.root
	Done.
Calculating integrals...
	Done.
Loading acccepted Monte Carlo...
Resetting source kin in reco_pi0eta_tLT1_22.root
	Done.
Calculating integrals...
	Done.
