
## CONFIGURATION INFO DISPLAY ##

############################################
#############   REACTION INFO  #############
############################################
      REACTION NAME:  EtaPi
      PARTICLE LIST:  4
		1.  gamma
		2.  Proton
		3.  Pi0
		4.  Eta
        DATA READER:  ROOTDataReader
				data_pi0eta_tLT1_36.root
      ACC MC READER:  ROOTDataReader
				reco_pi0eta_tLT1_36.root
      GEN MC READER:  ROOTDataReader
				thrown_pi0eta_tLT1_36.root
  NORMALIZATION INTEGRAL FILE: 
		    bin_36.ni
********************************************
***********  COHERENT SUM INFO  ************
********************************************
      REACTION NAME:  EtaPi
  COHERENT SUM NAME:  Positive
++++++++++++++++++++++++++++++++++++++++++++
+++++++++++++  AMPLITUDE INFO  +++++++++++++
++++++++++++++++++++++++++++++++++++++++++++
      REACTION NAME:  EtaPi
  COHERENT SUM NAME:  Positive
     AMPLITUDE NAME:  P1+
            FACTORS:  1
		1.   TwoPSAngles 1 1 1
       PERMUTATIONS:  0
        CONSTRAINTS:  0
         PARAMETERS:  0
      INITIAL VALUE:  (44.0615,-18.3037)
               REAL?  0
              FIXED?  0
              SCALE:  1.0
++++++++++++++++++++++++++++++++++++++++++++
+++++++++++++  AMPLITUDE INFO  +++++++++++++
++++++++++++++++++++++++++++++++++++++++++++
      REACTION NAME:  EtaPi
  COHERENT SUM NAME:  Positive
     AMPLITUDE NAME:  D1+
            FACTORS:  1
		1.   TwoPSAngles 2 1 1
       PERMUTATIONS:  0
        CONSTRAINTS:  0
         PARAMETERS:  0
      INITIAL VALUE:  (96.9201,0)
               REAL?  1
              FIXED?  0
              SCALE:  1.0
********************************************
***********  COHERENT SUM INFO  ************
********************************************
      REACTION NAME:  EtaPi
  COHERENT SUM NAME:  Negative
++++++++++++++++++++++++++++++++++++++++++++
+++++++++++++  AMPLITUDE INFO  +++++++++++++
++++++++++++++++++++++++++++++++++++++++++++
      REACTION NAME:  EtaPi
  COHERENT SUM NAME:  Negative
     AMPLITUDE NAME:  S0-
            FACTORS:  1
		1.   TwoPSAngles 0 0 -1
       PERMUTATIONS:  0
        CONSTRAINTS:  0
         PARAMETERS:  0
      INITIAL VALUE:  (122.508,0)
               REAL?  1
              FIXED?  0
              SCALE:  1.0
++++++++++++++++++++++++++++++++++++++++++++
+++++++++++++  AMPLITUDE INFO  +++++++++++++
++++++++++++++++++++++++++++++++++++++++++++
      REACTION NAME:  EtaPi
  COHERENT SUM NAME:  Negative
     AMPLITUDE NAME:  P0-
            FACTORS:  1
		1.   TwoPSAngles 1 0 -1
       PERMUTATIONS:  0
        CONSTRAINTS:  0
         PARAMETERS:  0
      INITIAL VALUE:  (66.916,25.4533)
               REAL?  0
              FIXED?  0
              SCALE:  1.0
++++++++++++++++++++++++++++++++++++++++++++
+++++++++++++  AMPLITUDE INFO  +++++++++++++
++++++++++++++++++++++++++++++++++++++++++++
      REACTION NAME:  EtaPi
  COHERENT SUM NAME:  Negative
     AMPLITUDE NAME:  P1-
            FACTORS:  1
		1.   TwoPSAngles 1 1 -1
       PERMUTATIONS:  0
        CONSTRAINTS:  0
         PARAMETERS:  0
      INITIAL VALUE:  (29.4924,5.82012)
               REAL?  0
              FIXED?  0
              SCALE:  1.0
++++++++++++++++++++++++++++++++++++++++++++
+++++++++++++  AMPLITUDE INFO  +++++++++++++
++++++++++++++++++++++++++++++++++++++++++++
      REACTION NAME:  EtaPi
  COHERENT SUM NAME:  Negative
     AMPLITUDE NAME:  D0-
            FACTORS:  1
		1.   TwoPSAngles 2 0 -1
       PERMUTATIONS:  0
        CONSTRAINTS:  0
         PARAMETERS:  0
      INITIAL VALUE:  (161.854,58.4536)
               REAL?  0
              FIXED?  0
              SCALE:  1.0
++++++++++++++++++++++++++++++++++++++++++++
+++++++++++++  AMPLITUDE INFO  +++++++++++++
++++++++++++++++++++++++++++++++++++++++++++
      REACTION NAME:  EtaPi
  COHERENT SUM NAME:  Negative
     AMPLITUDE NAME:  D1-
            FACTORS:  1
		1.   TwoPSAngles 2 1 -1
       PERMUTATIONS:  0
        CONSTRAINTS:  0
         PARAMETERS:  0
      INITIAL VALUE:  (-5.82914,23.1216)
               REAL?  0
              FIXED?  0
              SCALE:  1.0
 **********
 **    1 **SET STRATEGY  1
 **********
 NOW USING STRATEGY  1: TRY TO BALANCE SPEED AGAINST RELIABILITY
 **********
 **    2 **SET EPS  1e-13
 **********
 FLOATING-POINT NUMBERS ASSUMED ACCURATE TO 1e-13

## AMPLITUDE MANAGER INITIALIZATION ##
 Creating amplitude manager for reaction:  EtaPi
	 particle index assignment:  gamma -->> 0
	 particle index assignment:  Proton -->> 1
	 particle index assignment:  Pi0 -->> 2
	 particle index assignment:  Eta -->> 3
 PARAMETER DEFINITIONS:
    NO.   NAME                 VALUE      STEP SIZE      LIMITS
     1 EtaPi::Negative::S0-_re       122.51       1.2251     no limits
     2 EtaPi::Negative::P0-_re       66.916      0.66916     no limits
     3 EtaPi::Negative::P0-_im       25.453      0.25453     no limits
     4 EtaPi::Negative::P1-_re       29.492      0.29492     no limits
     5 EtaPi::Negative::P1-_im       5.8201     0.058201     no limits
     6 EtaPi::Negative::D0-_re       161.85       1.6185     no limits
     7 EtaPi::Negative::D0-_im       58.454      0.58454     no limits
     8 EtaPi::Negative::D1-_re      -5.8291     0.058291     no limits
     9 EtaPi::Negative::D1-_im       23.122      0.23122     no limits
    10 EtaPi::Positive::P1+_re       44.062      0.44062     no limits
    11 EtaPi::Positive::P1+_im      -18.304      0.18304     no limits
    12 EtaPi::Positive::D1+_re        96.92       0.9692     no limits
Allocating Data and Amplitude Array in LikelihoodCalculator for EtaPi...
Resetting source kin in data_pi0eta_tLT1_36.root
	Done.
Loading acccepted Monte Carlo...
Resetting source kin in reco_pi0eta_tLT1_36.root
	Done.
Calculating integrals...
	Done.
LIKELIHOOD BEFORE MINIMIZATION:  -37648
 **********
 **    3 **MIGRAD 5000
 **********
 FIRST CALL TO USER FUNCTION AT NEW START POINT, WITH IFLAG=4.
 START MIGRAD MINIMIZATION.  STRATEGY 1.  CONVERGENCE WHEN EDM .LT. 1.00e-04
 FCN=-37892.5 FROM MIGRAD     STATUS=INITIATE      120         121 TOTAL

                     EDM= unknown      STRATEGY= 1      NO ERROR MATRIX       
  EXT PARAMETER                          CURRENT GUESS       STEP         FIRST   
  NO.   NAME                   VALUE          ERROR          SIZE      DERIVATIVE 
    1 EtaPi::Negative::S0-_re        122.51        1.2251             0        23.268
    2 EtaPi::Negative::P0-_re        66.916       0.66916             0        27.444
    3 EtaPi::Negative::P0-_im        25.453       0.25453             0        8.7112
    4 EtaPi::Negative::P1-_re        67.264       0.29492             0        1.7636
    5 EtaPi::Negative::P1-_im        5.8201      0.058201             0         8.442
    6 EtaPi::Negative::D0-_re        161.85        1.6185             0        22.793
    7 EtaPi::Negative::D0-_im        58.454       0.58454             0         -2.43
    8 EtaPi::Negative::D1-_re       -5.8291      0.058291             0       -2.7396
    9 EtaPi::Negative::D1-_im        23.122       0.23122             0        1.2404
   10 EtaPi::Positive::P1+_re        44.062       0.44062             0        5.2864
   11 EtaPi::Positive::P1+_im       -57.976       0.18304       -39.672       0.55026
   12 EtaPi::Positive::D1+_re         96.92        0.9692             0        20.285

 MIGRAD FAILS TO FIND IMPROVEMENT
 MIGRAD MINIMIZATION HAS CONVERGED.
 MIGRAD WILL VERIFY CONVERGENCE AND ERROR MATRIX.
 COVARIANCE MATRIX CALCULATED SUCCESSFULLY
 FCN=-42241.9 FROM HESSE      STATUS=OK            137        1087 TOTAL

                     EDM=0.00251368    STRATEGY= 1      ERROR MATRIX ACCURATE 
  EXT PARAMETER                                              STEP         FIRST   
  NO.   NAME                   VALUE          ERROR          SIZE      DERIVATIVE 
    1 EtaPi::Negative::S0-_re        -1.347        7.1722        0.6422    9.8924e-05
    2 EtaPi::Negative::P0-_re        4.4386        6.4013       0.64659    8.0978e-05
    3 EtaPi::Negative::P0-_im       -5.6961        5.2456       0.57165   -3.8745e-05
    4 EtaPi::Negative::P1-_re        20.556        7.3623       0.62837    3.4175e-05
    5 EtaPi::Negative::P1-_im       -20.978        6.6555       0.57318   -0.00026677
    6 EtaPi::Negative::D0-_re        120.96        30.077       0.62277     0.0026677
    7 EtaPi::Negative::D0-_im        138.84        26.376       0.54735   -0.00014585
    8 EtaPi::Negative::D1-_re        7.5378        4.2878       0.65082   -1.1289e-05
    9 EtaPi::Negative::D1-_im       -4.0148        3.8326       0.57462   -0.00029265
   10 EtaPi::Positive::P1+_re        13.622        27.175        1.3389   -0.00043988
   11 EtaPi::Positive::P1+_im       -15.181        29.239        1.9719     0.0022727
   12 EtaPi::Positive::D1+_re       -17.191        30.098        1.0781    0.00068785

 MIGRAD FAILS TO FIND IMPROVEMENT
 MACHINE ACCURACY LIMITS FURTHER IMPROVEMENT.
 MIGRAD MINIMIZATION HAS CONVERGED.
 FCN=-42242.5 FROM MIGRAD     STATUS=CONVERGED    2657        2658 TOTAL

                     EDM=0.000182964    STRATEGY= 1  ERROR MATRIX UNCERTAINTY     8 per cent
  EXT PARAMETER                                              STEP         FIRST   
  NO.   NAME                   VALUE          ERROR          SIZE      DERIVATIVE 
    1 EtaPi::Negative::S0-_re       -7.7427        10.309             0    0.00075408
    2 EtaPi::Negative::P0-_re        11.248        10.006            -0   -0.00027687
    3 EtaPi::Negative::P0-_im       -1.4178        5.8677             0    0.00014808
    4 EtaPi::Negative::P1-_re        27.774        8.9289             0     0.0030657
    5 EtaPi::Negative::P1-_im       -3.6816        13.824             0     0.0028774
    6 EtaPi::Negative::D0-_re        3.9652         88.41            -0   -0.00016736
    7 EtaPi::Negative::D0-_im        183.72        2.2628             0   -1.8238e-05
    8 EtaPi::Negative::D1-_re        10.335        5.9538            -0     0.0001871
    9 EtaPi::Negative::D1-_im        1.6952        5.5859             0    -0.0011993
   10 EtaPi::Positive::P1+_re        18.217        42.153             0     -0.001182
   11 EtaPi::Positive::P1+_im        16.745        18.827            -0     0.0015658
   12 EtaPi::Positive::D1+_re       -12.084        24.796             0    -0.0010231

 EXTERNAL ERROR MATRIX.    NDIM= 100    NPAR= 12    ERR DEF=1
         106
       -79.2        100
        21.9      -21.8       34.4
        59.7      -56.1       33.2       79.7
        66.1      -57.3       73.8       86.5        191
        -384        338       -479       -556  -1.21e+03   7.82e+03
        3.27      -4.05       4.96       2.78       11.6      -74.3       5.12
       -40.4       33.2      -14.8      -34.5      -39.2        242      -2.29       35.4
        23.5      -22.2       28.4       33.1       70.3       -455       4.49      -14.9       31.2
         278       -248        212        306        555  -3.52e+03       21.7       -146        205   1.78e+03
       -94.8         92      -75.3       -122       -199   1.27e+03        -11       45.4      -73.8       -644        354
         137       -116        124        164        326  -2.08e+03         12      -80.8        120        999       -317
         615
 PARAMETER  CORRELATION COEFFICIENTS  
       NO.  GLOBAL      1      2      3      4      5      6      7      8      9     10     11     12
      1:     0.915  1.000 -0.768  0.362  0.648  0.464 -0.421  0.140 -0.658  0.407  0.640 -0.488  0.538
      2:     0.884 -0.768  1.000 -0.371 -0.628 -0.414  0.382 -0.179  0.558 -0.398 -0.587  0.489 -0.466
      3:     0.932  0.362 -0.371  1.000  0.635  0.910 -0.923  0.374 -0.425  0.867  0.856 -0.681  0.855
      4:     0.876  0.648 -0.628  0.635  1.000  0.701 -0.704  0.138 -0.650  0.664  0.813 -0.725  0.743
      5:     0.992  0.464 -0.414  0.910  0.701  1.000 -0.987  0.372 -0.476  0.910  0.952 -0.765  0.950
      6:     0.995 -0.421  0.382 -0.923 -0.704 -0.987  1.000 -0.372  0.460 -0.921 -0.944  0.760 -0.947
      7:     0.869  0.140 -0.179  0.374  0.138  0.372 -0.372  1.000 -0.170  0.355  0.228 -0.258  0.213
      8:     0.747 -0.658  0.558 -0.425 -0.650 -0.476  0.460 -0.170  1.000 -0.448 -0.582  0.405 -0.547
      9:     0.926  0.407 -0.398  0.867  0.664  0.910 -0.921  0.355 -0.448  1.000  0.871 -0.701  0.868
     10:     0.996  0.640 -0.587  0.856  0.813  0.952 -0.944  0.228 -0.582  0.871  1.000 -0.811  0.956
     11:     0.901 -0.488  0.489 -0.681 -0.725 -0.765  0.760 -0.258  0.405 -0.701 -0.811  1.000 -0.679
     12:     0.983  0.538 -0.466  0.855  0.743  0.950 -0.947  0.213 -0.547  0.868  0.956 -0.679  1.000

 MIGRAD evaluation total wall time:  0.9272 s.
    average time per function call:  0.3487 ms.

LIKELIHOOD AFTER MINIMIZATION:  -42243
Loading generated Monte Carlo...
Resetting source kin in thrown_pi0eta_tLT1_36.root
	Done.
Calculating integrals...
	Done.
Loading acccepted Monte Carlo...
Resetting source kin in reco_pi0eta_tLT1_36.root
	Done.
Calculating integrals...
	Done.
