
## CONFIGURATION INFO DISPLAY ##

############################################
#############   REACTION INFO  #############
############################################
      REACTION NAME:  EtaPi
      PARTICLE LIST:  4
		1.  gamma
		2.  Proton
		3.  Pi0
		4.  Eta
        DATA READER:  ROOTDataReader
				data_pi0eta_tLT1_10.root
      ACC MC READER:  ROOTDataReader
				reco_pi0eta_tLT1_10.root
      GEN MC READER:  ROOTDataReader
				thrown_pi0eta_tLT1_10.root
  NORMALIZATION INTEGRAL FILE: 
		    bin_10.ni
********************************************
***********  COHERENT SUM INFO  ************
********************************************
      REACTION NAME:  EtaPi
  COHERENT SUM NAME:  Positive
++++++++++++++++++++++++++++++++++++++++++++
+++++++++++++  AMPLITUDE INFO  +++++++++++++
++++++++++++++++++++++++++++++++++++++++++++
      REACTION NAME:  EtaPi
  COHERENT SUM NAME:  Positive
     AMPLITUDE NAME:  P1+
            FACTORS:  1
		1.   TwoPSAngles 1 1 1
       PERMUTATIONS:  0
        CONSTRAINTS:  0
         PARAMETERS:  0
      INITIAL VALUE:  (56.3878,-16.1403)
               REAL?  0
              FIXED?  0
              SCALE:  1.0
++++++++++++++++++++++++++++++++++++++++++++
+++++++++++++  AMPLITUDE INFO  +++++++++++++
++++++++++++++++++++++++++++++++++++++++++++
      REACTION NAME:  EtaPi
  COHERENT SUM NAME:  Positive
     AMPLITUDE NAME:  D1+
            FACTORS:  1
		1.   TwoPSAngles 2 1 1
       PERMUTATIONS:  0
        CONSTRAINTS:  0
         PARAMETERS:  0
      INITIAL VALUE:  (53.3552,0)
               REAL?  1
              FIXED?  0
              SCALE:  1.0
********************************************
***********  COHERENT SUM INFO  ************
********************************************
      REACTION NAME:  EtaPi
  COHERENT SUM NAME:  Negative
++++++++++++++++++++++++++++++++++++++++++++
+++++++++++++  AMPLITUDE INFO  +++++++++++++
++++++++++++++++++++++++++++++++++++++++++++
      REACTION NAME:  EtaPi
  COHERENT SUM NAME:  Negative
     AMPLITUDE NAME:  S0-
            FACTORS:  1
		1.   TwoPSAngles 0 0 -1
       PERMUTATIONS:  0
        CONSTRAINTS:  0
         PARAMETERS:  0
      INITIAL VALUE:  (197.304,0)
               REAL?  1
              FIXED?  0
              SCALE:  1.0
++++++++++++++++++++++++++++++++++++++++++++
+++++++++++++  AMPLITUDE INFO  +++++++++++++
++++++++++++++++++++++++++++++++++++++++++++
      REACTION NAME:  EtaPi
  COHERENT SUM NAME:  Negative
     AMPLITUDE NAME:  P0-
            FACTORS:  1
		1.   TwoPSAngles 1 0 -1
       PERMUTATIONS:  0
        CONSTRAINTS:  0
         PARAMETERS:  0
      INITIAL VALUE:  (68.7477,23.8635)
               REAL?  0
              FIXED?  0
              SCALE:  1.0
++++++++++++++++++++++++++++++++++++++++++++
+++++++++++++  AMPLITUDE INFO  +++++++++++++
++++++++++++++++++++++++++++++++++++++++++++
      REACTION NAME:  EtaPi
  COHERENT SUM NAME:  Negative
     AMPLITUDE NAME:  P1-
            FACTORS:  1
		1.   TwoPSAngles 1 1 -1
       PERMUTATIONS:  0
        CONSTRAINTS:  0
         PARAMETERS:  0
      INITIAL VALUE:  (31.5315,48.436)
               REAL?  0
              FIXED?  0
              SCALE:  1.0
++++++++++++++++++++++++++++++++++++++++++++
+++++++++++++  AMPLITUDE INFO  +++++++++++++
++++++++++++++++++++++++++++++++++++++++++++
      REACTION NAME:  EtaPi
  COHERENT SUM NAME:  Negative
     AMPLITUDE NAME:  D0-
            FACTORS:  1
		1.   TwoPSAngles 2 0 -1
       PERMUTATIONS:  0
        CONSTRAINTS:  0
         PARAMETERS:  0
      INITIAL VALUE:  (293.966,-48.6107)
               REAL?  0
              FIXED?  0
              SCALE:  1.0
++++++++++++++++++++++++++++++++++++++++++++
+++++++++++++  AMPLITUDE INFO  +++++++++++++
++++++++++++++++++++++++++++++++++++++++++++
      REACTION NAME:  EtaPi
  COHERENT SUM NAME:  Negative
     AMPLITUDE NAME:  D1-
            FACTORS:  1
		1.   TwoPSAngles 2 1 -1
       PERMUTATIONS:  0
        CONSTRAINTS:  0
         PARAMETERS:  0
      INITIAL VALUE:  (9.59874,-15.7772)
               REAL?  0
              FIXED?  0
              SCALE:  1.0
 **********
 **    1 **SET STRATEGY  1
 **********
 NOW USING STRATEGY  1: TRY TO BALANCE SPEED AGAINST RELIABILITY
 **********
 **    2 **SET EPS  1e-13
 **********
 FLOATING-POINT NUMBERS ASSUMED ACCURATE TO 1e-13

## AMPLITUDE MANAGER INITIALIZATION ##
 Creating amplitude manager for reaction:  EtaPi
	 particle index assignment:  gamma -->> 0
	 particle index assignment:  Proton -->> 1
	 particle index assignment:  Pi0 -->> 2
	 particle index assignment:  Eta -->> 3
 PARAMETER DEFINITIONS:
    NO.   NAME                 VALUE      STEP SIZE      LIMITS
     1 EtaPi::Negative::S0-_re        197.3        1.973     no limits
     2 EtaPi::Negative::P0-_re       68.748      0.68748     no limits
     3 EtaPi::Negative::P0-_im       23.864      0.23864     no limits
     4 EtaPi::Negative::P1-_re       31.531      0.31531     no limits
     5 EtaPi::Negative::P1-_im       48.436      0.48436     no limits
     6 EtaPi::Negative::D0-_re       293.97       2.9397     no limits
     7 EtaPi::Negative::D0-_im      -48.611      0.48611     no limits
     8 EtaPi::Negative::D1-_re       9.5987     0.095987     no limits
     9 EtaPi::Negative::D1-_im      -15.777      0.15777     no limits
    10 EtaPi::Positive::P1+_re       56.388      0.56388     no limits
    11 EtaPi::Positive::P1+_im       -16.14       0.1614     no limits
    12 EtaPi::Positive::D1+_re       53.355      0.53355     no limits
Allocating Data and Amplitude Array in LikelihoodCalculator for EtaPi...
Resetting source kin in data_pi0eta_tLT1_10.root
	Done.
Loading acccepted Monte Carlo...
Resetting source kin in reco_pi0eta_tLT1_10.root
	Done.
Calculating integrals...
	Done.
LIKELIHOOD BEFORE MINIMIZATION:  -80329
 **********
 **    3 **MIGRAD 5000
 **********
 FIRST CALL TO USER FUNCTION AT NEW START POINT, WITH IFLAG=4.
 START MIGRAD MINIMIZATION.  STRATEGY 1.  CONVERGENCE WHEN EDM .LT. 1.00e-04
 FCN=-82879.7 FROM MIGRAD     STATUS=INITIATE      187         188 TOTAL

                     EDM= unknown      STRATEGY= 1      NO ERROR MATRIX       
  EXT PARAMETER                          CURRENT GUESS       STEP         FIRST   
  NO.   NAME                   VALUE          ERROR          SIZE      DERIVATIVE 
    1 EtaPi::Negative::S0-_re         197.3         1.973             0        41.971
    2 EtaPi::Negative::P0-_re        68.748       0.68748             0        20.541
    3 EtaPi::Negative::P0-_im        23.864       0.23864             0      0.089182
    4 EtaPi::Negative::P1-_re        140.07       0.31531             0        14.553
    5 EtaPi::Negative::P1-_im        48.436       0.48436             0       -2.0195
    6 EtaPi::Negative::D0-_re        293.97        2.9397             0        70.785
    7 EtaPi::Negative::D0-_im       -48.611       0.48611             0       -2.6767
    8 EtaPi::Negative::D1-_re        9.5987      0.095987             0        7.9408
    9 EtaPi::Negative::D1-_im       -94.986       0.15777             0       -5.8818
   10 EtaPi::Positive::P1+_re        144.07       0.56388             0        4.3161
   11 EtaPi::Positive::P1+_im       -55.923        0.1614       -39.783      0.094441
   12 EtaPi::Positive::D1+_re        53.355       0.53355             0        16.174

 MIGRAD FAILS TO FIND IMPROVEMENT
 MACHINE ACCURACY LIMITS FURTHER IMPROVEMENT.
 MIGRAD MINIMIZATION HAS CONVERGED.
 MIGRAD WILL VERIFY CONVERGENCE AND ERROR MATRIX.
 EIGENVALUES OF SECOND-DERIVATIVE MATRIX:
       -0.0007580250.01809660.02621730.6974840.7207180.9236410.9779161.145251.302221.612762.012422.56404 MINUIT WARNING IN HESSE   
 ============== MATRIX FORCED POS-DEF BY ADDING %f TO DIAGONAL. 0.00332206
 FCN=-94400.8 FROM HESSE      STATUS=NOT POSDEF    119         914 TOTAL

                     EDM=0.00894562    STRATEGY= 1      ERR MATRIX NOT POS-DEF
  EXT PARAMETER                           APPROXIMATE        STEP         FIRST   
  NO.   NAME                   VALUE          ERROR          SIZE      DERIVATIVE 
    1 EtaPi::Negative::S0-_re        69.261        7.2806       0.98059     -0.005686
    2 EtaPi::Negative::P0-_re         14.38        40.189        1.0418   -0.00068559
    3 EtaPi::Negative::P0-_im        129.79         9.843       0.92623    -0.0090016
    4 EtaPi::Negative::P1-_re        151.31        5.4182        0.7914      -0.02318
    5 EtaPi::Negative::P1-_im       -20.819        34.226         1.376     -0.007145
    6 EtaPi::Negative::D0-_re        46.257        8.2184        1.0012    -0.0033675
    7 EtaPi::Negative::D0-_im       -4.1481        23.507        1.0326      0.011853
    8 EtaPi::Negative::D1-_re       -11.403         20.08       0.88007    -0.0030953
    9 EtaPi::Negative::D1-_im       -56.778        11.508        1.0037      0.013144
   10 EtaPi::Positive::P1+_re        153.06        11.598       0.83031     -0.010481
   11 EtaPi::Positive::P1+_im        -52.96        33.506        2.1935     0.0032453
   12 EtaPi::Positive::D1+_re        -3.868        7.2834       0.97564      0.013676

 MIGRAD MINIMIZATION HAS CONVERGED.
 MIGRAD WILL VERIFY CONVERGENCE AND ERROR MATRIX.
 COVARIANCE MATRIX CALCULATED SUCCESSFULLY
 FCN=-94403 FROM MIGRAD     STATUS=CONVERGED    3647        3648 TOTAL

                     EDM=4.69177e-06    STRATEGY= 1      ERROR MATRIX ACCURATE 
  EXT PARAMETER                                              STEP         FIRST   
  NO.   NAME                   VALUE          ERROR          SIZE      DERIVATIVE 
    1 EtaPi::Negative::S0-_re        89.869        14.671       0.89491   -0.00023688
    2 EtaPi::Negative::P0-_re       -129.73        20.332       0.81513   -0.00025891
    3 EtaPi::Negative::P0-_im        60.504        31.203        1.2395    0.00015916
    4 EtaPi::Negative::P1-_re        99.088        24.775       0.86008    0.00017008
    5 EtaPi::Negative::P1-_im        98.076        13.502        1.0677   -0.00016987
    6 EtaPi::Negative::D0-_re       -12.833        24.684       0.87001    5.4475e-05
    7 EtaPi::Negative::D0-_im         67.73        10.144        1.1627    0.00020919
    8 EtaPi::Negative::D1-_re        48.528         4.817       0.79043    0.00026006
    9 EtaPi::Negative::D1-_im       -2.2593        26.205        1.1701    0.00038653
   10 EtaPi::Positive::P1+_re        145.19        11.636       0.85417   -0.00015091
   11 EtaPi::Positive::P1+_im     0.0015157        97.649        14.417    3.0329e-07
   12 EtaPi::Positive::D1+_re        28.345        11.715       0.98593   -6.8544e-06

 EXTERNAL ERROR MATRIX.    NDIM= 100    NPAR= 12    ERR DEF=1
         215
        -244        413
        -432        592        974
        -318        495        746        614
         127       -254       -343       -303        182
        -324        491        749        605       -296        609
         101      -48.3       -166      -82.8      -1.11      -92.2        103
        28.8       6.82      -33.7      -1.83      -18.4      -7.18         38       23.2
         328       -525       -777       -641        321       -636       78.2      -1.64        687
        -145        194        313        242       -111        246      -55.2        -11       -253        135
        -106        176        236        204       -103        201        -19       3.04       -217       -392   9.54e+03
         159       -215       -346       -270        124       -271         57       10.1        279       -121      -5.17
         137
 PARAMETER  CORRELATION COEFFICIENTS  
       NO.  GLOBAL      1      2      3      4      5      6      7      8      9     10     11     12
      1:     0.984  1.000 -0.818 -0.943 -0.874  0.644 -0.894  0.681  0.408  0.854 -0.847 -0.074  0.925
      2:     0.993 -0.818  1.000  0.934  0.983 -0.926  0.979 -0.234  0.070 -0.985  0.819  0.089 -0.902
      3:     0.993 -0.943  0.934  1.000  0.964 -0.813  0.973 -0.523 -0.224 -0.950  0.862  0.077 -0.946
      4:     0.995 -0.874  0.983  0.964  1.000 -0.907  0.990 -0.329 -0.015 -0.987  0.840  0.084 -0.929
      5:     0.973  0.644 -0.926 -0.813 -0.907  1.000 -0.888 -0.008 -0.283  0.907 -0.710 -0.078  0.784
      6:     0.995 -0.894  0.979  0.973  0.990 -0.888  1.000 -0.368 -0.060 -0.983  0.856  0.084 -0.936
      7:     0.943  0.681 -0.234 -0.523 -0.329 -0.008 -0.368  1.000  0.777  0.294 -0.468 -0.019  0.480
      8:     0.880  0.408  0.070 -0.224 -0.015 -0.283 -0.060  0.777  1.000 -0.013 -0.196  0.006  0.178
      9:     0.992  0.854 -0.985 -0.950 -0.987  0.907 -0.983  0.294 -0.013  1.000 -0.829 -0.085  0.908
     10:     0.977 -0.847  0.819  0.862  0.840 -0.710  0.856 -0.468 -0.196 -0.829  1.000 -0.345 -0.890
     11:     0.886 -0.074  0.089  0.077  0.084 -0.078  0.084 -0.019  0.006 -0.085 -0.345  1.000 -0.005
     12:     0.970  0.925 -0.902 -0.946 -0.929  0.784 -0.936  0.480  0.178  0.908 -0.890 -0.005  1.000

 MIGRAD evaluation total wall time:  2.5863 s.
    average time per function call:  0.70878 ms.

LIKELIHOOD AFTER MINIMIZATION:  -94403
Loading generated Monte Carlo...
Resetting source kin in thrown_pi0eta_tLT1_10.root
	Done.
Calculating integrals...
	Done.
Loading acccepted Monte Carlo...
Resetting source kin in reco_pi0eta_tLT1_10.root
	Done.
Calculating integrals...
	Done.
