
## CONFIGURATION INFO DISPLAY ##

############################################
#############   REACTION INFO  #############
############################################
      REACTION NAME:  EtaPi
      PARTICLE LIST:  4
		1.  gamma
		2.  Proton
		3.  Pi0
		4.  Eta
        DATA READER:  ROOTDataReader
				data_pi0eta_tLT1_2.root
      ACC MC READER:  ROOTDataReader
				reco_pi0eta_tLT1_2.root
      GEN MC READER:  ROOTDataReader
				thrown_pi0eta_tLT1_2.root
  NORMALIZATION INTEGRAL FILE: 
		    bin_2.ni
********************************************
***********  COHERENT SUM INFO  ************
********************************************
      REACTION NAME:  EtaPi
  COHERENT SUM NAME:  Positive
++++++++++++++++++++++++++++++++++++++++++++
+++++++++++++  AMPLITUDE INFO  +++++++++++++
++++++++++++++++++++++++++++++++++++++++++++
      REACTION NAME:  EtaPi
  COHERENT SUM NAME:  Positive
     AMPLITUDE NAME:  P1+
            FACTORS:  1
		1.   TwoPSAngles 1 1 1
       PERMUTATIONS:  0
        CONSTRAINTS:  0
         PARAMETERS:  0
      INITIAL VALUE:  (27.883,-27.8478)
               REAL?  0
              FIXED?  0
              SCALE:  1.0
++++++++++++++++++++++++++++++++++++++++++++
+++++++++++++  AMPLITUDE INFO  +++++++++++++
++++++++++++++++++++++++++++++++++++++++++++
      REACTION NAME:  EtaPi
  COHERENT SUM NAME:  Positive
     AMPLITUDE NAME:  D1+
            FACTORS:  1
		1.   TwoPSAngles 2 1 1
       PERMUTATIONS:  0
        CONSTRAINTS:  0
         PARAMETERS:  0
      INITIAL VALUE:  (72.6294,0)
               REAL?  1
              FIXED?  0
              SCALE:  1.0
********************************************
***********  COHERENT SUM INFO  ************
********************************************
      REACTION NAME:  EtaPi
  COHERENT SUM NAME:  Negative
++++++++++++++++++++++++++++++++++++++++++++
+++++++++++++  AMPLITUDE INFO  +++++++++++++
++++++++++++++++++++++++++++++++++++++++++++
      REACTION NAME:  EtaPi
  COHERENT SUM NAME:  Negative
     AMPLITUDE NAME:  S0-
            FACTORS:  1
		1.   TwoPSAngles 0 0 -1
       PERMUTATIONS:  0
        CONSTRAINTS:  0
         PARAMETERS:  0
      INITIAL VALUE:  (475.959,0)
               REAL?  1
              FIXED?  0
              SCALE:  1.0
++++++++++++++++++++++++++++++++++++++++++++
+++++++++++++  AMPLITUDE INFO  +++++++++++++
++++++++++++++++++++++++++++++++++++++++++++
      REACTION NAME:  EtaPi
  COHERENT SUM NAME:  Negative
     AMPLITUDE NAME:  P0-
            FACTORS:  1
		1.   TwoPSAngles 1 0 -1
       PERMUTATIONS:  0
        CONSTRAINTS:  0
         PARAMETERS:  0
      INITIAL VALUE:  (11.3138,1.41852)
               REAL?  0
              FIXED?  0
              SCALE:  1.0
++++++++++++++++++++++++++++++++++++++++++++
+++++++++++++  AMPLITUDE INFO  +++++++++++++
++++++++++++++++++++++++++++++++++++++++++++
      REACTION NAME:  EtaPi
  COHERENT SUM NAME:  Negative
     AMPLITUDE NAME:  P1-
            FACTORS:  1
		1.   TwoPSAngles 1 1 -1
       PERMUTATIONS:  0
        CONSTRAINTS:  0
         PARAMETERS:  0
      INITIAL VALUE:  (38.6631,32.4473)
               REAL?  0
              FIXED?  0
              SCALE:  1.0
++++++++++++++++++++++++++++++++++++++++++++
+++++++++++++  AMPLITUDE INFO  +++++++++++++
++++++++++++++++++++++++++++++++++++++++++++
      REACTION NAME:  EtaPi
  COHERENT SUM NAME:  Negative
     AMPLITUDE NAME:  D0-
            FACTORS:  1
		1.   TwoPSAngles 2 0 -1
       PERMUTATIONS:  0
        CONSTRAINTS:  0
         PARAMETERS:  0
      INITIAL VALUE:  (332.612,-36.3098)
               REAL?  0
              FIXED?  0
              SCALE:  1.0
++++++++++++++++++++++++++++++++++++++++++++
+++++++++++++  AMPLITUDE INFO  +++++++++++++
++++++++++++++++++++++++++++++++++++++++++++
      REACTION NAME:  EtaPi
  COHERENT SUM NAME:  Negative
     AMPLITUDE NAME:  D1-
            FACTORS:  1
		1.   TwoPSAngles 2 1 -1
       PERMUTATIONS:  0
        CONSTRAINTS:  0
         PARAMETERS:  0
      INITIAL VALUE:  (11.2628,1.37018)
               REAL?  0
              FIXED?  0
              SCALE:  1.0
 **********
 **    1 **SET STRATEGY  1
 **********
 NOW USING STRATEGY  1: TRY TO BALANCE SPEED AGAINST RELIABILITY
 **********
 **    2 **SET EPS  1e-13
 **********
 FLOATING-POINT NUMBERS ASSUMED ACCURATE TO 1e-13

## AMPLITUDE MANAGER INITIALIZATION ##
 Creating amplitude manager for reaction:  EtaPi
	 particle index assignment:  gamma -->> 0
	 particle index assignment:  Proton -->> 1
	 particle index assignment:  Pi0 -->> 2
	 particle index assignment:  Eta -->> 3
 PARAMETER DEFINITIONS:
    NO.   NAME                 VALUE      STEP SIZE      LIMITS
     1 EtaPi::Negative::S0-_re       475.96       4.7596     no limits
     2 EtaPi::Negative::P0-_re       11.314      0.11314     no limits
     3 EtaPi::Negative::P0-_im       1.4185     0.014185     no limits
     4 EtaPi::Negative::P1-_re       38.663      0.38663     no limits
     5 EtaPi::Negative::P1-_im       32.447      0.32447     no limits
     6 EtaPi::Negative::D0-_re       332.61       3.3261     no limits
     7 EtaPi::Negative::D0-_im       -36.31       0.3631     no limits
     8 EtaPi::Negative::D1-_re       11.263      0.11263     no limits
     9 EtaPi::Negative::D1-_im       1.3702     0.013702     no limits
    10 EtaPi::Positive::P1+_re       27.883      0.27883     no limits
    11 EtaPi::Positive::P1+_im      -27.848      0.27848     no limits
    12 EtaPi::Positive::D1+_re       72.629      0.72629     no limits
Allocating Data and Amplitude Array in LikelihoodCalculator for EtaPi...
Resetting source kin in data_pi0eta_tLT1_2.root
	Done.
Loading acccepted Monte Carlo...
Resetting source kin in reco_pi0eta_tLT1_2.root
	Done.
Calculating integrals...
	Done.
LIKELIHOOD BEFORE MINIMIZATION:  38884
 **********
 **    3 **MIGRAD 5000
 **********
 FIRST CALL TO USER FUNCTION AT NEW START POINT, WITH IFLAG=4.
 START MIGRAD MINIMIZATION.  STRATEGY 1.  CONVERGENCE WHEN EDM .LT. 1.00e-04
 FCN=38884.5 FROM MIGRAD     STATUS=INITIATE       48          49 TOTAL

                     EDM= unknown      STRATEGY= 1      NO ERROR MATRIX       
  EXT PARAMETER                          CURRENT GUESS       STEP         FIRST   
  NO.   NAME                   VALUE          ERROR          SIZE      DERIVATIVE 
    1 EtaPi::Negative::S0-_re        475.96        4.7596        4.7596        139.43
    2 EtaPi::Negative::P0-_re        11.314       0.11314       0.11314        2.3147
    3 EtaPi::Negative::P0-_im        1.4185      0.014185      0.014185       0.60758
    4 EtaPi::Negative::P1-_re        38.663       0.38663       0.38663        17.218
    5 EtaPi::Negative::P1-_im        32.447       0.32447       0.32447         7.316
    6 EtaPi::Negative::D0-_re        332.61        3.3261        3.3261        115.09
    7 EtaPi::Negative::D0-_im        -36.31        0.3631        0.3631       -10.728
    8 EtaPi::Negative::D1-_re        11.263       0.11263       0.11263        3.7222
    9 EtaPi::Negative::D1-_im        1.3702      0.013702      0.013702       0.34318
   10 EtaPi::Positive::P1+_re        27.883       0.27883       0.27883        6.1244
   11 EtaPi::Positive::P1+_im       -27.848       0.27848       0.27848       -5.8221
   12 EtaPi::Positive::D1+_re        72.629       0.72629       0.72629        21.668

 MIGRAD MINIMIZATION HAS CONVERGED.
 MIGRAD WILL VERIFY CONVERGENCE AND ERROR MATRIX.
 COVARIANCE MATRIX CALCULATED SUCCESSFULLY
 FCN=-10625 FROM MIGRAD     STATUS=CONVERGED    1022        1023 TOTAL

                     EDM=7.35974e-06    STRATEGY= 1      ERROR MATRIX ACCURATE 
  EXT PARAMETER                                              STEP         FIRST   
  NO.   NAME                   VALUE          ERROR          SIZE      DERIVATIVE 
    1 EtaPi::Negative::S0-_re        94.437        4.3848       0.23052     0.0001022
    2 EtaPi::Negative::P0-_re        3.8275        3.9043       0.24398   -0.00013699
    3 EtaPi::Negative::P0-_im       -5.2621        5.3828       0.42943    -0.0001332
    4 EtaPi::Negative::P1-_re      -0.34098        2.3624       0.22143    2.1303e-05
    5 EtaPi::Negative::P1-_im       -5.9123        6.7589       0.61527   -4.7982e-05
    6 EtaPi::Negative::D0-_re       -7.9031        3.1257       0.24889   -0.00036119
    7 EtaPi::Negative::D0-_im        40.858        5.6617       0.38649   -6.3236e-05
    8 EtaPi::Negative::D1-_re      -0.23253        2.1104       0.22568    0.00022785
    9 EtaPi::Negative::D1-_im       -12.756        5.3023       0.54306    0.00028319
   10 EtaPi::Positive::P1+_re         4.924        9.3429       0.72355    5.2723e-05
   11 EtaPi::Positive::P1+_im    -0.0014657        15.476        1.7899   -1.2226e-05
   12 EtaPi::Positive::D1+_re       -23.544        8.7137       0.60415    0.00037717

 EXTERNAL ERROR MATRIX.    NDIM= 100    NPAR= 12    ERR DEF=1
        19.2
       -2.53       15.2
      0.0567      -13.9         29
        1.42      -0.53        2.7       5.58
         1.2       4.32       2.25       8.61       45.7
        8.96      -1.06     -0.739    -0.0677      -2.66       9.77
         -18       1.03       4.19    -0.0739       4.51      -11.1       32.1
       -1.67     -0.171        1.2     0.0357       1.52      -1.26       1.86       4.45
        4.72       2.13      -2.19       2.17       5.25       1.68     -0.191      -3.48       28.1
        1.34       24.6      -19.9      -1.48       1.86       3.67      -5.11     -0.399       1.69       87.3
      -0.425     -0.601      0.103     -0.195         -1       1.77      -1.37    -0.0748     -0.548      -0.65        240
        27.9      0.468      -4.73       1.32       0.75       15.5      -21.9      -2.24       5.05         21       4.51
        75.9
 PARAMETER  CORRELATION COEFFICIENTS  
       NO.  GLOBAL      1      2      3      4      5      6      7      8      9     10     11     12
      1:     0.891  1.000 -0.148  0.002  0.137  0.040  0.654 -0.725 -0.181  0.203  0.033 -0.006  0.729
      2:     0.842 -0.148  1.000 -0.663 -0.057  0.164 -0.087  0.047 -0.021  0.103  0.674 -0.010  0.014
      3:     0.726  0.002 -0.663  1.000  0.212  0.062 -0.044  0.138  0.105 -0.077 -0.396  0.001 -0.101
      4:     0.588  0.137 -0.057  0.212  1.000  0.539 -0.009 -0.006  0.007  0.173 -0.067 -0.005  0.064
      5:     0.619  0.040  0.164  0.062  0.539  1.000 -0.126  0.118  0.106  0.146  0.029 -0.010  0.013
      6:     0.727  0.654 -0.087 -0.044 -0.009 -0.126  1.000 -0.629 -0.191  0.101  0.126  0.037  0.567
      7:     0.808 -0.725  0.047  0.138 -0.006  0.118 -0.629  1.000  0.155 -0.006 -0.097 -0.016 -0.443
      8:     0.386 -0.181 -0.021  0.105  0.007  0.106 -0.191  0.155  1.000 -0.311 -0.020 -0.002 -0.122
      9:     0.469  0.203  0.103 -0.077  0.173  0.146  0.101 -0.006 -0.311  1.000  0.034 -0.007  0.109
     10:     0.745  0.033  0.674 -0.396 -0.067  0.029  0.126 -0.097 -0.020  0.034  1.000 -0.004  0.258
     11:     0.084 -0.006 -0.010  0.001 -0.005 -0.010  0.037 -0.016 -0.002 -0.007 -0.004  1.000  0.033
     12:     0.802  0.729  0.014 -0.101  0.064  0.013  0.567 -0.443 -0.122  0.109  0.258  0.033  1.000

 MIGRAD evaluation total wall time:  0.12315 s.
    average time per function call:  0.12027 ms.

LIKELIHOOD AFTER MINIMIZATION:  -10625
Loading generated Monte Carlo...
Resetting source kin in thrown_pi0eta_tLT1_2.root
	Done.
Calculating integrals...
	Done.
Loading acccepted Monte Carlo...
Resetting source kin in reco_pi0eta_tLT1_2.root
	Done.
Calculating integrals...
	Done.
