
## CONFIGURATION INFO DISPLAY ##

############################################
#############   REACTION INFO  #############
############################################
      REACTION NAME:  EtaPi
      PARTICLE LIST:  4
		1.  gamma
		2.  Proton
		3.  Pi0
		4.  Eta
        DATA READER:  ROOTDataReader
				data_pi0eta_tLT1_33.root
      ACC MC READER:  ROOTDataReader
				reco_pi0eta_tLT1_33.root
      GEN MC READER:  ROOTDataReader
				thrown_pi0eta_tLT1_33.root
  NORMALIZATION INTEGRAL FILE: 
		    bin_33.ni
********************************************
***********  COHERENT SUM INFO  ************
********************************************
      REACTION NAME:  EtaPi
  COHERENT SUM NAME:  Positive
++++++++++++++++++++++++++++++++++++++++++++
+++++++++++++  AMPLITUDE INFO  +++++++++++++
++++++++++++++++++++++++++++++++++++++++++++
      REACTION NAME:  EtaPi
  COHERENT SUM NAME:  Positive
     AMPLITUDE NAME:  P1+
            FACTORS:  1
		1.   TwoPSAngles 1 1 1
       PERMUTATIONS:  0
        CONSTRAINTS:  0
         PARAMETERS:  0
      INITIAL VALUE:  (56.3724,-23.9249)
               REAL?  0
              FIXED?  0
              SCALE:  1.0
++++++++++++++++++++++++++++++++++++++++++++
+++++++++++++  AMPLITUDE INFO  +++++++++++++
++++++++++++++++++++++++++++++++++++++++++++
      REACTION NAME:  EtaPi
  COHERENT SUM NAME:  Positive
     AMPLITUDE NAME:  D1+
            FACTORS:  1
		1.   TwoPSAngles 2 1 1
       PERMUTATIONS:  0
        CONSTRAINTS:  0
         PARAMETERS:  0
      INITIAL VALUE:  (77.2194,0)
               REAL?  1
              FIXED?  0
              SCALE:  1.0
********************************************
***********  COHERENT SUM INFO  ************
********************************************
      REACTION NAME:  EtaPi
  COHERENT SUM NAME:  Negative
++++++++++++++++++++++++++++++++++++++++++++
+++++++++++++  AMPLITUDE INFO  +++++++++++++
++++++++++++++++++++++++++++++++++++++++++++
      REACTION NAME:  EtaPi
  COHERENT SUM NAME:  Negative
     AMPLITUDE NAME:  S0-
            FACTORS:  1
		1.   TwoPSAngles 0 0 -1
       PERMUTATIONS:  0
        CONSTRAINTS:  0
         PARAMETERS:  0
      INITIAL VALUE:  (407.939,0)
               REAL?  1
              FIXED?  0
              SCALE:  1.0
++++++++++++++++++++++++++++++++++++++++++++
+++++++++++++  AMPLITUDE INFO  +++++++++++++
++++++++++++++++++++++++++++++++++++++++++++
      REACTION NAME:  EtaPi
  COHERENT SUM NAME:  Negative
     AMPLITUDE NAME:  P0-
            FACTORS:  1
		1.   TwoPSAngles 1 0 -1
       PERMUTATIONS:  0
        CONSTRAINTS:  0
         PARAMETERS:  0
      INITIAL VALUE:  (37.7306,43.8665)
               REAL?  0
              FIXED?  0
              SCALE:  1.0
++++++++++++++++++++++++++++++++++++++++++++
+++++++++++++  AMPLITUDE INFO  +++++++++++++
++++++++++++++++++++++++++++++++++++++++++++
      REACTION NAME:  EtaPi
  COHERENT SUM NAME:  Negative
     AMPLITUDE NAME:  P1-
            FACTORS:  1
		1.   TwoPSAngles 1 1 -1
       PERMUTATIONS:  0
        CONSTRAINTS:  0
         PARAMETERS:  0
      INITIAL VALUE:  (13.6881,6.12985)
               REAL?  0
              FIXED?  0
              SCALE:  1.0
++++++++++++++++++++++++++++++++++++++++++++
+++++++++++++  AMPLITUDE INFO  +++++++++++++
++++++++++++++++++++++++++++++++++++++++++++
      REACTION NAME:  EtaPi
  COHERENT SUM NAME:  Negative
     AMPLITUDE NAME:  D0-
            FACTORS:  1
		1.   TwoPSAngles 2 0 -1
       PERMUTATIONS:  0
        CONSTRAINTS:  0
         PARAMETERS:  0
      INITIAL VALUE:  (140.061,14.7321)
               REAL?  0
              FIXED?  0
              SCALE:  1.0
++++++++++++++++++++++++++++++++++++++++++++
+++++++++++++  AMPLITUDE INFO  +++++++++++++
++++++++++++++++++++++++++++++++++++++++++++
      REACTION NAME:  EtaPi
  COHERENT SUM NAME:  Negative
     AMPLITUDE NAME:  D1-
            FACTORS:  1
		1.   TwoPSAngles 2 1 -1
       PERMUTATIONS:  0
        CONSTRAINTS:  0
         PARAMETERS:  0
      INITIAL VALUE:  (0.243248,-13.3963)
               REAL?  0
              FIXED?  0
              SCALE:  1.0
 **********
 **    1 **SET STRATEGY  1
 **********
 NOW USING STRATEGY  1: TRY TO BALANCE SPEED AGAINST RELIABILITY
 **********
 **    2 **SET EPS  1e-13
 **********
 FLOATING-POINT NUMBERS ASSUMED ACCURATE TO 1e-13

## AMPLITUDE MANAGER INITIALIZATION ##
 Creating amplitude manager for reaction:  EtaPi
	 particle index assignment:  gamma -->> 0
	 particle index assignment:  Proton -->> 1
	 particle index assignment:  Pi0 -->> 2
	 particle index assignment:  Eta -->> 3
 PARAMETER DEFINITIONS:
    NO.   NAME                 VALUE      STEP SIZE      LIMITS
     1 EtaPi::Negative::S0-_re       407.94       4.0794     no limits
     2 EtaPi::Negative::P0-_re       37.731      0.37731     no limits
     3 EtaPi::Negative::P0-_im       43.867      0.43867     no limits
     4 EtaPi::Negative::P1-_re       13.688      0.13688     no limits
     5 EtaPi::Negative::P1-_im       6.1299     0.061299     no limits
     6 EtaPi::Negative::D0-_re       140.06       1.4006     no limits
     7 EtaPi::Negative::D0-_im       14.732      0.14732     no limits
     8 EtaPi::Negative::D1-_re      0.24325    0.0024325     no limits
     9 EtaPi::Negative::D1-_im      -13.396      0.13396     no limits
    10 EtaPi::Positive::P1+_re       56.372      0.56372     no limits
    11 EtaPi::Positive::P1+_im      -23.925      0.23925     no limits
    12 EtaPi::Positive::D1+_re       77.219      0.77219     no limits
Allocating Data and Amplitude Array in LikelihoodCalculator for EtaPi...
Resetting source kin in data_pi0eta_tLT1_33.root
	Done.
Loading acccepted Monte Carlo...
Resetting source kin in reco_pi0eta_tLT1_33.root
	Done.
Calculating integrals...
	Done.
LIKELIHOOD BEFORE MINIMIZATION:  -1.1247e+05
 **********
 **    3 **MIGRAD 5000
 **********
 FIRST CALL TO USER FUNCTION AT NEW START POINT, WITH IFLAG=4.
 START MIGRAD MINIMIZATION.  STRATEGY 1.  CONVERGENCE WHEN EDM .LT. 1.00e-04
 FCN=-112470 FROM MIGRAD     STATUS=INITIATE       46          47 TOTAL

                     EDM= unknown      STRATEGY= 1      NO ERROR MATRIX       
  EXT PARAMETER                          CURRENT GUESS       STEP         FIRST   
  NO.   NAME                   VALUE          ERROR          SIZE      DERIVATIVE 
    1 EtaPi::Negative::S0-_re        407.94        4.0794        4.0794        62.562
    2 EtaPi::Negative::P0-_re        37.731       0.37731       0.37731        17.658
    3 EtaPi::Negative::P0-_im        43.867       0.43867       0.43867        8.6153
    4 EtaPi::Negative::P1-_re        13.688       0.13688       0.13688        7.0763
    5 EtaPi::Negative::P1-_im        6.1299      0.061299      0.061299     -0.058116
    6 EtaPi::Negative::D0-_re        140.06        1.4006        1.4006        38.115
    7 EtaPi::Negative::D0-_im        14.732       0.14732       0.14732        1.3351
    8 EtaPi::Negative::D1-_re       0.24325     0.0024325     0.0024325      -0.16382
    9 EtaPi::Negative::D1-_im       -13.396       0.13396       0.13396       -2.8429
   10 EtaPi::Positive::P1+_re        56.372       0.56372       0.56372        7.2139
   11 EtaPi::Positive::P1+_im       -23.925       0.23925       0.23925       -2.3536
   12 EtaPi::Positive::D1+_re        77.219       0.77219       0.77219         19.06

 MIGRAD FAILS TO FIND IMPROVEMENT
 MACHINE ACCURACY LIMITS FURTHER IMPROVEMENT.
 MIGRAD MINIMIZATION HAS CONVERGED.
 MIGRAD WILL VERIFY CONVERGENCE AND ERROR MATRIX.
 COVARIANCE MATRIX CALCULATED SUCCESSFULLY
 FCN=-123652 FROM HESSE      STATUS=OK            131        1173 TOTAL

                     EDM=0.000804599    STRATEGY= 1      ERROR MATRIX ACCURATE 
  EXT PARAMETER                                              STEP         FIRST   
  NO.   NAME                   VALUE          ERROR          SIZE      DERIVATIVE 
    1 EtaPi::Negative::S0-_re        37.368        11.491         2.264   -0.00058846
    2 EtaPi::Negative::P0-_re        20.212         11.56        2.3865     0.0001194
    3 EtaPi::Negative::P0-_im      -0.25522        2.2262       0.73934     0.0067157
    4 EtaPi::Negative::P1-_re       -5.6497        7.6741         2.144    -0.0014178
    5 EtaPi::Negative::P1-_im       -3.2993        2.1919       0.74593    -0.0055226
    6 EtaPi::Negative::D0-_re       -13.829         17.56        5.0183     0.0011319
    7 EtaPi::Negative::D0-_im       -301.04        2.0132       0.70923    -0.0039167
    8 EtaPi::Negative::D1-_re        5.4761        6.2488        1.8677      0.002044
    9 EtaPi::Negative::D1-_im       -2.1314        2.0004       0.76547   -0.00034834
   10 EtaPi::Positive::P1+_re        15.914        18.585        4.1535    -0.0012627
   11 EtaPi::Positive::P1+_im       0.49571         42.89        10.858    0.00059059
   12 EtaPi::Positive::D1+_re       -6.4969        10.886        3.1865    0.00021384

 MIGRAD FAILS TO FIND IMPROVEMENT
 MACHINE ACCURACY LIMITS FURTHER IMPROVEMENT.
 MIGRAD MINIMIZATION HAS CONVERGED.
 MIGRAD WILL VERIFY CONVERGENCE AND ERROR MATRIX.
 COVARIANCE MATRIX CALCULATED SUCCESSFULLY
 FCN=-123652 FROM MIGRAD     STATUS=CONVERGED    1374        1375 TOTAL

                     EDM=4.75945e-05    STRATEGY= 1      ERROR MATRIX ACCURATE 
  EXT PARAMETER                                              STEP         FIRST   
  NO.   NAME                   VALUE          ERROR          SIZE      DERIVATIVE 
    1 EtaPi::Negative::S0-_re        37.345        11.514        2.2674    0.00062924
    2 EtaPi::Negative::P0-_re         20.24        11.618        2.3894    0.00030317
    3 EtaPi::Negative::P0-_im      -0.27955         2.234       0.73944   -0.00056753
    4 EtaPi::Negative::P1-_re       -5.6121        7.6782         2.148   -4.5853e-05
    5 EtaPi::Negative::P1-_im       -3.2903         2.195       0.74592    0.00048269
    6 EtaPi::Negative::D0-_re       -14.029         17.68        5.0266    1.9124e-05
    7 EtaPi::Negative::D0-_im       -301.02        2.0158       0.70927    -0.0012984
    8 EtaPi::Negative::D1-_re        5.4357        6.2539        1.8707   -0.00010711
    9 EtaPi::Negative::D1-_im       -2.1341        2.0012       0.76548   -2.1124e-05
   10 EtaPi::Positive::P1+_re        15.999        18.632        4.0724   -0.00012677
   11 EtaPi::Positive::P1+_im       0.14312        37.039        14.217    0.00017991
   12 EtaPi::Positive::D1+_re        -6.505        10.866        3.1363    6.0604e-05

 EXTERNAL ERROR MATRIX.    NDIM= 100    NPAR= 12    ERR DEF=1
         133
       -98.7        135
         7.9      -6.81       4.99
        25.2      -24.9       3.08         59
       -4.37       5.61     -0.691      -8.21       4.82
        77.5      -93.5       20.8         30      -9.12        313
      -0.312       4.49     -0.426     -0.989      0.395      -8.77       4.06
       -21.4         21      -2.24        -30       4.49      -23.4      0.886       39.1
        4.59      -4.34      0.511       1.06   -0.00885       7.22     -0.239     -0.827          4
       -86.4       73.6      -1.53       1.95      0.113      -1.05       5.09     -0.197      -2.54        347
       -17.5      -88.5       4.04       1.22      -2.76       78.5      -2.61       4.79       1.71       -382   1.37e+03
        25.2      -60.5       3.42     -0.833       -1.4         54      -1.85       2.36       2.04       27.9       66.9
         118
 PARAMETER  CORRELATION COEFFICIENTS  
       NO.  GLOBAL      1      2      3      4      5      6      7      8      9     10     11     12
      1:     0.867  1.000 -0.738  0.307  0.285 -0.173  0.381 -0.013 -0.297  0.199 -0.403 -0.041  0.201
      2:     0.854 -0.738  1.000 -0.262 -0.279  0.220 -0.455  0.192  0.289 -0.187  0.340 -0.206 -0.480
      3:     0.547  0.307 -0.262  1.000  0.180 -0.141  0.527 -0.095 -0.160  0.114 -0.037  0.049  0.141
      4:     0.707  0.285 -0.279  0.180  1.000 -0.487  0.221 -0.064 -0.625  0.069  0.014  0.004 -0.010
      5:     0.512 -0.173  0.220 -0.141 -0.487  1.000 -0.235  0.089  0.327 -0.002  0.003 -0.034 -0.059
      6:     0.696  0.381 -0.455  0.527  0.221 -0.235  1.000 -0.246 -0.212  0.204 -0.003  0.120  0.281
      7:     0.457 -0.013  0.192 -0.095 -0.064  0.089 -0.246  1.000  0.070 -0.059  0.136 -0.035 -0.084
      8:     0.654 -0.297  0.289 -0.160 -0.625  0.327 -0.212  0.070  1.000 -0.066 -0.002  0.021  0.035
      9:     0.254  0.199 -0.187  0.114  0.069 -0.002  0.204 -0.059 -0.066  1.000 -0.068  0.023  0.094
     10:     0.833 -0.403  0.340 -0.037  0.014  0.003 -0.003  0.136 -0.002 -0.068  1.000 -0.553  0.138
     11:     0.776 -0.041 -0.206  0.049  0.004 -0.034  0.120 -0.035  0.021  0.023 -0.553  1.000  0.166
     12:     0.682  0.201 -0.480  0.141 -0.010 -0.059  0.281 -0.084  0.035  0.094  0.138  0.166  1.000

 MIGRAD evaluation total wall time:  1.2669 s.
    average time per function call:  0.92069 ms.

LIKELIHOOD AFTER MINIMIZATION:  -1.2365e+05
Loading generated Monte Carlo...
Resetting source kin in thrown_pi0eta_tLT1_33.root
	Done.
Calculating integrals...
	Done.
Loading acccepted Monte Carlo...
Resetting source kin in reco_pi0eta_tLT1_33.root
	Done.
Calculating integrals...
	Done.
