
## CONFIGURATION INFO DISPLAY ##

############################################
#############   REACTION INFO  #############
############################################
      REACTION NAME:  EtaPi
      PARTICLE LIST:  4
		1.  gamma
		2.  Proton
		3.  Pi0
		4.  Eta
        DATA READER:  ROOTDataReader
				data_pi0eta_tLT1_39.root
      ACC MC READER:  ROOTDataReader
				reco_pi0eta_tLT1_39.root
      GEN MC READER:  ROOTDataReader
				thrown_pi0eta_tLT1_39.root
  NORMALIZATION INTEGRAL FILE: 
		    bin_39.ni
********************************************
***********  COHERENT SUM INFO  ************
********************************************
      REACTION NAME:  EtaPi
  COHERENT SUM NAME:  Positive
++++++++++++++++++++++++++++++++++++++++++++
+++++++++++++  AMPLITUDE INFO  +++++++++++++
++++++++++++++++++++++++++++++++++++++++++++
      REACTION NAME:  EtaPi
  COHERENT SUM NAME:  Positive
     AMPLITUDE NAME:  P1+
            FACTORS:  1
		1.   TwoPSAngles 1 1 1
       PERMUTATIONS:  0
        CONSTRAINTS:  0
         PARAMETERS:  0
      INITIAL VALUE:  (55.398,-13.0134)
               REAL?  0
              FIXED?  0
              SCALE:  1.0
++++++++++++++++++++++++++++++++++++++++++++
+++++++++++++  AMPLITUDE INFO  +++++++++++++
++++++++++++++++++++++++++++++++++++++++++++
      REACTION NAME:  EtaPi
  COHERENT SUM NAME:  Positive
     AMPLITUDE NAME:  D1+
            FACTORS:  1
		1.   TwoPSAngles 2 1 1
       PERMUTATIONS:  0
        CONSTRAINTS:  0
         PARAMETERS:  0
      INITIAL VALUE:  (72.41,0)
               REAL?  1
              FIXED?  0
              SCALE:  1.0
********************************************
***********  COHERENT SUM INFO  ************
********************************************
      REACTION NAME:  EtaPi
  COHERENT SUM NAME:  Negative
++++++++++++++++++++++++++++++++++++++++++++
+++++++++++++  AMPLITUDE INFO  +++++++++++++
++++++++++++++++++++++++++++++++++++++++++++
      REACTION NAME:  EtaPi
  COHERENT SUM NAME:  Negative
     AMPLITUDE NAME:  S0-
            FACTORS:  1
		1.   TwoPSAngles 0 0 -1
       PERMUTATIONS:  0
        CONSTRAINTS:  0
         PARAMETERS:  0
      INITIAL VALUE:  (101.047,0)
               REAL?  1
              FIXED?  0
              SCALE:  1.0
++++++++++++++++++++++++++++++++++++++++++++
+++++++++++++  AMPLITUDE INFO  +++++++++++++
++++++++++++++++++++++++++++++++++++++++++++
      REACTION NAME:  EtaPi
  COHERENT SUM NAME:  Negative
     AMPLITUDE NAME:  P0-
            FACTORS:  1
		1.   TwoPSAngles 1 0 -1
       PERMUTATIONS:  0
        CONSTRAINTS:  0
         PARAMETERS:  0
      INITIAL VALUE:  (27.8606,1.7079)
               REAL?  0
              FIXED?  0
              SCALE:  1.0
++++++++++++++++++++++++++++++++++++++++++++
+++++++++++++  AMPLITUDE INFO  +++++++++++++
++++++++++++++++++++++++++++++++++++++++++++
      REACTION NAME:  EtaPi
  COHERENT SUM NAME:  Negative
     AMPLITUDE NAME:  P1-
            FACTORS:  1
		1.   TwoPSAngles 1 1 -1
       PERMUTATIONS:  0
        CONSTRAINTS:  0
         PARAMETERS:  0
      INITIAL VALUE:  (-7.70543,16.7393)
               REAL?  0
              FIXED?  0
              SCALE:  1.0
++++++++++++++++++++++++++++++++++++++++++++
+++++++++++++  AMPLITUDE INFO  +++++++++++++
++++++++++++++++++++++++++++++++++++++++++++
      REACTION NAME:  EtaPi
  COHERENT SUM NAME:  Negative
     AMPLITUDE NAME:  D0-
            FACTORS:  1
		1.   TwoPSAngles 2 0 -1
       PERMUTATIONS:  0
        CONSTRAINTS:  0
         PARAMETERS:  0
      INITIAL VALUE:  (239.458,-8.71961)
               REAL?  0
              FIXED?  0
              SCALE:  1.0
++++++++++++++++++++++++++++++++++++++++++++
+++++++++++++  AMPLITUDE INFO  +++++++++++++
++++++++++++++++++++++++++++++++++++++++++++
      REACTION NAME:  EtaPi
  COHERENT SUM NAME:  Negative
     AMPLITUDE NAME:  D1-
            FACTORS:  1
		1.   TwoPSAngles 2 1 -1
       PERMUTATIONS:  0
        CONSTRAINTS:  0
         PARAMETERS:  0
      INITIAL VALUE:  (4.64757,-6.25024)
               REAL?  0
              FIXED?  0
              SCALE:  1.0
 **********
 **    1 **SET STRATEGY  1
 **********
 NOW USING STRATEGY  1: TRY TO BALANCE SPEED AGAINST RELIABILITY
 **********
 **    2 **SET EPS  1e-13
 **********
 FLOATING-POINT NUMBERS ASSUMED ACCURATE TO 1e-13

## AMPLITUDE MANAGER INITIALIZATION ##
 Creating amplitude manager for reaction:  EtaPi
	 particle index assignment:  gamma -->> 0
	 particle index assignment:  Proton -->> 1
	 particle index assignment:  Pi0 -->> 2
	 particle index assignment:  Eta -->> 3
 PARAMETER DEFINITIONS:
    NO.   NAME                 VALUE      STEP SIZE      LIMITS
     1 EtaPi::Negative::S0-_re       101.05       1.0105     no limits
     2 EtaPi::Negative::P0-_re       27.861      0.27861     no limits
     3 EtaPi::Negative::P0-_im       1.7079     0.017079     no limits
     4 EtaPi::Negative::P1-_re      -7.7054     0.077054     no limits
     5 EtaPi::Negative::P1-_im       16.739      0.16739     no limits
     6 EtaPi::Negative::D0-_re       239.46       2.3946     no limits
     7 EtaPi::Negative::D0-_im      -8.7196     0.087196     no limits
     8 EtaPi::Negative::D1-_re       4.6476     0.046476     no limits
     9 EtaPi::Negative::D1-_im      -6.2502     0.062502     no limits
    10 EtaPi::Positive::P1+_re       55.398      0.55398     no limits
    11 EtaPi::Positive::P1+_im      -13.013      0.13013     no limits
    12 EtaPi::Positive::D1+_re        72.41       0.7241     no limits
Allocating Data and Amplitude Array in LikelihoodCalculator for EtaPi...
Resetting source kin in data_pi0eta_tLT1_39.root
	Done.
Loading acccepted Monte Carlo...
Resetting source kin in reco_pi0eta_tLT1_39.root
	Done.
Calculating integrals...
	Done.
LIKELIHOOD BEFORE MINIMIZATION:  -13012
 **********
 **    3 **MIGRAD 5000
 **********
 FIRST CALL TO USER FUNCTION AT NEW START POINT, WITH IFLAG=4.
 START MIGRAD MINIMIZATION.  STRATEGY 1.  CONVERGENCE WHEN EDM .LT. 1.00e-04
 FCN=-13012.3 FROM MIGRAD     STATUS=INITIATE       46          47 TOTAL

                     EDM= unknown      STRATEGY= 1      NO ERROR MATRIX       
  EXT PARAMETER                          CURRENT GUESS       STEP         FIRST   
  NO.   NAME                   VALUE          ERROR          SIZE      DERIVATIVE 
    1 EtaPi::Negative::S0-_re        101.05        1.0105        1.0105        35.581
    2 EtaPi::Negative::P0-_re        27.861       0.27861       0.27861        8.6794
    3 EtaPi::Negative::P0-_im        1.7079      0.017079      0.017079       0.41858
    4 EtaPi::Negative::P1-_re       -7.7054      0.077054      0.077054       -3.4655
    5 EtaPi::Negative::P1-_im        16.739       0.16739       0.16739        1.1916
    6 EtaPi::Negative::D0-_re        239.46        2.3946        2.3946         54.06
    7 EtaPi::Negative::D0-_im       -8.7196      0.087196      0.087196       -2.1584
    8 EtaPi::Negative::D1-_re        4.6476      0.046476      0.046476       0.91203
    9 EtaPi::Negative::D1-_im       -6.2502      0.062502      0.062502      -0.57299
   10 EtaPi::Positive::P1+_re        55.398       0.55398       0.55398        11.478
   11 EtaPi::Positive::P1+_im       -13.013       0.13013       0.13013       -2.0997
   12 EtaPi::Positive::D1+_re         72.41        0.7241        0.7241        18.184

 MIGRAD MINIMIZATION HAS CONVERGED.
 MIGRAD WILL VERIFY CONVERGENCE AND ERROR MATRIX.
 COVARIANCE MATRIX CALCULATED SUCCESSFULLY
 FCN=-18983.5 FROM MIGRAD     STATUS=CONVERGED    2409        2410 TOTAL

                     EDM=1.55952e-05    STRATEGY= 1      ERROR MATRIX ACCURATE 
  EXT PARAMETER                                              STEP         FIRST   
  NO.   NAME                   VALUE          ERROR          SIZE      DERIVATIVE 
    1 EtaPi::Negative::S0-_re        4.3227        3.0812       0.38792    -0.0001129
    2 EtaPi::Negative::P0-_re        4.6975        6.1571       0.38153      0.001052
    3 EtaPi::Negative::P0-_im       -6.8796        5.8018       0.42847    0.00021263
    4 EtaPi::Negative::P1-_re       -8.7948        5.7048       0.38491     0.0001226
    5 EtaPi::Negative::P1-_im        11.737        5.6058       0.40019    0.00039742
    6 EtaPi::Negative::D0-_re         98.03        26.506       0.36473     0.0014204
    7 EtaPi::Negative::D0-_im        85.092        30.469       0.42247     0.0011822
    8 EtaPi::Negative::D1-_re        4.9016        3.8469       0.39289   -0.00029826
    9 EtaPi::Negative::D1-_im       -2.8746        4.1473       0.40387   -0.00061287
   10 EtaPi::Positive::P1+_re        16.835        6.7838       0.74856   -2.9391e-05
   11 EtaPi::Positive::P1+_im    0.00044116        12.671        1.9598    5.4583e-06
   12 EtaPi::Positive::D1+_re        13.888        5.7763       0.65811   -8.2608e-05

 EXTERNAL ERROR MATRIX.    NDIM= 100    NPAR= 12    ERR DEF=1
        9.49
        2.32       37.9
        1.05      -26.5       33.7
        -8.4        -12      0.708       32.5
        1.22      -9.41      -1.29      -6.53       31.4
       -27.8      -88.9       1.79       94.4       80.1        703
        30.3        100        0.2       -104      -96.4       -804        928
       0.757      -1.59       5.84     -0.483      -7.27      -26.5       30.7       14.8
        1.89       10.3      -6.53      -9.47       1.44      -37.3       42.4      -9.07       17.2
        6.72      -3.51       1.86      -1.95        3.6        6.1      -12.3      0.833      -1.42         46
       0.824       0.19      0.157     -0.245      0.123      -0.64     -0.274     -0.335      0.401      -2.26        161
       -5.27      -5.47       5.48       4.52      -2.28       8.57      -8.38          2       -2.8      -24.1      -2.08
        33.4
 PARAMETER  CORRELATION COEFFICIENTS  
       NO.  GLOBAL      1      2      3      4      5      6      7      8      9     10     11     12
      1:     0.579  1.000  0.122  0.059 -0.478  0.070 -0.341  0.323  0.064  0.148  0.321  0.021 -0.296
      2:     0.916  0.122  1.000 -0.741 -0.341 -0.273 -0.544  0.535 -0.067  0.402 -0.084  0.002 -0.154
      3:     0.880  0.059 -0.741  1.000  0.021 -0.040  0.012  0.001  0.262 -0.271  0.047  0.002  0.164
      4:     0.900 -0.478 -0.341  0.021  1.000 -0.204  0.624 -0.600 -0.022 -0.400 -0.050 -0.003  0.137
      5:     0.888  0.070 -0.273 -0.040 -0.204  1.000  0.539 -0.564 -0.337  0.062  0.095  0.002 -0.070
      6:     0.996 -0.341 -0.544  0.012  0.624  0.539  1.000 -0.995 -0.260 -0.340  0.034 -0.002  0.056
      7:     0.996  0.323  0.535  0.001 -0.600 -0.564 -0.995  1.000  0.262  0.336 -0.060 -0.001 -0.048
      8:     0.750  0.064 -0.067  0.262 -0.022 -0.337 -0.260  0.262  1.000 -0.569  0.032 -0.007  0.090
      9:     0.779  0.148  0.402 -0.271 -0.400  0.062 -0.340  0.336 -0.569  1.000 -0.050  0.008 -0.117
     10:     0.702  0.321 -0.084  0.047 -0.050  0.095  0.034 -0.060  0.032 -0.050  1.000 -0.026 -0.616
     11:     0.084  0.021  0.002  0.002 -0.003  0.002 -0.002 -0.001 -0.007  0.008 -0.026  1.000 -0.028
     12:     0.678 -0.296 -0.154  0.164  0.137 -0.070  0.056 -0.048  0.090 -0.117 -0.616 -0.028  1.000

 MIGRAD evaluation total wall time:  0.4765 s.
    average time per function call:  0.19764 ms.

LIKELIHOOD AFTER MINIMIZATION:  -18983
Loading generated Monte Carlo...
Resetting source kin in thrown_pi0eta_tLT1_39.root
	Done.
Calculating integrals...
	Done.
Loading acccepted Monte Carlo...
Resetting source kin in reco_pi0eta_tLT1_39.root
	Done.
Calculating integrals...
	Done.
