
## CONFIGURATION INFO DISPLAY ##

############################################
#############   REACTION INFO  #############
############################################
      REACTION NAME:  EtaPi
      PARTICLE LIST:  4
		1.  gamma
		2.  Proton
		3.  Pi0
		4.  Eta
        DATA READER:  ROOTDataReader
				data_pi0eta_tLT1_0.root
      ACC MC READER:  ROOTDataReader
				reco_pi0eta_tLT1_0.root
      GEN MC READER:  ROOTDataReader
				thrown_pi0eta_tLT1_0.root
  NORMALIZATION INTEGRAL FILE: 
		    bin_0.ni
********************************************
***********  COHERENT SUM INFO  ************
********************************************
      REACTION NAME:  EtaPi
  COHERENT SUM NAME:  Positive
++++++++++++++++++++++++++++++++++++++++++++
+++++++++++++  AMPLITUDE INFO  +++++++++++++
++++++++++++++++++++++++++++++++++++++++++++
      REACTION NAME:  EtaPi
  COHERENT SUM NAME:  Positive
     AMPLITUDE NAME:  P1+
            FACTORS:  1
		1.   TwoPSAngles 1 1 1
       PERMUTATIONS:  0
        CONSTRAINTS:  0
         PARAMETERS:  0
      INITIAL VALUE:  (27.883,-27.8478)
               REAL?  0
              FIXED?  0
              SCALE:  1.0
++++++++++++++++++++++++++++++++++++++++++++
+++++++++++++  AMPLITUDE INFO  +++++++++++++
++++++++++++++++++++++++++++++++++++++++++++
      REACTION NAME:  EtaPi
  COHERENT SUM NAME:  Positive
     AMPLITUDE NAME:  D1+
            FACTORS:  1
		1.   TwoPSAngles 2 1 1
       PERMUTATIONS:  0
        CONSTRAINTS:  0
         PARAMETERS:  0
      INITIAL VALUE:  (72.6294,0)
               REAL?  1
              FIXED?  0
              SCALE:  1.0
********************************************
***********  COHERENT SUM INFO  ************
********************************************
      REACTION NAME:  EtaPi
  COHERENT SUM NAME:  Negative
++++++++++++++++++++++++++++++++++++++++++++
+++++++++++++  AMPLITUDE INFO  +++++++++++++
++++++++++++++++++++++++++++++++++++++++++++
      REACTION NAME:  EtaPi
  COHERENT SUM NAME:  Negative
     AMPLITUDE NAME:  S0-
            FACTORS:  1
		1.   TwoPSAngles 0 0 -1
       PERMUTATIONS:  0
        CONSTRAINTS:  0
         PARAMETERS:  0
      INITIAL VALUE:  (475.959,0)
               REAL?  1
              FIXED?  0
              SCALE:  1.0
++++++++++++++++++++++++++++++++++++++++++++
+++++++++++++  AMPLITUDE INFO  +++++++++++++
++++++++++++++++++++++++++++++++++++++++++++
      REACTION NAME:  EtaPi
  COHERENT SUM NAME:  Negative
     AMPLITUDE NAME:  P0-
            FACTORS:  1
		1.   TwoPSAngles 1 0 -1
       PERMUTATIONS:  0
        CONSTRAINTS:  0
         PARAMETERS:  0
      INITIAL VALUE:  (11.3138,1.41852)
               REAL?  0
              FIXED?  0
              SCALE:  1.0
++++++++++++++++++++++++++++++++++++++++++++
+++++++++++++  AMPLITUDE INFO  +++++++++++++
++++++++++++++++++++++++++++++++++++++++++++
      REACTION NAME:  EtaPi
  COHERENT SUM NAME:  Negative
     AMPLITUDE NAME:  P1-
            FACTORS:  1
		1.   TwoPSAngles 1 1 -1
       PERMUTATIONS:  0
        CONSTRAINTS:  0
         PARAMETERS:  0
      INITIAL VALUE:  (38.6631,32.4473)
               REAL?  0
              FIXED?  0
              SCALE:  1.0
++++++++++++++++++++++++++++++++++++++++++++
+++++++++++++  AMPLITUDE INFO  +++++++++++++
++++++++++++++++++++++++++++++++++++++++++++
      REACTION NAME:  EtaPi
  COHERENT SUM NAME:  Negative
     AMPLITUDE NAME:  D0-
            FACTORS:  1
		1.   TwoPSAngles 2 0 -1
       PERMUTATIONS:  0
        CONSTRAINTS:  0
         PARAMETERS:  0
      INITIAL VALUE:  (332.612,-36.3098)
               REAL?  0
              FIXED?  0
              SCALE:  1.0
++++++++++++++++++++++++++++++++++++++++++++
+++++++++++++  AMPLITUDE INFO  +++++++++++++
++++++++++++++++++++++++++++++++++++++++++++
      REACTION NAME:  EtaPi
  COHERENT SUM NAME:  Negative
     AMPLITUDE NAME:  D1-
            FACTORS:  1
		1.   TwoPSAngles 2 1 -1
       PERMUTATIONS:  0
        CONSTRAINTS:  0
         PARAMETERS:  0
      INITIAL VALUE:  (11.2628,1.37018)
               REAL?  0
              FIXED?  0
              SCALE:  1.0
 **********
 **    1 **SET STRATEGY  1
 **********
 NOW USING STRATEGY  1: TRY TO BALANCE SPEED AGAINST RELIABILITY
 **********
 **    2 **SET EPS  1e-13
 **********
 FLOATING-POINT NUMBERS ASSUMED ACCURATE TO 1e-13

## AMPLITUDE MANAGER INITIALIZATION ##
 Creating amplitude manager for reaction:  EtaPi
	 particle index assignment:  gamma -->> 0
	 particle index assignment:  Proton -->> 1
	 particle index assignment:  Pi0 -->> 2
	 particle index assignment:  Eta -->> 3
 PARAMETER DEFINITIONS:
    NO.   NAME                 VALUE      STEP SIZE      LIMITS
     1 EtaPi::Negative::S0-_re       475.96       4.7596     no limits
     2 EtaPi::Negative::P0-_re       11.314      0.11314     no limits
     3 EtaPi::Negative::P0-_im       1.4185     0.014185     no limits
     4 EtaPi::Negative::P1-_re       38.663      0.38663     no limits
     5 EtaPi::Negative::P1-_im       32.447      0.32447     no limits
     6 EtaPi::Negative::D0-_re       332.61       3.3261     no limits
     7 EtaPi::Negative::D0-_im       -36.31       0.3631     no limits
     8 EtaPi::Negative::D1-_re       11.263      0.11263     no limits
     9 EtaPi::Negative::D1-_im       1.3702     0.013702     no limits
    10 EtaPi::Positive::P1+_re       27.883      0.27883     no limits
    11 EtaPi::Positive::P1+_im      -27.848      0.27848     no limits
    12 EtaPi::Positive::D1+_re       72.629      0.72629     no limits
Allocating Data and Amplitude Array in LikelihoodCalculator for EtaPi...
Resetting source kin in data_pi0eta_tLT1_0.root
	Done.
Loading acccepted Monte Carlo...
Resetting source kin in reco_pi0eta_tLT1_0.root
	Done.
Calculating integrals...
	Done.
LIKELIHOOD BEFORE MINIMIZATION:  42768
 **********
 **    3 **MIGRAD 5000
 **********
 FIRST CALL TO USER FUNCTION AT NEW START POINT, WITH IFLAG=4.
 START MIGRAD MINIMIZATION.  STRATEGY 1.  CONVERGENCE WHEN EDM .LT. 1.00e-04
 FCN=42767.7 FROM MIGRAD     STATUS=INITIATE       48          49 TOTAL

                     EDM= unknown      STRATEGY= 1      NO ERROR MATRIX       
  EXT PARAMETER                          CURRENT GUESS       STEP         FIRST   
  NO.   NAME                   VALUE          ERROR          SIZE      DERIVATIVE 
    1 EtaPi::Negative::S0-_re        475.96        4.7596        4.7596        143.41
    2 EtaPi::Negative::P0-_re        11.314       0.11314       0.11314        1.0396
    3 EtaPi::Negative::P0-_im        1.4185      0.014185      0.014185       0.57504
    4 EtaPi::Negative::P1-_re        38.663       0.38663       0.38663        16.607
    5 EtaPi::Negative::P1-_im        32.447       0.32447       0.32447        8.2909
    6 EtaPi::Negative::D0-_re        332.61        3.3261        3.3261        113.93
    7 EtaPi::Negative::D0-_im        -36.31        0.3631        0.3631       -10.868
    8 EtaPi::Negative::D1-_re        11.263       0.11263       0.11263        3.2963
    9 EtaPi::Negative::D1-_im        1.3702      0.013702      0.013702       0.31108
   10 EtaPi::Positive::P1+_re        27.883       0.27883       0.27883        6.4274
   11 EtaPi::Positive::P1+_im       -27.848       0.27848       0.27848       -6.4363
   12 EtaPi::Positive::D1+_re        72.629       0.72629       0.72629        22.056

 MIGRAD MINIMIZATION HAS CONVERGED.
 MIGRAD WILL VERIFY CONVERGENCE AND ERROR MATRIX.
 COVARIANCE MATRIX CALCULATED SUCCESSFULLY
 FCN=-7987.75 FROM HESSE      STATUS=OK            133         980 TOTAL

                     EDM=9.54232e-05    STRATEGY= 1      ERROR MATRIX ACCURATE 
  EXT PARAMETER                                              STEP         FIRST   
  NO.   NAME                   VALUE          ERROR          SIZE      DERIVATIVE 
    1 EtaPi::Negative::S0-_re        90.401        4.8426       0.18646     0.0017721
    2 EtaPi::Negative::P0-_re        1.5935        5.6561       0.18728   -0.00012292
    3 EtaPi::Negative::P0-_im       -13.591        15.434       0.59689    0.00022847
    4 EtaPi::Negative::P1-_re      -0.72999        2.3586       0.18572    4.8361e-05
    5 EtaPi::Negative::P1-_im       -10.474        16.842         0.725   -7.4893e-05
    6 EtaPi::Negative::D0-_re      -0.31698        3.9528       0.18753    2.8559e-05
    7 EtaPi::Negative::D0-_im        11.448        11.538       0.62705    -8.945e-05
    8 EtaPi::Negative::D1-_re        1.6879        3.3883       0.18642    0.00060117
    9 EtaPi::Negative::D1-_im       -12.813        11.756       0.61697    0.00018765
   10 EtaPi::Positive::P1+_re        13.626        24.553       0.84938   -0.00011936
   11 EtaPi::Positive::P1+_im       -0.4351        43.739        3.7426   -0.00036333
   12 EtaPi::Positive::D1+_re        6.9171        14.656       0.87078    9.9654e-05

 MIGRAD FAILS TO FIND IMPROVEMENT
 MIGRAD MINIMIZATION HAS CONVERGED.
 MIGRAD WILL VERIFY CONVERGENCE AND ERROR MATRIX.
 COVARIANCE MATRIX CALCULATED SUCCESSFULLY
 FCN=-7987.75 FROM MIGRAD     STATUS=CONVERGED    1180        1181 TOTAL

                     EDM=4.31021e-06    STRATEGY= 1      ERROR MATRIX ACCURATE 
  EXT PARAMETER                                              STEP         FIRST   
  NO.   NAME                   VALUE          ERROR          SIZE      DERIVATIVE 
    1 EtaPi::Negative::S0-_re        90.382        4.8691       0.18646   -0.00041522
    2 EtaPi::Negative::P0-_re        1.5927        5.6981       0.18729    2.8561e-05
    3 EtaPi::Negative::P0-_im       -13.635        15.528       0.59646    3.0358e-05
    4 EtaPi::Negative::P1-_re       -0.7362        2.3612       0.18572    1.7359e-06
    5 EtaPi::Negative::P1-_im       -10.514        16.931       0.72546    6.5597e-05
    6 EtaPi::Negative::D0-_re       -0.3159         3.978       0.18753    -4.095e-05
    7 EtaPi::Negative::D0-_im        11.438        11.585       0.62686   -4.0004e-05
    8 EtaPi::Negative::D1-_re        1.6778        3.4144       0.18643   -0.00015739
    9 EtaPi::Negative::D1-_im       -12.809        11.782       0.61676    3.9476e-05
   10 EtaPi::Positive::P1+_re        13.686            26       0.85167   -0.00014069
   11 EtaPi::Positive::P1+_im      0.007262        49.011        4.8824    5.9716e-06
   12 EtaPi::Positive::D1+_re        6.8944         14.78       0.87386   -5.5587e-05

 EXTERNAL ERROR MATRIX.    NDIM= 100    NPAR= 12    ERR DEF=1
        23.7
        14.4       32.5
        3.24      -48.5        241
        4.68      0.576       12.7       5.58
        57.7       61.6       10.5       12.8        287
       -9.94      -16.1       27.5     -0.037      -41.1       15.8
        19.3       39.1       9.39       2.66        122      -25.3        134
        6.87       3.28       26.9        2.6       38.4      -2.98       21.1       11.7
        20.1       40.6       -121       2.64       24.6      -17.9       13.9      -12.8        139
       -92.8      -87.8       75.6      -10.9       -265       75.6       -139      -25.8       -108        676
       -1.49       36.3      -40.7      -2.26       49.5        -20       53.8       4.65       24.8       -493    2.4e+03
        10.2      -24.5       68.6          5       19.9      -8.89       4.12       9.49      -33.4       -148        107
         218
 PARAMETER  CORRELATION COEFFICIENTS  
       NO.  GLOBAL      1      2      3      4      5      6      7      8      9     10     11     12
      1:     0.925  1.000  0.520  0.043  0.407  0.700 -0.513  0.343  0.413  0.350 -0.733 -0.006  0.142
      2:     0.945  0.520  1.000 -0.548  0.043  0.638 -0.710  0.592  0.169  0.605 -0.593  0.130 -0.291
      3:     0.924  0.043 -0.548  1.000  0.346  0.040  0.445  0.052  0.507 -0.662  0.187 -0.053  0.299
      4:     0.623  0.407  0.043  0.346  1.000  0.319 -0.004  0.097  0.322  0.095 -0.178 -0.019  0.143
      5:     0.905  0.700  0.638  0.040  0.319  1.000 -0.610  0.625  0.664  0.123 -0.601  0.060  0.079
      6:     0.883 -0.513 -0.710  0.445 -0.004 -0.610  1.000 -0.548 -0.219 -0.382  0.731 -0.103 -0.151
      7:     0.843  0.343  0.592  0.052  0.097  0.625 -0.548  1.000  0.534  0.102 -0.462  0.095  0.024
      8:     0.840  0.413  0.169  0.507  0.322  0.664 -0.219  0.534  1.000 -0.317 -0.291  0.028  0.188
      9:     0.854  0.350  0.605 -0.662  0.095  0.123 -0.382  0.102 -0.317  1.000 -0.353  0.043 -0.192
     10:     0.945 -0.733 -0.593  0.187 -0.178 -0.601  0.731 -0.462 -0.291 -0.353  1.000 -0.387 -0.385
     11:     0.687 -0.006  0.130 -0.053 -0.019  0.060 -0.103  0.095  0.028  0.043 -0.387  1.000  0.148
     12:     0.809  0.142 -0.291  0.299  0.143  0.079 -0.151  0.024  0.188 -0.192 -0.385  0.148  1.000

 MIGRAD evaluation total wall time:  0.11459 s.
    average time per function call:  0.096946 ms.

LIKELIHOOD AFTER MINIMIZATION:  -7987.8
Loading generated Monte Carlo...
Resetting source kin in thrown_pi0eta_tLT1_0.root
	Done.
Calculating integrals...
	Done.
Loading acccepted Monte Carlo...
Resetting source kin in reco_pi0eta_tLT1_0.root
	Done.
Calculating integrals...
	Done.
