
## CONFIGURATION INFO DISPLAY ##

############################################
#############   REACTION INFO  #############
############################################
      REACTION NAME:  EtaPi
      PARTICLE LIST:  4
		1.  gamma
		2.  Proton
		3.  Pi0
		4.  Eta
        DATA READER:  ROOTDataReader
				data_pi0eta_tLT1_44.root
      ACC MC READER:  ROOTDataReader
				reco_pi0eta_tLT1_44.root
      GEN MC READER:  ROOTDataReader
				thrown_pi0eta_tLT1_44.root
  NORMALIZATION INTEGRAL FILE: 
		    bin_44.ni
********************************************
***********  COHERENT SUM INFO  ************
********************************************
      REACTION NAME:  EtaPi
  COHERENT SUM NAME:  Positive
++++++++++++++++++++++++++++++++++++++++++++
+++++++++++++  AMPLITUDE INFO  +++++++++++++
++++++++++++++++++++++++++++++++++++++++++++
      REACTION NAME:  EtaPi
  COHERENT SUM NAME:  Positive
     AMPLITUDE NAME:  P1+
            FACTORS:  1
		1.   TwoPSAngles 1 1 1
       PERMUTATIONS:  0
        CONSTRAINTS:  0
         PARAMETERS:  0
      INITIAL VALUE:  (24.2232,-12.1764)
               REAL?  0
              FIXED?  0
              SCALE:  1.0
++++++++++++++++++++++++++++++++++++++++++++
+++++++++++++  AMPLITUDE INFO  +++++++++++++
++++++++++++++++++++++++++++++++++++++++++++
      REACTION NAME:  EtaPi
  COHERENT SUM NAME:  Positive
     AMPLITUDE NAME:  D1+
            FACTORS:  1
		1.   TwoPSAngles 2 1 1
       PERMUTATIONS:  0
        CONSTRAINTS:  0
         PARAMETERS:  0
      INITIAL VALUE:  (25.2975,0)
               REAL?  1
              FIXED?  0
              SCALE:  1.0
********************************************
***********  COHERENT SUM INFO  ************
********************************************
      REACTION NAME:  EtaPi
  COHERENT SUM NAME:  Negative
++++++++++++++++++++++++++++++++++++++++++++
+++++++++++++  AMPLITUDE INFO  +++++++++++++
++++++++++++++++++++++++++++++++++++++++++++
      REACTION NAME:  EtaPi
  COHERENT SUM NAME:  Negative
     AMPLITUDE NAME:  S0-
            FACTORS:  1
		1.   TwoPSAngles 0 0 -1
       PERMUTATIONS:  0
        CONSTRAINTS:  0
         PARAMETERS:  0
      INITIAL VALUE:  (368.201,0)
               REAL?  1
              FIXED?  0
              SCALE:  1.0
++++++++++++++++++++++++++++++++++++++++++++
+++++++++++++  AMPLITUDE INFO  +++++++++++++
++++++++++++++++++++++++++++++++++++++++++++
      REACTION NAME:  EtaPi
  COHERENT SUM NAME:  Negative
     AMPLITUDE NAME:  P0-
            FACTORS:  1
		1.   TwoPSAngles 1 0 -1
       PERMUTATIONS:  0
        CONSTRAINTS:  0
         PARAMETERS:  0
      INITIAL VALUE:  (66.4424,74.0922)
               REAL?  0
              FIXED?  0
              SCALE:  1.0
++++++++++++++++++++++++++++++++++++++++++++
+++++++++++++  AMPLITUDE INFO  +++++++++++++
++++++++++++++++++++++++++++++++++++++++++++
      REACTION NAME:  EtaPi
  COHERENT SUM NAME:  Negative
     AMPLITUDE NAME:  P1-
            FACTORS:  1
		1.   TwoPSAngles 1 1 -1
       PERMUTATIONS:  0
        CONSTRAINTS:  0
         PARAMETERS:  0
      INITIAL VALUE:  (34.0307,36.1192)
               REAL?  0
              FIXED?  0
              SCALE:  1.0
++++++++++++++++++++++++++++++++++++++++++++
+++++++++++++  AMPLITUDE INFO  +++++++++++++
++++++++++++++++++++++++++++++++++++++++++++
      REACTION NAME:  EtaPi
  COHERENT SUM NAME:  Negative
     AMPLITUDE NAME:  D0-
            FACTORS:  1
		1.   TwoPSAngles 2 0 -1
       PERMUTATIONS:  0
        CONSTRAINTS:  0
         PARAMETERS:  0
      INITIAL VALUE:  (252.524,89.6397)
               REAL?  0
              FIXED?  0
              SCALE:  1.0
++++++++++++++++++++++++++++++++++++++++++++
+++++++++++++  AMPLITUDE INFO  +++++++++++++
++++++++++++++++++++++++++++++++++++++++++++
      REACTION NAME:  EtaPi
  COHERENT SUM NAME:  Negative
     AMPLITUDE NAME:  D1-
            FACTORS:  1
		1.   TwoPSAngles 2 1 -1
       PERMUTATIONS:  0
        CONSTRAINTS:  0
         PARAMETERS:  0
      INITIAL VALUE:  (0.134328,25.415)
               REAL?  0
              FIXED?  0
              SCALE:  1.0
 **********
 **    1 **SET STRATEGY  1
 **********
 NOW USING STRATEGY  1: TRY TO BALANCE SPEED AGAINST RELIABILITY
 **********
 **    2 **SET EPS  1e-13
 **********
 FLOATING-POINT NUMBERS ASSUMED ACCURATE TO 1e-13

## AMPLITUDE MANAGER INITIALIZATION ##
 Creating amplitude manager for reaction:  EtaPi
	 particle index assignment:  gamma -->> 0
	 particle index assignment:  Proton -->> 1
	 particle index assignment:  Pi0 -->> 2
	 particle index assignment:  Eta -->> 3
 PARAMETER DEFINITIONS:
    NO.   NAME                 VALUE      STEP SIZE      LIMITS
     1 EtaPi::Negative::S0-_re        368.2        3.682     no limits
     2 EtaPi::Negative::P0-_re       66.442      0.66442     no limits
     3 EtaPi::Negative::P0-_im       74.092      0.74092     no limits
     4 EtaPi::Negative::P1-_re       34.031      0.34031     no limits
     5 EtaPi::Negative::P1-_im       36.119      0.36119     no limits
     6 EtaPi::Negative::D0-_re       252.52       2.5252     no limits
     7 EtaPi::Negative::D0-_im        89.64       0.8964     no limits
     8 EtaPi::Negative::D1-_re      0.13433    0.0013433     no limits
     9 EtaPi::Negative::D1-_im       25.415      0.25415     no limits
    10 EtaPi::Positive::P1+_re       24.223      0.24223     no limits
    11 EtaPi::Positive::P1+_im      -12.176      0.12176     no limits
    12 EtaPi::Positive::D1+_re       25.298      0.25298     no limits
Allocating Data and Amplitude Array in LikelihoodCalculator for EtaPi...
Resetting source kin in data_pi0eta_tLT1_44.root
	Done.
Loading acccepted Monte Carlo...
Resetting source kin in reco_pi0eta_tLT1_44.root
	Done.
Calculating integrals...
	Done.
LIKELIHOOD BEFORE MINIMIZATION:  24290
 **********
 **    3 **MIGRAD 5000
 **********
 FIRST CALL TO USER FUNCTION AT NEW START POINT, WITH IFLAG=4.
 START MIGRAD MINIMIZATION.  STRATEGY 1.  CONVERGENCE WHEN EDM .LT. 1.00e-04
 FCN=24289.8 FROM MIGRAD     STATUS=INITIATE       42          43 TOTAL

                     EDM= unknown      STRATEGY= 1      NO ERROR MATRIX       
  EXT PARAMETER                          CURRENT GUESS       STEP         FIRST   
  NO.   NAME                   VALUE          ERROR          SIZE      DERIVATIVE 
    1 EtaPi::Negative::S0-_re         368.2         3.682         3.682        110.81
    2 EtaPi::Negative::P0-_re        66.442       0.66442       0.66442        22.295
    3 EtaPi::Negative::P0-_im        74.092       0.74092       0.74092        23.022
    4 EtaPi::Negative::P1-_re        34.031       0.34031       0.34031        9.7256
    5 EtaPi::Negative::P1-_im        36.119       0.36119       0.36119        9.4453
    6 EtaPi::Negative::D0-_re        252.52        2.5252        2.5252        78.235
    7 EtaPi::Negative::D0-_im         89.64        0.8964        0.8964        24.888
    8 EtaPi::Negative::D1-_re       0.13433     0.0013433     0.0013433       -0.9331
    9 EtaPi::Negative::D1-_im        25.415       0.25415       0.25415        7.5807
   10 EtaPi::Positive::P1+_re        24.223       0.24223       0.24223        6.7409
   11 EtaPi::Positive::P1+_im       -12.176       0.12176       0.12176       -3.3442
   12 EtaPi::Positive::D1+_re        25.298       0.25298       0.25298         7.871

 MIGRAD MINIMIZATION HAS CONVERGED.
 MIGRAD WILL VERIFY CONVERGENCE AND ERROR MATRIX.
 COVARIANCE MATRIX CALCULATED SUCCESSFULLY
 FCN=-6310.98 FROM MIGRAD     STATUS=CONVERGED     963         964 TOTAL

                     EDM=1.99427e-05    STRATEGY= 1      ERROR MATRIX ACCURATE 
  EXT PARAMETER                                              STEP         FIRST   
  NO.   NAME                   VALUE          ERROR          SIZE      DERIVATIVE 
    1 EtaPi::Negative::S0-_re        5.4362        5.1679       0.36438    0.00029618
    2 EtaPi::Negative::P0-_re       -9.9039        4.9582       0.37452   -5.9682e-05
    3 EtaPi::Negative::P0-_im       -3.8318        4.2261       0.17632    0.00016498
    4 EtaPi::Negative::P1-_re        10.576        6.0056       0.38597    0.00020441
    5 EtaPi::Negative::P1-_im      -0.75889        4.0242       0.17254    0.00031361
    6 EtaPi::Negative::D0-_re       -9.2583         29.27       0.80054   -6.8664e-05
    7 EtaPi::Negative::D0-_im        81.249        3.7825       0.16279     0.0018874
    8 EtaPi::Negative::D1-_re       -1.0194         4.375       0.31203   -0.00010636
    9 EtaPi::Negative::D1-_im       0.69334        2.1891       0.18407   -0.00017814
   10 EtaPi::Positive::P1+_re      0.082723        46.386       0.68404    6.4888e-05
   11 EtaPi::Positive::P1+_im    -0.0048209        7.6632       0.68421   -0.00016405
   12 EtaPi::Positive::D1+_re     -0.080028        45.374       0.66976     9.997e-06

 EXTERNAL ERROR MATRIX.    NDIM= 100    NPAR= 12    ERR DEF=1
        26.7
        9.08       24.6
        7.97       3.87       17.9
       -9.89      -3.94       1.06       36.1
       -4.23      -1.06      -12.6       2.68       16.2
          40       8.68        107       19.1      -99.5        857
        5.52       3.51       12.1      -1.92      -11.6         94       14.3
       -1.26      -6.34      0.887         13      0.813       14.7     -0.574       19.1
      -0.204      -1.22       1.18       3.03     -0.861       8.14      0.431       2.69       4.79
       -23.3       6.03       11.8         13      -12.3       94.1       6.72       5.22      0.364   2.15e+03
      -0.406      0.808      0.274    -0.0707     -0.288       1.85       0.13     -0.224    -0.0337      -1.18       58.7
        22.3      -4.82      -11.4      -12.9       11.9      -91.1       -6.5      -5.42     -0.405  -2.08e+03       1.09
    2.06e+03
 PARAMETER  CORRELATION COEFFICIENTS  
       NO.  GLOBAL      1      2      3      4      5      6      7      8      9     10     11     12
      1:     0.614  1.000  0.354  0.365 -0.319 -0.204  0.264  0.283 -0.056 -0.018 -0.097 -0.010  0.095
      2:     0.534  0.354  1.000  0.185 -0.132 -0.053  0.060  0.187 -0.292 -0.112  0.026  0.021 -0.021
      3:     0.884  0.365  0.185  1.000  0.042 -0.741  0.867  0.758  0.048  0.127  0.060  0.008 -0.059
      4:     0.695 -0.319 -0.132  0.042  1.000  0.111  0.109 -0.085  0.496  0.231  0.047 -0.002 -0.047
      5:     0.877 -0.204 -0.053 -0.741  0.111  1.000 -0.845 -0.761  0.046 -0.098 -0.066 -0.009  0.065
      6:     0.952  0.264  0.060  0.867  0.109 -0.845  1.000  0.849  0.115  0.127  0.069  0.008 -0.069
      7:     0.876  0.283  0.187  0.758 -0.085 -0.761  0.849  1.000 -0.035  0.052  0.038  0.004 -0.038
      8:     0.602 -0.056 -0.292  0.048  0.496  0.046  0.115 -0.035  1.000  0.280  0.026 -0.007 -0.027
      9:     0.338 -0.018 -0.112  0.127  0.231 -0.098  0.127  0.052  0.280  1.000  0.004 -0.002 -0.004
     10:     0.986 -0.097  0.026  0.060  0.047 -0.066  0.069  0.038  0.026  0.004  1.000 -0.003 -0.986
     11:     0.036 -0.010  0.021  0.008 -0.002 -0.009  0.008  0.004 -0.007 -0.002 -0.003  1.000  0.003
     12:     0.986  0.095 -0.021 -0.059 -0.047  0.065 -0.069 -0.038 -0.027 -0.004 -0.986  0.003  1.000

 MIGRAD evaluation total wall time:  0.074298 s.
    average time per function call:  0.076993 ms.

LIKELIHOOD AFTER MINIMIZATION:  -6311
Loading generated Monte Carlo...
Resetting source kin in thrown_pi0eta_tLT1_44.root
	Done.
Calculating integrals...
	Done.
Loading acccepted Monte Carlo...
Resetting source kin in reco_pi0eta_tLT1_44.root
	Done.
Calculating integrals...
	Done.
