
## CONFIGURATION INFO DISPLAY ##

############################################
#############   REACTION INFO  #############
############################################
      REACTION NAME:  EtaPi
      PARTICLE LIST:  4
		1.  gamma
		2.  Proton
		3.  Pi0
		4.  Eta
        DATA READER:  ROOTDataReader
				data_pi0eta_tLT1_25.root
      ACC MC READER:  ROOTDataReader
				reco_pi0eta_tLT1_25.root
      GEN MC READER:  ROOTDataReader
				thrown_pi0eta_tLT1_25.root
  NORMALIZATION INTEGRAL FILE: 
		    bin_25.ni
********************************************
***********  COHERENT SUM INFO  ************
********************************************
      REACTION NAME:  EtaPi
  COHERENT SUM NAME:  Positive
++++++++++++++++++++++++++++++++++++++++++++
+++++++++++++  AMPLITUDE INFO  +++++++++++++
++++++++++++++++++++++++++++++++++++++++++++
      REACTION NAME:  EtaPi
  COHERENT SUM NAME:  Positive
     AMPLITUDE NAME:  P1+
            FACTORS:  1
		1.   TwoPSAngles 1 1 1
       PERMUTATIONS:  0
        CONSTRAINTS:  0
         PARAMETERS:  0
      INITIAL VALUE:  (56.3724,-23.9249)
               REAL?  0
              FIXED?  0
              SCALE:  1.0
++++++++++++++++++++++++++++++++++++++++++++
+++++++++++++  AMPLITUDE INFO  +++++++++++++
++++++++++++++++++++++++++++++++++++++++++++
      REACTION NAME:  EtaPi
  COHERENT SUM NAME:  Positive
     AMPLITUDE NAME:  D1+
            FACTORS:  1
		1.   TwoPSAngles 2 1 1
       PERMUTATIONS:  0
        CONSTRAINTS:  0
         PARAMETERS:  0
      INITIAL VALUE:  (77.2194,0)
               REAL?  1
              FIXED?  0
              SCALE:  1.0
********************************************
***********  COHERENT SUM INFO  ************
********************************************
      REACTION NAME:  EtaPi
  COHERENT SUM NAME:  Negative
++++++++++++++++++++++++++++++++++++++++++++
+++++++++++++  AMPLITUDE INFO  +++++++++++++
++++++++++++++++++++++++++++++++++++++++++++
      REACTION NAME:  EtaPi
  COHERENT SUM NAME:  Negative
     AMPLITUDE NAME:  S0-
            FACTORS:  1
		1.   TwoPSAngles 0 0 -1
       PERMUTATIONS:  0
        CONSTRAINTS:  0
         PARAMETERS:  0
      INITIAL VALUE:  (407.939,0)
               REAL?  1
              FIXED?  0
              SCALE:  1.0
++++++++++++++++++++++++++++++++++++++++++++
+++++++++++++  AMPLITUDE INFO  +++++++++++++
++++++++++++++++++++++++++++++++++++++++++++
      REACTION NAME:  EtaPi
  COHERENT SUM NAME:  Negative
     AMPLITUDE NAME:  P0-
            FACTORS:  1
		1.   TwoPSAngles 1 0 -1
       PERMUTATIONS:  0
        CONSTRAINTS:  0
         PARAMETERS:  0
      INITIAL VALUE:  (37.7306,43.8665)
               REAL?  0
              FIXED?  0
              SCALE:  1.0
++++++++++++++++++++++++++++++++++++++++++++
+++++++++++++  AMPLITUDE INFO  +++++++++++++
++++++++++++++++++++++++++++++++++++++++++++
      REACTION NAME:  EtaPi
  COHERENT SUM NAME:  Negative
     AMPLITUDE NAME:  P1-
            FACTORS:  1
		1.   TwoPSAngles 1 1 -1
       PERMUTATIONS:  0
        CONSTRAINTS:  0
         PARAMETERS:  0
      INITIAL VALUE:  (13.6881,6.12985)
               REAL?  0
              FIXED?  0
              SCALE:  1.0
++++++++++++++++++++++++++++++++++++++++++++
+++++++++++++  AMPLITUDE INFO  +++++++++++++
++++++++++++++++++++++++++++++++++++++++++++
      REACTION NAME:  EtaPi
  COHERENT SUM NAME:  Negative
     AMPLITUDE NAME:  D0-
            FACTORS:  1
		1.   TwoPSAngles 2 0 -1
       PERMUTATIONS:  0
        CONSTRAINTS:  0
         PARAMETERS:  0
      INITIAL VALUE:  (140.061,14.7321)
               REAL?  0
              FIXED?  0
              SCALE:  1.0
++++++++++++++++++++++++++++++++++++++++++++
+++++++++++++  AMPLITUDE INFO  +++++++++++++
++++++++++++++++++++++++++++++++++++++++++++
      REACTION NAME:  EtaPi
  COHERENT SUM NAME:  Negative
     AMPLITUDE NAME:  D1-
            FACTORS:  1
		1.   TwoPSAngles 2 1 -1
       PERMUTATIONS:  0
        CONSTRAINTS:  0
         PARAMETERS:  0
      INITIAL VALUE:  (0.243248,-13.3963)
               REAL?  0
              FIXED?  0
              SCALE:  1.0
 **********
 **    1 **SET STRATEGY  1
 **********
 NOW USING STRATEGY  1: TRY TO BALANCE SPEED AGAINST RELIABILITY
 **********
 **    2 **SET EPS  1e-13
 **********
 FLOATING-POINT NUMBERS ASSUMED ACCURATE TO 1e-13

## AMPLITUDE MANAGER INITIALIZATION ##
 Creating amplitude manager for reaction:  EtaPi
	 particle index assignment:  gamma -->> 0
	 particle index assignment:  Proton -->> 1
	 particle index assignment:  Pi0 -->> 2
	 particle index assignment:  Eta -->> 3
 PARAMETER DEFINITIONS:
    NO.   NAME                 VALUE      STEP SIZE      LIMITS
     1 EtaPi::Negative::S0-_re       407.94       4.0794     no limits
     2 EtaPi::Negative::P0-_re       37.731      0.37731     no limits
     3 EtaPi::Negative::P0-_im       43.867      0.43867     no limits
     4 EtaPi::Negative::P1-_re       13.688      0.13688     no limits
     5 EtaPi::Negative::P1-_im       6.1299     0.061299     no limits
     6 EtaPi::Negative::D0-_re       140.06       1.4006     no limits
     7 EtaPi::Negative::D0-_im       14.732      0.14732     no limits
     8 EtaPi::Negative::D1-_re      0.24325    0.0024325     no limits
     9 EtaPi::Negative::D1-_im      -13.396      0.13396     no limits
    10 EtaPi::Positive::P1+_re       56.372      0.56372     no limits
    11 EtaPi::Positive::P1+_im      -23.925      0.23925     no limits
    12 EtaPi::Positive::D1+_re       77.219      0.77219     no limits
Allocating Data and Amplitude Array in LikelihoodCalculator for EtaPi...
Resetting source kin in data_pi0eta_tLT1_25.root
	Done.
Loading acccepted Monte Carlo...
Resetting source kin in reco_pi0eta_tLT1_25.root
	Done.
Calculating integrals...
	Done.
LIKELIHOOD BEFORE MINIMIZATION:  -33440
 **********
 **    3 **MIGRAD 5000
 **********
 FIRST CALL TO USER FUNCTION AT NEW START POINT, WITH IFLAG=4.
 START MIGRAD MINIMIZATION.  STRATEGY 1.  CONVERGENCE WHEN EDM .LT. 1.00e-04
 FCN=-33440.3 FROM MIGRAD     STATUS=INITIATE       48          49 TOTAL

                     EDM= unknown      STRATEGY= 1      NO ERROR MATRIX       
  EXT PARAMETER                          CURRENT GUESS       STEP         FIRST   
  NO.   NAME                   VALUE          ERROR          SIZE      DERIVATIVE 
    1 EtaPi::Negative::S0-_re        407.94        4.0794        4.0794        98.418
    2 EtaPi::Negative::P0-_re        37.731       0.37731       0.37731        10.927
    3 EtaPi::Negative::P0-_im        43.867       0.43867       0.43867        11.355
    4 EtaPi::Negative::P1-_re        13.688       0.13688       0.13688        5.3438
    5 EtaPi::Negative::P1-_im        6.1299      0.061299      0.061299        1.1126
    6 EtaPi::Negative::D0-_re        140.06        1.4006        1.4006        42.124
    7 EtaPi::Negative::D0-_im        14.732       0.14732       0.14732        2.7901
    8 EtaPi::Negative::D1-_re       0.24325     0.0024325     0.0024325       0.69366
    9 EtaPi::Negative::D1-_im       -13.396       0.13396       0.13396       -3.4838
   10 EtaPi::Positive::P1+_re        56.372       0.56372       0.56372        12.718
   11 EtaPi::Positive::P1+_im       -23.925       0.23925       0.23925       -5.2073
   12 EtaPi::Positive::D1+_re        77.219       0.77219       0.77219        21.628

 MIGRAD FAILS TO FIND IMPROVEMENT
 MACHINE ACCURACY LIMITS FURTHER IMPROVEMENT.
 MIGRAD MINIMIZATION HAS CONVERGED.
 FCN=-49795.5 FROM MIGRAD     STATUS=CONVERGED     804         805 TOTAL

                     EDM=0.000106755    STRATEGY= 1  ERROR MATRIX UNCERTAINTY     4 per cent
  EXT PARAMETER                                              STEP         FIRST   
  NO.   NAME                   VALUE          ERROR          SIZE      DERIVATIVE 
    1 EtaPi::Negative::S0-_re        84.811        4.0507             0    -0.0017263
    2 EtaPi::Negative::P0-_re        5.7335        3.4908             0   -0.00073508
    3 EtaPi::Negative::P0-_im        2.5149        2.3182             0   -0.00010555
    4 EtaPi::Negative::P1-_re       -2.8016        3.2648             0   -0.00042634
    5 EtaPi::Negative::P1-_im       -2.8756        2.4542             0    0.00024965
    6 EtaPi::Negative::D0-_re       -1.3099        4.9449             0    0.00015923
    7 EtaPi::Negative::D0-_im        187.78        2.2991            -0    -0.0014318
    8 EtaPi::Negative::D1-_re       -2.9655        2.5558            -0     0.0020678
    9 EtaPi::Negative::D1-_im       -1.8745        2.4289             0   -0.00027336
   10 EtaPi::Positive::P1+_re        4.1574        9.6649            -0     0.0021906
   11 EtaPi::Positive::P1+_im       0.26036        19.474            -0     0.0012128
   12 EtaPi::Positive::D1+_re        -3.055        15.303             0   -0.00088079

 EXTERNAL ERROR MATRIX.    NDIM= 100    NPAR= 12    ERR DEF=1
        16.4
       -2.43       12.2
       0.518      -3.05       5.37
       0.659      0.135     0.0523       10.7
      0.0165      0.186     -0.169        3.8       6.02
        5.83     -0.785     -0.233     -0.371  -0.000504       24.5
       -4.79      0.149     0.0765    -0.0122      0.156      -1.94       5.29
     -0.0994    0.00329      0.147     -0.496     -0.146      0.796    -0.0865       6.53
       0.377      0.427     -0.174      0.578      0.472      0.028     -0.167      -0.69        5.9
       -16.2        3.7      -1.27      -2.44      -1.29      -3.98      0.203       5.42     -0.728       93.4
        19.9      -17.3       2.93     -0.795     -0.308      -7.67      -1.37       4.52     -0.809       -150        379
        24.5      -19.5       3.77      0.556      0.289       13.3      -3.31      -3.88      0.535      -28.1       79.5
         234
 PARAMETER  CORRELATION COEFFICIENTS  
       NO.  GLOBAL      1      2      3      4      5      6      7      8      9     10     11     12
      1:     0.778  1.000 -0.172  0.055  0.050  0.002  0.291 -0.514 -0.010  0.038 -0.415  0.253  0.395
      2:     0.565 -0.172  1.000 -0.377  0.012  0.022 -0.045  0.019  0.000  0.050  0.110 -0.254 -0.365
      3:     0.403  0.055 -0.377  1.000  0.007 -0.030 -0.020  0.014  0.025 -0.031 -0.057  0.065  0.106
      4:     0.490  0.050  0.012  0.007  1.000  0.474 -0.023 -0.002 -0.059  0.073 -0.077 -0.013  0.011
      5:     0.482  0.002  0.022 -0.030  0.474  1.000 -0.000  0.028 -0.023  0.079 -0.054 -0.006  0.008
      6:     0.463  0.291 -0.045 -0.020 -0.023 -0.000  1.000 -0.171  0.063  0.002 -0.083 -0.080  0.176
      7:     0.623 -0.514  0.019  0.014 -0.002  0.028 -0.171  1.000 -0.015 -0.030  0.009 -0.031 -0.094
      8:     0.632 -0.010  0.000  0.025 -0.059 -0.023  0.063 -0.015  1.000 -0.111  0.220  0.091 -0.099
      9:     0.155  0.038  0.050 -0.031  0.073  0.079  0.002 -0.030 -0.111  1.000 -0.031 -0.017  0.014
     10:     0.917 -0.415  0.110 -0.057 -0.077 -0.054 -0.083  0.009  0.220 -0.031  1.000 -0.795 -0.190
     11:     0.904  0.253 -0.254  0.065 -0.013 -0.006 -0.080 -0.031  0.091 -0.017 -0.795  1.000  0.267
     12:     0.604  0.395 -0.365  0.106  0.011  0.008  0.176 -0.094 -0.099  0.014 -0.190  0.267  1.000

 MIGRAD evaluation total wall time:  0.35758 s.
    average time per function call:  0.44365 ms.

LIKELIHOOD AFTER MINIMIZATION:  -49796
Loading generated Monte Carlo...
Resetting source kin in thrown_pi0eta_tLT1_25.root
	Done.
Calculating integrals...
	Done.
Loading acccepted Monte Carlo...
Resetting source kin in reco_pi0eta_tLT1_25.root
	Done.
Calculating integrals...
	Done.
