
## CONFIGURATION INFO DISPLAY ##

############################################
#############   REACTION INFO  #############
############################################
      REACTION NAME:  EtaPi
      PARTICLE LIST:  4
		1.  gamma
		2.  Proton
		3.  Pi0
		4.  Eta
        DATA READER:  ROOTDataReader
				data_pi0eta_tLT1_30.root
      ACC MC READER:  ROOTDataReader
				reco_pi0eta_tLT1_30.root
      GEN MC READER:  ROOTDataReader
				thrown_pi0eta_tLT1_30.root
  NORMALIZATION INTEGRAL FILE: 
		    bin_30.ni
********************************************
***********  COHERENT SUM INFO  ************
********************************************
      REACTION NAME:  EtaPi
  COHERENT SUM NAME:  Positive
++++++++++++++++++++++++++++++++++++++++++++
+++++++++++++  AMPLITUDE INFO  +++++++++++++
++++++++++++++++++++++++++++++++++++++++++++
      REACTION NAME:  EtaPi
  COHERENT SUM NAME:  Positive
     AMPLITUDE NAME:  P1+
            FACTORS:  1
		1.   TwoPSAngles 1 1 1
       PERMUTATIONS:  0
        CONSTRAINTS:  0
         PARAMETERS:  0
      INITIAL VALUE:  (55.398,-13.0134)
               REAL?  0
              FIXED?  0
              SCALE:  1.0
++++++++++++++++++++++++++++++++++++++++++++
+++++++++++++  AMPLITUDE INFO  +++++++++++++
++++++++++++++++++++++++++++++++++++++++++++
      REACTION NAME:  EtaPi
  COHERENT SUM NAME:  Positive
     AMPLITUDE NAME:  D1+
            FACTORS:  1
		1.   TwoPSAngles 2 1 1
       PERMUTATIONS:  0
        CONSTRAINTS:  0
         PARAMETERS:  0
      INITIAL VALUE:  (72.41,0)
               REAL?  1
              FIXED?  0
              SCALE:  1.0
********************************************
***********  COHERENT SUM INFO  ************
********************************************
      REACTION NAME:  EtaPi
  COHERENT SUM NAME:  Negative
++++++++++++++++++++++++++++++++++++++++++++
+++++++++++++  AMPLITUDE INFO  +++++++++++++
++++++++++++++++++++++++++++++++++++++++++++
      REACTION NAME:  EtaPi
  COHERENT SUM NAME:  Negative
     AMPLITUDE NAME:  S0-
            FACTORS:  1
		1.   TwoPSAngles 0 0 -1
       PERMUTATIONS:  0
        CONSTRAINTS:  0
         PARAMETERS:  0
      INITIAL VALUE:  (101.047,0)
               REAL?  1
              FIXED?  0
              SCALE:  1.0
++++++++++++++++++++++++++++++++++++++++++++
+++++++++++++  AMPLITUDE INFO  +++++++++++++
++++++++++++++++++++++++++++++++++++++++++++
      REACTION NAME:  EtaPi
  COHERENT SUM NAME:  Negative
     AMPLITUDE NAME:  P0-
            FACTORS:  1
		1.   TwoPSAngles 1 0 -1
       PERMUTATIONS:  0
        CONSTRAINTS:  0
         PARAMETERS:  0
      INITIAL VALUE:  (27.8606,1.7079)
               REAL?  0
              FIXED?  0
              SCALE:  1.0
++++++++++++++++++++++++++++++++++++++++++++
+++++++++++++  AMPLITUDE INFO  +++++++++++++
++++++++++++++++++++++++++++++++++++++++++++
      REACTION NAME:  EtaPi
  COHERENT SUM NAME:  Negative
     AMPLITUDE NAME:  P1-
            FACTORS:  1
		1.   TwoPSAngles 1 1 -1
       PERMUTATIONS:  0
        CONSTRAINTS:  0
         PARAMETERS:  0
      INITIAL VALUE:  (-7.70543,16.7393)
               REAL?  0
              FIXED?  0
              SCALE:  1.0
++++++++++++++++++++++++++++++++++++++++++++
+++++++++++++  AMPLITUDE INFO  +++++++++++++
++++++++++++++++++++++++++++++++++++++++++++
      REACTION NAME:  EtaPi
  COHERENT SUM NAME:  Negative
     AMPLITUDE NAME:  D0-
            FACTORS:  1
		1.   TwoPSAngles 2 0 -1
       PERMUTATIONS:  0
        CONSTRAINTS:  0
         PARAMETERS:  0
      INITIAL VALUE:  (239.458,-8.71961)
               REAL?  0
              FIXED?  0
              SCALE:  1.0
++++++++++++++++++++++++++++++++++++++++++++
+++++++++++++  AMPLITUDE INFO  +++++++++++++
++++++++++++++++++++++++++++++++++++++++++++
      REACTION NAME:  EtaPi
  COHERENT SUM NAME:  Negative
     AMPLITUDE NAME:  D1-
            FACTORS:  1
		1.   TwoPSAngles 2 1 -1
       PERMUTATIONS:  0
        CONSTRAINTS:  0
         PARAMETERS:  0
      INITIAL VALUE:  (4.64757,-6.25024)
               REAL?  0
              FIXED?  0
              SCALE:  1.0
 **********
 **    1 **SET STRATEGY  1
 **********
 NOW USING STRATEGY  1: TRY TO BALANCE SPEED AGAINST RELIABILITY
 **********
 **    2 **SET EPS  1e-13
 **********
 FLOATING-POINT NUMBERS ASSUMED ACCURATE TO 1e-13

## AMPLITUDE MANAGER INITIALIZATION ##
 Creating amplitude manager for reaction:  EtaPi
	 particle index assignment:  gamma -->> 0
	 particle index assignment:  Proton -->> 1
	 particle index assignment:  Pi0 -->> 2
	 particle index assignment:  Eta -->> 3
 PARAMETER DEFINITIONS:
    NO.   NAME                 VALUE      STEP SIZE      LIMITS
     1 EtaPi::Negative::S0-_re       101.05       1.0105     no limits
     2 EtaPi::Negative::P0-_re       27.861      0.27861     no limits
     3 EtaPi::Negative::P0-_im       1.7079     0.017079     no limits
     4 EtaPi::Negative::P1-_re      -7.7054     0.077054     no limits
     5 EtaPi::Negative::P1-_im       16.739      0.16739     no limits
     6 EtaPi::Negative::D0-_re       239.46       2.3946     no limits
     7 EtaPi::Negative::D0-_im      -8.7196     0.087196     no limits
     8 EtaPi::Negative::D1-_re       4.6476     0.046476     no limits
     9 EtaPi::Negative::D1-_im      -6.2502     0.062502     no limits
    10 EtaPi::Positive::P1+_re       55.398      0.55398     no limits
    11 EtaPi::Positive::P1+_im      -13.013      0.13013     no limits
    12 EtaPi::Positive::D1+_re        72.41       0.7241     no limits
Allocating Data and Amplitude Array in LikelihoodCalculator for EtaPi...
Resetting source kin in data_pi0eta_tLT1_30.root
	Done.
Loading acccepted Monte Carlo...
Resetting source kin in reco_pi0eta_tLT1_30.root
	Done.
Calculating integrals...
	Done.
LIKELIHOOD BEFORE MINIMIZATION:  -2.3688e+05
 **********
 **    3 **MIGRAD 5000
 **********
 FIRST CALL TO USER FUNCTION AT NEW START POINT, WITH IFLAG=4.
 START MIGRAD MINIMIZATION.  STRATEGY 1.  CONVERGENCE WHEN EDM .LT. 1.00e-04
 FCN=-244885 FROM MIGRAD     STATUS=INITIATE      221         222 TOTAL

                     EDM= unknown      STRATEGY= 1      NO ERROR MATRIX       
  EXT PARAMETER                          CURRENT GUESS       STEP         FIRST   
  NO.   NAME                   VALUE          ERROR          SIZE      DERIVATIVE 
    1 EtaPi::Negative::S0-_re        101.05        1.0105             0        12.108
    2 EtaPi::Negative::P0-_re        27.861       0.27861             0        9.9745
    3 EtaPi::Negative::P0-_im        237.31      0.017079             0        24.098
    4 EtaPi::Negative::P1-_re       -7.7054      0.077054             0       -1.0721
    5 EtaPi::Negative::P1-_im         191.7       0.16739             0        11.172
    6 EtaPi::Negative::D0-_re        239.46        2.3946             0       -16.193
    7 EtaPi::Negative::D0-_im       -8.7196      0.087196             0        5.0305
    8 EtaPi::Negative::D1-_re        4.6476      0.046476             0        8.1199
    9 EtaPi::Negative::D1-_im       -6.2502      0.062502             0         -3.86
   10 EtaPi::Positive::P1+_re        167.23       0.55398             0        3.0859
   11 EtaPi::Positive::P1+_im       -68.994       0.13013       -55.981     -0.022236
   12 EtaPi::Positive::D1+_re         72.41        0.7241             0        15.399

 MIGRAD FAILS TO FIND IMPROVEMENT
 MACHINE ACCURACY LIMITS FURTHER IMPROVEMENT.
 MIGRAD MINIMIZATION HAS CONVERGED.
 MIGRAD WILL VERIFY CONVERGENCE AND ERROR MATRIX.
 EIGENVALUES OF SECOND-DERIVATIVE MATRIX:
       -0.09288270.04847710.4265230.4665450.6039220.8153031.010151.090761.320691.503531.826822.98017 MINUIT WARNING IN HESSE   
 ============== MATRIX FORCED POS-DEF BY ADDING %f TO DIAGONAL. 0.0958628
 FCN=-252096 FROM HESSE      STATUS=NOT POSDEF    137         930 TOTAL

                     EDM=0.0196757    STRATEGY= 1      ERR MATRIX NOT POS-DEF
  EXT PARAMETER                           APPROXIMATE        STEP         FIRST   
  NO.   NAME                   VALUE          ERROR          SIZE      DERIVATIVE 
    1 EtaPi::Negative::S0-_re        1.8365        2.0458        1.0648   -0.00045056
    2 EtaPi::Negative::P0-_re       -1.4229        2.0044        1.0622   -0.00064745
    3 EtaPi::Negative::P0-_im       -1.9084        9.2286        4.7291   -0.00040257
    4 EtaPi::Negative::P1-_re        1.7207        2.6482        1.0569   -0.00086542
    5 EtaPi::Negative::P1-_im        32.291        8.5789        3.8234    -0.0046947
    6 EtaPi::Negative::D0-_re        410.88        3.0464        1.0111    -0.0019665
    7 EtaPi::Negative::D0-_im       -46.707        25.094        7.3938    0.00027666
    8 EtaPi::Negative::D1-_re       0.74109        1.9874        1.0948   -0.00022066
    9 EtaPi::Negative::D1-_im        8.8046        6.7269        3.2661     0.0029226
   10 EtaPi::Positive::P1+_re        47.287        69.193        3.1459    -0.0037824
   11 EtaPi::Positive::P1+_im       -0.2104        1358.1        6.0288    1.7001e-05
   12 EtaPi::Positive::D1+_re        2.8595        12.304        2.7378    -0.0017521

 MIGRAD FAILS TO FIND IMPROVEMENT
 MACHINE ACCURACY LIMITS FURTHER IMPROVEMENT.
 MIGRAD MINIMIZATION HAS CONVERGED.
 MIGRAD WILL VERIFY CONVERGENCE AND ERROR MATRIX.
 COVARIANCE MATRIX CALCULATED SUCCESSFULLY
 FCN=-252096 FROM MIGRAD     STATUS=CONVERGED    1168        1169 TOTAL

                     EDM=5.06009e-05    STRATEGY= 1      ERROR MATRIX ACCURATE 
  EXT PARAMETER                                              STEP         FIRST   
  NO.   NAME                   VALUE          ERROR          SIZE      DERIVATIVE 
    1 EtaPi::Negative::S0-_re        1.8531        2.0438        1.0649   -0.00068897
    2 EtaPi::Negative::P0-_re       -1.4176        2.1613        1.0622   -0.00011395
    3 EtaPi::Negative::P0-_im       -1.8729        9.8235         4.722   -0.00020787
    4 EtaPi::Negative::P1-_re        1.7129        3.9791         1.057     0.0006421
    5 EtaPi::Negative::P1-_im        32.444        8.4932        3.8138   -0.00034405
    6 EtaPi::Negative::D0-_re         410.9        4.8085         1.011    -0.0021664
    7 EtaPi::Negative::D0-_im       -46.417        42.043         7.423    0.00041611
    8 EtaPi::Negative::D1-_re       0.73105        2.2151         1.095    0.00062006
    9 EtaPi::Negative::D1-_im        8.7006         6.818        3.2564   -0.00022741
   10 EtaPi::Positive::P1+_re        47.339        10.382         3.143    4.0907e-05
   11 EtaPi::Positive::P1+_im      -0.86783        71.177          13.3   -8.9541e-05
   12 EtaPi::Positive::D1+_re        2.9127          5.48        2.7358   -0.00018252

 EXTERNAL ERROR MATRIX.    NDIM= 100    NPAR= 12    ERR DEF=1
        4.18
       0.216       4.67
        1.45       10.2       96.5
       0.555      -1.27      -4.43       15.8
        3.77      0.189       9.12       7.49       72.1
      -0.814       1.36       4.23      -15.4      -4.98       23.1
        -1.9       13.4       48.3       -144      -10.8        185   1.77e+03
     -0.0878     -0.376       -1.6       3.36       0.58      -4.04      -37.9       4.91
       -1.86      0.558       7.88      -2.23      -15.6       2.45       18.5       3.11       46.5
        3.06      0.364       1.33      -1.55      -11.6      -2.63       5.44    -0.0255        1.4        108
        1.93      -1.21      -13.1     -0.122      -8.24      -2.55      -6.78       -1.6      -19.9       -580   5.07e+03
       0.766     -0.972      -8.57      0.806       1.64      -1.34      -7.29      -1.07      -14.5      -4.32       80.4
          30
 PARAMETER  CORRELATION COEFFICIENTS  
       NO.  GLOBAL      1      2      3      4      5      6      7      8      9     10     11     12
      1:     0.386  1.000  0.049  0.072  0.068  0.217 -0.083 -0.022 -0.019 -0.134  0.144  0.013  0.068
      2:     0.492  0.049  1.000  0.480 -0.147  0.010  0.131  0.147 -0.078  0.038  0.016 -0.008 -0.082
      3:     0.525  0.072  0.480  1.000 -0.113  0.109  0.090  0.117 -0.073  0.118  0.013 -0.019 -0.159
      4:     0.882  0.068 -0.147 -0.113  1.000  0.222 -0.807 -0.859  0.381 -0.082 -0.037 -0.000  0.037
      5:     0.607  0.217  0.010  0.109  0.222  1.000 -0.122 -0.030  0.031 -0.269 -0.131 -0.014  0.035
      6:     0.928 -0.083  0.131  0.090 -0.807 -0.122  1.000  0.913 -0.379  0.075 -0.053 -0.007 -0.051
      7:     0.950 -0.022  0.147  0.117 -0.859 -0.030  0.913  1.000 -0.407  0.065  0.012 -0.002 -0.032
      8:     0.483 -0.019 -0.078 -0.073  0.381  0.031 -0.379 -0.407  1.000  0.206 -0.001 -0.010 -0.088
      9:     0.534 -0.134  0.038  0.118 -0.082 -0.269  0.075  0.065  0.206  1.000  0.020 -0.041 -0.389
     10:     0.844  0.144  0.016  0.013 -0.037 -0.131 -0.053  0.012 -0.001  0.020  1.000 -0.784 -0.076
     11:     0.836  0.013 -0.008 -0.019 -0.000 -0.014 -0.007 -0.002 -0.010 -0.041 -0.784  1.000  0.206
     12:     0.467  0.068 -0.082 -0.159  0.037  0.035 -0.051 -0.032 -0.088 -0.389 -0.076  0.206  1.000

 MIGRAD evaluation total wall time:  1.9916 s.
    average time per function call:  1.7022 ms.

LIKELIHOOD AFTER MINIMIZATION:  -2.521e+05
Loading generated Monte Carlo...
Resetting source kin in thrown_pi0eta_tLT1_30.root
	Done.
Calculating integrals...
	Done.
Loading acccepted Monte Carlo...
Resetting source kin in reco_pi0eta_tLT1_30.root
	Done.
Calculating integrals...
	Done.
