
## CONFIGURATION INFO DISPLAY ##

############################################
#############   REACTION INFO  #############
############################################
      REACTION NAME:  EtaPi
      PARTICLE LIST:  4
		1.  gamma
		2.  Proton
		3.  Pi0
		4.  Eta
        DATA READER:  ROOTDataReader
				data_pi0eta_tLT1_51.root
      ACC MC READER:  ROOTDataReader
				reco_pi0eta_tLT1_51.root
      GEN MC READER:  ROOTDataReader
				thrown_pi0eta_tLT1_51.root
  NORMALIZATION INTEGRAL FILE: 
		    bin_51.ni
********************************************
***********  COHERENT SUM INFO  ************
********************************************
      REACTION NAME:  EtaPi
  COHERENT SUM NAME:  Positive
++++++++++++++++++++++++++++++++++++++++++++
+++++++++++++  AMPLITUDE INFO  +++++++++++++
++++++++++++++++++++++++++++++++++++++++++++
      REACTION NAME:  EtaPi
  COHERENT SUM NAME:  Positive
     AMPLITUDE NAME:  P1+
            FACTORS:  1
		1.   TwoPSAngles 1 1 1
       PERMUTATIONS:  0
        CONSTRAINTS:  0
         PARAMETERS:  0
      INITIAL VALUE:  (31.181,-27.6288)
               REAL?  0
              FIXED?  0
              SCALE:  1.0
++++++++++++++++++++++++++++++++++++++++++++
+++++++++++++  AMPLITUDE INFO  +++++++++++++
++++++++++++++++++++++++++++++++++++++++++++
      REACTION NAME:  EtaPi
  COHERENT SUM NAME:  Positive
     AMPLITUDE NAME:  D1+
            FACTORS:  1
		1.   TwoPSAngles 2 1 1
       PERMUTATIONS:  0
        CONSTRAINTS:  0
         PARAMETERS:  0
      INITIAL VALUE:  (73.0676,0)
               REAL?  1
              FIXED?  0
              SCALE:  1.0
********************************************
***********  COHERENT SUM INFO  ************
********************************************
      REACTION NAME:  EtaPi
  COHERENT SUM NAME:  Negative
++++++++++++++++++++++++++++++++++++++++++++
+++++++++++++  AMPLITUDE INFO  +++++++++++++
++++++++++++++++++++++++++++++++++++++++++++
      REACTION NAME:  EtaPi
  COHERENT SUM NAME:  Negative
     AMPLITUDE NAME:  S0-
            FACTORS:  1
		1.   TwoPSAngles 0 0 -1
       PERMUTATIONS:  0
        CONSTRAINTS:  0
         PARAMETERS:  0
      INITIAL VALUE:  (499.306,0)
               REAL?  1
              FIXED?  0
              SCALE:  1.0
++++++++++++++++++++++++++++++++++++++++++++
+++++++++++++  AMPLITUDE INFO  +++++++++++++
++++++++++++++++++++++++++++++++++++++++++++
      REACTION NAME:  EtaPi
  COHERENT SUM NAME:  Negative
     AMPLITUDE NAME:  P0-
            FACTORS:  1
		1.   TwoPSAngles 1 0 -1
       PERMUTATIONS:  0
        CONSTRAINTS:  0
         PARAMETERS:  0
      INITIAL VALUE:  (37.898,16.7803)
               REAL?  0
              FIXED?  0
              SCALE:  1.0
++++++++++++++++++++++++++++++++++++++++++++
+++++++++++++  AMPLITUDE INFO  +++++++++++++
++++++++++++++++++++++++++++++++++++++++++++
      REACTION NAME:  EtaPi
  COHERENT SUM NAME:  Negative
     AMPLITUDE NAME:  P1-
            FACTORS:  1
		1.   TwoPSAngles 1 1 -1
       PERMUTATIONS:  0
        CONSTRAINTS:  0
         PARAMETERS:  0
      INITIAL VALUE:  (2.19219,31.1145)
               REAL?  0
              FIXED?  0
              SCALE:  1.0
++++++++++++++++++++++++++++++++++++++++++++
+++++++++++++  AMPLITUDE INFO  +++++++++++++
++++++++++++++++++++++++++++++++++++++++++++
      REACTION NAME:  EtaPi
  COHERENT SUM NAME:  Negative
     AMPLITUDE NAME:  D0-
            FACTORS:  1
		1.   TwoPSAngles 2 0 -1
       PERMUTATIONS:  0
        CONSTRAINTS:  0
         PARAMETERS:  0
      INITIAL VALUE:  (143.239,40.2995)
               REAL?  0
              FIXED?  0
              SCALE:  1.0
++++++++++++++++++++++++++++++++++++++++++++
+++++++++++++  AMPLITUDE INFO  +++++++++++++
++++++++++++++++++++++++++++++++++++++++++++
      REACTION NAME:  EtaPi
  COHERENT SUM NAME:  Negative
     AMPLITUDE NAME:  D1-
            FACTORS:  1
		1.   TwoPSAngles 2 1 -1
       PERMUTATIONS:  0
        CONSTRAINTS:  0
         PARAMETERS:  0
      INITIAL VALUE:  (27.0254,27.6693)
               REAL?  0
              FIXED?  0
              SCALE:  1.0
 **********
 **    1 **SET STRATEGY  1
 **********
 NOW USING STRATEGY  1: TRY TO BALANCE SPEED AGAINST RELIABILITY
 **********
 **    2 **SET EPS  1e-13
 **********
 FLOATING-POINT NUMBERS ASSUMED ACCURATE TO 1e-13

## AMPLITUDE MANAGER INITIALIZATION ##
 Creating amplitude manager for reaction:  EtaPi
	 particle index assignment:  gamma -->> 0
	 particle index assignment:  Proton -->> 1
	 particle index assignment:  Pi0 -->> 2
	 particle index assignment:  Eta -->> 3
 PARAMETER DEFINITIONS:
    NO.   NAME                 VALUE      STEP SIZE      LIMITS
     1 EtaPi::Negative::S0-_re       499.31       4.9931     no limits
     2 EtaPi::Negative::P0-_re       37.898      0.37898     no limits
     3 EtaPi::Negative::P0-_im        16.78       0.1678     no limits
     4 EtaPi::Negative::P1-_re       2.1922     0.021922     no limits
     5 EtaPi::Negative::P1-_im       31.115      0.31115     no limits
     6 EtaPi::Negative::D0-_re       143.24       1.4324     no limits
     7 EtaPi::Negative::D0-_im         40.3        0.403     no limits
     8 EtaPi::Negative::D1-_re       27.025      0.27025     no limits
     9 EtaPi::Negative::D1-_im       27.669      0.27669     no limits
    10 EtaPi::Positive::P1+_re       31.181      0.31181     no limits
    11 EtaPi::Positive::P1+_im      -27.629      0.27629     no limits
    12 EtaPi::Positive::D1+_re       73.068      0.73068     no limits
Allocating Data and Amplitude Array in LikelihoodCalculator for EtaPi...
Resetting source kin in data_pi0eta_tLT1_51.root
	Done.
Loading acccepted Monte Carlo...
Resetting source kin in reco_pi0eta_tLT1_51.root
	Done.
Calculating integrals...
	Done.
LIKELIHOOD BEFORE MINIMIZATION:  38658
 **********
 **    3 **MIGRAD 5000
 **********
 FIRST CALL TO USER FUNCTION AT NEW START POINT, WITH IFLAG=4.
 START MIGRAD MINIMIZATION.  STRATEGY 1.  CONVERGENCE WHEN EDM .LT. 1.00e-04
 FCN=38658.3 FROM MIGRAD     STATUS=INITIATE       48          49 TOTAL

                     EDM= unknown      STRATEGY= 1      NO ERROR MATRIX       
  EXT PARAMETER                          CURRENT GUESS       STEP         FIRST   
  NO.   NAME                   VALUE          ERROR          SIZE      DERIVATIVE 
    1 EtaPi::Negative::S0-_re        499.31        4.9931        4.9931        156.22
    2 EtaPi::Negative::P0-_re        37.898       0.37898       0.37898        11.305
    3 EtaPi::Negative::P0-_im         16.78        0.1678        0.1678        5.3818
    4 EtaPi::Negative::P1-_re        2.1922      0.021922      0.021922      -0.60807
    5 EtaPi::Negative::P1-_im        31.115       0.31115       0.31115         10.11
    6 EtaPi::Negative::D0-_re        143.24        1.4324        1.4324        43.831
    7 EtaPi::Negative::D0-_im          40.3         0.403         0.403        12.892
    8 EtaPi::Negative::D1-_re        27.025       0.27025       0.27025        8.8626
    9 EtaPi::Negative::D1-_im        27.669       0.27669       0.27669        8.5609
   10 EtaPi::Positive::P1+_re        31.181       0.31181       0.31181        9.5586
   11 EtaPi::Positive::P1+_im       -27.629       0.27629       0.27629       -8.6615
   12 EtaPi::Positive::D1+_re        73.068       0.73068       0.73068        22.696

 MIGRAD MINIMIZATION HAS CONVERGED.
 MIGRAD WILL VERIFY CONVERGENCE AND ERROR MATRIX.
 COVARIANCE MATRIX CALCULATED SUCCESSFULLY
 FCN=-3039.72 FROM MIGRAD     STATUS=CONVERGED    1436        1437 TOTAL

                     EDM=1.90944e-06    STRATEGY= 1      ERROR MATRIX ACCURATE 
  EXT PARAMETER                                              STEP         FIRST   
  NO.   NAME                   VALUE          ERROR          SIZE      DERIVATIVE 
    1 EtaPi::Negative::S0-_re        16.409        4.5385       0.20854      1.67e-06
    2 EtaPi::Negative::P0-_re        8.9401        4.6497       0.20465    0.00027443
    3 EtaPi::Negative::P0-_im       -2.1836         3.075       0.13825    9.0596e-05
    4 EtaPi::Negative::P1-_re       -14.028        3.9812       0.19335    8.3056e-05
    5 EtaPi::Negative::P1-_im       -2.2199        3.0693       0.13704    0.00033296
    6 EtaPi::Negative::D0-_re        11.671        8.4261       0.27579   -5.9534e-05
    7 EtaPi::Negative::D0-_im        53.583        3.3452       0.12153   -0.00043266
    8 EtaPi::Negative::D1-_re         5.576          3.08       0.16983   -0.00028051
    9 EtaPi::Negative::D1-_im       -3.5162        2.8007       0.15192    0.00033324
   10 EtaPi::Positive::P1+_re        7.5866        8.4503       0.27357   -0.00018418
   11 EtaPi::Positive::P1+_im   -1.5429e-05        15.826       0.97413   -1.2293e-07
   12 EtaPi::Positive::D1+_re        -9.686        7.3135       0.25483    8.1731e-05

 EXTERNAL ERROR MATRIX.    NDIM= 100    NPAR= 12    ERR DEF=1
        20.6
       -5.98       21.6
       0.832      -7.01       9.46
        4.28      -4.25       3.68       15.9
       -4.54       2.36      -3.09      -3.32       9.42
       -0.39       2.61      -12.7        -14       15.6         71
       -2.55      -3.97       5.17        6.1      -3.66      -19.5       11.2
       -2.48       4.56     -0.764      -2.55      0.785      -2.25     -0.649       9.49
        0.88     -0.498      0.928       3.88      -2.05      -9.37       3.22      -1.03       7.84
        9.65       12.9      -9.87      -3.43       3.41       26.2      -12.9       -1.2       -2.8       71.4
        -1.8      -1.64     -0.638      -1.15          2       7.29      -2.28      -0.11      -1.03       -0.9        250
        9.57       8.33      -6.28      -3.86       1.79       17.6      -7.69      0.738      -2.44       49.6       4.79
        53.5
 PARAMETER  CORRELATION COEFFICIENTS  
       NO.  GLOBAL      1      2      3      4      5      6      7      8      9     10     11     12
      1:     0.672  1.000 -0.283  0.060  0.237 -0.326 -0.010 -0.168 -0.178  0.069  0.252 -0.025  0.288
      2:     0.705 -0.283  1.000 -0.490 -0.230  0.165  0.067 -0.255  0.318 -0.038  0.328 -0.022  0.245
      3:     0.689  0.060 -0.490  1.000  0.301 -0.327 -0.489  0.502 -0.081  0.108 -0.380 -0.013 -0.279
      4:     0.622  0.237 -0.230  0.301  1.000 -0.272 -0.416  0.458 -0.208  0.348 -0.102 -0.018 -0.132
      5:     0.694 -0.326  0.165 -0.327 -0.272  1.000  0.604 -0.356  0.083 -0.239  0.131  0.041  0.080
      6:     0.849 -0.010  0.067 -0.489 -0.416  0.604  1.000 -0.693 -0.087 -0.397  0.368  0.055  0.286
      7:     0.810 -0.168 -0.255  0.502  0.458 -0.356 -0.693  1.000 -0.063  0.344 -0.455 -0.043 -0.314
      8:     0.458 -0.178  0.318 -0.081 -0.208  0.083 -0.087 -0.063  1.000 -0.119 -0.046 -0.002  0.033
      9:     0.485  0.069 -0.038  0.108  0.348 -0.239 -0.397  0.344 -0.119  1.000 -0.118 -0.023 -0.119
     10:     0.853  0.252  0.328 -0.380 -0.102  0.131  0.368 -0.455 -0.046 -0.118  1.000 -0.007  0.802
     11:     0.123 -0.025 -0.022 -0.013 -0.018  0.041  0.055 -0.043 -0.002 -0.023 -0.007  1.000  0.041
     12:     0.827  0.288  0.245 -0.279 -0.132  0.080  0.286 -0.314  0.033 -0.119  0.802  0.041  1.000

 MIGRAD evaluation total wall time:  0.070947 s.
    average time per function call:  0.049337 ms.

LIKELIHOOD AFTER MINIMIZATION:  -3039.7
Loading generated Monte Carlo...
Resetting source kin in thrown_pi0eta_tLT1_51.root
	Done.
Calculating integrals...
	Done.
Loading acccepted Monte Carlo...
Resetting source kin in reco_pi0eta_tLT1_51.root
	Done.
Calculating integrals...
	Done.
