
## CONFIGURATION INFO DISPLAY ##

############################################
#############   REACTION INFO  #############
############################################
      REACTION NAME:  EtaPi
      PARTICLE LIST:  4
		1.  gamma
		2.  Proton
		3.  Pi0
		4.  Eta
        DATA READER:  ROOTDataReader
				data_pi0eta_tLT1_35.root
      ACC MC READER:  ROOTDataReader
				reco_pi0eta_tLT1_35.root
      GEN MC READER:  ROOTDataReader
				thrown_pi0eta_tLT1_35.root
  NORMALIZATION INTEGRAL FILE: 
		    bin_35.ni
********************************************
***********  COHERENT SUM INFO  ************
********************************************
      REACTION NAME:  EtaPi
  COHERENT SUM NAME:  Positive
++++++++++++++++++++++++++++++++++++++++++++
+++++++++++++  AMPLITUDE INFO  +++++++++++++
++++++++++++++++++++++++++++++++++++++++++++
      REACTION NAME:  EtaPi
  COHERENT SUM NAME:  Positive
     AMPLITUDE NAME:  P1+
            FACTORS:  1
		1.   TwoPSAngles 1 1 1
       PERMUTATIONS:  0
        CONSTRAINTS:  0
         PARAMETERS:  0
      INITIAL VALUE:  (21.7996,-24.277)
               REAL?  0
              FIXED?  0
              SCALE:  1.0
++++++++++++++++++++++++++++++++++++++++++++
+++++++++++++  AMPLITUDE INFO  +++++++++++++
++++++++++++++++++++++++++++++++++++++++++++
      REACTION NAME:  EtaPi
  COHERENT SUM NAME:  Positive
     AMPLITUDE NAME:  D1+
            FACTORS:  1
		1.   TwoPSAngles 2 1 1
       PERMUTATIONS:  0
        CONSTRAINTS:  0
         PARAMETERS:  0
      INITIAL VALUE:  (50.8821,0)
               REAL?  1
              FIXED?  0
              SCALE:  1.0
********************************************
***********  COHERENT SUM INFO  ************
********************************************
      REACTION NAME:  EtaPi
  COHERENT SUM NAME:  Negative
++++++++++++++++++++++++++++++++++++++++++++
+++++++++++++  AMPLITUDE INFO  +++++++++++++
++++++++++++++++++++++++++++++++++++++++++++
      REACTION NAME:  EtaPi
  COHERENT SUM NAME:  Negative
     AMPLITUDE NAME:  S0-
            FACTORS:  1
		1.   TwoPSAngles 0 0 -1
       PERMUTATIONS:  0
        CONSTRAINTS:  0
         PARAMETERS:  0
      INITIAL VALUE:  (143.186,0)
               REAL?  1
              FIXED?  0
              SCALE:  1.0
++++++++++++++++++++++++++++++++++++++++++++
+++++++++++++  AMPLITUDE INFO  +++++++++++++
++++++++++++++++++++++++++++++++++++++++++++
      REACTION NAME:  EtaPi
  COHERENT SUM NAME:  Negative
     AMPLITUDE NAME:  P0-
            FACTORS:  1
		1.   TwoPSAngles 1 0 -1
       PERMUTATIONS:  0
        CONSTRAINTS:  0
         PARAMETERS:  0
      INITIAL VALUE:  (48.817,9.40192)
               REAL?  0
              FIXED?  0
              SCALE:  1.0
++++++++++++++++++++++++++++++++++++++++++++
+++++++++++++  AMPLITUDE INFO  +++++++++++++
++++++++++++++++++++++++++++++++++++++++++++
      REACTION NAME:  EtaPi
  COHERENT SUM NAME:  Negative
     AMPLITUDE NAME:  P1-
            FACTORS:  1
		1.   TwoPSAngles 1 1 -1
       PERMUTATIONS:  0
        CONSTRAINTS:  0
         PARAMETERS:  0
      INITIAL VALUE:  (25.2113,31.2859)
               REAL?  0
              FIXED?  0
              SCALE:  1.0
++++++++++++++++++++++++++++++++++++++++++++
+++++++++++++  AMPLITUDE INFO  +++++++++++++
++++++++++++++++++++++++++++++++++++++++++++
      REACTION NAME:  EtaPi
  COHERENT SUM NAME:  Negative
     AMPLITUDE NAME:  D0-
            FACTORS:  1
		1.   TwoPSAngles 2 0 -1
       PERMUTATIONS:  0
        CONSTRAINTS:  0
         PARAMETERS:  0
      INITIAL VALUE:  (192.138,6.23121)
               REAL?  0
              FIXED?  0
              SCALE:  1.0
++++++++++++++++++++++++++++++++++++++++++++
+++++++++++++  AMPLITUDE INFO  +++++++++++++
++++++++++++++++++++++++++++++++++++++++++++
      REACTION NAME:  EtaPi
  COHERENT SUM NAME:  Negative
     AMPLITUDE NAME:  D1-
            FACTORS:  1
		1.   TwoPSAngles 2 1 -1
       PERMUTATIONS:  0
        CONSTRAINTS:  0
         PARAMETERS:  0
      INITIAL VALUE:  (9.09947,3.7841)
               REAL?  0
              FIXED?  0
              SCALE:  1.0
 **********
 **    1 **SET STRATEGY  1
 **********
 NOW USING STRATEGY  1: TRY TO BALANCE SPEED AGAINST RELIABILITY
 **********
 **    2 **SET EPS  1e-13
 **********
 FLOATING-POINT NUMBERS ASSUMED ACCURATE TO 1e-13

## AMPLITUDE MANAGER INITIALIZATION ##
 Creating amplitude manager for reaction:  EtaPi
	 particle index assignment:  gamma -->> 0
	 particle index assignment:  Proton -->> 1
	 particle index assignment:  Pi0 -->> 2
	 particle index assignment:  Eta -->> 3
 PARAMETER DEFINITIONS:
    NO.   NAME                 VALUE      STEP SIZE      LIMITS
     1 EtaPi::Negative::S0-_re       143.19       1.4319     no limits
     2 EtaPi::Negative::P0-_re       48.817      0.48817     no limits
     3 EtaPi::Negative::P0-_im       9.4019     0.094019     no limits
     4 EtaPi::Negative::P1-_re       25.211      0.25211     no limits
     5 EtaPi::Negative::P1-_im       31.286      0.31286     no limits
     6 EtaPi::Negative::D0-_re       192.14       1.9214     no limits
     7 EtaPi::Negative::D0-_im       6.2312     0.062312     no limits
     8 EtaPi::Negative::D1-_re       9.0995     0.090995     no limits
     9 EtaPi::Negative::D1-_im       3.7841     0.037841     no limits
    10 EtaPi::Positive::P1+_re         21.8        0.218     no limits
    11 EtaPi::Positive::P1+_im      -24.277      0.24277     no limits
    12 EtaPi::Positive::D1+_re       50.882      0.50882     no limits
Allocating Data and Amplitude Array in LikelihoodCalculator for EtaPi...
Resetting source kin in data_pi0eta_tLT1_35.root
	Done.
Loading acccepted Monte Carlo...
Resetting source kin in reco_pi0eta_tLT1_35.root
	Done.
Calculating integrals...
	Done.
LIKELIHOOD BEFORE MINIMIZATION:  -54562
 **********
 **    3 **MIGRAD 5000
 **********
 FIRST CALL TO USER FUNCTION AT NEW START POINT, WITH IFLAG=4.
 START MIGRAD MINIMIZATION.  STRATEGY 1.  CONVERGENCE WHEN EDM .LT. 1.00e-04
 FCN=-59352.8 FROM MIGRAD     STATUS=INITIATE      173         174 TOTAL

                     EDM= unknown      STRATEGY= 1      NO ERROR MATRIX       
  EXT PARAMETER                          CURRENT GUESS       STEP         FIRST   
  NO.   NAME                   VALUE          ERROR          SIZE      DERIVATIVE 
    1 EtaPi::Negative::S0-_re        2.2407        1.4319             0        3.8811
    2 EtaPi::Negative::P0-_re        48.817       0.48817             0        23.091
    3 EtaPi::Negative::P0-_im       -66.414      0.094019             0       0.82849
    4 EtaPi::Negative::P1-_re        25.211       0.25211             0         11.54
    5 EtaPi::Negative::P1-_im       -17.842       0.31286       -49.128      0.044057
    6 EtaPi::Negative::D0-_re        192.14        1.9214             0       -10.594
    7 EtaPi::Negative::D0-_im        6.2312      0.062312             0       -9.4671
    8 EtaPi::Negative::D1-_re        9.0995      0.090995             0        2.7536
    9 EtaPi::Negative::D1-_im        3.7841      0.037841             0        1.7729
   10 EtaPi::Positive::P1+_re          21.8         0.218             0        1.8997
   11 EtaPi::Positive::P1+_im       -24.277       0.24277             0      -0.34898
   12 EtaPi::Positive::D1+_re        50.882       0.50882             0        4.0896

 MINUIT WARNING IN MIGRAD  
 ============== Negative diagonal element 1 in Error Matrix
 MINUIT WARNING IN MIGRAD  
 ============== Negative diagonal element 2 in Error Matrix
 MINUIT WARNING IN MIGRAD  
 ============== Negative diagonal element 3 in Error Matrix
 MINUIT WARNING IN MIGRAD  
 ============== Negative diagonal element 4 in Error Matrix
 MINUIT WARNING IN MIGRAD  
 ============== Negative diagonal element 5 in Error Matrix
 MINUIT WARNING IN MIGRAD  
 ============== Negative diagonal element 6 in Error Matrix
 MINUIT WARNING IN MIGRAD  
 ============== Negative diagonal element 7 in Error Matrix
 MINUIT WARNING IN MIGRAD  
 ============== Negative diagonal element 8 in Error Matrix
 MINUIT WARNING IN MIGRAD  
 ============== Negative diagonal element 9 in Error Matrix
 MINUIT WARNING IN MIGRAD  
 ============== Negative diagonal element 10 in Error Matrix
 MINUIT WARNING IN MIGRAD  
 ============== Negative diagonal element 11 in Error Matrix
 MINUIT WARNING IN MIGRAD  
 ============== Negative diagonal element 12 in Error Matrix
 MINUIT WARNING IN MIGRAD  
 ============== 15625.5 added to diagonal of error matrix
 EIGENVALUES OF SECOND-DERIVATIVE MATRIX:
       -301.1161.002551.004091.009491.034671.062341.459011.593351.756892.026762.6089298.557 MINUIT WARNING IN MIGRAD  
 ============== MATRIX FORCED POS-DEF BY ADDING %f TO DIAGONAL. 301.414
 MIGRAD MINIMIZATION HAS CONVERGED.
 FCN=-60444.6 FROM MIGRAD     STATUS=CONVERGED    1534        1535 TOTAL

                     EDM=7.56581e-06    STRATEGY= 1  ERROR MATRIX UNCERTAINTY     5 per cent
  EXT PARAMETER                                              STEP         FIRST   
  NO.   NAME                   VALUE          ERROR          SIZE      DERIVATIVE 
    1 EtaPi::Negative::S0-_re      -0.92051        2.3401   -0.00069644    0.00039358
    2 EtaPi::Negative::P0-_re       -1.3407        5.4442    -0.0023342    0.00055712
    3 EtaPi::Negative::P0-_im       -8.8862        7.8538     0.0046153   -0.00043164
    4 EtaPi::Negative::P1-_re       -10.875        3.9087     0.0030541     0.0012473
    5 EtaPi::Negative::P1-_im         24.29         7.377    -0.0043878     0.0016123
    6 EtaPi::Negative::D0-_re        200.99        14.716     0.0081249   -0.00024804
    7 EtaPi::Negative::D0-_im         92.67        29.963     -0.016555    3.7747e-05
    8 EtaPi::Negative::D1-_re        1.3093        2.9388    3.5248e-05     7.017e-05
    9 EtaPi::Negative::D1-_im       0.28734        4.3308   -0.00085063   -0.00016697
   10 EtaPi::Positive::P1+_re       -1.8672        4.9171    -0.0017312    4.4469e-05
   11 EtaPi::Positive::P1+_im   -8.7444e-05        17.176      0.009903   -5.3513e-07
   12 EtaPi::Positive::D1+_re       -26.053         3.807   -0.00010679    0.00023231

 EXTERNAL ERROR MATRIX.    NDIM= 100    NPAR= 12    ERR DEF=1
        5.48
       -3.14       29.6
        4.11      -39.1       61.7
      -0.373         -7       12.6       15.3
        5.14      -25.7       35.4      -8.42       54.4
           7      -71.2        109       26.1       63.3        217
       -15.2        149       -229      -49.9       -136       -436        898
       0.518      0.356     -0.253       1.63      -2.97    -0.0278      0.557       8.64
       -1.58       4.15      -7.73      -5.36       1.04      -13.3       28.2      -8.33       18.8
      -0.919       1.58      -2.35         -2       1.59      -3.51       8.16      -3.33       4.27       24.2
       -1.41     -0.244      -4.26       4.99      -13.9      -3.51       10.7       2.03       1.47       6.27        295
       0.777     -0.102      -1.41      -2.31       2.32     -0.847       5.03     -0.522       1.52       2.86      -7.02
        14.5
 PARAMETER  CORRELATION COEFFICIENTS  
       NO.  GLOBAL      1      2      3      4      5      6      7      8      9     10     11     12
      1:     0.363  1.000 -0.246  0.224 -0.041  0.298  0.203 -0.217  0.075 -0.156 -0.080 -0.035  0.087
      2:     0.926 -0.246  1.000 -0.914 -0.329 -0.641 -0.888  0.912  0.022  0.176  0.059 -0.003 -0.005
      3:     0.989  0.224 -0.914  1.000  0.411  0.611  0.941 -0.974 -0.011 -0.227 -0.061 -0.032 -0.047
      4:     0.839 -0.041 -0.329  0.411  1.000 -0.292  0.454 -0.426  0.141 -0.317 -0.104  0.074 -0.155
      5:     0.881  0.298 -0.641  0.611 -0.292  1.000  0.583 -0.617 -0.137  0.033  0.044 -0.110  0.083
      6:     0.996  0.203 -0.888  0.941  0.454  0.583  1.000 -0.990 -0.001 -0.209 -0.049 -0.014 -0.015
      7:     0.998 -0.217  0.912 -0.974 -0.426 -0.617 -0.990  1.000  0.006  0.218  0.055  0.021  0.044
      8:     0.688  0.075  0.022 -0.011  0.141 -0.137 -0.001  0.006  1.000 -0.654 -0.230  0.040 -0.047
      9:     0.722 -0.156  0.176 -0.227 -0.317  0.033 -0.209  0.218 -0.654  1.000  0.201  0.020  0.092
     10:     0.314 -0.080  0.059 -0.061 -0.104  0.044 -0.049  0.055 -0.230  0.201  1.000  0.074  0.153
     11:     0.235 -0.035 -0.003 -0.032  0.074 -0.110 -0.014  0.021  0.040  0.020  0.074  1.000 -0.107
     12:     0.427  0.087 -0.005 -0.047 -0.155  0.083 -0.015  0.044 -0.047  0.092  0.153 -0.107  1.000

 MIGRAD evaluation total wall time:  0.72598 s.
    average time per function call:  0.47264 ms.

LIKELIHOOD AFTER MINIMIZATION:  -60445
Loading generated Monte Carlo...
Resetting source kin in thrown_pi0eta_tLT1_35.root
	Done.
Calculating integrals...
	Done.
Loading acccepted Monte Carlo...
Resetting source kin in reco_pi0eta_tLT1_35.root
	Done.
Calculating integrals...
	Done.
