
## CONFIGURATION INFO DISPLAY ##

############################################
#############   REACTION INFO  #############
############################################
      REACTION NAME:  EtaPi
      PARTICLE LIST:  4
		1.  gamma
		2.  Proton
		3.  Pi0
		4.  Eta
        DATA READER:  ROOTDataReader
				data_pi0eta_tLT1_15.root
      ACC MC READER:  ROOTDataReader
				reco_pi0eta_tLT1_15.root
      GEN MC READER:  ROOTDataReader
				thrown_pi0eta_tLT1_15.root
  NORMALIZATION INTEGRAL FILE: 
		    bin_15.ni
********************************************
***********  COHERENT SUM INFO  ************
********************************************
      REACTION NAME:  EtaPi
  COHERENT SUM NAME:  Positive
++++++++++++++++++++++++++++++++++++++++++++
+++++++++++++  AMPLITUDE INFO  +++++++++++++
++++++++++++++++++++++++++++++++++++++++++++
      REACTION NAME:  EtaPi
  COHERENT SUM NAME:  Positive
     AMPLITUDE NAME:  P1+
            FACTORS:  1
		1.   TwoPSAngles 1 1 1
       PERMUTATIONS:  0
        CONSTRAINTS:  0
         PARAMETERS:  0
      INITIAL VALUE:  (49.8967,-20.0457)
               REAL?  0
              FIXED?  0
              SCALE:  1.0
++++++++++++++++++++++++++++++++++++++++++++
+++++++++++++  AMPLITUDE INFO  +++++++++++++
++++++++++++++++++++++++++++++++++++++++++++
      REACTION NAME:  EtaPi
  COHERENT SUM NAME:  Positive
     AMPLITUDE NAME:  D1+
            FACTORS:  1
		1.   TwoPSAngles 2 1 1
       PERMUTATIONS:  0
        CONSTRAINTS:  0
         PARAMETERS:  0
      INITIAL VALUE:  (71.9421,0)
               REAL?  1
              FIXED?  0
              SCALE:  1.0
********************************************
***********  COHERENT SUM INFO  ************
********************************************
      REACTION NAME:  EtaPi
  COHERENT SUM NAME:  Negative
++++++++++++++++++++++++++++++++++++++++++++
+++++++++++++  AMPLITUDE INFO  +++++++++++++
++++++++++++++++++++++++++++++++++++++++++++
      REACTION NAME:  EtaPi
  COHERENT SUM NAME:  Negative
     AMPLITUDE NAME:  S0-
            FACTORS:  1
		1.   TwoPSAngles 0 0 -1
       PERMUTATIONS:  0
        CONSTRAINTS:  0
         PARAMETERS:  0
      INITIAL VALUE:  (277.279,0)
               REAL?  1
              FIXED?  0
              SCALE:  1.0
++++++++++++++++++++++++++++++++++++++++++++
+++++++++++++  AMPLITUDE INFO  +++++++++++++
++++++++++++++++++++++++++++++++++++++++++++
      REACTION NAME:  EtaPi
  COHERENT SUM NAME:  Negative
     AMPLITUDE NAME:  P0-
            FACTORS:  1
		1.   TwoPSAngles 1 0 -1
       PERMUTATIONS:  0
        CONSTRAINTS:  0
         PARAMETERS:  0
      INITIAL VALUE:  (16.5098,34.7814)
               REAL?  0
              FIXED?  0
              SCALE:  1.0
++++++++++++++++++++++++++++++++++++++++++++
+++++++++++++  AMPLITUDE INFO  +++++++++++++
++++++++++++++++++++++++++++++++++++++++++++
      REACTION NAME:  EtaPi
  COHERENT SUM NAME:  Negative
     AMPLITUDE NAME:  P1-
            FACTORS:  1
		1.   TwoPSAngles 1 1 -1
       PERMUTATIONS:  0
        CONSTRAINTS:  0
         PARAMETERS:  0
      INITIAL VALUE:  (24.0743,62.3837)
               REAL?  0
              FIXED?  0
              SCALE:  1.0
++++++++++++++++++++++++++++++++++++++++++++
+++++++++++++  AMPLITUDE INFO  +++++++++++++
++++++++++++++++++++++++++++++++++++++++++++
      REACTION NAME:  EtaPi
  COHERENT SUM NAME:  Negative
     AMPLITUDE NAME:  D0-
            FACTORS:  1
		1.   TwoPSAngles 2 0 -1
       PERMUTATIONS:  0
        CONSTRAINTS:  0
         PARAMETERS:  0
      INITIAL VALUE:  (266.512,85.0405)
               REAL?  0
              FIXED?  0
              SCALE:  1.0
++++++++++++++++++++++++++++++++++++++++++++
+++++++++++++  AMPLITUDE INFO  +++++++++++++
++++++++++++++++++++++++++++++++++++++++++++
      REACTION NAME:  EtaPi
  COHERENT SUM NAME:  Negative
     AMPLITUDE NAME:  D1-
            FACTORS:  1
		1.   TwoPSAngles 2 1 -1
       PERMUTATIONS:  0
        CONSTRAINTS:  0
         PARAMETERS:  0
      INITIAL VALUE:  (-1.43421,9.73365)
               REAL?  0
              FIXED?  0
              SCALE:  1.0
 **********
 **    1 **SET STRATEGY  1
 **********
 NOW USING STRATEGY  1: TRY TO BALANCE SPEED AGAINST RELIABILITY
 **********
 **    2 **SET EPS  1e-13
 **********
 FLOATING-POINT NUMBERS ASSUMED ACCURATE TO 1e-13

## AMPLITUDE MANAGER INITIALIZATION ##
 Creating amplitude manager for reaction:  EtaPi
	 particle index assignment:  gamma -->> 0
	 particle index assignment:  Proton -->> 1
	 particle index assignment:  Pi0 -->> 2
	 particle index assignment:  Eta -->> 3
 PARAMETER DEFINITIONS:
    NO.   NAME                 VALUE      STEP SIZE      LIMITS
     1 EtaPi::Negative::S0-_re       277.28       2.7728     no limits
     2 EtaPi::Negative::P0-_re        16.51       0.1651     no limits
     3 EtaPi::Negative::P0-_im       34.781      0.34781     no limits
     4 EtaPi::Negative::P1-_re       24.074      0.24074     no limits
     5 EtaPi::Negative::P1-_im       62.384      0.62384     no limits
     6 EtaPi::Negative::D0-_re       266.51       2.6651     no limits
     7 EtaPi::Negative::D0-_im        85.04       0.8504     no limits
     8 EtaPi::Negative::D1-_re      -1.4342     0.014342     no limits
     9 EtaPi::Negative::D1-_im       9.7337     0.097337     no limits
    10 EtaPi::Positive::P1+_re       49.897      0.49897     no limits
    11 EtaPi::Positive::P1+_im      -20.046      0.20046     no limits
    12 EtaPi::Positive::D1+_re       71.942      0.71942     no limits
Allocating Data and Amplitude Array in LikelihoodCalculator for EtaPi...
Resetting source kin in data_pi0eta_tLT1_15.root
	Done.
Loading acccepted Monte Carlo...
Resetting source kin in reco_pi0eta_tLT1_15.root
	Done.
Calculating integrals...
	Done.
LIKELIHOOD BEFORE MINIMIZATION:  -1.7106e+05
 **********
 **    3 **MIGRAD 5000
 **********
 FIRST CALL TO USER FUNCTION AT NEW START POINT, WITH IFLAG=4.
 START MIGRAD MINIMIZATION.  STRATEGY 1.  CONVERGENCE WHEN EDM .LT. 1.00e-04
 FCN=-182460 FROM MIGRAD     STATUS=INITIATE      168         169 TOTAL

                     EDM= unknown      STRATEGY= 1      NO ERROR MATRIX       
  EXT PARAMETER                          CURRENT GUESS       STEP         FIRST   
  NO.   NAME                   VALUE          ERROR          SIZE      DERIVATIVE 
    1 EtaPi::Negative::S0-_re        277.28        2.7728             0        43.251
    2 EtaPi::Negative::P0-_re         16.51        0.1651             0        11.915
    3 EtaPi::Negative::P0-_im        34.781       0.34781             0         8.109
    4 EtaPi::Negative::P1-_re        24.074       0.24074             0        1.5239
    5 EtaPi::Negative::P1-_im        257.11       0.62384             0        18.847
    6 EtaPi::Negative::D0-_re        266.51        2.6651             0        61.483
    7 EtaPi::Negative::D0-_im         85.04        0.8504             0        22.656
    8 EtaPi::Negative::D1-_re       -1.4342      0.014342             0        4.7082
    9 EtaPi::Negative::D1-_im        9.7337      0.097337             0        7.2582
   10 EtaPi::Positive::P1+_re        177.44       0.49897             0        4.7656
   11 EtaPi::Positive::P1+_im       -75.369       0.20046       -55.324       0.24995
   12 EtaPi::Positive::D1+_re        71.942       0.71942             0        19.233

 MIGRAD FAILS TO FIND IMPROVEMENT
 MACHINE ACCURACY LIMITS FURTHER IMPROVEMENT.
 MIGRAD MINIMIZATION HAS CONVERGED.
 MIGRAD WILL VERIFY CONVERGENCE AND ERROR MATRIX.
 COVARIANCE MATRIX CALCULATED SUCCESSFULLY
 FCN=-191742 FROM HESSE      STATUS=OK            131        1895 TOTAL

                     EDM=0.000199755    STRATEGY= 1      ERROR MATRIX ACCURATE 
  EXT PARAMETER                                              STEP         FIRST   
  NO.   NAME                   VALUE          ERROR          SIZE      DERIVATIVE 
    1 EtaPi::Negative::S0-_re        225.32        14.591        1.3927    -0.0026898
    2 EtaPi::Negative::P0-_re        1.1927        3.5569        1.1531     0.0012631
    3 EtaPi::Negative::P0-_im        81.728        15.585         1.737   -0.00084152
    4 EtaPi::Negative::P1-_re        1.0922        3.5057        1.5718    -0.0006448
    5 EtaPi::Negative::P1-_im        200.82        7.4205        1.2014    -0.0013698
    6 EtaPi::Negative::D0-_re        67.824        9.8381        1.2152     -0.001485
    7 EtaPi::Negative::D0-_im       -4.1577        3.8562        1.6757   -0.00030794
    8 EtaPi::Negative::D1-_re       -54.079         10.21        1.2886   -0.00078662
    9 EtaPi::Negative::D1-_im        6.8306         3.217         1.362    0.00012479
   10 EtaPi::Positive::P1+_re        180.07        17.238        1.3448    -0.0044547
   11 EtaPi::Positive::P1+_im       -82.271        35.771        2.9429     0.0017442
   12 EtaPi::Positive::D1+_re       -4.4294        3.9957        1.5738     0.0022389

 MINUIT WARNING IN MIGRAD  
 ============== Negative diagonal element 10 in Error Matrix
 MINUIT WARNING IN MIGRAD  
 ============== Negative diagonal element 11 in Error Matrix
 MINUIT WARNING IN MIGRAD  
 ============== 307.522 added to diagonal of error matrix
 EIGENVALUES OF SECOND-DERIVATIVE MATRIX:
       -8.023530.674060.7037190.8360550.9697230.9867120.9961281.011541.030061.275391.3866510.1535 MINUIT WARNING IN MIGRAD  
 ============== MATRIX FORCED POS-DEF BY ADDING %f TO DIAGONAL. 8.03368
 MIGRAD MINIMIZATION HAS CONVERGED.
 MIGRAD WILL VERIFY CONVERGENCE AND ERROR MATRIX.
 COVARIANCE MATRIX CALCULATED SUCCESSFULLY
 FCN=-191742 FROM MIGRAD     STATUS=CONVERGED    2441        2442 TOTAL

                     EDM=4.51499e-05    STRATEGY= 1      ERROR MATRIX ACCURATE 
  EXT PARAMETER                                              STEP         FIRST   
  NO.   NAME                   VALUE          ERROR          SIZE      DERIVATIVE 
    1 EtaPi::Negative::S0-_re        225.26        14.562         1.393   -0.00013954
    2 EtaPi::Negative::P0-_re        1.1856        3.5552         1.153    0.00016387
    3 EtaPi::Negative::P0-_im        81.559        15.577        1.7377   -0.00026963
    4 EtaPi::Negative::P1-_re        1.0982        3.5067        1.5726   -0.00018657
    5 EtaPi::Negative::P1-_im        200.89        7.3988        1.2011   -0.00014199
    6 EtaPi::Negative::D0-_re        67.934        9.8125        1.2151   -6.1093e-05
    7 EtaPi::Negative::D0-_im       -4.1503        3.8557        1.6762    0.00010536
    8 EtaPi::Negative::D1-_re       -53.997        10.211        1.2888   -0.00021182
    9 EtaPi::Negative::D1-_im        6.8341        3.2173        1.3619    0.00012099
   10 EtaPi::Positive::P1+_re        180.35        16.983        1.3428   -0.00023229
   11 EtaPi::Positive::P1+_im       -81.832        35.402        2.9585   -0.00016176
   12 EtaPi::Positive::D1+_re       -4.4302         3.989        1.5715    0.00028398

 EXTERNAL ERROR MATRIX.    NDIM= 100    NPAR= 12    ERR DEF=1
         212
       -2.46       12.6
       -17.2       10.4        243
       -3.06       3.03      -4.96       12.3
       -82.1       -1.7      -55.8       2.66       54.7
       -98.9      -3.45      -94.7       3.73       65.7       96.3
       0.273      -4.59      -5.32       2.51       1.36       2.47       14.9
        67.4      -6.71       -141        2.1       8.85       26.9       3.18        104
        2.98      -4.34      -2.69      -2.04     -0.575     -0.316     -0.521       2.61       10.4
       -79.6       1.32      -22.1       1.94         36       49.6     0.0941      -8.67     -0.683        288
        58.2       4.31       19.8      -1.02      -28.7      -38.7       -1.9        4.5       0.85        527   1.25e+03
      -0.525      -7.47      -5.37     -0.608       1.59       2.76       2.66       2.98     -0.532       3.34       4.38
        15.9
 PARAMETER  CORRELATION COEFFICIENTS  
       NO.  GLOBAL      1      2      3      4      5      6      7      8      9     10     11     12
      1:     0.981  1.000 -0.047 -0.076 -0.060 -0.762 -0.692  0.005  0.453  0.064 -0.322  0.113 -0.009
      2:     0.753 -0.047  1.000  0.188  0.243 -0.065 -0.099 -0.335 -0.185 -0.380  0.022  0.034 -0.527
      3:     0.974 -0.076  0.188  1.000 -0.091 -0.484 -0.619 -0.089 -0.885 -0.054 -0.083  0.036 -0.086
      4:     0.413 -0.060  0.243 -0.091  1.000  0.103  0.109  0.186  0.059 -0.181  0.033 -0.008 -0.043
      5:     0.944 -0.762 -0.065 -0.484  0.103  1.000  0.904  0.048  0.117 -0.024  0.286 -0.110  0.054
      6:     0.968 -0.692 -0.099 -0.619  0.109  0.904  1.000  0.065  0.269 -0.010  0.298 -0.111  0.070
      7:     0.470  0.005 -0.335 -0.089  0.186  0.048  0.065  1.000  0.081 -0.042  0.001 -0.014  0.173
      8:     0.967  0.453 -0.185 -0.885  0.059  0.117  0.269  0.081  1.000  0.080 -0.050  0.012  0.073
      9:     0.511  0.064 -0.380 -0.054 -0.181 -0.024 -0.010 -0.042  0.080  1.000 -0.013  0.007 -0.041
     10:     0.987 -0.322  0.022 -0.083  0.033  0.286  0.298  0.001 -0.050 -0.013  1.000  0.877  0.049
     11:     0.985  0.113  0.034  0.036 -0.008 -0.110 -0.111 -0.014  0.012  0.007  0.877  1.000  0.031
     12:     0.600 -0.009 -0.527 -0.086 -0.043  0.054  0.070  0.173  0.073 -0.041  0.049  0.031  1.000

 MIGRAD evaluation total wall time:  3.2804 s.
    average time per function call:  1.3428 ms.

LIKELIHOOD AFTER MINIMIZATION:  -1.9174e+05
Loading generated Monte Carlo...
Resetting source kin in thrown_pi0eta_tLT1_15.root
	Done.
Calculating integrals...
	Done.
Loading acccepted Monte Carlo...
Resetting source kin in reco_pi0eta_tLT1_15.root
	Done.
Calculating integrals...
	Done.
