
## CONFIGURATION INFO DISPLAY ##

############################################
#############   REACTION INFO  #############
############################################
      REACTION NAME:  EtaPi
      PARTICLE LIST:  4
		1.  gamma
		2.  Proton
		3.  Pi0
		4.  Eta
        DATA READER:  ROOTDataReader
				data_pi0eta_tLT1_21.root
      ACC MC READER:  ROOTDataReader
				reco_pi0eta_tLT1_21.root
      GEN MC READER:  ROOTDataReader
				thrown_pi0eta_tLT1_21.root
  NORMALIZATION INTEGRAL FILE: 
		    bin_21.ni
********************************************
***********  COHERENT SUM INFO  ************
********************************************
      REACTION NAME:  EtaPi
  COHERENT SUM NAME:  Positive
++++++++++++++++++++++++++++++++++++++++++++
+++++++++++++  AMPLITUDE INFO  +++++++++++++
++++++++++++++++++++++++++++++++++++++++++++
      REACTION NAME:  EtaPi
  COHERENT SUM NAME:  Positive
     AMPLITUDE NAME:  P1+
            FACTORS:  1
		1.   TwoPSAngles 1 1 1
       PERMUTATIONS:  0
        CONSTRAINTS:  0
         PARAMETERS:  0
      INITIAL VALUE:  (25.6186,-27.7081)
               REAL?  0
              FIXED?  0
              SCALE:  1.0
++++++++++++++++++++++++++++++++++++++++++++
+++++++++++++  AMPLITUDE INFO  +++++++++++++
++++++++++++++++++++++++++++++++++++++++++++
      REACTION NAME:  EtaPi
  COHERENT SUM NAME:  Positive
     AMPLITUDE NAME:  D1+
            FACTORS:  1
		1.   TwoPSAngles 2 1 1
       PERMUTATIONS:  0
        CONSTRAINTS:  0
         PARAMETERS:  0
      INITIAL VALUE:  (31.706,0)
               REAL?  1
              FIXED?  0
              SCALE:  1.0
********************************************
***********  COHERENT SUM INFO  ************
********************************************
      REACTION NAME:  EtaPi
  COHERENT SUM NAME:  Negative
++++++++++++++++++++++++++++++++++++++++++++
+++++++++++++  AMPLITUDE INFO  +++++++++++++
++++++++++++++++++++++++++++++++++++++++++++
      REACTION NAME:  EtaPi
  COHERENT SUM NAME:  Negative
     AMPLITUDE NAME:  S0-
            FACTORS:  1
		1.   TwoPSAngles 0 0 -1
       PERMUTATIONS:  0
        CONSTRAINTS:  0
         PARAMETERS:  0
      INITIAL VALUE:  (124.536,0)
               REAL?  1
              FIXED?  0
              SCALE:  1.0
++++++++++++++++++++++++++++++++++++++++++++
+++++++++++++  AMPLITUDE INFO  +++++++++++++
++++++++++++++++++++++++++++++++++++++++++++
      REACTION NAME:  EtaPi
  COHERENT SUM NAME:  Negative
     AMPLITUDE NAME:  P0-
            FACTORS:  1
		1.   TwoPSAngles 1 0 -1
       PERMUTATIONS:  0
        CONSTRAINTS:  0
         PARAMETERS:  0
      INITIAL VALUE:  (32.8506,18.2628)
               REAL?  0
              FIXED?  0
              SCALE:  1.0
++++++++++++++++++++++++++++++++++++++++++++
+++++++++++++  AMPLITUDE INFO  +++++++++++++
++++++++++++++++++++++++++++++++++++++++++++
      REACTION NAME:  EtaPi
  COHERENT SUM NAME:  Negative
     AMPLITUDE NAME:  P1-
            FACTORS:  1
		1.   TwoPSAngles 1 1 -1
       PERMUTATIONS:  0
        CONSTRAINTS:  0
         PARAMETERS:  0
      INITIAL VALUE:  (27.0518,50.6159)
               REAL?  0
              FIXED?  0
              SCALE:  1.0
++++++++++++++++++++++++++++++++++++++++++++
+++++++++++++  AMPLITUDE INFO  +++++++++++++
++++++++++++++++++++++++++++++++++++++++++++
      REACTION NAME:  EtaPi
  COHERENT SUM NAME:  Negative
     AMPLITUDE NAME:  D0-
            FACTORS:  1
		1.   TwoPSAngles 2 0 -1
       PERMUTATIONS:  0
        CONSTRAINTS:  0
         PARAMETERS:  0
      INITIAL VALUE:  (227.967,35.585)
               REAL?  0
              FIXED?  0
              SCALE:  1.0
++++++++++++++++++++++++++++++++++++++++++++
+++++++++++++  AMPLITUDE INFO  +++++++++++++
++++++++++++++++++++++++++++++++++++++++++++
      REACTION NAME:  EtaPi
  COHERENT SUM NAME:  Negative
     AMPLITUDE NAME:  D1-
            FACTORS:  1
		1.   TwoPSAngles 2 1 -1
       PERMUTATIONS:  0
        CONSTRAINTS:  0
         PARAMETERS:  0
      INITIAL VALUE:  (25.6999,-13.2998)
               REAL?  0
              FIXED?  0
              SCALE:  1.0
 **********
 **    1 **SET STRATEGY  1
 **********
 NOW USING STRATEGY  1: TRY TO BALANCE SPEED AGAINST RELIABILITY
 **********
 **    2 **SET EPS  1e-13
 **********
 FLOATING-POINT NUMBERS ASSUMED ACCURATE TO 1e-13

## AMPLITUDE MANAGER INITIALIZATION ##
 Creating amplitude manager for reaction:  EtaPi
	 particle index assignment:  gamma -->> 0
	 particle index assignment:  Proton -->> 1
	 particle index assignment:  Pi0 -->> 2
	 particle index assignment:  Eta -->> 3
 PARAMETER DEFINITIONS:
    NO.   NAME                 VALUE      STEP SIZE      LIMITS
     1 EtaPi::Negative::S0-_re       124.54       1.2454     no limits
     2 EtaPi::Negative::P0-_re       32.851      0.32851     no limits
     3 EtaPi::Negative::P0-_im       18.263      0.18263     no limits
     4 EtaPi::Negative::P1-_re       27.052      0.27052     no limits
     5 EtaPi::Negative::P1-_im       50.616      0.50616     no limits
     6 EtaPi::Negative::D0-_re       227.97       2.2797     no limits
     7 EtaPi::Negative::D0-_im       35.585      0.35585     no limits
     8 EtaPi::Negative::D1-_re         25.7        0.257     no limits
     9 EtaPi::Negative::D1-_im        -13.3        0.133     no limits
    10 EtaPi::Positive::P1+_re       25.619      0.25619     no limits
    11 EtaPi::Positive::P1+_im      -27.708      0.27708     no limits
    12 EtaPi::Positive::D1+_re       31.706      0.31706     no limits
Allocating Data and Amplitude Array in LikelihoodCalculator for EtaPi...
Resetting source kin in data_pi0eta_tLT1_21.root
	Done.
Loading acccepted Monte Carlo...
Resetting source kin in reco_pi0eta_tLT1_21.root
	Done.
Calculating integrals...
	Done.
LIKELIHOOD BEFORE MINIMIZATION:  -26539
 **********
 **    3 **MIGRAD 5000
 **********
 FIRST CALL TO USER FUNCTION AT NEW START POINT, WITH IFLAG=4.
 START MIGRAD MINIMIZATION.  STRATEGY 1.  CONVERGENCE WHEN EDM .LT. 1.00e-04
 FCN=-26717.3 FROM MIGRAD     STATUS=INITIATE       81          82 TOTAL

                     EDM= unknown      STRATEGY= 1      NO ERROR MATRIX       
  EXT PARAMETER                          CURRENT GUESS       STEP         FIRST   
  NO.   NAME                   VALUE          ERROR          SIZE      DERIVATIVE 
    1 EtaPi::Negative::S0-_re        124.54        1.2454             0        38.616
    2 EtaPi::Negative::P0-_re        32.851       0.32851             0        10.355
    3 EtaPi::Negative::P0-_im        18.263       0.18263             0        5.1402
    4 EtaPi::Negative::P1-_re        27.052       0.27052             0        10.351
    5 EtaPi::Negative::P1-_im        50.616       0.50616             0       -6.5361
    6 EtaPi::Negative::D0-_re        227.97        2.2797             0        47.131
    7 EtaPi::Negative::D0-_im        35.585       0.35585             0        10.728
    8 EtaPi::Negative::D1-_re          25.7         0.257             0        6.1456
    9 EtaPi::Negative::D1-_im         -13.3         0.133             0      -0.82114
   10 EtaPi::Positive::P1+_re          72.6       0.25619        46.982      -0.43819
   11 EtaPi::Positive::P1+_im       -27.708       0.27708             0        1.3838
   12 EtaPi::Positive::D1+_re        31.706       0.31706             0        9.0829

 MIGRAD FAILS TO FIND IMPROVEMENT
 MACHINE ACCURACY LIMITS FURTHER IMPROVEMENT.
 MIGRAD MINIMIZATION HAS CONVERGED.
 MIGRAD WILL VERIFY CONVERGENCE AND ERROR MATRIX.
 COVARIANCE MATRIX CALCULATED SUCCESSFULLY
 FCN=-32441.1 FROM MIGRAD     STATUS=CONVERGED     684         685 TOTAL

                     EDM=1.68663e-05    STRATEGY= 1      ERROR MATRIX ACCURATE 
  EXT PARAMETER                                              STEP         FIRST   
  NO.   NAME                   VALUE          ERROR          SIZE      DERIVATIVE 
    1 EtaPi::Negative::S0-_re        36.461        4.5546       0.63239    0.00030534
    2 EtaPi::Negative::P0-_re       -1.7418        2.5529        0.4725    0.00037266
    3 EtaPi::Negative::P0-_im      -0.04766        4.8557       0.77566   -0.00049361
    4 EtaPi::Negative::P1-_re        9.1341        9.1504       0.81361    0.00018999
    5 EtaPi::Negative::P1-_im        91.948        2.7694       0.46641    0.00018217
    6 EtaPi::Negative::D0-_re        105.91        3.5772       0.45999   -0.00037748
    7 EtaPi::Negative::D0-_im       -12.618         8.977        0.7977    9.6569e-05
    8 EtaPi::Negative::D1-_re      -0.42114        3.8468       0.61523    0.00046088
    9 EtaPi::Negative::D1-_im        1.3913        2.7877       0.51722   -0.00011106
   10 EtaPi::Positive::P1+_re        84.874        14.305       0.49622    -0.0014804
   11 EtaPi::Positive::P1+_im        -34.37         35.24        1.2251    0.00059404
   12 EtaPi::Positive::D1+_re       0.99222        2.9574        0.5475    5.4478e-06

 EXTERNAL ERROR MATRIX.    NDIM= 100    NPAR= 12    ERR DEF=1
        20.7
     -0.0245       6.52
       0.309       1.74       23.6
       -1.05     -0.172     -0.359       83.7
        3.44    0.00857      0.247      -8.52       7.67
       -11.3      0.263     -0.253      -7.18      -2.32       12.8
        3.82     0.0828      0.208      -73.4       8.81       5.37       80.6
      -0.184      -1.44      -11.3       1.94      -0.21    -0.0566      -1.82       14.8
    -0.00373      -1.49       1.18       1.06     -0.204     -0.154     -0.883     -0.556       7.77
        2.41      0.222    -0.0661     -0.684       -1.2      -2.43      0.919   -0.00183      0.363        205
       -2.76      0.796      0.019      0.765     -0.166       2.02      -1.09     0.0938      0.955        495   1.24e+03
       0.182      -1.73     0.0647     -0.571     0.0789     -0.191      0.532     -0.188      -2.12      -3.72      -9.78
        8.75
 PARAMETER  CORRELATION COEFFICIENTS  
       NO.  GLOBAL      1      2      3      4      5      6      7      8      9     10     11     12
      1:     0.728  1.000 -0.002  0.014 -0.025  0.273 -0.694  0.093 -0.011 -0.000  0.037 -0.017  0.014
      2:     0.406 -0.002  1.000  0.140 -0.007  0.001  0.029  0.004 -0.146 -0.209  0.006  0.009 -0.229
      3:     0.615  0.014  0.140  1.000 -0.008  0.018 -0.015  0.005 -0.607  0.087 -0.001  0.000  0.005
      4:     0.899 -0.025 -0.007 -0.008  1.000 -0.336 -0.219 -0.894  0.055  0.041 -0.005  0.002 -0.021
      5:     0.556  0.273  0.001  0.018 -0.336  1.000 -0.234  0.355 -0.020 -0.026 -0.030 -0.002  0.010
      6:     0.773 -0.694  0.029 -0.015 -0.219 -0.234  1.000  0.167 -0.004 -0.015 -0.047  0.016 -0.018
      7:     0.899  0.093  0.004  0.005 -0.894  0.355  0.167  1.000 -0.053 -0.035  0.007 -0.003  0.020
      8:     0.614 -0.011 -0.146 -0.607  0.055 -0.020 -0.004 -0.053  1.000 -0.052 -0.000  0.001 -0.017
      9:     0.401 -0.000 -0.209  0.087  0.041 -0.026 -0.015 -0.035 -0.052  1.000  0.009  0.010 -0.257
     10:     0.985  0.037  0.006 -0.001 -0.005 -0.030 -0.047  0.007 -0.000  0.009  1.000  0.981 -0.088
     11:     0.985 -0.017  0.009  0.000  0.002 -0.002  0.016 -0.003  0.001  0.010  0.981  1.000 -0.094
     12:     0.406  0.014 -0.229  0.005 -0.021  0.010 -0.018  0.020 -0.017 -0.257 -0.088 -0.094  1.000

 MIGRAD evaluation total wall time:  0.19967 s.
    average time per function call:  0.29107 ms.

LIKELIHOOD AFTER MINIMIZATION:  -32441
Loading generated Monte Carlo...
Resetting source kin in thrown_pi0eta_tLT1_21.root
	Done.
Calculating integrals...
	Done.
Loading acccepted Monte Carlo...
Resetting source kin in reco_pi0eta_tLT1_21.root
	Done.
Calculating integrals...
	Done.
